Due0XWx/Z6Xjh+ycuNuQbmLNyvtPWbqywF92CWuKiv1VyjIoMoTxGFyNhJJo/WO99dc4sYqNDuQhg7l8TUeV27/627JTkIVjLI8GSqwFfa4I
MqJ2alADLZM1EfiqbrIzZ/lwwgb8JdZY4irifMFq1PMIPn9Y03kB8ZihUpYeo5RTaaQ7EjFkC0FJCdIpfj4XnI/QUFtu/y4sdWZS3nSMpkWAz3k3oYSSxMIWqv3Oy++U8NXa6Sr0i1cdO1FX2OcYO3mVTPsBcOe/CR0yfj4jZKlpko8Ur7M6R8jyIVGpmyhkZR2sIZxptBi/0oNGTYZObZggPijrsUnw+/vsBNWbNUzRL+Cbi1LHQl8IscN490oaEC3prpw=
GhQqQkP4OJNB0Xe1SNKAl/lwwgb8JdZY4irifMFq1PMIPn9Y03kB8ZihUpYeo5RTaaQ7EjFkC0FJCdIpfj4XnI/QUFtu/y4sdWZS3nSMpkWAz3k3oYSSxMIWqv3Oy++U8NXa6Sr0i1cdO1FX2OcYO3mVTPsBcOe/CR0yfj4jZKlpko8Ur7M6R8jyIVGpmyhkZR2sIZxptBi/0oNGTYZObZggPijrsUnw+/vsBNWbNUzRL+ebi1LHQl8IscN490oaEC3prpw=
3CLiXu8kcZOlltP8Rvqq1d/4242Yog+Y1FQMv6lj2N23iAxpRuYQl1yK3XQIqlWQy9wMnm78Kgzr1+HbDpsnbK4b
gv37tSqvT4HsqbIJCPUkbpAnVndW43+fYmhmUrrMWyCS/R/6k3pFUlrSoZzJwlJmeDlDDaFF7kxfkAu1+Hq/8BR8fGcJGwj1t6DcEeY+YL+c4m2saJKF+Us0XKaOpJrkq/8Rg65jd0SuMw==
Ux6J1/utsJbl1KQpkgQvgDfV4vL36NM2V8nVOpp5U2epHx8aHX/Ntemwg0BOVRSlRuRRb28l1JRBTSVcOzqu3ahyWBdPYmB6teI6BHXbVcwx70Sb6xLnwn9I0cPYN2qacG1Jrjw=
S7oMD9afdxTdBgZhsL539vaEJ1eNrSoBhh6IHc/VDwesVF1eWt65kPkuSkoYFZvhkQm2gJ9cU/lIlmdcdNDki7mXkHk3LESdVtL4E/xOtUDY3t01i/gE6r5IQsjL0wlvnm9vSK4/
2QRtX9qsaLZqTfICnne8cBd+YCxRRiViWuLBrAkSMvb4qeNdYbXOPF9gK8W4qh9glOycN0kr6MW3kDwhpm6ALxxyzXwo4qUJS0R8Vk70OnQrb3FTblMXdK4D
yqlz94MEpW7uYiAaSIanYyppy9cvmVEZQ08tZlrmybgZBhoS2M3LiTHhBvgfpOOR6H63BDQINKPZv2BBNxS0tTb6KMu8FmWoeLZtzQuAtAIeIBIQC4tZR35HH3CuBw==
LNaouXCupfszj/miETAl9ANa5PIeq3ADdE8tZlrmybgZBhoS2M3LiTHhBvgfpOOR6H63BDQINKPZv2BBNxS0tTb6KMu8FmWoeLZtzQuAtAIeIBIQC4tZR35HH3CuBw==
SQk/l6jt0WzqZpjO2Ax8bnM1mRjFp93noeDaZE02kZyGhEg/f/eJC6qevwaHPwDEy7LEWmB9AfUsh/dWcHt+oPQd7CSRlgCcgetrYpBsNtouZjuZTVlmTRN2rgU=
rokIUIwux16FyAJiBoN51flwwgb8JdZY4irifMFq1PMIPn9Y03kB8ZihUpYeo5RTaaQ7EjFkC0FJCdIpfj4XnI/QUFtu/y4sdWZS3nSMpkWAz3k3oYSSxMIWqv3Oy++U8NXa6Sr0i1cdO1FX2OcYO3mVTPsBcOe/CR0yfj4jZKlpko8Ur7M6R8jyIVGpmyhkZR2sIZxptBi/0oNGTYZObZggPijrsUnw+/vsBNWbNUzRL+Sbi1LHQl8IscN490oaEC3prpw=
HPitP8rKBOUIOgPIxMWfxjT2+FW7pmre2fVRTaACL1wk9Ctny7Qv0xx5da45uqH0TzOGC7Ti7tEXrmI=
eteXQiEH3vggSlVJ+bkiroYgOMJxdxrhIlhu8h+NTGC5inBoGUGpRpgQ5k6WqludJYXW+csarmE=
ixGBmnnTkAiCWheG0m7626ImOWstuBaax5SXpLJ6CQHm+pHbX5sTglI1htT1JyhEdOWL8+bhj5OumjJXFvQd24lubwFUlUh1GjQsEODqNeTa//bgAQEj29xavUTIOvVnyaysDi7MylxrB8GrzgtHXK4r
qGttKUrqPlFqfcfGMdIpGpwFinpShUtEvq4hDSOE/4nRUkElUpK3nMVBh6C58gJnOILtBiBPQPjTQ6t6c0OPXc7Z4sQ9i71sqX/ZGXOCfyLXGBkDkEdCekgdca4E
/2HQeDQT7Z9WVPC1CLuYkUEz4IRIZTg7rcDwWOABk2W0Il6ZxctEBg2cmgJBnDkDH51stPEmwOyh/mlysBz2ak72uwmt6Sa9M2auFQ==
MJVFkMl4Wjgs5kgsr8/OkkEz4IRJZTg7rcDwWOABk2W0Il6ZxctEBg2cmgJBnDkDH51stPEmwOyh/mlysBz2ak72uwmt6Sa9M2auFQ==
C4dMw2gWPB0TfN/s2a0V8EMAxJZqFj/7gJFBplD6RO/7vwh0rusRdRzMQVpaQIXS8TlDazxmxXg4ho3YCZDUMt5wsuCLO7kXPrc/YK4X
cz6LMcLdi6RT3DsGoXlrXkMAxJZqFjz7gJFBplD6RO/7vwh0rusRdRzMQVpaQIXS8TlDazxmxXg4ho3YCZDUMt5wsuCLO7kXPrc/YK4X
252AXHSfHhb2Z1WU1R0KXkMAxJZqFj37gJFBplD6RO/7vwh0rusRdRzMQVpaQIXS8TlDazxmxXg4ho3YCZDUMt5wsuCLO7kXPrc/YK4X
4CddIyRpF3juMNnJZTl+sTY79u84dlZMv8DwWOABk2W0Il6ZxctEBg2cmgJBnDkDH51stPEmwOyh/mlysBz2ak72uwmt6Sa9M2auFQ==
CVOS5BRI6nW+hqyDmE+H+jU79u84dlRMv8DwWOABk2W0Il6ZxctEBg2cmgJBnDkDH51stPEmwOyh/mlysBz2ak72uwmt6Sa9M2auFQ==
2RnUBVHK2E/bDJc//T0uTzQ79u84dlJMv8DwWOABk2W0Il6ZxctEBg2cmgJBnDkDH51stPEmwOyh/mlysBz2ak72uwmt6Sa9M2auFQ==
wp75MkumGDThrXVGaSNYATQ79u04dlJMv8DwWOABk2W0Il6ZxctEBg2cmgJBnDkDH51stPEmwOyh/mlysBz2ak72uwmt6Sa9M2auFQ==
fxVfUmWu1k6ZobnV1gFF+EEz4IRJZTg5rcDwWOABk2W0Il6ZxctEBg2cmgJBnDkDH51stPEmwOyh/mlysBz2ak72uwmt6Sa9M2auFQ==
G9qKy8ktr6v7oi7YKZdq2UMAxJZqFj37gJNBplD6RO/7vwh0rusRdRzMQVpaQIXS8TlDazxmxXg4ho3YCZDUMt5wsuCLO7kXPrc/YK4X
vJ316rVSf8H4vaX2dfQPBUMAxJZqFjz7gJNBplD6RO/7vwh0rusRdRzMQVpaQIXS8TlDazxmxXg4ho3YCZDUMt5wsuCLO7kXPrc/YK4X
qcwWU6hJhHVCbRkP0tzXjDU79u04dlRMv8DwWOABk2W0Il6ZxctEBg2cmgJBnDkDH51stPEmwOyh/mlysBz2ak72uwmt6Sa9M2auFQ==
EJXaB6voZbYsxJyWmvFI2kEz4IRIZTg5rcDwWOABk2W0Il6ZxctEBg2cmgJBnDkDH51stPEmwOyh/mlysBz2ak72uwmt6Sa9M2auFQ==
yVmt8DxbVMDPbQpB1WQvRkMAxJZqFj/7gJNBplD6RO/7vwh0rusRdRzMQVpaQIXS8TlDazxmxXg4ho3YCZDUMt5wsuCLO7kXPrc/YK4X
9ZQFWriCPVDWnZJtKHDcTjY79u04dlZMv8DwWOABk2W0Il6ZxctEBg2cmgJBnDkDH51stPEmwOyh/mlysBz2ak72uwmt6Sa9M2auFQ==
2Yu/dIcpEKH/1XcYUUY9UTU79uw4dlRMv8DwWOABk2W0Il6ZxctEBg2cmgJBnDkDH51stPEmwOyh/mlysBz2ak72uwmt6Sa9M2auFQ==
uxLRpZU05/nSZQPwfgc3wUMAxJZqFj37gJJBplD6RO/7vwh0rusRdRzMQVpaQIXS8TlDazxmxXg4ho3YCZDUMt5wsuCLO7kXPrc/YK4X
kUc+oa/MLYI4xLmZq/4xYjQ79uw4dlJMv8DwWOABk2W0Il6ZxctEBg2cmgJBnDkDH51stPEmwOyh/mlysBz2ak72uwmt6Sa9M2auFQ==
vOCXlZnszNLyEnxeBMUW9UEz4IRIZTg4rcDwWOABk2W0Il6ZxctEBg2cmgJBnDkDH51stPEmwOyh/mlysBz2ak72uwmt6Sa9M2auFQ==
e/KZG/8IIll+fPi8vZb6GkMAxJZqFjz7gJJBplD6RO/7vwh0rusRdRzMQVpaQIXS8TlDazxmxXg4ho3YCZDUMt5wsuCLO7kXPrc/YK4X
plonggwGQNRrnN0cVI3gr50FinpShUtEvq4hDSOE/4nRUkElUpK3nMVBh6C58gJnOILtBiBPQPjTQ6t6c0OPXc7Z4sQ9i71sqX/ZGXOCfyLXGBkDkEdCekgdca4E
K77ZK/4W213xo5ptX3G2aEEz4IRJZTg4rcDwWOABk2W0Il6ZxctEBg2cmgJBnDkDH51stPEmwOyh/mlysBz2ak72uwmt6Sa9M2auFQ==
fUO5nl70uvP2JyIJKqLiMjY79uw4dlZMv8DwWOABk2W0Il6ZxctEBg2cmgJBnDkDH51stPEmwOyh/mlysBz2ak72uwmt6Sa9M2auFQ==
pIAU3IAPh0Ayna9r8o4xd0MAxJZqFj/7gJJBplD6RO/7vwh0rusRdRzMQVpaQIXS8TlDazxmxXg4ho3YCZDUMt5wsuCLO7kXPrc/YK4X
32bgTdMZEe0YTh+16AyOu0Ez4IRJZTg8rcDwWOABk2W0Il6ZxctEBg2cmgJBnDkDH51stPEmwOyh/mlysBz2ak72uwmt6Sa9M2auFQ==
6a6sdUEgQNYE2gup3Xj+/kMAxJZqFj/7gJZBplD6RO/7vwh0rusRdRzMQVpaQIXS8TlDazxmxXg4ho3YCZDUMt5wsuCLO7kXPrc/YK4X
w0jfCiKY2inQj5frBKbphkMAxJZqFj37gJZBplD6RO/7vwh0rusRdRzMQVpaQIXS8TlDazxmxXg4ho3YCZDUMt5wsuCLO7kXPrc/YK4X
lvBw1XI4xo4HuQ9nRsZRuEEz4IRIZTg8rcDwWOABk2W0Il6ZxctEBg2cmgJBnDkDH51stPEmwOyh/mlysBz2ak72uwmt6Sa9M2auFQ==
E/3fyMe2T9TLp0XDw76hBzU79ug4dlRMv8DwWOABk2W0Il6ZxctEBg2cmgJBnDkDH51stPEmwOyh/mlysBz2ak72uwmt6Sa9M2auFQ==
rLEKjB5q6Az/2mFHkTyq8kMAxJZqFjz7gJZBplD6RO/7vwh0rusRdRzMQVpaQIXS8TlDazxmxXg4ho3YCZDUMt5wsuCLO7kXPrc/YK4X
pYSkUHS1XANv5gzlhjt9HjY79ug4dlZMv8DwWOABk2W0Il6ZxctEBg2cmgJBnDkDH51stPEmwOyh/mlysBz2ak72uwmt6Sa9M2auFQ==
snLhCQDG9b2niOIMrapFrjQ79ug4dlJMv8DwWOABk2W0Il6ZxctEBg2cmgJBnDkDH51stPEmwOyh/mlysBz2ak72uwmt6Sa9M2auFQ==
ZiNkUd8IYsp+jfXvdJwztUMAxJZqFj37gJdBplD6RO/7vwh0rusRdRzMQVpaQIXS8TlDazxmxXg4ho3YCZDUMt5wsuCLO7kXPrc/YK4X
djjRA2OSH2NroxdJ5HdLNEEz4IRIZTg9rcDwWOABk2W0Il6ZxctEBg2cmgJBnDkDH51stPEmwOyh/mlysBz2ak72uwmt6Sa9M2auFQ==
dTLWwuUtvxOr+gwsUUzw6jY79uk4dlZMv8DwWOABk2W0Il6ZxctEBg2cmgJBnDkDH51stPEmwOyh/mlysBz2ak72uwmt6Sa9M2auFQ==
jB4dHYJtYQUnjvFwuOkJJzQ79uk4dlJMv8DwWOABk2W0Il6ZxctEBg2cmgJBnDkDH51stPEmwOyh/mlysBz2ak72uwmt6Sa9M2auFQ==
5L1BXZWBvjzlK1BPb903lEMAxJZqFjz7gJdBplD6RO/7vwh0rusRdRzMQVpaQIXS8TlDazxmxXg4ho3YCZDUMt5wsuCLO7kXPrc/YK4X
1oYCLhTxY3v5gbRT6Sh++0MAxJZqFj/7gJdBplD6RO/7vwh0rusRdRzMQVpaQIXS8TlDazxmxXg4ho3YCZDUMt5wsuCLO7kXPrc/YK4X
qLQT0kGQFrnOWci3pUUPz0Ez4IRJZTg9rcDwWOABk2W0Il6ZxctEBg2cmgJBnDkDH51stPEmwOyh/mlysBz2ak72uwmt6Sa9M2auFQ==
wzuafLiqyAAvMIBsXMOWIp8FinpShUtEvq4hDSOE/4nRUkElUpK3nMVBh6C58gJnOILtBiBPQPjTQ6t6c0OPXc7Z4sQ9i71sqX/ZGXOCfyLXGBkDkEdCekgdca4E
Y7hufpxID2moipZEbRfNmzU79uk4dlRMv8DwWOABk2W0Il6ZxctEBg2cmgJBnDkDH51stPEmwOyh/mlysBz2ak72uwmt6Sa9M2auFQ==
Qo7uVS/YI85uEpCnBosHGUMAxJZqFj37gJRBplD6RO/7vwh0rusRdRzMQVpaQIXS8TlDazxmxXg4ho3YCZDUMt5wsuCLO7kXPrc/YK4X
7kLGVXVxp6UYXUJS6NHVXEEz4IRIZTg+rcDwWOABk2W0Il6ZxctEBg2cmgJBnDkDH51stPEmwOyh/mlysBz2ak72uwmt6Sa9M2auFQ==
1FWfCMXv4YMF1UgvSDom3jY79uo4dlZMv8DwWOABk2W0Il6ZxctEBg2cmgJBnDkDH51stPEmwOyh/mlysBz2ak72uwmt6Sa9M2auFQ==
nMXatGQV7tzL65Kb3+/F3jQ79uo4dlJMv8DwWOABk2W0Il6ZxctEBg2cmgJBnDkDH51stPEmwOyh/mlysBz2ak72uwmt6Sa9M2auFQ==
pGVoFsdAZCAYTUP+bUpV6EMAxJZqFjz7gJRBplD6RO/7vwh0rusRdRzMQVpaQIXS8TlDazxmxXg4ho3YCZDUMt5wsuCLO7kXPrc/YK4X
osDcb1mc88pita+ZN0tB0UMAxJZqFj/7gJRBplD6RO/7vwh0rusRdRzMQVpaQIXS8TlDazxmxXg4ho3YCZDUMt5wsuCLO7kXPrc/YK4X
KnOOLLI1rVL+pZFPVIpae0Ez4IRJZTg+rcDwWOABk2W0Il6ZxctEBg2cmgJBnDkDH51stPEmwOyh/mlysBz2ak72uwmt6Sa9M2auFQ==
OPciNwJM4JfFtjHofowGKDU79uo4dlRMv8DwWOABk2W0Il6ZxctEBg2cmgJBnDkDH51stPEmwOyh/mlysBz2ak72uwmt6Sa9M2auFQ==
/yFDjTz/faiIL9qaVZZs40Ez4IRJZTg6rcDwWOABk2W0Il6ZxctEBg2cmgJBnDkDH51stPEmwOyh/mlysBz2ak72uwmt6Sa9M2auFQ==
szEzR/iob3+qlFLqOYd8ekEz4IRIZTg6rcDwWOABk2W0Il6ZxctEBg2cmgJBnDkDH51stPEmwOyh/mlysBz2ak72uwmt6Sa9M2auFQ==
H9+NeZ2DiIp34lN37cRB4kMAxJZqFjz7gJBBplD6RO/7vwh0rusRdRzMQVpaQIXS8TlDazxmxXg4ho3YCZDUMt5wsuCLO7kXPrc/YK4X
8OjOLp0GbDdhDjVQ6HFgYkMAxJZqFj37gJBBplD6RO/7vwh0rusRdRzMQVpaQIXS8TlDazxmxXg4ho3YCZDUMt5wsuCLO7kXPrc/YK4X
Yt3lovRkscdV4iRvCbO85kMAxJZqFj/7gJBBplD6RO/7vwh0rusRdRzMQVpaQIXS8TlDazxmxXg4ho3YCZDUMt5wsuCLO7kXPrc/YK4X
WU1T6Xqo6lXS8p2pn2huTzY79u44dlZMv8DwWOABk2W0Il6ZxctEBg2cmgJBnDkDH51stPEmwOyh/mlysBz2ak72uwmt6Sa9M2auFQ==
cUkRdOgCANiLCROC0CKrUjU79u44dlRMv8DwWOABk2W0Il6ZxctEBg2cmgJBnDkDH51stPEmwOyh/mlysBz2ak72uwmt6Sa9M2auFQ==
8H0g6foVzKBJ5YXmilQkqjQ79u44dlJMv8DwWOABk2W0Il6ZxctEBg2cmgJBnDkDH51stPEmwOyh/mlysBz2ak72uwmt6Sa9M2auFQ==
tnM3HyHxn7VKwcWSMtLyCp4FinpShUtEvq4hDSOE/4nRUkElUpK3nMVBh6C58gJnOILtBiBPQPjTQ6t6c0OPXc7Z4sQ9i71sqX/ZGXOCfyLXGBkDkEdCekgdca4E
ZKoUwoAhSIzuna+QHtSvbzY79u84dlVMv8DwWOABk2W0Il6ZxctEBg2cmgJBnDkDH51stPEmwOyh/mlysBz2ak72uwmt6Sa9M2auFQ==
vC3VACggll7k99Wxnhv2YDU79u84dlNMv8DwWOABk2W0Il6ZxctEBg2cmgJBnDkDH51stPEmwOyh/mlysBz2ak72uwmt6Sa9M2auFQ==
8qNuoTQg5hZSDWOAE6C5mTQ79u84dlFMv8DwWOABk2W0Il6ZxctEBg2cmgJBnDkDH51stPEmwOyh/mlysBz2ak72uwmt6Sa9M2auFQ==
+SM5rB0nsJoVig8cv+HvxjY79ug4dlVMv8DwWOABk2W0Il6ZxctEBg2cmgJBnDkDH51stPEmwOyh/mlysBz2ak72uwmt6Sa9M2auFQ==
HOXfCMzm0fWlo2gENX5GXTU79ug4dlNMv8DwWOABk2W0Il6ZxctEBg2cmgJBnDkDH51stPEmwOyh/mlysBz2ak72uwmt6Sa9M2auFQ==
Z6HwggNpUkh4VToJ3RUO0jQ79ug4dlFMv8DwWOABk2W0Il6ZxctEBg2cmgJBnDkDH51stPEmwOyh/mlysBz2ak72uwmt6Sa9M2auFQ==
mcd/LNEQldTc5NBXfl2LkTQ79uk4dlFMv8DwWOABk2W0Il6ZxctEBg2cmgJBnDkDH51stPEmwOyh/mlysBz2ak72uwmt6Sa9M2auFQ==
MMjoAlBB1+86LxcME1YYHjU79uk4dlNMv8DwWOABk2W0Il6ZxctEBg2cmgJBnDkDH51stPEmwOyh/mlysBz2ak72uwmt6Sa9M2auFQ==
FoHh7Dj+gK5YSDVjvF0FuTY79uk4dlVMv8DwWOABk2W0Il6ZxctEBg2cmgJBnDkDH51stPEmwOyh/mlysBz2ak72uwmt6Sa9M2auFQ==
RE5KrftOw+6KWAQDkGXvVzY79uo4dlVMv8DwWOABk2W0Il6ZxctEBg2cmgJBnDkDH51stPEmwOyh/mlysBz2ak72uwmt6Sa9M2auFQ==
oAwOCPvc31U4CXShU/ryGzU79uo4dlNMv8DwWOABk2W0Il6ZxctEBg2cmgJBnDkDH51stPEmwOyh/mlysBz2ak72uwmt6Sa9M2auFQ==
6IrC0nmoGVUX4+ShpeBKMTQ79uo4dlFMv8DwWOABk2W0Il6ZxctEBg2cmgJBnDkDH51stPEmwOyh/mlysBz2ak72uwmt6Sa9M2auFQ==
TMNRw7FBkUoGw1B+caUu4zQ79uw4dlFMv8DwWOABk2W0Il6ZxctEBg2cmgJBnDkDH51stPEmwOyh/mlysBz2ak72uwmt6Sa9M2auFQ==
S0napLCPuTxH0nsIGo92YzU79uw4dlNMv8DwWOABk2W0Il6ZxctEBg2cmgJBnDkDH51stPEmwOyh/mlysBz2ak72uwmt6Sa9M2auFQ==
jCWxC5O11iDx6rLS3nntRDY79uw4dlVMv8DwWOABk2W0Il6ZxctEBg2cmgJBnDkDH51stPEmwOyh/mlysBz2ak72uwmt6Sa9M2auFQ==
pzRqvXmoNXmGXDPrr7nqJzY79u04dlVMv8DwWOABk2W0Il6ZxctEBg2cmgJBnDkDH51stPEmwOyh/mlysBz2ak72uwmt6Sa9M2auFQ==
C1LEzBDLt+8LFSNU/ZTVQTU79u04dlNMv8DwWOABk2W0Il6ZxctEBg2cmgJBnDkDH51stPEmwOyh/mlysBz2ak72uwmt6Sa9M2auFQ==
SJscVNOsnhGDWbyH4/dWhjQ79u04dlFMv8DwWOABk2W0Il6ZxctEBg2cmgJBnDkDH51stPEmwOyh/mlysBz2ak72uwmt6Sa9M2auFQ==
7v66DFJA+yyBvY0nqFlxXpgFinpShUtEvq4hDSOE/4nRUkElUpK3nMVBh6C58gJnOILtBiBPQPjTQ6t6c0OPXc7Z4sQ9i71sqX/ZGXOCfyLXGBkDkEdCekgdca4E
T9xLVI1jgl+N/z0zYFCroUv8zEJofIOpvHtEDtsXcvqQpvwzi2OwKE53qelsUPnG2tw9ToGl+/fcOn2kSFo1hMnM7O6urIq8ayeBC06rB3yuCw==
HZmnV1cIYo/CQ3VdUN87k3/d9Wg2Yvzom0oHLv02ePqQpvwzi2OwKE53qelsUPnG2tw9ToGl+/fcOn2kSFo1hMnM7O6urIq8ayeBC06rB3yuCw==
S1F8OwhtG4F8xMC+CNUS2Ry6u5RQJcuyrDcTPEqsy+B1ymZ3PIrxJlyHhIh32yf6/9srrYqRHuQhg7l8TUeV2b/627JTkIVjLI8GSqwFfa4I
rAVxZsIZgfxF1FHaEPhhqxy6u5RQJcuzrDcTPEqsy+B1ymZ3PIrxJlyHhIh32yf6/9srrYqRHuQhg7l8TUeV2b/627JTkIVjLI8GSqwFfa4I
EOujPT8dMvTuPnKsOLX3iBy6u5RQJcuwrDcTPEqsy+B1ymZ3PIrxJlyHhIh32yf6/9srrYqRHuQhg7l8TUeV2b/627JTkIVjLI8GSqwFfa4I
eLw2wMKUJmgAnrVSJyh6fn/d9Wg2Yvzom0oELv02ePqQpvwzi2OwKE53qelsUPnG2tw9ToGl+/fcOn2kSFo1hMnM7O6urIq8ayeBC06rB3yuCw==
lKKth4ZRCFNCEzpD+VceCxy6u5RQJcu1rDcTPEqsy+B1ymZ3PIrxJlyHhIh32yf6/9srrYqRHuQhg7l8TUeV2b/627JTkIVjLI8GSqwFfa4I
XBkd7YKXncERsVyKcvRQ+hy6u5RQJcu3rDcTPEqsy+B1ymZ3PIrxJlyHhIh32yf6/9srrYqRHuQhg7l8TUeV2b/627JTkIVjLI8GSqwFfa4I
R3m0icx2oF4TKIT6lCb0Yhy6u5RQJcu2rDcTPEqsy+B1ymZ3PIrxJlyHhIh32yf6/9srrYqRHuQhg7l8TUeV2b/627JTkIVjLI8GSqwFfa4I
HEqqE5/X42RjKy/r8kEa5jY79u44dlVMv8DwWOABk2W0Il6ZxctEBg2cmgJBnDkDH51stPEmwOyh/mlysBz2ak72uwmt6Sa9M2auFQ==
Y+2UyIE6ELPBvjwjoAy8ijU79u44dlNMv8DwWOABk2W0Il6ZxctEBg2cmgJBnDkDH51stPEmwOyh/mlysBz2ak72uwmt6Sa9M2auFQ==
26c4tRM9/vwWrbb1TspD8zQ79u44dlFMv8DwWOABk2W0Il6ZxctEBg2cmgJBnDkDH51stPEmwOyh/mlysBz2ak72uwmt6Sa9M2auFQ==
IeRfMYZayWVjo0G981M9vBdRS7XdgKOGIK9KZleW2gtyENF3cTqp9w21fJ0Y1Advz6QLC0O5KXZdKiV8I9Pqw/ASiilrrh4=
GDY5OyUNF1eZL9CWH5mGlkv8zEJofIOuqnBaDt0QbPqQpvwzi2OwKE53qelsUPnG2tw9ToGl+/fcOn2kSFo1hMnM7O6urIq8ayeBC06rB3yuCw==
vThj7ztkn1WaeoSHU3tGjikfg7d6/hliED4MWyvL4NAOT3mBjHjJ3trEDWZhzSvPnMItDOgyxRxJVJwGDgRaxKsf0eMugzdkrhM=
r98cuFQWvHwzt7IwmcBP9Sgfg7d6/hliED4MWyvL4NAOT3mBjHjJ3trEDWZhzSvPnMItDOgyxRxJVJwGDgRaxKsf0eMugzdkrhM=
DaVMdFi6wTcRpZtTqsSCDisfg7d6/hliED4MWyvL4NAOT3mBjHjJ3trEDWZhzSvPnMItDOgyxRxJVJwGDgRaxKsf0eMugzdkrhM=
QBahrOytFCdXhB8X3h5+LpkFinpShUtEvq4hDSOE/4nRUkElUpK3nMVBh6C58gJnOILtBiBPQPjTQ6t6c0OPXc7Z4sQ9i71sqX/YGXOCfyLXGBkDkEdCekgdca4E
Bj1p1jsBCkNplahYaKezfCofg7d6/hliED4MWyvL4NAOT3mBjHjJ3trEDWZhzSvPnMItDOgyxR1JVJwGDgRaxKsf0eMugzdkrhM=
BVrtZi6qrCdTICcFpHA5+y0fg7d6/hliED4MWyvL4NAOT3mBjHjJ3trEDWZhzSvPnMItDOgyxR1JVJwGDgRaxKsf0eMugzdkrhM=
M1KFVZCcxYYqdwyK52DG0Fqx+kifPJNZyHKlMnTwpCs591BZNwyE/dZyuDP8LnWgWH4dUYkYREo+KAIoy/PJzx6PL2iuHw==
bYMW6Qpz+OBzJRAnhIrbPlqx+kifPJNZyHanPHTwpCs591BZNwyE/dZyuDP8LnWgWH4dUYkYREo+KAIoy/PJzx6PL2iuHw==
EFURTDIAsupD7tAjuYSyPpdW/wLJQ/Agt/t9Y47JX////zl11i4dZHk0Y7djFLdDhvntPqFaySQH88773AKWIW+uGg==
WacyKD4SCm5Z20eRXzgS0yibhLkEOvDkigwzGWOsy+B1ymZ3PIrxJlyHhIh32yf6/9srrYqRHuQhg7l8TUeU2L/527JTkIVjLI8GSqwFfa4I
JXc7xMhXAk9r093XmBOrqiwfg7d6/hliED4MWyvL4NAOT3mBjHjJ3trEDWZhzSvPnMItDOgyxR1IVJ8GDgRaxKsf0eMugzdkrhM=
Hup0nZOROYiOUp9sqofxMOCeCVQZwtOcFUhBmeqqZi6mzkJvcFDvSfAwpojiH3gY+1OjentTtDLyE7qExTvljAEPUJj7MZeCj+ihQ0iXOlqgDXmuDA==
thZH2SbBhH23w8t8lCG0Di8fg7d6/hliED4MWyvL4NAOT3mBjHjJ3trEDWZhzSvPnMItDOgyxRhIVJ8GDgRaxKsf0eMugzdkrhM=
zxyc/pjY1RMzGqxFXwCyHQ2CvJB9AACHmHFSp8hJf0ZKEG3Z3vWwP12/1IqFGBqe+RvGa605DEipkhCgab4orsvIxkamkps1tR02sTtirgk=
g14tKjgNUXfwUuq+r+o++C4fg7d6/hliED4MWyvL4NAOT3mBjHjJ3trEDWZhzSvPnMItDOgyxR9PVJ8GDgRaxKsf0eMugzdkrhM=
T3u+1jIY7D5zvC1m6KKwOg2DvJB9AACHmHFSp8hJf0dKEG3Z3vWwP12/1IqFGBqe+RvGa605DEipkhCgabkvrsvIxkamkps1tR02sTtirgk=
ODDfxcBfjHeJROd29AM34CEfg7d6/hliED4MWyvL4NAOT3mBjHjJ3trEDWZhzSvPnMItDOgyxRpPVJ8GDgRaxKsf0eMugzdkrhM=
X3Pe3tFMdxYt0fjYqJtcQER1gdAieg7OHl6678XAl+lYYG7Iqu8QOOMju3pjo6wSGmNyRI3rTSz5n+8fg6Ev4me46YMApxI6uD1hrhQ=
TMRIwix3ZSK1y5shP0GvtCAfg7d6/hliED4MWyvL4NAOT3mBjHjJ3trEDWZhzSvPnMItDOgyxRlPVJ8GDgRaxKsf0eMugzdkrhM=
C6ky1MnQl2CGVuCRunPlq0RxgdMieg7OHl6678TAl+lYYG7Iqu8QOOMju3pjo6wSGmNyRI3rTSz5n+wfg6Ev4me46YMApxI6uD1hrhQ=
aQsGMyFu1FMK6TLkHVoMrSibhLkEOvDkigwzGWOsy+B1ymZ3PIrxJlyHhIh32yf6/9srrYqRHuQhg7l8TUeV3r/527JTkIVjLI8GSqwFfa4I
e+BRtRAZhlez1wIXnfH9CR5g5slgRrPPEcBvPnR/Po4LNmaj5mAl7/26JW95Reg1pHTbBzv037MPfmWNCfoRVP+zFqvkIr4xZ64S
/U4X67+aVUDoTZ95HoV7t1hIWix+qZ2EXyN6gdnLMjobYp4+jydmAhXH2v+gCUFd/KRxQlpYtakeFQmTfN4VEJgu/UCOCCeafpjiWEtDaT9eXw94rg8=
ykgacLzbmcrrwUJqp3/n8SibhLkEOvDkigwzGWOsy+B1ymZ3PIrxJlyHhIh32yf6/9srrYqRHuQhg7l8TUeS3r/527JTkIVjLI8GSqwFfa4I
auYpX+lXmiwGMc+pvAPcsB9g5slgRrPPEcBvPnR/Po4LNmaj5mAl7/26JW95Reg1pHTbBzv037MIfmWNCfoRVP+zFqvkIr4xZ64S
cVDjA9/Ic9vUp5FhWnq7flhIWix+qZ2EXyN6gdnLMjobYp4+jidmAhXH2v+gCUFd/KRxQlpYtakeFQmTfN4VEJgu/UeOCCeafpjiWEtDaT9eXw94rg8=
cg56JE0TYe28wLj0BKgZrevNuwPJjyUorZqRBXMQWu66tGAoIRFhuCHAHx6kP+4um7bWAxYgFQ/tujUPSYWYlRT0S6drNI+T9X5VbVk6wTRvM2ZLVGJOEXeuAg==
R/HQnUfM5fge0g+4uav3xBxg5slgRrPPEcBvPnR/Po4LNmaj5mAl7/26JW95Reg1pHTbBzv037MFfmWNCfoRVP+zFqvkIr4xZ64S
2VosoHTq38C1Z2NSh2Uq3Wv2x50ea2mdznhTrMoEbUFKEG3Z3vWwP12/1IqFGBqe+RvGa605DEipkhCgabAursvIxkamkps1tR02sTtirgk=
YGeDYXnj8dprLrSm4RQpOCibhLkEOvDkigwzGWOsy+B1ymZ3PIrxJlyHhIh32yf6/9srrYqRHuQhg7l8TUeW27/427JTkIVjLI8GSqwFfa4I
Q2vsIBymZd7xduLQzk7H9+vNuwPJjyUorZqRBXMQWu66tGAoIRFhuCHAHx6kP+4um7bWAxYgFQ/tujUPSYWYlRT0S6drNI+T/HtVbFk6wTRvM2ZLVGJOEXeuAg==
qONl5MPOqy1CrmEgC/bM5h1g5slgRrPPEcBvPnR/Po4LNmaj5mAl7/26JW95Reg1pHTbBzv037MMe2WMCfoRVP+zFqvkIr4xZ64S
zhHf/bgNtq4OjpO9ScxdN0xzgME4LAfPFVz3/MzAl+lYYG7Iqu8QOOMju3pjo6wSGmNyRI3rTSz5n+obg6Av4me46YMApxI6uD1hrhQ=
b/bCKvVpv8lvLNA3+oVjzCibhLkEOvDkigwzGWOsy+B1ymZ3PIrxJlyHhIh32yf6/9srrYqRHuQhg7l8TUeS27/427JTkIVjLI8GSqwFfa4I
3ZWo0OzukgLiN9/aemEmzRpg5slgRrPPEcBvPnR/Po4LNmaj5mAl7/26JW95Reg1pHTbBzv037MIe2WMCfoRVP+zFqvkIr4xZ64S
PbFrSPXAn7MxjDe7p4LJsGrKwPozLteh1AQzH2GEy7swmCM5LIjCaEaHhIh32yf6/9s4oo6LHuQhg7l8TUeS27/427JTkIVjLI8GSqwFfa4I
Ulz+ubIVCgmPnkVEiNoAyRtg5slgRrPPEcBvPnR/Po4LNmaj5mAl7/26JW95Reg1pHTbBzv037MFe2WMCfoRVP+zFqvkIr4xZ64S
fa6LqDYSLChH6XMdas/pGpKp9QgdN56StDFmkNm3y2CpGtL8iZFGXHA4tNPOQD0f5bo9H3JqxN/stBNX01RnI3373RzxmrmEt3NemwxCpgF/rgo=
U0hqz8Xn2kYlXOSWBxDR3hhg5slgRrPPEcBvPnR/Po4LNmaj5mAl7/26JW95Reg1pHTbBzv037MIemWMCfoRVP+zFqvkIr4xZ64S
cbvjt/palhYwEcAENBiv2JKp9QgdN56StDFmkNm3y2CpGdL8iZFGXHA4tNPOQD0f5bo9H3JqxN/stBNX01RnI3D63RzxmrmEt3NemwxCpgF/rgo=
Kz6EplyY3rvG07ALQaDhMhlg5slgRrPPEcBvPnR/Po4LNmaj5mAl7/26JW95Reg1pHTbBzv037MEemWMCfoRVP+zFqvkIr4xZ64S
i29M7ZrZcOnoLVPIfeLO0TmskxmJ5Bgpf5zvnzx2HmGs1Jt/+TRDOLjou5lEWHoonrfsaE/LL/r3ywDCZrtGJJnTUdzVtxZaN0hDUvvAfSN0fy5qVBV1rgA=
hkdonZbBgRpS7lRaPZlTbBZg5slgRrPPEcBvPnR/Po4LNmaj5mAl7/26JW95Reg1pHTbBzv037MIeWWMCfoRVP+zFqvkIr4xZ64S
Yb9WhGXyf1z/UI5FRiKivkYGo/AZc2LSu8pupge/Fqq1rwpH4PERdRzMQVpaQIXB/j1ZazxmxXg4ho3fCZDWMt5wsuCLO7kXPrc/YK4X
3N6Ksb+eSxsQDAVUadwDbRdg5slgRrPPEcBvPnR/Po4LNmaj5mAl7/26JW95Reg1pHTbBzv037MFeWWMCfoRVP+zFqvkIr4xZ64S
mpTQJoLq7kqtTUrG0Qdv33Hpv5YZYWmdznhTrMoEZkFKEG3Z3vWwP12/1IqFGBqe+RvGa605DEipkhCgabAprsrIxkamkps1tR02sTtirgk=
dPJNfrBQDwIcHuPVBfzjOR5j5slgRrPPEcBvPnR/Po4LNmaj5mAl7/26JW95Reg1pHTbBzv037MNeGWMCfoRVP+zFqvkIr4xZ64S
cTaFN/3X30z9D2rd8yDXkXHpvpYZYWmdznhTrMoEb0JKEG3Z3vWwP12/1IqFGBqe+RvGa605DEipkhCgabgorsrIxkamkps1tR02sTtirgk=
pHPkn7bm10VUACa+vFqbXR9j5slgRrPPEcBvPnR/Po4LNmaj5mAl7/26JW95Reg1pHTbBzv037MOeGWMCfoRVP+zFqvkIr4xZ64S
dxm2fT159mL8frkD9883WkYDo/MZc2LSu8pupg68Fqq1rwpH4PERdRzMQVpaQIXB/j1ZazxmxXg4ho3ZCJDWMt5wsuCLO7kXPrc/YK4X
p68pjkoc3KKWbMxtYBsyQsaRZiU3WWcjh383dG7YmQWkqV4jL02mB284i7dfKGu8kojKWxVycx4AIC1MM/zhVul3bObVahyXk7jQu7X8pK44r85+My3eLGa1rAyBniDU0U3qysIlFtI+Tnsx3dHGBUNeri0=
FIzUFPJRBnXPZCUut4bXpTT2+FW7pmre2fVRTaACL1wk9Ctny7Qv0xR6daw4uqH0TzOGC7Ti7tEXrmI=
VRMZ8O3EQ8yLgyDU3p6Vl4YgOMJxdxrhIlhu8h+NTGC5inBoGUmqRpoR5k6WqludJYXW+csarmE=
Srwy/ayEV1mvaoEG14750NG70I+EsA6KxURPr7Y22NeMyQs5SvgaglyK3XQIqlWfytwOn278Kgzr1+HbDpsnbK4b
gfabP0rTjTRxxVUcSxw5g8aRZiU3WWcjh383dG7YmQWkqV4jL02mB284i7dfKGu8kojKWxVycx4AIC1MM/zhVul3bObVahyXk7jQu7X8pK44r85+My3eLGa1rAyBniDU0ULpysIlFtI+Tnsx3dHGBUNeri0=
yI5zsEZ43wRmWKKuIVaKWTT2+FW7pmre2fVRTaACL1wk9Ctny7Qv0xt5daw4uqH0TzOGC7Ti7tEXrmI=
2+5RSM5stm0HAPfyTtDxioYgOMJxdxrhIlhu8h+NTGC5inBoGUapRpoR5k6WqludJYXW+csarmE=
n9OsKTIGEk2pBLfsriJFftG70I+EsA6KxURPr7Y22NeMyQs5SvgaglyK3XQIqlWQydwOn278Kgzr1+HbDpsnbK4b
yI5zsEZ43wRmWKKuIVaKWTT2+FW7pmre2fVRTaACL1wk9Ctny7Qv0xt5daw4uqH0TzOGC7Ti7tEXrmI=
2+5RSM5stm0HAPfyTtDxioYgOMJxdxrhIlhu8h+NTGC5inBoGUapRpoR5k6WqludJYXW+csarmE=
vdxY7licdn+77ysJ/NhVbWI9m0PItdTn6vvKdmkJzJ2RhloXafzDGp2s7F6VOR3Z/o+KbGAiCOwhjpoRamJ5t+cB7CSRlgCcgeppYpJtNtouZjuZTVlmTRN2rgU=
ADy4bdWOo6pdnWIa8vsNiBVSS7XdgKOGIK9KZleW2gtyENF3cTqp9w21fJ0Y1Advz6QLC0e5KXRcKiV8I9Pqw/ASiilrrh4=
0aWfhR+D4kGNKj3JzkRfdRZSS7XdgKOGIK9KZleW2gtyENF3cTqp9w21fJ0Y1Advz6QLC0e5KXRcKiV8I9Pqw/ASiilrrh4=
3mM5I1GzdDWm3l2fLK3L9yBhxPV/Fj/Qu8lBplD6RO/7vwh0rusRdRzMQVpaQIXS8TlDazxmxXg4ho3cCZDWM95wsuCLO7kXPrc/YK4X
uTSi5iHuJdb2NtATgnL/BZwFinpShUtEvq4hDSOE/4nRUkElUpK3nMVBh6C58gJnOILtBiBPQPjTQ6t6c0OPXc7Z4sQ9i71sqX/dGXOAfiLXGBkDkEdCekgdca4E
jkEeivJP+4V3CEEotE94kyBhxPR/Fj/Qu8lBplD6RO/7vwh0rusRdRzMQVpaQIXS8TlDazxmxXg4ho3cCZDWM95wsuCLO7kXPrc/YK4X
GWnuD0OEejhSkcW9FrmL3RoXy51zV7DfEcBvPnR/Po4LNmaj5mAl7/26JW95Reg1pHTbBzv037MLeWWMCPoRVP+zFqvkIr4xZ64S
H0J14Su71IhHdTzALQ4iGBsXy51zV7DfEcBvPnR/Po4LNmaj5mAl7/26JW95Reg1pHTbBzv037MLeWWMCPoRVP+zFqvkIr4xZ64S
BNB23SMYyboFbjGu8R33au3izWpb78D1UEss3PuWY/sdWHDAUJnzvQR6nsH1EyQePYSaGnGEWdsvxazsQf6gdBFi6eoChZay/q57UZ0xRqUDfq4N
afvApbTczY5gnr1GjLfyuh0Xy51zV7DfEcBvPnR/Po4LNmaj5mAl7/26JW95Reg1pHTbBzv037MLeWWMCPoRVP+zFqvkIr4xZ64S
rQzMEsGGN22re7Onm0XY1CBhxPJ/Fj/Qu8lBplD6RO/7vwh0rusRdRzMQVpaQIXS8TlDazxmxXg4ho3cCZDWM95wsuCLO7kXPrc/YK4X
4zljEwSDr2EQb44G3FNUPBRSS7XdgKOGIK9KZleW2gtyENF3cTqp9w21fJ0Y1Advz6QLC0e5KXRcKiV8I9Pqw/ASiilrrh4=
9DB0r1gvzsUJCv+/ugVrbB8Xy51zV7DfEcBvPnR/Po4LNmaj5mAl7/26JW95Reg1pHTbBzv037MLeWWMCPoRVP+zFqvkIr4xZ64S
sNvc95XH6SEes0WKT8qX9CBhxPB/Fj/Qu8lBplD6RO/7vwh0rusRdRzMQVpaQIXS8TlDazxmxXg4ho3cCZDWM95wsuCLO7kXPrc/YK4X
v4/RCOW0onACRrmfNbYYrRFSS7XdgKOGIK9KZleW2gtyENF3cTqp9w21fJ0Y1Advz6QLC0e5KXRcKiV8I9Pqw/ASiilrrh4=
IK2ZLpDHlFZp5GI0sgtHGhwXy51zV7DfEcBvPnR/Po4LNmaj5mAl7/26JW95Reg1pHTbBzv037MLeWWMCPoRVP+zFqvkIr4xZ64S
wK7QPHggGhLMFFKfQkTU4SBhxPN/Fj/Qu8lBplD6RO/7vwh0rusRdRzMQVpaQIXS8TlDazxmxXg4ho3cCZDWM95wsuCLO7kXPrc/YK4X
E70G681Um3wz6IafUAI18hJSS7XdgKOGIK9KZleW2gtyENF3cTqp9w21fJ0Y1Advz6QLC0e5KXRcKiV8I9Pqw/ASiilrrh4=
g6I1ENUS3/ibh/9dEY2EbRNSS7XdgKOGIK9KZleW2gtyENF3cTqp9w21fJ0Y1Advz6QLC0e5KXRcKiV8I9Pqw/ASiilrrh4=
Inuv73XTnMx74QkkkrvFhxdSS7XdgKOGIK9KZleW2gtyENF3cTqp9w21fJ0Y1Advz6QLC0e5KXRcKiV8I9Pqw/ASiilrrh4=
YWfc0DzA1EpRcgbnWAz0hAckzJRtEj3lO2b3oImS0qdIYl2GsO8QOOMju3pjo78dHnlyRI3rTSz5n+0Zg6Au4me46YMApxI6uD1hrhQ=
EKEMZRfiRzFE9jkIePOkukv8zEJofIOpvHtEDtsXcvqQpvwzi2OwKE53qelsUPnG2tw9ToGl+/fcOn2kSFo1gMnM7u+urIq8ayeBC06rB3yuCw==
M2mA/ozNVr0/JvF8n+6DY50FinpShUtEvq4hDSOE/4nRUkElUpK3nMVBh6C58gJnOILtBiBPQPjTQ6t6c0OPXc7Z4sQ9i71sqX/dGXOAfiLXGBkDkEdCekgdca4E
kMsJ+8npcoD2YUanO/Yp0CBhxPN/FjzQu8lBplD6RO/7vwh0rusRdRzMQVpaQIXS8TlDazxmxXg4ho3cCZDWM95wsuCLO7kXPrc/YK4X
+Jxa6r4BbcGXHhl7vpyKYR8Xy55zV7DfEcBvPnR/Po4LNmaj5mAl7/26JW95Reg1pHTbBzv037MLeWWMCPoRVP+zFqvkIr4xZ64S
UPyeynXv5dw1xaw6aeUR9hFRS7XdgKOGIK9KZleW2gtyENF3cTqp9w21fJ0Y1Advz6QLC0e5KXRcKiV8I9Pqw/ASiilrrh4=
FxbbB4U2+1kXvsML/vrFeyBhxPB/FjzQu8lBplD6RO/7vwh0rusRdRzMQVpaQIXS8TlDazxmxXg4ho3cCZDWM95wsuCLO7kXPrc/YK4X
QyiD+eN0dB4gE9StbtnCOBJRS7XdgKOGIK9KZleW2gtyENF3cTqp9w21fJ0Y1Advz6QLC0e5KXRcKiV8I9Pqw/ASiilrrh4=
sgPm2uzlcp8doGuPBMu4gRRRS7XdgKOGIK9KZleW2gtyENF3cTqp9w21fJ0Y1Advz6QLC0e5KXRcKiV8I9Pqw/ASiilrrh4=
D7iuki929Dgukis0uA620BNRS7XdgKOGIK9KZleW2gtyENF3cTqp9w21fJ0Y1Advz6QLC0e5KXRcKiV8I9Pqw/ASiilrrh4=
j5QeteFGTXt0LtK91+OzNRwXy55zV7DfEcBvPnR/Po4LNmaj5mAl7/26JW95Reg1pHTbBzv037MLeWWMCPoRVP+zFqvkIr4xZ64S
XVLjoLVf2yqCb6AMScFrWO3izWpb78D1UEss3PiWY/sdWHDAUJnzvQR6nsH1EyQePYSaGnGEWdsvxazsQf6gdBFi6eoChZay/q57UZ0xRqUDfq4N
UVXeAOHNQR99Ue2ldCRDsFqx+kifPJNZyHKlMnTwpCs591BZNwyE/dZyuDP8LnWgWH4dVIkYRks+KAIoy/PJzx6PL2iuHw==
QLjmXDcz3zMuKFfcGSRXDENTpNPFdhHvowLB1fC+u2zPvvKJv44vvsArH34NZ8U4PYOdWBlMmb2anJ7YlYvnqIqihcrEteh0vp4HIdDHNMadnNOGr62mXoz21M6uAPfU+/Rr5wu0b1PbeTUs+LphdA8zRov04i5RV64i
S4noGd5/Q+Jv2kyzxfY2zYLKJzMlI3ckh3UgQybYvxS9p2pTPm2YXUQhmoZqfHep/5WWDwB4cQISJx0mfuLmcb9sLcvnShaJ5aTEw/Cqqa1spdY7MGPcNG6qrAyBniDU0ULpysIlFtI+Tnsx3dHGBUNeri0=
unTD2emv+7IGgsMeQWjreILKJzMlI3ckh3UgQybYvxS9p2pTPm2YXUQhmYZqfHep/5SWDwB4cQISJx0mfuLmcb9sLcvnShaJ5aTEw/Cqqa1spdY7MGPcNG6qrAyBniDU0ULpysIlFtI+Tnsx3dHGBUNeri0=
AbYlVwkPNjV7+w7i7weyg3fv7ipaqOAZ1ou9/RvJMG4WaHAnhwh7mKfalA+/TK8TD+yjxAM4GBwcXA8DXRwYMhe+vt1y0Bw+pYUKL84yT0wBMhXl/BrOtpaK9EjN4CkkuRPxXLV3+FkXCOLSGwAdI1S/zuo0VVWuIA==
sSvfJ86/eIZw/IFIcc7W83Yhz4R25fDev+47I3AxcnYHzlFBivGfjfBUyZcpG5Hmwkc8VRmN35Pjn+WrnLnquoveUrifMBCOviC50rSRRGRxV6BjFnl0HZR+Unx8/lWwGI69JYno5jv+OCJ4SyOp394/T1iuLw==
4GoiWL5JFyz5CHHrXHMGDoLKJzMlI3ckh3UgQybYvxS9p2pTPG2YXUQhnoZqfHep/5WWDwB4cQISJx0mfuLmcb9sLcvnShaL5aTEw/Cqqa1spdY7MGPcNG6qrAyBniDU0UPpysIlFtI+Tnsx3dHGBUNeri0=
1vPQvP6j/AH3FYHhH4eo9YLKJzMlI3ckh3UgQybYvxS9p2pTPW2YXUQhmIZqfHep/5WWDwB4cQISJx0mfuLmcb9sLcvnShaK5aTEw/Cqqa1spdY7MGPcNG6qrAyBniDU0UPpysIlFtI+Tnsx3dHGBUNeri0=
/vKlh07IWmKk8VIu5f/z2YLKJzMlI3ckh3UgQybYvxS9p2pTPW2YXUQhn4ZqfHep/5SWDwB4cQISJx0mfuLmcb9sLcvnShaK5aTEw/Cqqa1spdY7MGPcNG6qrAyBniDU0UPpysIlFtI+Tnsx3dHGBUNeri0=
P308UN02BB8fxOrqpHsdwYLKJzMlI3ckh3UgQybYvxS9p2pTPG2YX0QhnoZqfHep/5WWDwB4cQISJx0mfuLmcb9sLcvnShaL5aTGw/Cqqa1spdY7MGPcNG6qrAyBniDU0UPpysIlFtI+Tnsx3dHGBUNeri0=
auqK1d5sKWvHpc7KKjSQo3Yhz4R25fDev+47I3AxcnYHzlFBivGfjfBUyZcoG5Hmwkc8VRmN35Pjn+WrnLnquoveUrifMBCOviG50rSRRGRxV6BjFnl0HZR+Unx8/lWwGI69JYno5jv+OCJ4SyOp394/T1iuLw==
qZOlPzV+/RXsx0WmuzWXCoLKJzMlI3ckh3UgQybYvxS9p2pTPG2YXUQhnYZqfHep/5SWDwB4cQISJx0mfuLmcb9sLcvnShaL5aTEw/Cqqa1spdY7MGPcNG6qrAyBniDU0UPpysIlFtI+Tnsx3dHGBUNeri0=
hJX9jddIxNb7/3uJV81XoHYhz4R25fDev+47I3AxcnYHzlFBivGfjfBUyZcoG5Hkwkc8VRmN35Pjn+WrnLnquoveUrifMBCOviG50raRRGRxV6BjFnl0HZR+Unx8/lWwGI69JYno5jv+OCJ4SyOp394/T1iuLw==
TNueqWMdzoPUuhtUBC9mJInq+jKtpA5slIZzbWdCDwz3J3sMf2Mzj34I6LLAuCueYHS0yC0wfdWg25kGSwVLPUl1TEMufFPsbpa/WmT4tiO17IaLoIKJhXyt1jMgS/wcPuLsRNE2gHxBy2lCUo22em4GO3mN+eYtU1auJQ==
UFgogrQ5CBaoC9R8HK68Fnfv7ipaqOAZ1ou9/RvJMG4WaHAnhwh7mKfalA+/Tq8TD+yjxAM4GBwcXA8DXRwYMhe+vt1y0Bw+pYUIL84yT0wBMhXl/BrOtpaK9EjN4CkkuRPxXLV3+FkXCOLSGwAdI1S/zuo0VVWuIA==
l6yVqofGvrCO7bKzPuOf/nYhz4R25fDev+47I3AxcnYHzlFBivGfjfBUyZcpG5Hkwkc8VRmN35Pjn+WrnLnquoveUrifMBCOviC50raRRGRxV6BjFnl0HZR+Unx8/lWwGI69JYno5jv+OCJ4SyOp394/T1iuLw==
sf33OtTcRKL7sWOjWA4vx0NTpNPFdhHvowLB1fC+u2zPvvKJv44vvsArH34NZ8U6PYOdWBlMmb2anJ7YlYvnqIqihcrEteh0vp4HIdLHNMadnNOGr62mXoz21M6uAPfU+/Rr5wu0b1PaeTUs+LphdA8zRov04i5RV64i
aU2NoEkcJLG/7IpJZwU5PYLKJzMlI3ckh3UgQybYvxS9p2pTPm2YX0QhmoZqfHep/5WWDwB4cQISJx0mfuLmcb9sLcvnShaJ5aTGw/Cqqa1spdY7MGPcNG6qrAyBniDU0UPpysIlFtI+Tnsx3dHGBUNeri0=
hUl8wA9/YzxCd9w0BUgOLILKJzMlI3ckh3UgQybYvxS9p2pTPm2YX0QhmYZqfHep/5SWDwB4cQISJx0mfuLmcb9sLcvnShaJ5aTGw/Cqqa1spdY7MGPcNG6qrAyBniDU0UPpysIlFtI+Tnsx3dHGBUNeri0=
OLR7us4yh8zQ0sj2BXJu/oLKJzMlI3ckh3UgQybYvxS9p2pTPW2YX0QhmIZqfHep/5WWDwB4cQISJx0mfuLmcb9sLcvnShaK5aTGw/Cqqa1spdY7MGPcNG6qrAyBniDU0UPpysIlFtI+Tnsx3dHGBUNeri0=
f5OPKnqon4HANy7AdSyASILKJzMlI3ckh3UgQybYvxS9p2pTPW2YX0Qhn4ZqfHep/5SWDwB4cQISJx0mfuLmcb9sLcvnShaK5aTGw/Cqqa1spdY7MGPcNG6qrAyBniDU0UPpysIlFtI+Tnsx3dHGBUNeri0=
qAX/JbULpU5dY9qJoUUdcILKJzMlI3ckh3UgQybYvxS9p2pTPG2YX0QhnYZqfHep/5SWDwB4cQISJx0mfuLmcb9sLcvnShaL5aTGw/Cqqa1spdY7MGPcNG6qrAyBniDU0UPpysIlFtI+Tnsx3dHGBUNeri0=
kKh0UbyTrVLaXdbx3Bt0j3fv7ipaqOAZ1ou9/RvJMG4WaHAnhwh7mKfalA+/T68TD+yjxAM4GBwcXA8DXRwYMhe+vt1y0Bw+pYUJL84yT0wBMhXl/BrOtpaK9EjN4CkkuRPxXLV3+FkXCOLSGwAdI1S/zuo0VVWuIA==
nk63EblPcfPEQ9wpAXkcS3Yhz4R25fDev+47I3AxcnYHzlFBivGfjfBUyZcpG5Hlwkc8VRmN35Pjn+WrnLnquoveUrifMBCOviC50reRRGRxV6BjFnl0HZR+Unx8/lWwGI69JYno5jv+OCJ4SyOp394/T1iuLw==
8HiHcMC1aLDKypRhu9uXxoLKJzMlI3ckh3UgQybYvxS9p2pTPG2YXkQhnoZqfHep/5WWDwB4cQISJx0mfuLmcb9sLcvnShaL5aTHw/Cqqa1spdY7MGPcNG6qrAyBniDU0UPpysIlFtI+Tnsx3dHGBUNeri0=
K9UG2tBtF98+tgZFJ49ceILKJzMlI3ckh3UgQybYvxS9p2pTPW2YXkQhmIZqfHep/5WWDwB4cQISJx0mfuLmcb9sLcvnShaK5aTHw/Cqqa1spdY7MGPcNG6qrAyBniDU0UPpysIlFtI+Tnsx3dHGBUNeri0=
WxMR8YlgXyNdRqgBoBcraILKJzMlI3ckh3UgQybYvxS9p2pTPW2YXkQhn4ZqfHep/5SWDwB4cQISJx0mfuLmcb9sLcvnShaK5aTHw/Cqqa1spdY7MGPcNG6qrAyBniDU0UPpysIlFtI+Tnsx3dHGBUNeri0=
z9v1vlNV3IXpDChPjAlt5HYhz4R25fDev+47I3AxcnYHzlFBivGfjfBUyZcoG5Hlwkc8VRmN35Pjn+WrnLnquoveUrifMBCOviG50reRRGRxV6BjFnl0HZR+Unx8/lWwGI69JYno5jv+OCJ4SyOp394/T1iuLw==
BZG7IWhK810pkejBlxXHMoLKJzMlI3ckh3UgQybYvxS9p2pTPG2YXkQhnYZqfHep/5SWDwB4cQISJx0mfuLmcb9sLcvnShaL5aTHw/Cqqa1spdY7MGPcNG6qrAyBniDU0UPpysIlFtI+Tnsx3dHGBUNeri0=
GthZ6VNl3iwdDnPpQQLczYnq+jKtpA5slIZzbWdCDwz3J3sMf2Mzj34I6LLAuCueYXS0yC0wfdWg25kGSwVLPUl1TEMufFPsbpa/WmT4tiO17IeLoIKJhXyt1jMgS/wcPuLsRNE2gHxBy2lCUo22em4GO3mN+eYtU1auJQ==
DiubBoD0PRxTgRyCJXHnLILKJzMlI3ckh3UgQybYvxS9p2pTPm2YXkQhmoZqfHep/5WWDwB4cQISJx0mfuLmcb9sLcvnShaJ5aTHw/Cqqa1spdY7MGPcNG6qrAyBniDU0UPpysIlFtI+Tnsx3dHGBUNeri0=
qkldxW+GSZySVELQHpgh8oLKJzMlI3ckh3UgQybYvxS9p2pTPm2YWkQhmoZqfHep/5WWDwB4cQISJx0mfuLmcb9sLcvnShaJ5aTDw/Cqqa1spdY7MGPcNG6qrAyBniDU0UPpysIlFtI+Tnsx3dHGBUNeri0=
q2Qi6bzDss98X41X4fVBK4LKJzMlI3ckh3UgQybYvxS9p2pTPm2YWkQhmYZqfHep/5SWDwB4cQISJx0mfuLmcb9sLcvnShaJ5aTDw/Cqqa1spdY7MGPcNG6qrAyBniDU0UPpysIlFtI+Tnsx3dHGBUNeri0=
2CGEPx067cnYjBeoGY9E00NTpNPFdhDvowLB1fC+u2zPvvKJv45dyNYjfW1jGNhTOuS2aRkTwq3f1sDelY3hiJalofiXkuod1Z0UKbfaWs+F69SGr62mXoz21M6uAPfU+/Rr5wu0b1PaeTUs+LphdA8zRov04i5RV64i
HQeIguhtufy1zkSfnufDQ3fv7ipaqOAZ1ou9/RvJMG4WaHAnhwh7mKfalA+/S68TD+yjxAM4GBwcXA8DXRwYMhe+vt1y0Bw+pYUNL84yT0wBMhXl/BrOtpaK9EjN4CkkuRPxXLV3+FkXCOLSGwAdI1S/zuo0VVWuIA==
23JwvzvqKm0WsKnzkXLl872z5pxai8JtF3Qv2kR/hEMCTdEZl915rU0DKumIz5kKUyF7YQEBLO+W+MMQhkJ/Fjycxj+92KNnWEZZOdQ5Vr+470zA9hYMaOkykAApnymOimlG5uaymxX1vbYRe0KuKQ==
vs2oYmNDtRGTgdb0Z5hbcXYhz4R25fDev+47I3AxcnYHzlFBivGfjfBUyZcpG5Hhwkc8VRmN35Pjn+WrnLnquoveUrifMBCOviC50rORRGRxV6BjFnl0HZR+Unx8/lWwGI69JYno5jv+OCJ4SyOp394/T1iuLw==
3Q3majqxu7CyZiPUF8Cq8ILKJzMlI3ckh3UgQybYvxS9p2pTPW2YWkQhmIZqfHep/5WWDwB4cQISJx0mfuLmcb9sLcvnShaK5aTDw/Cqqa1spdY7MGPcNG6qrAyBniDU0UPpysIlFtI+Tnsx3dHGBUNeri0=
87WhhmwZk0nUNfyWCvuvT3Yhz4R25fDev+47I3AxcnYHzlFBivGfjfBUyZcoG5Hhwkc8VRmN35Pjn+WrnLnquoveUrifMBCOviG50rORRGRxV6BjFnl0HZR+Unx8/lWwGI69JYno5jv+OCJ4SyOp394/T1iuLw==
Wfoc3UTXdeb4J/LPdOLfmYLKJzMlI3ckh3UgQybYvxS9p2pTPG2YWkQhnoZqfHep/5WWDwB4cQISJx0mfuLmcb9sLcvnShaL5aTDw/Cqqa1spdY7MGPcNG6qrAyBniDU0UPpysIlFtI+Tnsx3dHGBUNeri0=
1oqpH+NMwqSA+jog+suQr4LKJzMlI3ckh3UgQybYvxS9p2pTPG2YWkQhnYZqfHep/5SWDwB4cQISJx0mfuLmcb9sLcvnShaL5aTDw/Cqqa1spdY7MGPcNG6qrAyBniDU0UPpysIlFtI+Tnsx3dHGBUNeri0=
uf4kPo97NeJqZ2cULZsUPENTpNPFdhHvowLB1fC+u2zPvvKJv44vvsArH34NZ8U7PYOdWBlMmb2anJ7YlYvnqIqihcrEteh0vp4HIdPHNMadnNOGr62mXoz21M6uAPfU+/Rr5wu0b1PaeTUs+LphdA8zRov04i5RV64i
bxQa9PLIpgHNmVpjH/5/coLKJzMlI3ckh3UgQybYvxS9p2pTPm2YXkQhmYZqfHep/5SWDwB4cQISJx0mfuLmcb9sLcvnShaJ5aTHw/Cqqa1spdY7MGPcNG6qrAyBniDU0UPpysIlFtI+Tnsx3dHGBUNeri0=
gs4aj+qRo72QeW86K7Wg6YLKJzMlI3ckh3UgQybYvxS9p2pTPm2YW0QhmoZqfHep/5WWDwB4cQISJx0mfuLmcb9sLcvnShaJ5aTCw/Cqqa1spdY7MGPcNG6qrAyBniDU0UPpysIlFtI+Tnsx3dHGBUNeri0=
cPJ1PHikCQmjL5hUIXxAgILKJzMlI3ckh3UgQybYvxS9p2pTPW2YWkQhn4ZqfHep/5SWDwB4cQISJx0mfuLmcb9sLcvnShaK5aTDw/Cqqa1spdY7MGPcNG6qrAyBniDU0UPpysIlFtI+Tnsx3dHGBUNeri0=
oTvPYNSalYS72Tef0s6z7nfv7ipaqOAZ1ou9/RvJMG4WaHAnhwh7mKfalA+/Sq8TD+yjxAM4GBwcXA8DXRwYMhe+vt1y0Bw+pYUML84yT0wBMhXl/BrOtpaK9EjN4CkkuRPxXLV3+FkXCOLSGwAdI1S/zuo0VVWuIA==
e74KkljGV0lo6IjiQhOXwL2z5pxai8JtF3Qv2kR/hEMCTdEZl915rU0CKumIz5kKUyF7YQEBLO+W+MMQhkJ/Fjycxj+92KJnWEZZOdQ5Vr+470zA9hYMaOkykAApnymOimlG5uaymxX1vbYRe0KuKQ==
i0Auy8oOPuvGcL+kENX0cnYhz4R25fDev+47I3AxcnYHzlFBivGfjfBUyZcpG5Hgwkc8VRmN35Pjn+WrnLnquoveUrifMBCOviC50rKRRGRxV6BjFnl0HZR+Unx8/lWwGI69JYno5jv+OCJ4SyOp394/T1iuLw==
5HeLd6e4LxXE+xpvfVli53Yhz4R25fDev+47I3AxcnYHzlFBivGfjfBUyZcoG5Hgwkc8VRmN35Pjn+WrnLnquoveUrifMBCOviG50rKRRGRxV6BjFnl0HZR+Unx8/lWwGI69JYno5jv+OCJ4SyOp394/T1iuLw==
S1wthgDQVglY11F0wa8k3oLKJzMlI3ckh3UgQybYvxS9p2pTPG2YW0QhnoZqfHep/5WWDwB4cQISJx0mfuLmcb9sLcvnShaL5aTCw/Cqqa1spdY7MGPcNG6qrAyBniDU0UPpysIlFtI+Tnsx3dHGBUNeri0=
1LGmhjiuZg0E0yiPaevfPYLKJzMlI3ckh3UgQybYvxS9p2pTPG2YW0QhnYZqfHep/5SWDwB4cQISJx0mfuLmcb9sLcvnShaL5aTCw/Cqqa1spdY7MGPcNG6qrAyBniDU0UPpysIlFtI+Tnsx3dHGBUNeri0=
k31fR80Eg8mJA0MDsXUi4nYhz4R25fDev+47I3AxcnYHzlFBivGfjfBUyZcoG5Hjwkc8VRmN35Pjn+WrnLnquoveUrifMBCOviG50rGRRGRxV6BjFnl0HZR+Unx8/lWwGI69JYno5jv+OCJ4SyOp394/T1iuLw==
86oUZdtK5ZofIWrnCaQloILKJzMlI3ckh3UgQybYvxS9p2pTPG2YWEQhnoZqfHep/5WWDwB4cQISJx0mfuLmcb9sLcvnShaL5aTBw/Cqqa1spdY7MGPcNG6qrAyBniDU0UPpysIlFtI+Tnsx3dHGBUNeri0=
W+0c9Q5p4gOETHInG0n/woLKJzMlI3ckh3UgQybYvxS9p2pTPG2YWEQhnYZqfHep/5SWDwB4cQISJx0mfuLmcb9sLcvnShaL5aTBw/Cqqa1spdY7MGPcNG6qrAyBniDU0UPpysIlFtI+Tnsx3dHGBUNeri0=
XVRk2fdk6IqNz/s9XsPdEoLKJzMlI3ckh3UgQybYvxS9p2pTPW2YW0QhmIZqfHep/5WWDwB4cQISJx0mfuLmcb9sLcvnShaK5aTCw/Cqqa1spdY7MGPcNG6qrAyBniDU0UPpysIlFtI+Tnsx3dHGBUNeri0=
s0xQ5I/COV02hCaCBmZHjYLKJzMlI3ckh3UgQybYvxS9p2pTPW2YW0Qhn4ZqfHep/5SWDwB4cQISJx0mfuLmcb9sLcvnShaK5aTCw/Cqqa1spdY7MGPcNG6qrAyBniDU0UPpysIlFtI+Tnsx3dHGBUNeri0=
BL0Jtec6sAME/iDTmopz6ILKJzMlI3ckh3UgQybYvxS9p2pTPm2YW0QhmYZqfHep/5SWDwB4cQISJx0mfuLmcb9sLcvnShaJ5aTCw/Cqqa1spdY7MGPcNG6qrAyBniDU0UPpysIlFtI+Tnsx3dHGBUNeri0=
eYDvS69AJhgVU8DwGeWhwUNTpNPFdhDvowLB1fC+u2zPvvKJv45dyNYjfW1jGdhTOuS2aRkTwq3f1sDelY3hiJalofiXkuod1Z0UKbfaWs+F6tSGr62mXoz21M6uAPfU+/Rr5wu0b1PaeTUs+LphdA8zRov04i5RV64i
Ghi0SzPO2AsEvFopNVwpO72z5pxai8JtF3Qv2kR/hEMCTdEZl915rU0BKumIz5kKUyF7YQEBLO+W+MMQhkJ/Fjycxj+92KFnWEZZOdQ5Vr+470zA9hYMaOkykAApnymOimlG5uaymxX1vbYRe0KuKQ==
Gw9mrq6e5lrg2+ei1O5IZnYhz4R25fDev+47I3AxcnYHzlFBivGfjfBUyZcpG5Hjwkc8VRmN35Pjn+WrnLnquoveUrifMBCOviC50rGRRGRxV6BjFnl0HZR+Unx8/lWwGI69JYno5jv+OCJ4SyOp394/T1iuLw==
wtES0Vn197s/bbDfbwEbQ3fv7ipaqOEZ14u9/RvJMG4WaHAnhwh7mKfalw+/Sa9sJd/HsQxmGFlDAVofTDceJB6M2+9F+AUvr553MqM7VzkGMhXl/BrOtpaK9EjN4CkkuRPxXLV3+FkXCOLSGwAdI1S/zuo0VVWuIA==
exB22MZhMEJlBHuKg/kn/oLKJzMlI3ckh3UgQybYvxS9p2pTPm2YWEQhmoZqfHep/5WWDwB4cQISJx0mfuLmcb9sLcvnShaJ5aTBw/Cqqa1spdY7MGPcNG6qrAyBniDU0UPpysIlFtI+Tnsx3dHGBUNeri0=
lGuPPPS/fdj9wUEvqfbjFYLKJzMlI3ckh3UgQybYvxS9p2pTPm2YWEQhmYZqfHep/5SWDwB4cQISJx0mfuLmcb9sLcvnShaJ5aTBw/Cqqa1spdY7MGPcNG6qrAyBniDU0UPpysIlFtI+Tnsx3dHGBUNeri0=
5LOOMGhk2Tfb7BizzqoUT0NTpNPFdhDvowLB1fC+u2zPvvKJv45dyNYjfW1jGthTOuS2aRkTwq3f1sDelY3hiJalofiXkuod1Z0UKbfaWs+F6dSGr62mXoz21M6uAPfU+/Rr5wu0b1PaeTUs+LphdA8zRov04i5RV64i
2hJX3fEE2OSPaVG91o3CKYLKJzMlI3ckh3UgQybYvxS9p2pTPW2YWEQhmIZqfHep/5WWDwB4cQISJx0mfuLmcb9sLcvnShaK5aTBw/Cqqa1spdY7MGPcNG6qrAyBniDU0UPpysIlFtI+Tnsx3dHGBUNeri0=
pEea+G+UWAA1B+R0JvB5RYLKJzMlI3ckh3UgQybYvxS9p2pTPW2YWEQhn4ZqfHep/5SWDwB4cQISJx0mfuLmcb9sLcvnShaK5aTBw/Cqqa1spdY7MGPcNG6qrAyBniDU0UPpysIlFtI+Tnsx3dHGBUNeri0=
x9lG0zUZYTqbmUtWWIAA53Yhz4R25fDev+47I3AxcnYHzlFBivGfjfBUyZcpG5Hnwkc8VRmN35Pjn+WrnLnquoveUrifMBCOviC50rWRRGRxV6BjFnl0HZR+Unx8/lWwGI69JYno5jv+OCJ4SyOp394/T1iuLw==
4ytWCbmXFRMgUrYTBXt0s4LKJzMlI3ckh3UgQybYvxS9p2pTPW2YXEQhmIZqfHep/5WWDwB4cQISJx0mfuLmcb9sLcvnShaK5aTFw/Cqqa1spdY7MGPcNG6qrAyBniDU0UPpysIlFtI+Tnsx3dHGBUNeri0=
eVV5wfwZ1NIUeFT9yekElYLKJzMlI3ckh3UgQybYvxS9p2pTPW2YXEQhn4ZqfHep/5SWDwB4cQISJx0mfuLmcb9sLcvnShaK5aTFw/Cqqa1spdY7MGPcNG6qrAyBniDU0UPpysIlFtI+Tnsx3dHGBUNeri0=
XS+78SriAKkXcSqZZnDQSyvMQHrWsVcf5jE8E01TrlUnTDHPtFa8qEVCQT/AGoCEFE/2zp9aP0hXw43H05Pnxvj75pWLLLQDM+W5SQ6M6LOv/NzIwds475b17JEk0soQHJINHKhCZelJJD73zhR6FCtPsfPuM1dUriM=
VQ0GE6YcjAXTTkgCVadTWXYhz4R25fHevu47I3AxcnYHmmRkhY6Z8/A22Oh0I+7ir1YnRFfPlcvjv/+qmJe+ubvgbM/zKWGFviOw38+QRGRxV6BjFnl0HZR+Unx8/lWwGI69JYno5jv+OCJ4SyOp394/T1iuLw==
pNnm0fDRNnOnyFWSROg0qr2z5pxai8NtFnQv2kR/hEMCGeQ8mKINpVtvW4W4jvsbE2UvNUBCPeKMz9ILk0F/Fjycxj692KVnWEZZOdQ5Vr+470zA9hYMaOkykAApnymOimlG5uaymxX1vbYRe0KuKQ==
FqTLssn4z6e4wRTnovGiQHYhz4R25fDev+47I3AxcnYHzlFBivGfjfBUyZcoG5Hnwkc8VRmN35Pjn+WrnLnquoveUrifMBCOviG50rWRRGRxV6BjFnl0HZR+Unx8/lWwGI69JYno5jv+OCJ4SyOp394/T1iuLw==
1hLId5KeT8pYvEWKrv9QA4LKJzMlI3ckh3UgQybYvxS9p2pTPG2YXEQhnoZqfHep/5WWDwB4cQISJx0mfuLmcb9sLcvnShaL5aTFw/Cqqa1spdY7MGPcNG6qrAyBniDU0UPpysIlFtI+Tnsx3dHGBUNeri0=
kWCwL8x1RKEfZY6y9FkAfYLKJzMlI3ckh3UgQybYvxS9p2pTPG2YXEQhnYZqfHep/5SWDwB4cQISJx0mfuLmcb9sLcvnShaL5aTFw/Cqqa1spdY7MGPcNG6qrAyBniDU0UPpysIlFtI+Tnsx3dHGBUNeri0=
CggrBGvUFiou2tZx29fgDInq+jKtpA9skoZzbWdCDwz3J2EPWCRu+gEZ/6SuxTj0FBaE+UpEF8W7ytdFAV1LHVN0SG16f2PSUOHTQxXztiK84f+KoIKJhXyt1jMgS/wcPuLsRNE2gHxBy2lCUo22em4GO3mN+eYtU1auJQ==
S0uk22/VO8YAWnMKL7i4JILKJzMlI3ckh3UgQybYvxS9p2pTPm2YXEQhmoZqfHep/5WWDwB4cQISJx0mfuLmcb9sLcvnShaJ5aTFw/Cqqa1spdY7MGPcNG6qrAyBniDU0UPpysIlFtI+Tnsx3dHGBUNeri0=
y8WS+u01FButnugJh7AqbILKJzMlI3ckh3UgQybYvxS9p2pTPm2YXEQhmYZqfHep/5SWDwB4cQISJx0mfuLmcb9sLcvnShaJ5aTFw/Cqqa1spdY7MGPcNG6qrAyBniDU0UPpysIlFtI+Tnsx3dHGBUNeri0=
nDB2PFuS0jF4wy3PMktgbw8Z30M3L8FcTb7JJmWTSEdLPzzhKAojVEwB5ggEj8q2tVzicXvsohQVQ47xj5eGx5SHyoGpkIaUnoctqhQj0INqKqY+bHcxHjM9KtYIdlBGIpBrTJ+UD593xCMbnjlxZLSKXUwrE2KT6PIiWVOuJg==
O0xidELllgHxkfY5ZkMZEonq+jKtpA5smoZzbWdCDwz3J3sMf2Mzj34I6LLAuCueYnS0yC0wfdWg25kGSwVLPUl1TEMufFPsbpa/WmT4tiO17ISLoIKJhXyt1jMgS/wcPuLsRNE2gHxBy2lCUo22em4GO3mN+eYtU1auJQ==
MOxAFnl7VjXbREYs8ZT6vg8Z30M3L8FcT77JJmWTSEdLPzzhKAojVEgB5ggEicq2wl70exijuUAFXJWxnpya0Jmb+7CugqHy+IUkvHpew+kcN8g+eXw3HjM9KtYIdlBGIpBrTJ+UD593xCMbnjlxZLSKXUwrE2KT6PIiWVOuJg==
q/2F7ER/BNNb8RY48kwmDPUfdGuDCwKikmk7xAcfMEYlplkOQiv91g6TnHBPPzPkLM+9M3SPmJBVbxocHlIzD2wDKQY7Z1ItjhjY/mFNtp9iaissZUp5dWCSSjYSAmjYIRjNxF3LXewJP7wZU0CeondYOQNwh+L6KF1RriQ=
Rsc88WnWRyFxVO/qboKpEw8Z30M3L8FcQb7JJmWTSEdLPzzhKAojVEgB5ggEicq2wl70exijuUAFXJWxnpya0Jmb+7CugqHy+IUkvHpew+kfN8g+eXw3HjM9KtYIdlBGIpBrTJ+UD593xCMbnjlxZLSKXUwrE2KT6PIiWVOuJg==
NIgRtutl1v1V39yoX/rMwA8Z30M3L8FcTb7JJmWTSEdLPzzhKAojVEwB5ggEjsq2tVzicXvsohQVQ4/xj5eGx5SHyoGpkIaUnoctqhQj0INqKqY+bHcxHjM9KtYIdlBGIpBrTJ+UD593xCMbnjlxZLSKXUwrE2KT6PIiWVOuJg==
lCgnWcZBp/XfoHqgo5hUyw8Z30M3L8FcTr7JJmWTSEdLPzzhKAojVEgB5ggEicq2wl70exijuUAFXJWxnpya0Jmb+7CugqHy+IUkvHpew+keN8g+eXw3HjM9KtYIdlBGIpBrTJ+UD593xCMbnjlxZLSKXUwrE2KT6PIiWVOuJg==
ZhmlxU2bb1PmkqcngfiWIw8Z30M3L8FcTb7JJmWTSEdLPzzhKAojVEwB5ggEjcq2tVzicXvsohQVQ4zxj5eGx5SHyoGpkIaUnoctqhQj0INqKqY+bHcxHjM9KtYIdlBGIpBrTJ+UD593xCMbnjlxZLSKXUwrE2KT6PIiWVOuJg==
FyC5lw+k+JfJrvllMGitMoRhdL0xUlu5IWjLoVgT/gsoJ2R1nBcAVzIlZdY2fomp1dgjgzcypOVSUAfOs87Xufmpu/G7kKixoquzHpglE/+tRwaNFEVfFjgWGQn0KVZPWD+McFaGjBiJYtAwCY8pfmq5hlZGIhtlle32IVtSrtk=
Q0bzWAb/M4F3LMLGmijDrIRhdL0xUlu5IWjLoVgT/gsoJ2R1nBc0dgsPO8hJP66YlfgFoj0ypOVSUAfBs87Xufmpu/G7kKixoquzHpglE/+tRwaNFEVfFjgWGQn0KVZPWD+McFaGjBiJYtAwCY8pfmq5hlZGIhtlle32IVtSrtk=
uUAqW4nTUIMT+gAZeXpv8oRhdL0xUlu5IGjLoVgT/gsoJ2R1nBcAVzIlZdY2fomp1dgjgzcypOVSUAfMs87Xufmpu/G7kKixoquzHpglE/+tRwaOFEVfFjgWGQn0KVZPWD+McFaGjBiJYtAwCY8pfmq5hlZGIhtlle32IVtSrtk=
KcnVrpJN3OtAmyBKCAc4zVqx+kifPJNZyHanPHTwpCs591BZNwyE/dZyuDP8LnWgWH4dWokYRks+KAIoy/PJzx6PL2iuHw==
MVn9J4n6MGn4Cmcg8pByMJdW/wLJQ/Agt/t9Y47JX////zl11i4dZHk0Y7djFLdDjfntPKBaySQH88773AKWIW+uGg==
3WI3OMDH8RHMKntEJd6ijK1GnZPKl7tngiVpdGAnwVlE3PUXC7lF2MshKpOVfK6y1tbI1rmqOVhVMU5ZKCarHzZKpKoJOqEUZnTs1vfNzk6E9tzeRuAvBMO0M5dz1MfjU/+90hAa2cRXcz7brMIGQV+uKg==
M2NxRtlXhUkx92XmuBgw01qx+kifPJNZyHKlMnTwpCs591BZNwyE/dZyuDP8LnWgWH4dWo4YSEs+KAIoy/PJzx6PL2iuHw==
gvu5522+/FDBHYDeGDjScNwQhTciQTjkAUMZ/O2Hv97fNroyM1DlY0xPZsrMxR2uaA==
xcWgYvjUbz9wUWsAeLpCTDT2+FW7pmre2fVRTaACL1wk9Ctny7Qv0xV+daI4uqH0TzOGC7Ti7tEXrmI=
xVw7dUKK1qgOHwFCVR5JjIYgOMJxdxrhIlhu8h+NTGC5inBoGUiuRpQR5k6WqludJYXW+csarmE=
Z3mXKQdG0/OHG+00jbOcAHM1mRjFp93noeDaZE02kZyGhEg/f/eJC6qevwaHPwDAybzEWmB9AfUsh/dWcHt+oPQd7CSRlgCcgeRuYpxtNtouZjuZTVlmTRN2rgU=
Ah6uOVthi7+80lilHZj/YwNa5PIeq3ADdE8tZlrmybgZBhoS2M3LiTHhBvgfpOOR6Hq1CjQINKPZv2BBNxS0tTb6KMu8FmWoeLZtwg6AuAMeIBIQC4tZR35HH3CuBw==
muITiR2RCihfILwKV3Dhdyppy9cvmVEZQ08tZlrmybgZBhoS2M3LiTHhBvgfpOOR6Hq1CjQINKPZv2BBNxS0tTb6KMu8FmWoeLZtwg6AuAMeIBIQC4tZR35HH3CuBw==
/9irdGW0AC+XDiqL/pPyGhd+YCxRRiViWuLBrAkSMvb4qeNdYbXOPF9gK8W4rh1ulOycN0kr6MW3kDwhpm6ALxxyzXwo4qUGTkRwV070OnQrb3FTblMXdK4D
+ws6lqk6iFgRafc3eru8/vaEJ1eNrSoBhh6IHc/VDwesVF1eWt65kPkuSkoYFZvhkQm2gJ9cU/lIkmVSdNDki7mXkHk3LESdVtL4E/xOtUDY3t06jvgI675IQsjL0wlvnm9vSK4/
sHcjONVTu/Ka1RIco14moTfV4vL36NM2V8nVOpp5U2epHx8aHX/Ntemwg0BOVRSlRuRRb28l1JRFTytcOzqu3ahyWBdPYmB6teI6BHXbVcwx70ue6x7mwn9I0cPYN2qacG1Jrjw=
p+wLTriXXKqwvLIfuE3wVJAnVndW43+fYmhmUrrMWyCS/R/6k3pFUlrSoZzJwlJmeDlDDaFF7kxfkAu1+H69/hR8fGcJGwj1t6DcEeY+YL+c4m2saJKF9k40UKeOpJrkq/8Rg65jd0SuMw==
oqqcFG0F+lNWTWcwPHosz+3Gqw31jDM+uon+BXMQWs7wtWUvJQdpky/bDlCkP+wtk6yVAxsnDAn68zVKXpu4hRL0S6drNI+T9X5VYlg6wTRvM2ZLVGJOEXeuAg==
