l+P1J8lcM+IQCAZruFUhJGLNyvtPWbqywF92CWuKiv1VyjIoMoTxGFyNhJJo/WO99dc4sYqNDuQhg7l8TUeS3r/+2rJSkIVjLI8GW6AFZqkR
9NQ0oH1vCnSFR27wz5q5BPlwwgb8JdZY4irifMFq1PMIPn9Y03kB8ZihUpYeo5RTaaQ7EjFkC0FJCdIpfj4XnI/QUFtu/y4sdWZS3nSMpkWAz3k3oYSSxMIWqv3Oy++U8NXa6Sr0i1cdO1FX2OcYO3mVTPsBcOe/CR0yfj4jZKlpko8Ur7M6R8jyIVGpmyhkZR2sIZxptBi/0oNGTYZObZggPijrsUnw+/vsBNWbNUzRL+aei1bGQl4IscN490oLHC3yqYU=
abWvb+bHoH0xPdNkj54Do/lwwgb8JdZY4irifMFq1PMIPn9Y03kB8ZihUpYeo5RTaaQ7EjFkC0FJCdIpfj4XnI/QUFtu/y4sdWZS3nSMpkWAz3k3oYSSxMIWqv3Oy++U8NXa6Sr0i1cdO1FX2OcYO3mVTPsBcOe/CR0yfj4jZKlpko8Ur7M6R8jyIVGpmyhkZR2sIZxptBi/0oNGTYZObZggPijrsUnw+/vsBNWbNUzRL+Wei1bGQl4IscN490oLHC3yqYU=
2Ysi1YgZLPuD8ZtMIeKjPt/4242Yog+Y1FQMv6lj2N23iAxpRuYQl1yK3XQIqlWfztwIn279Kgzr1+HbH5cnd6kC
cGWuyzDPifsTJo0+f+Ke4JAnVndW43+fYmhmUrrMWyCS/R/6k3pFUlrSoZzJwlJmeDlDDaFF7kxfkAu1+Hq/8BR8fGcJGwj1t6DcEeY+YL+c4m2saJKF9040WKeOpZrkq/8Rg79vd1+pKg==
02owDR/4ZYsgrGG9qpVXWTfV4vL36NM2V8nVOpp5U2epHx8aHX/Ntemwg0BOVRSlRuRRb28l1JRBTSVcOzqu3ahyWBdPYmB6teI6BHXbVcwx70qe6xbmwn5I0cPYN2qLfG1SqSU=
GWMZk/Io4R9jZ7s72geftPaEJ1eNrSoBhh6IHc/VDwesVF1eWt65kPkuSkoYFZvhkQm2gJ9cU/lIlmdcdNDki7mXkHk3LESdVtL4E/xOtUDY3t07jvgA675JQsjL0wlvj2NvU6km
RvhfqJLP1CXTlLOm2iuDtxd+YCxRRiViWuLBrAkSMvb4qeNdYbXOPF9gK8W4qh9glOycN0kr6MW3kDwhpm6ALxxyzXwo4qUHTkR4V071OnQrb3FTf18Xb6ka
ckSWbikPGD5scr6EyolqgCppy9cvmVEZQ08tZlrmybgZBhoS2M3LiTHhBvgfpOOR6H63BDQINKPZv2BBNxS0tTb6KMu8FmWoeLZtww6AsAMeIRIQC4tZR29LH2upHg==
rmr0vqNTLGGk8fC+QMCGlANa5PIeq3ADdE8tZlrmybgZBhoS2M3LiTHhBvgfpOOR6H63BDQINKPZv2BBNxS0tTb6KMu8FmWoeLZtww6AsAMeIRIQC4tZR29LH2upHg==
lZzbufj0WX0o7bvbjQAQdHM1mRjFp93noeDaZE02kZyGhEg/f/eJC6qevwaHPwDEy7LEWmB9AfUsh/dWcHt+oPQd7CSRlgCcgexrYpdtNtsuZjuZTVl3QRNtqRw=
/nrePDkSMnLA7sXkUJJv5vlwwgb8JdZY4irifMFq1PMIPn9Y03kB8ZihUpYeo5RTaaQ7EjFkC0FJCdIpfj4XnI/QUFtu/y4sdWZS3nSMpkWAz3k3oYSSxMIWqv3Oy++U8NXa6Sr0i1cdO1FX2OcYO3mVTPsBcOe/CR0yfj4jZKlpko8Ur7M6R8jyIVGpmyhkZR2sIZxptBi/0oNGTYZObZggPijrsUnw+/vsBNWbNUzRL+Obi1XGQl4IscN490oLHC3yqYU=
wWDbeK7Zo8iyYMsRgovpeSkFhbdm5hhiED4MWyvL4NAOT3mBjHjJ3trEDWZhzSvPnMItDOgyxR5JVJsHDgVaxKsf0eM/jzd/qQo=
f+CV594wJNmWWNueteZbZJwFinpShUtEvq4hDSOE/4nRUkElUpK3nMVBh6C58gJnOILtBiBPQPjTQ6t6c0OPXc7Z4sQ9i71sqX/bGXOFfiLWGBkDkEdCa0Qdaqkd
ibBc/hOxEenrG1oL/eyiLut/NMAPI4yNkm2Qz+2dheJm+TW80JiFfIRwC7/5FPipOCEFGhdAOx8d3//I3qXIohCVfCbhQpjYEvCEiMLf2Jibk0N6GxNUslJTmoTle4UM4c8zmdv1NgIuKEFDKNfaywxNQqk1
e3/0hrq7qQGxQkWs86LMkm3NjAUqHpXk6zUMB8odVLff4rRwxW+qGgBtqelsUPnG2tw9XY6h4ffcOn2kSFo1hsnM6++urYq8ayeBC1+nB2epEg==
RqXD1U1N0u/F/kIXhEkoJA+ewy7QctQXm2e4PG6j4S089FFSWkiV6tFhsyP8LnWgWH4dUYkYQ0s+KQIoy/PJzw+DL3OpBg==
JNDGN+n5V8iLtZcKv8XWfU09y4BfsXEuGi5DFjGezuFAVXmBjHjJ3trEDXVuyTHPnMItDOgyxR1JVJsHDgVaxKsf0eM/jzd/qQo=
Ka1f1L4An91TfYsm+kpMYQ6ewy7QctQXm2e4PG6j4S089FFSWkiV6tFhsyP8LnWgWH4dV4kYQ0s+KQIoy/PJzw+DL3OpBg==
0dFWN0b8NkK+VkQwhkKMmk09y4BfsXEuGi5DFjGfzuFAVXmBjHjJ3trEDXVuyTHPnMItDOgyxRtJVJsHDgVaxKsf0eM/jzd/qQo=
njO17aY/8SxUSAd7zvC9tCkfg7d6/hliED4MWyvL4NAOT3mBjHjJ3trEDWZhzSvPnMItDOgyxR5OVJsHDgVaxKsf0eM/jzd/qQo=
4kzhKyE55kbUo5lpJsAVBQ2CvJB9AACHmHFSp8hJf0BKEG3Z3vWwP12/1IqFGBqe+RvGa605DEipkhCgabgurs/Jxkemkps1tR0nvTt5qRA=
Q/Crbv7EWQvvaAjgsngmEygfg7d6/hliED4MWyvL4NAOT3mBjHjJ3trEDWZhzSvPnMItDOgyxRtOVJsHDgVaxKsf0eM/jzd/qQo=
odQl2+GRnN9jrtIgRZVYAA2CvJB9AACHmHFSp8hJf0FKEG3Z3vWwP12/1IqFGBqe+RvGa605DEipkhCgab0urs/Jxkemkps1tR0nvTt5qRA=
45XSQk1cMITXQ9fIivqp+Qa+5o4C+Ym0xRZz4TB7DjAmayfjaC4q8vIJvg4pJjsDLTzBEYPQGNsycc2ftfULUZG2c6pqSpms/MOD5PtUy/R/Ze4CpYe/v9trYAZl1ritL6GKkXaHpIl8CQ/9TvgkIO+qDt856mpDioQKbr1P3tnZ0Phpc5nJJ45cw2z1il/9JXeHkMN/C1zaYBtI4zkmy5H7ZVCUbNTCKY0z2dxa+Sz553hsK3+xIaPTHF6MKL4Y1LFBwca9SCaLXiRKdXfMsJkaMHi5kquWPgGm37Z6200FFYfla9GpqA==
xYruPjWvpNzB559YaxpYZlcfeXpUcs7/+wkz+9vRj/f3x/LxtiCLsKY4dsc2nvHHrJKMYx/YODyv+YLXIAPchqapWewL4LaEWe64BUs+tyqbJotTtmiZaV+dv01I/EnIyJ87t7Kbaomki3gPB+dCxjQy21wW9UXESqGu4mJUUZHuq40GAKMv14nlShqLNjl0j69RwV96fxFr/j7GszJPp9Z5BW3d2gjiVECtC7tDUORpvk2R4MbX0RFDBzX05OB2DuoA5zmLGnOIZM+Y7JA5CZxibSxoEoV8S7RaJ44lmmSrfxEDv+9336mq
ER1iZenzf73tz6Q8fivfb5qotTIcPeeVKqxiIhBH5PpxfLOQnOahvpwa1WF1zeXtfLWLPg3jrZrxaz7dgaO9KN8XCYjrOcNCLh9Pgf1TY8kQepFXNi8gVZbsne9vMCqpJA4S9AYkBuKEs3bUcdyXeT+6LKt7GvxkGaYVF9Y2fr91XIrR+KmIcPGfB09jh6pTwlNDcQ5bgxTdVxMpwO6M1z6hk9YtlA33wE+SBpPBW68yjF95LoHejY5wZWbxln/yVKXipJxoybUzOGGPXtSnr+8ka8uju4kwfKrEvEPTSgMQg+Zp0Kmn
g7UYVtw1MzCgSKTdKoa0pCU9f2KxeMK1WxZWX4z0rSVjI7/IFEVtcDIwSvpN/vu9S3GSDeWiowMDxp/T/BYv2u/6Bq9H1CX5DR5gJ4FdsyNNFf5C/wsYzw5J+NRz80FAJLUqNhzoCCQI/oqLeMh/rLll0YJCt1X60jh3nvvL+EYwY7tkxI02aUYsvyfJky33BI8s6y0toLstiLPv/bVungJLsBkdSqMUg2tO9xyaHbH1M9w0MeWAYXDR4MiLul/mMS6aHaz4UqgH6X0Ar1MQpIlzARwFl41bpywSkiqgbaNEHx676HXeqak=
SYcZjqAxSetkPAJ30pBCX7pu3PtPHHv0MgorOez9BVLW8JHbDAkR1/Lm+bR+Y8EBHXI+xh3MGaWG+fV6M/aXoN0pS4tJZ70QZ7lP2prv2ymB878hpCrF7/rvbC3CPGnHM1AWQTA+ZuwKJAr68INiPE28y1HLanjTN9ow3E32of8KlgIX4aw+SXQpBOhF75Pnnyf2O3aDl8lCG0/sCQdnARwOsL8qkWfOIZQB7zR/hm6vIYeHRtyLgeLBkjVaoNEOrTaDWsDVVjwQ6EUth8j1JyJ0e0dbdD9zb3vFSCh6MJQfs3brBLOScdypqw==
cV+2WF8AJswV5RjI3gZDDSU9f2KxeMK1WxZWX4z0rSVjI7/IFEVtcDIwSvpN/vu9S3GSDeWiowMDxp/T0AEvze71G69H1CX5DR5gJ4FdsyNNFf5C/wsYzw5J+NRz80FAJLUqNhzoCCQI/oqLeMh/rLll0YJCt1X60jh3nvvL+EYwY7tkxI02aUYsvyfJky33BI8s6y0toLstiLPv/bVungJLsBkdSqMUg2tO9xyaHbH1M9w0MeWAYXDR4MiLul/mMS6aHaz4UqgH6X0Ar1MQpIlzARwFl41bpywSkiqgbaNEHx676HXeqak=
nFHu2sIcWwE/iLrVn/ZRVrpu3PtPHHv0MgorOez9BVLW8JHbDAkR0fLm+bR4Y8EBHXI+xh3MGaWG+fV6IvCVtdk9S4tJZ70QZ7lP2prv2ymB878hpCrF7/rvbC3CPGnHM1AWQTA+ZuwKJAr68INiPE28y1HLanjTN9ow3E32of8KlgIX4aw+SXQpBOhF75Pnnyf2O3aDl8lCG0/sCQdnARwOsL8qkWfOIZQB7zR/hm6vIYeHRtyLgeLBkjVaoNEOrTaDWsDVVjwQ6EUth8j1JyJ0e0dbdD9zb3vFSCh6MJQfs3brBLOScdypqw==
UBiMnWigWvbFsFK11/nSyga+5o4C+Ym0xRZz4TB7DjAmayfjaC4q9ONR5h4/LW9cKj/UOMWzX5klKdrfsccMR4Src6pqSpms/MOD5PtUy/R/Ze4CpYe/v9trYAZl1ritL6GKkXaHpIl8CQ/9TvgkIO+qDt856mpDioQKbr1P3tnZ0Phpc5nJJ45cw2z1il/9JXeHkMN/C1zaYBtI4zkmy5H7ZVCUbNTCKY0z2dxa+Sz553hsK3+xIaPTHF6MKL4Y1LFBwca9SCaLXiRKdXfMsJkaMHi5kquWPgGm37Z6200FFYfla9GpqA==
gv+hA/pcLTQ3XtF73rGRPga+5o4C+Ym0xRZz4TB7DjAmayfjaC4q9ONR5h4/LW9cKj/UOMWzX5klKdrfuNQGWoSpc6pqSpms/MOD5PtUy/R/Ze4CpYe/v9trYAZl1ritL6GKkXaHpIl8CQ/9TvgkIO+qDt856mpDioQKbr1P3tnZ0Phpc5nJJ45cw2z1il/9JXeHkMN/C1zaYBtI4zkmy5H7ZVCUbNTCKY0z2dxa+Sz553hsK3+xIaPTHF6MKL4Y1LFBwca9SCaLXiRKdXfMsJkaMHi5kquWPgGm37Z6200FFYfla9GpqA==
AAIuY31/85f72SUz+NzsR568uFaWHwuw5vEG76lM6FcRsq7avmZMmsRU16SwdX65cvUeIJnfojSIduQ47OBBP/KYvu4CQ69fm5Q+ANlqMHHbil/OO0Lj52acUS0f2Xe5mMghrOh704Oi72KNpI9wexfTqiIUVrNoxgGNgArlZhay4Dn1Tk9lspDXp1MJYcJuG4LRkC/LOXWPjrdVK7r2MmMGJ8P2ne1Zza4A5lREpX+rd7gASdolpTAyH5VRB8/BJFCIEq4O6FOp/5L3COBH7Hwk0e08BgWYuOZNOAvwktNeEfIAi5v5N6+bf9uprg==
z5Ivylg2ohAu1uObBKNQZNJ4EyYSiivTPHl2Ta36SiC+/wXvthtbVVrVoYi0hlxxOX1SBuFD7koL7xio8EjtoSNffDgBCxj7n/LLQeQiaqCc4m2saJKF+Es0WqeOpZrkq/8Rg79vd1+pKg==
/jtwSv8g2sIwhK9OhCkNOtJ4EyYSiijTPHl2Ta36SiC+/wXvthtbVVrVoYi0hlxxOX1SBuFD7koL7xio8EjtoCNffDgBCxj7n/LLQeQiaqCc4m2saJKF/0o0WqeOpZrkq/8Rg79vd1+pKg==
fN1tEA2BdQ6FIZdSO4/XQBUEv+8aUqeorZTHuG+RwO+ejO9o7+AN2L6SF4VcP//cLRoojqODiBxcXUoCbU5hO3cxPqk2+7afyF1Rh3U2Jz4IPjkR5CVfoK/XbKiGTkygOcpwqJkFqQYe0eYPFmpbXaXFxzVLQak4
707V7tlJn6J0JgakyBI7aSrMQHrWsVYf5mppCVpYtEQKTAfamxSbi2VaU0LtSrbRFGn2kcRLewIJntjbwrjh0PHJg6emA4pVFv2sOyPb2ZSP7dzIwds465/i65Ek0soQHJINHKhCZedJJDr3zhV6FCtPsfP/P1dPqTo=
rOQ1V812CjDAx3rVwvujD9+n0IGQuBjZnlVJrrB57pLAmAp8W+EcllyK3XQIqlWfz9wMn278Kgzr1+HbH5cnd6kC
f2poSwhjmdzAx/ml42cODrIkLToSazwTOpxEC9q/30QSBPdgP6TV51KuWwRVm7VMUS9ingtSRkLfCDHD+PfKC5wtcqkF
asUYLsuVPFCmJFelEgr1qL2qs5SPB6b51bEjHqRmD1xbyL+OoH5mLjjjpL6bx3KK3AubKhfY0rqItQkOMBkussC4yhzbQVx2XKodFIgKFX/OvMw/7hxqLOu3IXufd2dXqSI=
Z8it0H3dIt4iAu3uA/x+EUpkJH2bwH6ZnVKJ9N5L+0LfEmz0/42on8fIwPmzRhFpKjBUnN2TX/R3xlY53aNVTClwFGNR/NwY2aCROBvfXHKVdPtH23S/c+p7RU2oerGUn7P264SzEnFcqSs=
Fzw5Q8ewyISmAroZH38kIxn3z1hjWta1qjVZBY9aEryW/7t612iyKgglqf5wSc6CwIgqTJux/ObcOn2kSFo1hsrM7++urIq8ayeBC1+nB2epEg==
7ibcTfJynHfc51tV07JkbG0EnqYvsmIkFmdLEnfA4tJIHXmWkGH+msCQGmR72SzenMItDOgyxR1KVJ8HDgRaxKsf0eM/jzd/qQo=
q8tVmjvQS7/FFOUBzgrWdt1oEzAClzTEOjw9EeauAieI7gTqlFpGWVzFvZOE3lYlaS5OB69B4gJcgwuy92Ci8kh9OXYQAT66wLDaBPs5bL6c4m2saJKF+080X6eOpJrkq/8Rg79vd1+pKg==
oxloZ+d8i6+01c5nGq39NaEahXYvxwYbIBoJwi9bHXGDzl7a6woxNzrCf8TwMIt2aSjDuIacmMeIsN+gwkF7DFQD6GyNzC5h+bNRRAVQeCsVTDjgRSANQH9vmLp5VNdP32Sbqxm5+RTM6jUcc1Nao8DDNklAqTc=
dG0nhPHWrrumsOTGJQfRGNZ9EDAClzTEOjw9EeauAieI7gTqlFpGWVzFvZOE3lYlaS5OB69B4gJcgwuy92Ci8kh9OXYQAT66wLDaBPs5bL6c4m2saJKF+Eg0XqeOpJrkq/8Rg79vd1+pKg==
lWr2pNyLx9+9QEDuUJEaDFQMcIDdzP7BafNBZFXQiAtlDMhANSD94A+vaJoJ1Advz6QLC0m4KXRcKiV8I9Pqw/ADhilwqQc=
6Hit9CGbsf7vMQQ2RWLM3VQKcIDdzP7BafNBZFXQiAtlDMhANSD94A+vaJoJ1Advz6QLC0C/KXRcKiV8I9Pqw/ADhilwqQc=
RZoOLlfgpHXrzIre2Q5w+hzQl7EqARn0qiPsdRsaLXbvWu8o7ptQO03ssFA9IPXw989AqlEUf79nBJN7yTuhy8TKTaybkzKzGCO+OXipDw==
OM63sJMtubq1ZlEVlUrYNlajcONGZCDrvidD1J6Mc+C7LFl3zja/ZLHjSTydZ6TZzxeKcuMwFePc79YbkCV2qQE=
P3S8U66gaQMufznFksod4mXenqQOGbTxjQAyW36Ay6wojS8rN4jzYA6Hk5Ru7GPgq8wpt56WD+Qhg7l8TUef2b/32rJTkIVjLI8GW6AFZqkR
AcxpBkiL82cUtL2y4IvlqjOqhgeZ5AI4Hs7mhCZpbDH10Jo75jBDLKD9t4tfWEsg1rf7dFb8a+Cj3BHXdqZXJJnTUdzVtx9fN0dCUvvAfSN0fy57WBVuqRk=
GGioPVtn5g+aoCa3RiEIa9JmFysAiC/JPiMmFu2/EnrLuli2xgpFDwCQ6JSVyURxfCMGQKZW4kQRxQ/24W2l9Uh9OXYQAT66wLDaBPs5bL6c4m2saJKF9ko0UKeOpJrkq/8Rg79vd1+pKg==
Wv1sJC90Ddt9xdVfNjRjNBbSBEAq86QtedGjrZHuC8mDlpq3XG9uPPD0qLzPOvME/0GczTHVAPvWsEwzaRz0CNGgmSgzv2SiTTSD9wOUFwNg+c3ywNppZCfzrjt8k3phVKkj
YR79Q45yfJo+f7cOs33jTkM1LnAIJTMtS/TevUIFfub3uaYQZqbCNBE1L4ahvQVlyO3ZJlAx3orAgDo0u2mMLhxyzXwo4qUISERwV070OnQrb3FTf18Xb6ka
po9uLHZzR5LiWUvzHZiSdnMe0b5aCk5ohobxQ6MM2WOxJxjLxdxYHzrYgFZWniMXGIxstPEmwOyh/m9yvB32ak72uwmt6TexM32pDA==
4A7Pq2hvSR1dbqEhArziSRFx+tlmE7TuEYwyeT0jNYwJcDSj8Xw82LmgcXh7X/wytXTbBzv037MKf2WCCPoRVP+zFqvkM7IxfKkL
7GQbefDFIUspGnlQtFyVq1QKcIDdzP7BafNBZFXQiAtlDMhANSD94A+vaJoJ1Advz6QLC0C+KXpcKiV8I9Pqw/ADhilwqQc=
jiCtBDGxP2D5/YwIMokKFmkOjqcv82s+XyRZCTHG/pFDHXmWkGH+msCQGmR72SzenMItDOgyxRtKVJkEDgRaxKsf0eM/jzd/qQo=
jdDnPX70cgX1PKuCPCjMpgdR86UZJ2fQuscj+h/gEb3hshY147kRYgDVdh5AFJLQ6y1EejxmxXg4ho3bDpDRMN5wsuCLO7kXL7s/e6kO
ZfPU5AV+JqfdXmz5HnnX4hzW4c1LPSDFgm1Uq8MELxkYAnbEwoezd12oyJOyXADK7grTe7AoDEipkhCgabwrrsnKxkamkps1tR0nvTt5qRA=
7Qf5dDA7nZsYszeE9raysQ49+8NkE6z+Wcs7bj1lM5BKezSj8Xw82LmgcXh7X/wytXTbBzv037MOf2WPC/oRVP+zFqvkM7IxfKkL
KeraddTc9fbc0yT206vqK1SmdOxHYiD2vidD1J6Mc+C7LFl3zja/ZLHjSTydZ6Xezx2IcuwwFePc79YbkCV2qQE=
m3cfGTRPnruQOns4Rc0XdFajcONGZCDrvidD1J6Mc+C7LFl3zja/ZLHjSTydZ6Lezx2IcuwwFePc79YbkCV2qQE=
NirXz0b3F3DFw8EGluiGLkZgu6RUKGDDrMprphynA6antAp26LkRYgDVdh5AFJLQ6y1EejxmxXg4ho3TDpDTMd5/suCLO7kXL7s/e6kO
TD48A/4e/a98XidtyiBuPlSmdOxHYiD2vidD1J6Mc+C6LFl3zja/ZLHjSTydZ6DbzxyIcuwwFePc79YbkCV2qQE=
I0Q3xqxFZtiT6ii0N8jfHlajcONGZCDrvidD1J6Mc+C6LFl3zja/ZLHjSTydZ6/bzxyIcuwwFePc79YbkCV2qQE=
EtQHYf0ovA5pDzrMMCblJEVgu6RUKGDDrMprphynA6antAp26LkRYgDVdh5AFZLQ6y1EejxmxXg4ho3bCpDSMd5/suCLO7kXL7s/e6kO
kP45xN5TL2WXf2CIAXtOb380mo9r30ovTm1mYU3Q1LJVAxwY3pnLhH7zEfNL8O3foiOiDCYVe6Wd+FYOQAWyoCv9JMq8FmWoeLZtzw+AsgEeLxIQC4tZR29LH2upHg==
lxTif2lZeqIhjq0jZ45R9mSd2GKTp16BwrBFy7v/ORnQNniD2YOPDX5JXRzMyOyt9nF2uwfl/+vhWxCZxqa2k+c3NRbidADznsIz4yDAzDCZmjD4uRiuFj6DplG2+tvNBZWHZWtRqSg=
akiD4DfmwFf9FS97ZnVAsldc7K5dPXvfrIVs6B+tTamo9wJ8pqUbdV2Idh5AFZLQ6y1EejxmxXg4ho3bC5DVMd5/suCLO7kXL7s/e6kO
zF/LL15Fi12fnf8YEQqNjn80mo9r30ovTm1mYU3Q1LJVAxwY3pnLhH7zEfNL8O3foiOiDCYVe6Wd+1YOQASyoCv9JMq8FmWoeLZtzw+AtQEeLxIQC4tZR29LH2upHg==
oeHFKRkFpcCVK3rlLpW6Z2Sd2GKTp16BwrBFy7v/ORnTNniD2YOPDX5JXRzMyOyt9nF2uwfl/+vhWxCZxqa2k+c3NRXidADynsIz4yDAzDCZmjD4uRSrFjiDplG2+tvNBZWHZWtRqSg=
21BjP+ymSpdzSUOG4rHl7Vdc7K5dPXvfrIVs6B+tTamo9wJ8pqUbdV2Ldh5AFJLQ6y1EejxmxXg4ho3cC5DUMd5/suCLO7kXL7s/e6kO
Dxf1g9pj0bunipTm0oxPYkuy62ufJd1RyC+yNGbt6y19s2YWQByC6Mt1tDL8LnWgWH4dV48YR0k+JwIoy/PJzw+DL3OpBg==
eP63XP52I8wSWNVG+x2TKku062ufJd1RyC+yNGbt6y19s2YWQByC6Mt1tDL8LnWgWH4dVI8YR0k+JwIoy/PJzw+DL3OpBg==
Of4vqLYI1wpxX3CHDjQdiWb73lLWsPNCJjoCJcRNHRQYe9KrofgkdS1h6pYNup7scmtWLqAgia6C7TQJYMyT4Nvs+fcudp9k0SPpvH0nhNmv2CjyDHA147wvdptwZVapIQ==
lDqx4oPr4/ZjPvV5Anpf8M1G6wucBqo0u/5weZ7BCsixoHlokz8EYm00Y7djFLdDgfntPKJaxiQH88773BOaIXSpAw==
+NRxU32Nvst3PLu6pDrA9TdGiagOWg5jwpPsSaNCyCCpKhDR04gOQTrYgFZWniMXGIxstPEmwOyh9Glysh/2ZU72uwmt6TexM32pDA==
qYuqTSySfvJKLUEfjOS2q5rGygYPiaMydDTPYAeU7cd6nhPEHUsd7Mm//B+TwNyiuNh5A7AHouvk3QqpfQ==
3hEyM6JW9RgDVseP+32F4R9DfISTz6fPILYGbF+elAFyUZZANSD94A+vaJoJ1Advz6QLC0O+KXReKip8I9Pqw/ADhilwqQc=
K5SmhEmJNamxoLovZ+lsPgNIBDt9H+vXA9+9vFs4K4KqWQPEPy8IZlmNFlsYfWB2gBMA+sC4tr0N0LFiLKS07SRRdRp8I2FoTXRkSGkecysmoHFvxes6XrwYTU4GNQgZDIQ3YH8kFecSLhsElRv1TJGvJZjL3gRCkIjxw7h3CgvcrbKpxQ==
o80Y87jWZmAJdiOa50nf/340mo9r30ovTm1mYU3Q1LJVAxwY3pnLhH7zEfNL8O3foiOiDCYVe6Wd+1YOQASyoCv9JMq8FmWoeLZtyw6AsQYeLxIQC4tZR29LH2upHg==
7caXz33HdLoHecy0QRyImgnXlqZkGFCgqW2wJRxPfH/+XKo8p95MMVqx7lA9IPXw989AqlEUf79nBJN7wD6hw8HKQqybkzKzGCO+OXipDw==
/7YDmxpSmrxEwNgumAnM7ku062ufJd1RyC+yNGbt6y19s2YWQByC6Mt1tDL8LnWgWH4dU4sYQE4+JwIoy/PJzw+DL3OpBg==
8QB3Q1gOMxVS3cEq+WmgsX80mo9r30ovTm1mYU3Q1LJVAxwY3pnLhH7zEfNL8O3foiOiDCYVe6Wd+1YOQASyoCv9JMq8FmWoeLZtzwuAsAYeLxIQC4tZR29LH2upHg==
QXIuzmIkg+AB14zAoLjcd3qblqISHeHuzhw3FS6Zgq8iwyAkdID5LhKNhMkw7GPgq8wpt56WD+Qhg7l8TUee27/+37JckIVjLI8GW6AFZqkR
BZD3BfuHpFoXAg4aqH9w80u062ufJd1RyC+yNGbt6y19s2YWQByC6Mt1tDL8LnWgWH4dU4oYQE4+JwIoy/PJzw+DL3OpBg==
P5xBg3GEfd5bXf7KlJK9wEu062ufJd1RyC+yNGbt6y19sGYWQB2C6Mt1tDL8LnWgWH4dWooYQk4+JwIoy/PJzw+DL3OpBg==
r5gygnlJZFmawqYJeFlHSVyC37BuGAO6oSPkNBtPLz+4Fq48p95MMVqx7VA9IPTw989AqlEUf79nBJN7yDmhwMHKQqybkzKzGCO+OXipDw==
JOTAtGxtXAIOEzx96PcPfQNIBDt9H+vXA9+9vFs4K4KqWQPEPy8IZlmNFlsYfWB2gBMA+sC4tr0N0LFiLKS07SRRdRp8I2FoTXRkSGkecysmoHFvxes6XrwYTU4GNQgZD4Q3YH4kFecSLhsElRv1TJGvJp/L1ANCkIjxw7h3CgvcrbKpxQ==
UQG6Te7j76DVqOs8blxBbJxP2TwUlGoKoqQgDROS/5nERkEmUoWxisxjwrujuwJ+dIjlDm5FQLmXdO9gJlSNR9re88Q9i71sqX/aGXODeyLYGBkDkEdCa0Qdaqkd
q+6DIKLbSPVKkiOjRUh4vEu062ufJd1RyC+yNGbt6y19sGYWQB2C6Mt1tDL8LnWgWH4dWokYRU4+JwIoy/PJzw+DL3OpBg==
SyUtADMgsiXE2sSBcTk2a38qitQollJqRXxxfFbmgL5TCwgf0JnahnG1E/8f8erfoiOiDCYVe6Wd+FYOQAWyoCv9JMq8FmWoeLZtzAiAtQYeLxIQC4tZR29LH2upHg==
bU9ybKtFyFJ4NtL4QSAGjM1G6wucBqo0u/5weZ7BCsixoHlokz8EYm00Y7djFLdDhvrtPqVaxiQH88773BOaIXSpAw==
JbGPS6gM3VZw2snVPnqOy1dB9a5QPW/brMti9EuuEK6v+hV84KMHNlaLdh5AFJLQ6y1EejxmxXg4ho3TCpDUNt5/suCLO7kXL7s/e6kO
Zgk2X+f4nbociForbRiTTfbD+K/j4tc8XyzZ7awkegqWwIWEZN6qkNxk/iv7OnB3jYi0cvALTtLr+e5QTnFMgPkq8MjZJq4mWLVm4dZKW31lJUdVC2GpGA==
k+up++DTuaXgeK66nF5uFdG70I+EsA6KxURPr7Y22NeMyQs5SvgaglyK3XQIqlWQztwMm27zKgzr1+HbH5cnd6kC
lIYhAfMWvEyru7L/gpUCUDT2+FW7pmre2fVRTaACL1wk9Ctny7Qv0xt+da48uq70TzOGC7Tz4tEMqXs=
b7TvJzhREXj5RU2e0nZ+voYgOMJxdxrhIlhu8h+NTGC5inBoGUauRpgV5kGWqludJYXH9csBqXg=
XoQ7YHCmg3ZKGUc8u78iN/bD+K/j4tc8XyzZ7awkegqWwIWEZN6qkNxk/iv7OnB3jYi0cvALTtLr+e5QTnFMgPkq8MjZKa4mWLVm4dZKW31lJUdVC2GpGA==
NhGKBvryzwVWDy6PswElsjT2+FW7pmre2fVRTaACL1wk9Ctny7Qv0xR+da48uq70TzOGC7Tz4tEMqXs=
11DSaK7+omy2adcqkARNJoYgOMJxdxrhIlhu8h+NTGC5inBoGUmuRpgV5kGWqludJYXH9csBqXg=
e9dX4p59LGqRqAeEk552PtG70I+EsA6KxURPr7Y22NeMyQs5SvgaglyK3XQIqlWfztwMm27zKgzr1+HbH5cnd6kC
mHKeDcK7BcL+4obgUiccylqx+kifPJNZyHKlMnTwpCs591BZNwyE/dZyuDP8LnWgWH4dVosYR08+JwIoy/PJzw+DL3OpBg==
90ZZhn1d+rR3i5bJI3TaBNwQhTciQTjkAUMZ/O2Hs9vfOb4yPFDlY0xPZtvAxQapcQ==
jKwiO7SCQK6aruduOmGcMzT2+FW7pmre2fVRTaACL1wk9Ctny7Qv0xl7da08uq70TzOGC7Tz4tEMqXs=
Olcc7+p7YHyzYOtLKkJlwoYgOMJxdxrhIlhu8h+NTGC5inBoGUSrRpsV5kGWqludJYXH9csBqXg=
NsvovEGPu7K4NZl1EpSXcXM1mRjFp93noeDaZE02kZyGhEg/f/eJC6qevwaHPwDAybzEWmB9AfUsh/dWcHt+oPQd7CSRlgCcgehrYpNpNtUuZjuZTVl3QRNtqRw=
GM7uzD7erGTgP0q7c5NdDgNa5PIeq3ADdE8tZlrmybgZBhoS2M3LiTHhBvgfpOOR6Hq1CjQINKPZv2BBNxS0tTb6KMu8FmWoeLZtzguAtwceLxIQC4tZR29LH2upHg==
krvujdp1HLFzOTAPs2M5tCppy9cvmVEZQ08tZlrmybgZBhoS2M3LiTHhBvgfpOOR6Hq1CjQINKPZv2BBNxS0tTb6KMu8FmWoeLZtzguAtwceLxIQC4tZR29LH2upHg==
wmMjjOB9ONvZ4HY6ahJ80hd+YCxRRiViWuLBrAkSMvb4qeNdYbXOPF9gK8W4rh1ulOycN0kr6MW3kDwhpm6ALxxyzXwo4qUKS0R/U077OnQrb3FTf18Xb6ka
dIj0UjQA91jI+NRhiTMb0vaEJ1eNrSoBhh6IHc/VDwesVF1eWt65kPkuSkoYFZvhkQm2gJ9cU/lIkmVSdNDki7mXkHk3LESdVtL4E/xOtUDY3t02i/gH775HQsjL0wlvj2NvU6km
Bdm3SpoRGpoaXI+Y+fwbVjfV4vL36NM2V8nVOpp5U2epHx8aHX/Ntemwg0BOVRSlRuRRb28l1JRFTytcOzqu3ahyWBdPYmB6teI6BHXbVcwx70eb6xHiwnBI0cPYN2qLfG1SqSU=
TgnjcO4Dhzv5hxL2e4DAFJAnVndW43+fYmhmUrrMWyCS/R/6k3pFUlrSoZzJwlJmeDlDDaFF7kxfkAu1+H69/hR8fGcJGwj1t6DcEeY+YL+c4m2saJKF+ks0X6OOq5rkq/8Rg79vd1+pKg==
nphIZcL5W4qkwy8EpipxDO3Gqw31jDM+uon+BXMQWs7wtWUvJQdpky/bDlCkP+wtk6yVAxsnDAn68zVKXpu4hRL0S6drNI+T+XtVbVw6zjRvM2ZLVHNCEWypGw==
