VPpMTYFBg9u5OSlD2kwMBASCt5QBY2eUjCoXscJHPgJsVW3J2sTxVRiz3o+JPxqd8gbTfL4Of1KjkBKie6gsocfMyUung4swtR02sTt5qRA=
APpRwwTYvSOOGATveZixyYV90rCuxreYjtmx2bl0UraF3TI9F4/QcoWCJeNJL+7lJ+msT9c81NKOQLihuZEAZELEzYJut6Lz+rVW7ltj3PMxMZgjDzRJdKcLbFyYbOpNvCNh5FUssLSyNLe7CU/lHXITQaScHOKVC+NYmGi/u+DedObidWirvDJciONZarVICLRsSjliZ03jJheflVxohB0G05xQNA6pe6xp5qsMYsYj5Ox1LzBZTx+v60T9QQYVI/WphA==
EN1aWwFcya3PMsArz01csYV90rCuxreYjtmx2bl0UraF3TI9F4/QcoWCJeNJL+7lJ+msT9c81NKOQLihuZEAZELEzYJut6Lz+rVW7ltj3PMxMZgjDzRJdKcLbFyYbOpNvCNh5FUssLSyNLe7CU/lHXITQaScHOKVC+NYmGi/u+DedObidWirvDJciONZarVICLRsSjliZ03jJheflVxohB0G05xQNA6pe6xp5qsMYsYj5ON1LzBZTx+v60T9QQYVI/WphA==
LaNunQHSz5sZsTPUHgpQwxHwceNAc3KpuDEXxJ2rN7XGfkhz0iuOF6vpSz6fdbfbxRWOfe4xBPPZ79YKnCV2qQE=
ALiiCJpQctaVH19PmEiSMJ0JseBDfcUrECUqYkN+4Kb2BWu0BV3LYtDBD1Hq4fgGPxYwLdwpneHGzeomk5mNpdOtY9h1ASpR8ufGGAlpl+zgguuFwP8nEE0Za7pKgj7G5EZriUIyzP/7vIfZDNVcGntBziA6ymOSI9AS4vtoK2RHjckLJ0OL8DVdNvG7uanQ
qCHU9zXyIW5kwoD1lNeTrc7RUkHLkaU+ij8oliEVVX1vSIfeqgD3PktuszPBWftFO4oxs+7z1w+peg==
UIvjtLDIO/3SGPlpKf8niI9d8kREad3BNHTEIZs7jcWdZlk5QbszmQjleJ2iQ58jgNL6yQCpdw==
LaNunQHSz5sZsTPUHgpQwxHwceNAc3KpuDEXxJ2rN7XGfkhz0iuOF6vpSz6fdbfbxRWOfe4xBPPZ79YKnCV2qQE=
LaNunQHSz5sZsTPUHgpQwxHwceNAc3KpuDEXxJ2rN7XGfkhz0iuOF6vpSz6fdbfbxRWOfe4xBPPZ79YKnCV2qQE=
LaNunQHSz5sZsTPUHgpQwxHwceNAc3KpuDEXxJ2rN7XGfkhz0iuOF6vpSz6fdbfbxRWOfe4xBPPZ79YKnCV2qQE=
LaNunQHSz5sZsTPUHgpQwxHwceNAc3KpuDEXxJ2rN7XGfkhz0iuOF6vpSz6fdbfbxRWOfe4xBPPZ79YKnCV2qQE=
qFbLucx92tW6iqzxOXLz4frAoBn2jzM/4JazGXkAHcm/smU4IR0iiWTBSwTja+I3iLmCFVUsDx/t9RxKWpuQjzSHUa1pNo2B7XtfYVw1zDV+I2NLVGJOEWypGw==
MiLnf1Ypj9UgyiUWX5MFXPctNglVOD0TPIsWSdypi1QRI7M1QvbE406zandPkbdOUz1zmwFdQk3SCSDT/ffKGpAtcqkF
B8GeEZYulYCEZysqaCPlDfctNglVOD0TPI8UR9ypi1QRI7M1QvbE406zandPkbdOUz1zmwFdQk3SCSDT/ffKGpAtcqkF
wyUcyUPWePgmuITC4ZqBjk46P8skqSmS7OYRH9DlbjEOld5OULYQJEZ+T2arjGJGI2Tr8C+xWc8fL+vE/cEGlSN1qQQ=
9bDsBAWjUDlg4/7LkTg/XaICD28adnpdb5oJScb6zlIUILI+L7LV9EmgYWdPkbdOUz1zmwFdQk3SCSDT/ffKGpAtcqkF
5dqYYMQSt6NaA6dY+057wRdw7a/PDsAv1g6ODbsytelaErqigLg+vqMqQYS9yP3H8znjnifFP1tNZXYdBmHcs+Hf/iqENX6pCQ==
W+AEqOwIaa8shF4xWWeRSAckzpNnE0LOFliR75LG0r0XalGJ/qoWMvwwuj4nor0UEXBZJ5fhTy77jfsbia0q7Wq5+JMFpxI6uD16qQ0=
1lGQrIAZ9MbqdsLmbr8VI3US36kfekdtire/Q7QBiTq8LlHXgM1OGR6d3kZAnjAMFrYPrvskwu6z7Gt4vxn5Z0/nqwyt6Sa9M32pDA==
H7mLrDBQuaxQcs5+NNaYChZw7a/PDsAv1g6ODbsytelaErqigLg+vqMqQYS9yP3H8znjnifFP1tNZXYdBmHcs+Hf/iqENX6pCQ==
x6c7y7yKiz2tl93crIAS/6MCD28adnpdb5oJScb6zlIUILI+L7LV9EmgYWdPkbdOUz1zmwFdQk3SCSDT/ffKGpAtcqkF
7uhQ9RYu+LOrQKNpkvUV8KACD28adnpdb5oJScb6zlIUILI+L7LV9EmgYWdPkbdOUz1zmwFdQk3SCSDT/ffKGpAtcqkF
lZWDaVk9i8P5xlV0Om7qVxRw7a/PDsAv1g6ODbsytelaErqigLg+vqMqQYS9yP3H8znjnifFP1tNZXYdBmHcs+Hf/iqENX6pCQ==
pR3uUQBBgdZNjrejDM+uMhVw7a/PDsAv1g6ODbsytelaErqigLg+vqMqQYS9yP3H8znjnifFP1tNZXYdBmHcs+Hf/iqENX6pCQ==
wyUcyUPWePgmuITC4ZqBjk46P8skqSmS7OYRH9DlbjEOld5OULYQJEZ+T2arjGJGI2Tr8C+xWc8fL+vE/cEGlSN1qQQ=
9bDsBAWjUDlg4/7LkTg/XaICD28adnpdb5oJScb6zlIUILI+L7LV9EmgYWdPkbdOUz1zmwFdQk3SCSDT/ffKGpAtcqkF
5dqYYMQSt6NaA6dY+057wRdw7a/PDsAv1g6ODbsytelaErqigLg+vqMqQYS9yP3H8znjnifFP1tNZXYdBmHcs+Hf/iqENX6pCQ==
W+AEqOwIaa8shF4xWWeRSAckzpNnE0LOFliR75LG0r0XalGJ/qoWMvwwuj4nor0UEXBZJ5fhTy77jfsbia0q7Wq5+JMFpxI6uD16qQ0=
1lGQrIAZ9MbqdsLmbr8VI3US36kfekdtire/Q7QBiTq8LlHXgM1OGR6d3kZAnjAMFrYPrvskwu6z7Gt4vxn5Z0/nqwyt6Sa9M32pDA==
H7mLrDBQuaxQcs5+NNaYChZw7a/PDsAv1g6ODbsytelaErqigLg+vqMqQYS9yP3H8znjnifFP1tNZXYdBmHcs+Hf/iqENX6pCQ==
x6c7y7yKiz2tl93crIAS/6MCD28adnpdb5oJScb6zlIUILI+L7LV9EmgYWdPkbdOUz1zmwFdQk3SCSDT/ffKGpAtcqkF
7uhQ9RYu+LOrQKNpkvUV8KACD28adnpdb5oJScb6zlIUILI+L7LV9EmgYWdPkbdOUz1zmwFdQk3SCSDT/ffKGpAtcqkF
lZWDaVk9i8P5xlV0Om7qVxRw7a/PDsAv1g6ODbsytelaErqigLg+vqMqQYS9yP3H8znjnifFP1tNZXYdBmHcs+Hf/iqENX6pCQ==
pR3uUQBBgdZNjrejDM+uMhVw7a/PDsAv1g6ODbsytelaErqigLg+vqMqQYS9yP3H8znjnifFP1tNZXYdBmHcs+Hf/iqENX6pCQ==
wyUcyUPWePgmuITC4ZqBjk46P8skqSmS7OYRH9DlbjEOld5OULYQJEZ+T2arjGJGI2Tr8C+xWc8fL+vE/cEGlSN1qQQ=
9bDsBAWjUDlg4/7LkTg/XaICD28adnpdb5oJScb6zlIUILI+L7LV9EmgYWdPkbdOUz1zmwFdQk3SCSDT/ffKGpAtcqkF
5dqYYMQSt6NaA6dY+057wRdw7a/PDsAv1g6ODbsytelaErqigLg+vqMqQYS9yP3H8znjnifFP1tNZXYdBmHcs+Hf/iqENX6pCQ==
W+AEqOwIaa8shF4xWWeRSAckzpNnE0LOFliR75LG0r0XalGJ/qoWMvwwuj4nor0UEXBZJ5fhTy77jfsbia0q7Wq5+JMFpxI6uD16qQ0=
1lGQrIAZ9MbqdsLmbr8VI3US36kfekdtire/Q7QBiTq8LlHXgM1OGR6d3kZAnjAMFrYPrvskwu6z7Gt4vxn5Z0/nqwyt6Sa9M32pDA==
H7mLrDBQuaxQcs5+NNaYChZw7a/PDsAv1g6ODbsytelaErqigLg+vqMqQYS9yP3H8znjnifFP1tNZXYdBmHcs+Hf/iqENX6pCQ==
x6c7y7yKiz2tl93crIAS/6MCD28adnpdb5oJScb6zlIUILI+L7LV9EmgYWdPkbdOUz1zmwFdQk3SCSDT/ffKGpAtcqkF
7uhQ9RYu+LOrQKNpkvUV8KACD28adnpdb5oJScb6zlIUILI+L7LV9EmgYWdPkbdOUz1zmwFdQk3SCSDT/ffKGpAtcqkF
lZWDaVk9i8P5xlV0Om7qVxRw7a/PDsAv1g6ODbsytelaErqigLg+vqMqQYS9yP3H8znjnifFP1tNZXYdBmHcs+Hf/iqENX6pCQ==
pR3uUQBBgdZNjrejDM+uMhVw7a/PDsAv1g6ODbsytelaErqigLg+vqMqQYS9yP3H8znjnifFP1tNZXYdBmHcs+Hf/iqENX6pCQ==
/fP1u/RKygMGu23o2TvzVPctNglVOD0TPI8UR9ypi1QRI7M1QvbE406zandPkbdOUz1zmgFdQk3SCSDT/ffKGpAtcqkF
bGN9s95Y+yHeHnS8zLcy8/ctNglVOD0TPIsWSdypi1QRI7M1QvbE406zandPkbdOUz1zmgFdQk3SCSDT/ffKGpAtcqkF
/fP1u/RKygMGu23o2TvzVPctNglVOD0TPI8UR9ypi1QRI7M1QvbE406zandPkbdOUz1zmgFdQk3SCSDT/ffKGpAtcqkF
9m2srlVTA4K6sQjlCc6CYU46P8skqSmS7OYRH9DlbjEOld5OULYQJEZ+T2arjGJGI2Tq8C+xWc8fL+vE/cEGlSN1qQQ=
RtPEkkePoh5pV2qcCkAjVaICD28adnpdb5oJScb6zlIUILI+L7LV9EmgYWdPkbdOUz1zmgFdQk3SCSDT/ffKGpAtcqkF
a4Abw6ZQZAXLYjjnfOv4uBdw7a/PDsAv1g6ODbsytelaErqigLg+vqMqQYS9yP3H8znjnifFP1pNZXYdBmHcs+Hf/iqENX6pCQ==
+mjpMYBqm+CAVoupVDPTewckzpNnE0LOFliR75LG0r0XalGJ/qoWMvwwuj4nor0UEXBZJ5fhTy77jfsaia0q7Wq5+JMFpxI6uD16qQ0=
L0dwplG6yID3hT/mjeOG3nUS36kfekdtire/Q7QBiTq8LlHXgM1OGR6d3kZAnjAMFrYPrvskwu6z7Gp4vxn5Z0/nqwyt6Sa9M32pDA==
Q4v1N4A8C9xe9DXYzqvjbBZw7a/PDsAv1g6ODbsytelaErqigLg+vqMqQYS9yP3H8znjnifFP1pNZXYdBmHcs+Hf/iqENX6pCQ==
71qFNRYX6t6+ZGflMhToA6MCD28adnpdb5oJScb6zlIUILI+L7LV9EmgYWdPkbdOUz1zmgFdQk3SCSDT/ffKGpAtcqkF
hJFUAWsSFkJHBTk2rmx1zaACD28adnpdb5oJScb6zlIUILI+L7LV9EmgYWdPkbdOUz1zmgFdQk3SCSDT/ffKGpAtcqkF
VREnGyVWNr/DZZIFR/RnLxRw7a/PDsAv1g6ODbsytelaErqigLg+vqMqQYS9yP3H8znjnifFP1pNZXYdBmHcs+Hf/iqENX6pCQ==
sqNEyBq9HQpxwGyGd0vHBBVw7a/PDsAv1g6ODbsytelaErqigLg+vqMqQYS9yP3H8znjnifFP1pNZXYdBmHcs+Hf/iqENX6pCQ==
bGN9s95Y+yHeHnS8zLcy8/ctNglVOD0TPIsWSdypi1QRI7M1QvbE406zandPkbdOUz1zmgFdQk3SCSDT/ffKGpAtcqkF
/fP1u/RKygMGu23o2TvzVPctNglVOD0TPI8UR9ypi1QRI7M1QvbE406zandPkbdOUz1zmgFdQk3SCSDT/ffKGpAtcqkF
Xomy/wJI15uOJ13dVGcKxtJ4EyYSiivTPHl2Ta36SiC+/wXvthtZVVrVoYi0hlxxOX0JU/tU5VAawhie5X2s10A+DiJfCgnun+zNBa8nbYXw+GeuapCX7ko+U6OBqZv1u/oRg65jd1+pKg==
8YegXIDybtE1Rk7v9XUAL9J4EyYSiivTPHl2Ta36SiC+/wXvthtYVVrVoYi0hlxxOXwJU/tU5VAawhie5X2s10A+DiJfCgnun+zNBa8nbYXw+GeuapCX7ko+U6OBqZv1u/oRg65jd1+pKg==
NnRJ4mmX0G5vt1/1v019vmaY23SGvl6Ax/ESi/yvY02nbDvQsZOJSy8NBkvsm+arsiU4q1i8q62mTxzc1YrwzNp0J0DVIF+uicNn/SH7oCqTmDL6qwCqHDeFqVO368vIBZWWaWtRqSg=
7y3yA5VqMOTZdGDeNpsY3WaY23SGvl+Ax/ESi/yvY02nbDvQsZOISy8NBkvsm+arsiU4qli8q62mTxzc1YrwzNp0J0DVIF+uicNn/SH7oCqTmDL6qwCqHDeFqVO368vIBZWWaWtRqSg=
kif8S9FX5jOq82M6ssgMe97fEUthsDAuTiLZgzGs8CgVVHgD+k0jgd07S7F4cCJZFUpyee6ZwOSg2pOT2my//ABshv5RRAQha3EnWwUb17+Xm8hj4NfUiFvJW/4vFWfalbV+Pf7RtHMJz6bKDEVGqTE=
WrA2k195m1SJ7hWhLGgt6L2z5pxai8I2Q2440V5uqUM0DNF9rOc9k3djSKuC7JlUCDE9K18HLOmQ2N8XonAsMT71q2SS8/lSK1wHOMUoX7a5qwfF8TNgcuMwkgI7iCqEh21J6+ejixD1vbYRe1mpMA==
PGOEUjPB+lu0IGbb7dwwz9PMwr7RZHzz7tEz7SK99ce1TCBVuglMEQF609yq2ZO1JmhaPqjLFmft/3reANGYupciX3st68+/j+vgQxgHnMgTeYMeh4UfWi0llp2mofyzwR+eqmR1Xqkp
4ep8ZszLsj5rqrzE4ISi1dPMwr7RZHzz7tEz7SK99ce1TCBVuglNEQF609yq2ZO1JmhaPqjLFmft/3reANGYuJciX3st68+/j+vgQxgHnMgTeYMeh4UfWi0llp2mofyzwR+eqmR1Xqkp
75SA+LSWbw65P6nkPs3sVdPMwr7RZH/z7tEz7SK99ce1TCBVuglNEQF609yq2ZO1JmhaPqjLFmft/3reANGYuZciX3st68+/j+vgQxgHnMgTeYMeh4UfWi0llp2mofyzwR+eqmR1Xqkp
9m2srlVTA4K6sQjlCc6CYU46P8skqSmS7OYRH9DlbjEOld5OULYQJEZ+T2arjGJGI2Tq8C+xWc8fL+vE/cEGlSN1qQQ=
RtPEkkePoh5pV2qcCkAjVaICD28adnpdb5oJScb6zlIUILI+L7LV9EmgYWdPkbdOUz1zmgFdQk3SCSDT/ffKGpAtcqkF
a4Abw6ZQZAXLYjjnfOv4uBdw7a/PDsAv1g6ODbsytelaErqigLg+vqMqQYS9yP3H8znjnifFP1pNZXYdBmHcs+Hf/iqENX6pCQ==
+mjpMYBqm+CAVoupVDPTewckzpNnE0LOFliR75LG0r0XalGJ/qoWMvwwuj4nor0UEXBZJ5fhTy77jfsaia0q7Wq5+JMFpxI6uD16qQ0=
L0dwplG6yID3hT/mjeOG3nUS36kfekdtire/Q7QBiTq8LlHXgM1OGR6d3kZAnjAMFrYPrvskwu6z7Gp4vxn5Z0/nqwyt6Sa9M32pDA==
Q4v1N4A8C9xe9DXYzqvjbBZw7a/PDsAv1g6ODbsytelaErqigLg+vqMqQYS9yP3H8znjnifFP1pNZXYdBmHcs+Hf/iqENX6pCQ==
71qFNRYX6t6+ZGflMhToA6MCD28adnpdb5oJScb6zlIUILI+L7LV9EmgYWdPkbdOUz1zmgFdQk3SCSDT/ffKGpAtcqkF
hJFUAWsSFkJHBTk2rmx1zaACD28adnpdb5oJScb6zlIUILI+L7LV9EmgYWdPkbdOUz1zmgFdQk3SCSDT/ffKGpAtcqkF
VREnGyVWNr/DZZIFR/RnLxRw7a/PDsAv1g6ODbsytelaErqigLg+vqMqQYS9yP3H8znjnifFP1pNZXYdBmHcs+Hf/iqENX6pCQ==
sqNEyBq9HQpxwGyGd0vHBBVw7a/PDsAv1g6ODbsytelaErqigLg+vqMqQYS9yP3H8znjnifFP1pNZXYdBmHcs+Hf/iqENX6pCQ==
bGN9s95Y+yHeHnS8zLcy8/ctNglVOD0TPIsWSdypi1QRI7M1QvbE406zandPkbdOUz1zmgFdQk3SCSDT/ffKGpAtcqkF
/fP1u/RKygMGu23o2TvzVPctNglVOD0TPI8UR9ypi1QRI7M1QvbE406zandPkbdOUz1zmgFdQk3SCSDT/ffKGpAtcqkF
bGN9s95Y+yHeHnS8zLcy8/ctNglVOD0TPIsWSdypi1QRI7M1QvbE406zandPkbdOUz1zmgFdQk3SCSDT/ffKGpAtcqkF
yDpyqZUVoLnjnKUrMz0d3tG70I+EsA6KxURPr7Y22NeUzQh2D/EfrTqQ13YKqEeGytYDm2HxKx370uHbDpsnd6kC
g9nXHFgUU4XoKEUFV3Ia3iYziATcsfy14eDQY1E31oqTlEAPOuvCCKCgv1OUcUmK3L7RR2B9Duk+jd5WYG5wvPYmjz6blAKek/xpaJ9pOdcvdyucTVlmTRNtqRw=
0YTkvniH/NrapTQo0pK0o9eZf31gS2c+jXImUyzFiBS9r2hTfUSwBlZekalfOHew/5fcXB1rejRXIQYKfuTlXu0sbP30OTvd3pSgoer1rqFupd5+MCbDO2KUzxaLnCLWw1TpwM8hGd8/X2s03dHGBUNFqTQ=
mpx06mjm85OXjKkI/Aj+hpGTh++VDSi/sMAj8jWL5MeZTjpAn2hSFgF908jXnZ2iZyxLNejNFmG5gGnDCOPK6aABXyQl+9+1rq7wExobltcTeYMeh4UfWS0llp2mofyzwR+eqmR1Xqkp
hYjkjAdL2e367Xi5JYcDqpyzTw1KpHa8NZdfPKyFLM6+mdZMJwQ87vO+ipIeRCnpyy1xpKqO52G9GRFlQwDo1E201QNUR4eDlRVfhuss4ibjROnQ79HZb1/P66Q9YYZ1Y1WpJA==
YSbAcq1K/N2Fbs4LCO4wMzHe5PvT8cM9bd3TNrhiRmGEUl4WDWXH+KO1gUJbRB/lHPVaIXV43ZNcSzZJPGnr1LFjUzUiNmRjrvMKd2/RV84z/VOZ4R3izXJJwNPdN2qacG1SqSU=
/PZQDut9POM9UnwteQn+Vyy9lQathGIWMZ3jiGd9LSL3zJt1uC0GYamguYNYQ1pp0KGvZFXbL7XejgDTartmV4PZU97XpQ9ZPUVGXfbBbDNxfy5qVBVuqRk=
ewKjcql1uUwwX3D9HOjbIMkSiGRQhmA3s5FmFjWV/5iLRUkCE5S3hYRlwqHt6EUzNJv+CXRZA/TJU6s1WgacQ8bDwrcngb9uq23LGXmNei3aGQgTlUdCekgdaqkd
7wUe+D4GMcDWdWSjkA88rOAhp0FhtEEthJFmFjWV/5iLRUkCE5S3hYRlwqHt6EUzNJv+CXRZA/TJU6s1WgacQ8bDwrcngb9uq23LGXmNei3aGQgTlUdCekgdaqkd
iwbxgjP5X97+r+xXBR1o/IV90rCuxreYjtmx2bl0UraF3TI9F4/QcoWCJeNJL+7lJ+msT9c81NKOQLihuZEAZELEzYJut6Lz+rVW7ltj3PMxMZgjDzRJdKcLbFyYbOpNvCNh5FUssLSyNLe7CU/lHXITQaScHOKVC+NYmGi/u+DedObidWirvDJciONZarVICLRsSjliZ03jJheflVxohB0G05xQNA6pe6xp5qsMYsYj5OlwLzFZTx+v60T9QQYVI/WphA==
icRZg/iEm3eRhSvGb3MC4fctNglVOD0TPI8UR9ypi1QRI7M1QvbE406zandPkbdOUz1zmABdQk3SCSDT/ffKGpAtcqkF
VouD2ZCSxaU49YTnmLEnodJ4EyYSiivTPHl2Ta36SiC+/wXvthtZVVrVoYi0hlxxOX0JU/tU5VAawhie5X2s10A+DiJfCgnun+zNBa8nbYXw+GeuapCX7kg/U6OBqZv1u/oRg65jd1+pKg==
TkQkvYsBDVlJmAogbq47UNJ4EyYSiivTPHl2Ta36SiC+/wXvthtYVVrVoYi0hlxxOXwJU/tU5VAawhie5X2s10A+DiJfCgnun+zNBa8nbYXw+GeuapCX7kg/U6OBqZv1u/oRg65jd1+pKg==
8HkgCnE+il2KAR8iOrp7dmaY23SGvl6Ax/ESi/yvY02nbDvQsZOJSy8NBkvsm+arsiU4q1i8q62mTxzc1YrwzNp0J0DVIF+uicNn/SH7oCqTmDL6qwCoHTeFqVO368vIBZWWaWtRqSg=
yx+ugD/ioWaaO4Eru12MpGaY23SGvl+Ax/ESi/yvY02nbDvQsZOISy8NBkvsm+arsiU4qli8q62mTxzc1YrwzNp0J0DVIF+uicNn/SH7oCqTmDL6qwCoHTeFqVO368vIBZWWaWtRqSg=
1eoe3Wb1+9grfop6aY1rUdPMwr7RZHzz7tEz7SK99ce1TCBVuglNEQF609yq2ZO1JmhaPqjLFmft/3reANGYuJciX3st68+/j+vgQxgHnMgTeYMeh4UfWCwllp2mofyzwR+eqmR1Xqkp
r6zF5dkXm5sAahmd4hvJztPMwr7RZH/z7tEz7SK99ce1TCBVuglNEQF609yq2ZO1JmhaPqjLFmft/3reANGYuZciX3st68+/j+vgQxgHnMgTeYMeh4UfWCwllp2mofyzwR+eqmR1Xqkp
8vwX8rxfbzDUDhfkK+Oao97fEUthsDAuTiLZgzGs8CgVVHgD+k0jgd07S7F4cCJZFUpyee6ZwOSg2pOT2my//ABshv5RRAQha3EnWwUb17+Xm8hj4NfUiFvJW/4vFWfflLV+Pf7RtHMJz6bKDEVGqTE=
2bwQrc3ZmR2RH59Z4JJA4b2z5pxai8I2Q2440V5uqUM0DNF9rOc9k3djSKuC7JlUCDE9K18HLOmQ2N8XonAsMT71q2SS8/lSK1wHOMUoX7a5qwfF8TNgcuMwkgI7iC+Fh21J6+ejixD1vbYRe1mpMA==
3vh/eqNDYDjbCRNXJAIhodPMwr7RZHzz7tEz7SK99ce1TCBVuglMEQF609yq2ZO1JmhaPqjLFmft/3reANGYupciX3st68+/j+vgQxgHnMgTeYMeh4UfXywllp2mofyzwR+eqmR1Xqkp
GHpM+DhIXLwi9Y8ptu+SPk46P8skqSmS7OYRH9DlbjEOld5OULYQJEZ+T2arjGJGI2Tv8S+xWc8fL+vE/cEGlSN1qQQ=
0j5WDyRfpAJlGVEdz30N5KICD28adnpdb5oJScb6zlIUILI+L7LV9EmgYWdPkbdOUz1znwBdQk3SCSDT/ffKGpAtcqkF
7z5ijaZznK3ZEXX3DJq8whdw7a/PDsAv1g6ODbsytelaErqigLg+vqMqQYS9yP3H8znjnifFP19MZXYdBmHcs+Hf/iqENX6pCQ==
UepOmWgggkERE8rXHcD9PgckzpNnE0LOFliR75LG0r0XalGJ/qoWMvwwuj4nor0UEXBZJ5fhTy77jfsfiK0q7Wq5+JMFpxI6uD16qQ0=
+PKtIzlSWkibLtVCFiLsKnUS36kfekdtire/Q7QBiTq8LlHXgM1OGR6d3kZAnjAMFrYPrvskwu6z7G95vxn5Z0/nqwyt6Sa9M32pDA==
mn1+T4fCnMbqjUYALCqSlxZw7a/PDsAv1g6ODbsytelaErqigLg+vqMqQYS9yP3H8znjnifFP19MZXYdBmHcs+Hf/iqENX6pCQ==
xOj9jNWzQdpntiBFAGhFKaMCD28adnpdb5oJScb6zlIUILI+L7LV9EmgYWdPkbdOUz1znwBdQk3SCSDT/ffKGpAtcqkF
SaB1rL1iNyED55w3NFfr1aACD28adnpdb5oJScb6zlIUILI+L7LV9EmgYWdPkbdOUz1znwBdQk3SCSDT/ffKGpAtcqkF
kKhG0PhJsLwdbJKgl5aVlhRw7a/PDsAv1g6ODbsytelaErqigLg+vqMqQYS9yP3H8znjnifFP19MZXYdBmHcs+Hf/iqENX6pCQ==
3WZypNk705JE7aZnS6XVyRVw7a/PDsAv1g6ODbsytelaErqigLg+vqMqQYS9yP3H8znjnifFP19MZXYdBmHcs+Hf/iqENX6pCQ==
JgQWdkemk21vmbUkPUoM0/ctNglVOD0TPIsWSdypi1QRI7M1QvbE406zandPkbdOUz1znwBdQk3SCSDT/ffKGpAtcqkF
hc4BUgVkan3MA1Ln0QMAd/ctNglVOD0TPI8UR9ypi1QRI7M1QvbE406zandPkbdOUz1znwBdQk3SCSDT/ffKGpAtcqkF
xIouSvmaY2RbQFJnWm2I+NJ4EyYSiivTPHl2Ta36SiC+/wXvthtZVVrVoYi0hlxxOX0JU/tU5VAawhie5X2s10A+DiJfCgnun+zNBa8nbYXw+GeuapCX7k8/U6OBqZv1u/oRg65jd1+pKg==
rEwHIGna/sQ0bGNjpAnmidJ4EyYSiivTPHl2Ta36SiC+/wXvthtYVVrVoYi0hlxxOXwJU/tU5VAawhie5X2s10A+DiJfCgnun+zNBa8nbYXw+GeuapCX7k8/U6OBqZv1u/oRg65jd1+pKg==
4jzvAZvhBgyF+VW1vyoNkmaY23SGvl6Ax/ESi/yvY02nbDvQsZOJSy8NBkvsm+arsiU4q1i8q62mTxzc1YrwzNp0J0DVIF+uicNn/SH7oCqTmDL6qwCvHTeFqVO368vIBZWWaWtRqSg=
DqMEtlvb/0/bDps4KCXK2maY23SGvl+Ax/ESi/yvY02nbDvQsZOISy8NBkvsm+arsiU4qli8q62mTxzc1YrwzNp0J0DVIF+uicNn/SH7oCqTmDL6qwCvHTeFqVO368vIBZWWaWtRqSg=
8vwX8rxfbzDUDhfkK+Oao97fEUthsDAuTiLZgzGs8CgVVHgD+k0jgd07S7F4cCJZFUpyee6ZwOSg2pOT2my//ABshv5RRAQha3EnWwUb17+Xm8hj4NfUiFvJW/4vFWfflLV+Pf7RtHMJz6bKDEVGqTE=
obK+77ATvBt73RtjGC5QMNPMwr7RZHzz7tEz7SK99ce1TCBVuglNEQF609yq2ZO1JmhaPqjLFmft/3reANGYuJciX3st68+/j+vgQxgHnMgTeYMeh4UfXywllp2mofyzwR+eqmR1Xqkp
MX0THnPlBMgvj895Td6tztPMwr7RZH/z7tEz7SK99ce1TCBVuglNEQF609yq2ZO1JmhaPqjLFmft/3reANGYuZciX3st68+/j+vgQxgHnMgTeYMeh4UfXywllp2mofyzwR+eqmR1Xqkp
3vh/eqNDYDjbCRNXJAIhodPMwr7RZHzz7tEz7SK99ce1TCBVuglMEQF609yq2ZO1JmhaPqjLFmft/3reANGYupciX3st68+/j+vgQxgHnMgTeYMeh4UfXywllp2mofyzwR+eqmR1Xqkp
2bwQrc3ZmR2RH59Z4JJA4b2z5pxai8I2Q2440V5uqUM0DNF9rOc9k3djSKuC7JlUCDE9K18HLOmQ2N8XonAsMT71q2SS8/lSK1wHOMUoX7a5qwfF8TNgcuMwkgI7iC+Fh21J6+ejixD1vbYRe1mpMA==
GHpM+DhIXLwi9Y8ptu+SPk46P8skqSmS7OYRH9DlbjEOld5OULYQJEZ+T2arjGJGI2Tv8S+xWc8fL+vE/cEGlSN1qQQ=
0j5WDyRfpAJlGVEdz30N5KICD28adnpdb5oJScb6zlIUILI+L7LV9EmgYWdPkbdOUz1znwBdQk3SCSDT/ffKGpAtcqkF
7z5ijaZznK3ZEXX3DJq8whdw7a/PDsAv1g6ODbsytelaErqigLg+vqMqQYS9yP3H8znjnifFP19MZXYdBmHcs+Hf/iqENX6pCQ==
UepOmWgggkERE8rXHcD9PgckzpNnE0LOFliR75LG0r0XalGJ/qoWMvwwuj4nor0UEXBZJ5fhTy77jfsfiK0q7Wq5+JMFpxI6uD16qQ0=
+PKtIzlSWkibLtVCFiLsKnUS36kfekdtire/Q7QBiTq8LlHXgM1OGR6d3kZAnjAMFrYPrvskwu6z7G95vxn5Z0/nqwyt6Sa9M32pDA==
mn1+T4fCnMbqjUYALCqSlxZw7a/PDsAv1g6ODbsytelaErqigLg+vqMqQYS9yP3H8znjnifFP19MZXYdBmHcs+Hf/iqENX6pCQ==
xOj9jNWzQdpntiBFAGhFKaMCD28adnpdb5oJScb6zlIUILI+L7LV9EmgYWdPkbdOUz1znwBdQk3SCSDT/ffKGpAtcqkF
SaB1rL1iNyED55w3NFfr1aACD28adnpdb5oJScb6zlIUILI+L7LV9EmgYWdPkbdOUz1znwBdQk3SCSDT/ffKGpAtcqkF
kKhG0PhJsLwdbJKgl5aVlhRw7a/PDsAv1g6ODbsytelaErqigLg+vqMqQYS9yP3H8znjnifFP19MZXYdBmHcs+Hf/iqENX6pCQ==
3WZypNk705JE7aZnS6XVyRVw7a/PDsAv1g6ODbsytelaErqigLg+vqMqQYS9yP3H8znjnifFP19MZXYdBmHcs+Hf/iqENX6pCQ==
JgQWdkemk21vmbUkPUoM0/ctNglVOD0TPIsWSdypi1QRI7M1QvbE406zandPkbdOUz1znwBdQk3SCSDT/ffKGpAtcqkF
hc4BUgVkan3MA1Ln0QMAd/ctNglVOD0TPI8UR9ypi1QRI7M1QvbE406zandPkbdOUz1znwBdQk3SCSDT/ffKGpAtcqkF
JgQWdkemk21vmbUkPUoM0/ctNglVOD0TPIsWSdypi1QRI7M1QvbE406zandPkbdOUz1znwBdQk3SCSDT/ffKGpAtcqkF
d8NixNrCVaYzNF07TgbQJiYziATcsfy14eDQY1E31oqTlEAPOuvCCKCgv1OUcUmK3L7RR2B9Duk+jd5WYG5wvPYmjz6blAKek/xvaZ9pOdcvdyucTVlmTRNtqRw=
BVdGTJjTojpkan6SrNBKmdeZf31gS2c+jXImUyzFiBS9r2hTfUSwBlZekalfOHew/5fcXB1rejRXIQYKfuTlXu0sbP30OTvd3pSgoer1rqFupd5+MCbDO2KUzxaLnCLWw1Tvwc8hGd8/X2s03dHGBUNFqTQ=
h517SR3G/mq8T8zkSnQCfM/yjc3B5kzXmBEd9PcvjZLE9EJaD65BhyyQ13YKqEeGyNUDl2bxKh370uHbDpsnd6kC
T4D4Qp7aUNtT37lxaWWYSIghMdZxal+ycgZVplXzPnqziHJqC1CsSZcT6EOWu0uYJYXW+csBqXg=
J4wo1Sh5SmHaboOgb3/ZWcZQ8VxKed2Ra0mNb9omjcWdZlk5QbM2mQ7keJyiQ58jgNL6yQCpdw==
QsNkqf1vhVEtdDrJdxxwzZCSnO+FKySuqtYz0Q+q+MWCXQBrmUUVP0JqyMqdl521dXhaKK/VXnzq323OALfI4fRRViYg6NW1gKa1MVNTxNYTeYMeh4UfXiwll5ymoPyzwR+eqmR1Xqkp
31ckbAC5qNIVuxrNycV42U81JmweMz08F6OR/gcCIPrx/fJaIrPOIl95ZceyvwMshOvPf0I36sSV02BgnTzZTW5ox34q4LceTUxzUkD5OmU7anFTblMXb6ka
G+kinEurgOO8LlOB3zt3lmADh+N2/y4mX2kFF3LP45wEG2/PgmfK1JXDQDBdjHm97tgnDuow1w5JXZMCAAla1bsa0eMugzd/qQo=
6TYLRWEaUirtYDsw7I/zoku062ufJd1bwmO7cGT392My61JYFU/YvO0g4VGONH+iWnwPQowRS04wJQI52/bJzx6PL3OpBg==
Kl4JdNc13yQ7Ba1fiKR4g4nG1A1Ayap2LACBNVTOueEvy3C2B0Ef7sut6xOazdusuthoE7UHovro3QqpfQ==
GlGoC4AGEnM7qM6EG7txSMZQ8VxKed2Ra0mNb9omjcWdZlk5Qb03mQvkeJyiQ58jgNL6yQCpdw==
0JRV2Hoq5W0nPlPsWdp4w/fW6FoMJoWPg3koucigxWupSoDvipdWR0xxrpWETiIc7/U6UjdZgZeexgld0VZlMWX61hH2lLSEpmNbmwxCpgFkqRM=
bA0H4e/jePKiId1qpTLxCiLdhWzV/APGg+Yel/q5bmu9ai3HhdbqfCkVBnqfy/yw4HI66ATpvKupHQndgez5m+F5ek3WOlWhxJYVtnWjviqTmDL6qwCoHjeHqFO268vIBZWWaWtRqSg=
JEFfIO/JY92DE2OCFbxoWWwqIRnxdDnz8UEaxWZiVYmUbrX+hbv+wgMg0vKb2C625/+Im8ZzC6AVrfbh2wmpAA==
VbAJsSCHI5/ytPMO4UEHs2wsIRnxdDnz8UEaxWZiVYmUbrX+hbv+wgMg0vKb2C225/+Im8ZzC6AVrfbh2wmpAA==
WILCobkMX07sUBRU4SOjmInG1A1Ayap2LACBNVTOueEvy3C2B0Ef7sut6xObzdisuthoE7UHovro3QqpfQ==
npBAIznZilOC4nJ1ikW0k5i2KR8wmZ32LQQE06vkeWulyEkhKkGnWus2msatCDtR9EaoOT8V8QG3W8j23zHnjgMdQ5jyPZCMguiwU02XOlqgDWKpFQ==
H081Dg9kSN1W1AGrRRD4GurnHaGugQOpk00lcUMzFFZjmbNed+UvWVmFJNxWgEwzkT+O6vTVDql5
CcSbVA60uFBpKNqpR4NN4plc5x3VSa4gof19dZzJTPX56Wk5xxlRNw5Geb1hFrVRlfjiMaZUxCQW48v73AKWIXSpAw==
Em0/HfsuIsSfFajPWBHoee3oiEq6iH9+tmxSNw0octLFkp1mWay9hL45oLR2olgxpFhuTPngGcqC/ZIkd81LNtiVV06UNNOcG6RIdz6BtfIWKlwWaAJNaraRmZLCX9rs0GEutsITcjNjN3YvaY96wpWM+I6BbWWVr2D35kqYp1bMhGOroWEKbXviAUtO64enqdI=
SYSEDzxjgIdEEIZBIbz12M7RUkHLkaU+ij8oliEVVX1vSIfeqgD3PkxsszPBWfpFO4oxs+7z1w+peg==
nC4YjYbFJNH/nQEJoQOtl49d8kREad3BNHTEIZs7jcWdZlk5QbwxmQjleJyiQ58jgNL6yQCpdw==
P2JB0CepRkq9Sv6Kz7xeKB+zeuFcYXO7qSFU1IL+N7/9P08j3jWEAqvpSz6fdbfcxxWOfe4wBPPZ79YKnCV2qQE=
WtXZ4dWBGyeplY8MRPLM8e3oiEq6iH9+tmxSNw0octLFkp1mWay9hL45oLR2olgxpFhuTPngGcqC/ZIkd81LNtiVV06UNNOcG6RIdz6BtfIWKlwWaAJNaraRmZLCX9rs0GEutsITcjNjN3YvaY96wpWM+I6BbWWVr2D35kqYp1bLhWOroWEKbXviAUtO64enqdI=
sRKsgHiZnJkQeT/uOguUDc7RUkHLkaU+ij8oliEVVX1vSIfeqgD3PkptszPBWfpFO4oxs+7z1w+peg==
Cj+LZjOvSTEGidOmSK0Ywo9d8kREad3BNHTEIZs7jcWdZlk5QbowmQjleJyiQ58jgNL6yQCpdw==
/XuZXkeHBWs6NzOlmk8Ieh+zeuFcYXO7qSFU1IL+N7/9P08j3jWEAqvpSz6fdbfaxhWOfe4wBPPZ79YKnCV2qQE=
75UFwzdSmpBROK2AuTS1+e3oiEq6iH9+tmxSNw0octLFkp1mWay9hL45oLR2olgxpFhuTPngGcqC/ZIkd81LNtiVV06UNNOcG6RIdz6BtfIWKlwWaAJNaraRmZLCX9rs0GEutsITcjNjN3YvaY96wpWM+I6BbWWVr2D35kqYp1bNhWOroWEKbXviAUtO64enqdI=
WcP/lzagXjFTi+f9LNCOkc7RUkHLkaU+ij8oliEVVX1vSIfeqgD3Pk1tszPBWfpFO4oxs+7z1w+peg==
8l3v5fAjOd4qZ/LQ4VFID49d8kREad3BNHTEIZs7jcWdZlk5Qb0wmQjleJyiQ58jgNL6yQCpdw==
td02kcKWTduTJkOjBJO8NB+zeuFcYXO7qSFU1IL+N7/9P08j3jWEAqvpSz6fdbfdxhWOfe4wBPPZ79YKnCV2qQE=
snCeg70iBDOgNxLKEMH/PvctNglVOD0TPI8UR9ypi1QRI7M1QvbE406zandPkbdOUz1zmgVdQk3SCCDT/ffKGpAtcqkF
thWmj99xvWOj09lDkr+bO9J4EyYSiivTPHl2Ta36SiC+/wXvthtZVVrVoYi0hlxxOX0JU/tU5VAawhie5X2s10A+DiJfCgnun+zNBa8nbYXw+GeuapCX7ko6U6OBqZr1u/oRg65jd1+pKg==
yAPLzgu4GWA41/Dqhu8G7dJ4EyYSiivTPHl2Ta36SiC+/wXvthtYVVrVoYi0hlxxOXwJU/tU5VAawhie5X2s10A+DiJfCgnun+zNBa8nbYXw+GeuapCX7ko6U6OBqZr1u/oRg65jd1+pKg==
YiDdENPtPIUjhc9nGoxQJWaY23SGvl6Ax/ESi/yvY02nbDvQsZOJSy8NBkvsm+arsiU4q1i8q62mTxzc1YrwzNp0J0DVIF+uicNn/SH7oCqTmDL6qwCqGDeFqVO268vIBZWWaWtRqSg=
FtqaJj6iqB64y6DErTU/xWaY23SGvl+Ax/ESi/yvY02nbDvQsZOISy8NBkvsm+arsiU4qli8q62mTxzc1YrwzNp0J0DVIF+uicNn/SH7oCqTmDL6qwCqGDeFqVO268vIBZWWaWtRqSg=
bw+7+8O2H+Qaiu4G3rL4PL2z5pxai8I2Q2440V5uqUM0DNF9rOc9k3djSKuC7JlUCDE9K18HLOmQ2N8XonAsMT71q2SS8/lSK1wHOMUoX7a5qwfF8TNgcuMwkgI7iCqAh21J6+ajixD1vbYRe1mpMA==
bPkTScOyNCvaxtIikxsj7d7fEUthsDAuTiLZgzGs8CgVVHgD+k0jgd07S7F4cCJZFUpyee6ZwOSg2pOT2my//ABshv5RRAQha3EnWwUb17+Xm8hj4NfUiFvJW/4vFWfakbV+Pf7QtHMJz6bKDEVGqTE=
whM7mMig37Ajn6Zo5DbPbtPMwr7RZHzz7tEz7SK99ce1TCBVuglMEQF609yq2ZO1JmhaPqjLFmft/3reANGYupciX3st68+/j+vgQxgHnMgTeYMeh4UfWikllp2moPyzwR+eqmR1Xqkp
XAYAhP+zIq9E46cYKHh4m9PMwr7RZH/z7tEz7SK99ce1TCBVuglNEQF609yq2ZO1JmhaPqjLFmft/3reANGYuZciX3st68+/j+vgQxgHnMgTeYMeh4UfWikllp2moPyzwR+eqmR1Xqkp
EX4K1XBYXxrdNkz3T1OR9NPMwr7RZHzz7tEz7SK99ce1TCBVuglNEQF609yq2ZO1JmhaPqjLFmft/3reANGYuJciX3st68+/j+vgQxgHnMgTeYMeh4UfWikllp2moPyzwR+eqmR1Xqkp
snCeg70iBDOgNxLKEMH/PvctNglVOD0TPI8UR9ypi1QRI7M1QvbE406zandPkbdOUz1zmgVdQk3SCCDT/ffKGpAtcqkF
thWmj99xvWOj09lDkr+bO9J4EyYSiivTPHl2Ta36SiC+/wXvthtZVVrVoYi0hlxxOX0JU/tU5VAawhie5X2s10A+DiJfCgnun+zNBa8nbYXw+GeuapCX7ko6U6OBqZr1u/oRg65jd1+pKg==
yAPLzgu4GWA41/Dqhu8G7dJ4EyYSiivTPHl2Ta36SiC+/wXvthtYVVrVoYi0hlxxOXwJU/tU5VAawhie5X2s10A+DiJfCgnun+zNBa8nbYXw+GeuapCX7ko6U6OBqZr1u/oRg65jd1+pKg==
YiDdENPtPIUjhc9nGoxQJWaY23SGvl6Ax/ESi/yvY02nbDvQsZOJSy8NBkvsm+arsiU4q1i8q62mTxzc1YrwzNp0J0DVIF+uicNn/SH7oCqTmDL6qwCqGDeFqVO268vIBZWWaWtRqSg=
FtqaJj6iqB64y6DErTU/xWaY23SGvl+Ax/ESi/yvY02nbDvQsZOISy8NBkvsm+arsiU4qli8q62mTxzc1YrwzNp0J0DVIF+uicNn/SH7oCqTmDL6qwCqGDeFqVO268vIBZWWaWtRqSg=
EX4K1XBYXxrdNkz3T1OR9NPMwr7RZHzz7tEz7SK99ce1TCBVuglNEQF609yq2ZO1JmhaPqjLFmft/3reANGYuJciX3st68+/j+vgQxgHnMgTeYMeh4UfWikllp2moPyzwR+eqmR1Xqkp
XAYAhP+zIq9E46cYKHh4m9PMwr7RZH/z7tEz7SK99ce1TCBVuglNEQF609yq2ZO1JmhaPqjLFmft/3reANGYuZciX3st68+/j+vgQxgHnMgTeYMeh4UfWikllp2moPyzwR+eqmR1Xqkp
bPkTScOyNCvaxtIikxsj7d7fEUthsDAuTiLZgzGs8CgVVHgD+k0jgd07S7F4cCJZFUpyee6ZwOSg2pOT2my//ABshv5RRAQha3EnWwUb17+Xm8hj4NfUiFvJW/4vFWfakbV+Pf7QtHMJz6bKDEVGqTE=
whM7mMig37Ajn6Zo5DbPbtPMwr7RZHzz7tEz7SK99ce1TCBVuglMEQF609yq2ZO1JmhaPqjLFmft/3reANGYupciX3st68+/j+vgQxgHnMgTeYMeh4UfWikllp2moPyzwR+eqmR1Xqkp
bw+7+8O2H+Qaiu4G3rL4PL2z5pxai8I2Q2440V5uqUM0DNF9rOc9k3djSKuC7JlUCDE9K18HLOmQ2N8XonAsMT71q2SS8/lSK1wHOMUoX7a5qwfF8TNgcuMwkgI7iCqAh21J6+ajixD1vbYRe1mpMA==
UyM3rd22XUWJEnCoEIGHmvctNglVOD0TPI8UR9ypi1QRI7M1QvbE406zandPkbdOUz1zmQVdQk3SCCDT/ffKGpAtcqkF
bn0cYcB3O7KHbVN7iNB4x9J4EyYSiivTPHl2Ta36SiC+/wXvthtZVVrVoYi0hlxxOX0JU/tU5VAawhie5X2s10A+DiJfCgnun+zNBa8nbYXw+GeuapCX7kk6U6OBqZr1u/oRg65jd1+pKg==
yHddEe+VZAeIULZEmYK59dJ4EyYSiivTPHl2Ta36SiC+/wXvthtYVVrVoYi0hlxxOXwJU/tU5VAawhie5X2s10A+DiJfCgnun+zNBa8nbYXw+GeuapCX7kk6U6OBqZr1u/oRg65jd1+pKg==
KmURdmeFOl+Ls10m1nQyE2aY23SGvl6Ax/ESi/yvY02nbDvQsZOJSy8NBkvsm+arsiU4q1i8q62mTxzc1YrwzNp0J0DVIF+uicNn/SH7oCqTmDL6qwCpGDeFqVO268vIBZWWaWtRqSg=
6XFArAPJcj13PyxMlMH062aY23SGvl+Ax/ESi/yvY02nbDvQsZOISy8NBkvsm+arsiU4qli8q62mTxzc1YrwzNp0J0DVIF+uicNn/SH7oCqTmDL6qwCpGDeFqVO268vIBZWWaWtRqSg=
Qo28q41Achgg/wk0U5YIKr2z5pxai8I2Q2440V5uqUM0DNF9rOc9k3djSKuC7JlUCDE9K18HLOmQ2N8XonAsMT71q2SS8/lSK1wHOMUoX7a5qwfF8TNgcuMwkgI7iCmAh21J6+ajixD1vbYRe1mpMA==
AsDANIE8HZZ0pCAwQXkUK97fEUthsDAuTiLZgzGs8CgVVHgD+k0jgd07S7F4cCJZFUpyee6ZwOSg2pOT2my//ABshv5RRAQha3EnWwUb17+Xm8hj4NfUiFvJW/4vFWfZkbV+Pf7QtHMJz6bKDEVGqTE=
VV68NAtAuWwpegwtqqqzTdPMwr7RZHzz7tEz7SK99ce1TCBVuglNEQF609yq2ZO1JmhaPqjLFmft/3reANGYuJciX3st68+/j+vgQxgHnMgTeYMeh4UfWSkllp2moPyzwR+eqmR1Xqkp
4RTyBI8dp5WCv7W9l9AMn9PMwr7RZH/z7tEz7SK99ce1TCBVuglNEQF609yq2ZO1JmhaPqjLFmft/3reANGYuZciX3st68+/j+vgQxgHnMgTeYMeh4UfWSkllp2moPyzwR+eqmR1Xqkp
kpODH9IjCYFhjZD3kwpKT9PMwr7RZHzz7tEz7SK99ce1TCBVuglMEQF609yq2ZO1JmhaPqjLFmft/3reANGYupciX3st68+/j+vgQxgHnMgTeYMeh4UfWSkllp2moPyzwR+eqmR1Xqkp
UyM3rd22XUWJEnCoEIGHmvctNglVOD0TPI8UR9ypi1QRI7M1QvbE406zandPkbdOUz1zmQVdQk3SCCDT/ffKGpAtcqkF
UyM3rd22XUWJEnCoEIGHmvctNglVOD0TPI8UR9ypi1QRI7M1QvbE406zandPkbdOUz1zmQVdQk3SCCDT/ffKGpAtcqkF
5eKS7uijKtWNslDPp0Zt7jthThp2YmkyY/CSwrvIKcAHrUkrZuOLUHV9ttH7Galw
RjW8cRwJDD8vG656PGiIuM7RUkHLkaU+ij8oliEVVX1vSIfeqgD3PklqszPBWfpFO4oxs+7z1w+peg==
bjJ4sozoHadrR6Ce85Pri49d8kREad3BNHTEIZs7jcWdZlk5Qbk3mQjleJyiQ58jgNL6yQCpdw==
bIH30BWKnSbJ/Uu3hatrBvrAoBn2jzM/4JazGXkAHcm/smU4IR0iiWTBSwTja+IzireCFVUsDx/t9RxKWpuQjzSHUa1pNo2B7XlbYVw1zDR+I2NLVGJOEWypGw==
nRWieZz2puakQKqXiTc3NOAhp0FhtEEthJFmFjWV/5iLRUkCE5S3hYRlwqHt6EUzNJ/8B3RZA/TJU6s1WgacQ8bDwrcngb9uq23LGX2Nei3aGAgTlUdCekgdaqkd
RRHJA8dhbGL+R22dVfBWLskSiGRQhmA3s5FmFjWV/5iLRUkCE5S3hYRlwqHt6EUzNJ/8B3RZA/TJU6s1WgacQ8bDwrcngb9uq23LGX2Nei3aGAgTlUdCekgdaqkd
ilqEebvVHiKo5wDJ0C9CnSy9lQathGIWMZ3jiGd9LSL3zJt1uC0GYamguYNYR1hn0KGvZFXbL7XejgDTartmV4PZU97XpQ9ZOUVGXfbAbDNxfy5qVBVuqRk=
l34IzeKL8Lz2/+OmDemyuDHe5PvT8cM9bd3TNrhiRmGEUl4WDWXH+KO1gUJbRB/lHPVaIXV43ZNcTzRHPGnr1LFjUzUiNmRjrvMKd2/RV84z/VOZ5R3izXJIwNPdN2qacG1SqSU=
lMoSpX3OqZMFHouAQCHLPpyzTw1KpHa8NZdfPKyFLM6+mdZMJwQ87vO+ipIeRCnpyy1xpKqO52G5Gx9lQwDo1E201QNUR4eDlRVfhuss4ibjROnU79HZb17P66Q9YYZ1Y1WpJA==
OfrD4JLNGB9TLumaifrARZGTh++VDSi/sMAj8jWL5MeZTjpAn2hSFgF908jXnZ2iZyxLNejNFmG5gGnDCOfI56ABXyQl+9+1rq7wExobltcTeYMeh4UfWSkllp2moPyzwR+eqmR1Xqkp
IafZ8f+N1eAmbd5AnLyhkwl+bz9ce25+TeGGoEQFOva3uedQLrXOPFEuKcXx5ApvievfN0sw48mJ2Sxxv2yiBHlox34q4LceSUpzU0H5OmU7anFTblMXb6ka
