by6bECuOKsNhKrMvFww0oASCt5QBY2eUjCoXscJHPgJsVW3J2sTxVRiz3o+JPxqd8gbTfL4Of1KjkBKie6gspMfNzkulg4s1tRYnvTt5sw4=
FnwecDcdRZ4o6Qt2aNsa1YV90rCuxreYjtmx2bl0UraF3TI9F4/QcoWCJeNJL+7lJ+msT9c81NKOQLihuZEAZELEzYJut6Lz+rVW7ltj3PMxMZgjDzRJdKcLbFyYbOpNvCNh5FUssLSyNLe7CU/lHXITQaScHOKVC+NYmGi/u+DedObidWirvDJciONZarVICLRsSjliZ03jJheflVxohB0G05xQNA6pe6xp5qsMYsYj5ONwLzFeTx2v60H9ShcZI/Wzmg==
6STpVd0Bn/TN/spKFyTeN4V90rCuxreYjtmx2bl0UraF3TI9F4/QcoWCJeNJL+7lJ+msT9c81NKOQLihuZEAZELEzYJut6Lz+rVW7ltj3PMxMZgjDzRJdKcLbFyYbOpNvCNh5FUssLSyNLe7CU/lHXITQaScHOKVC+NYmGi/u+DedObidWirvDJciONZarVICLRsSjliZ03jJheflVxohB0G05xQNA6pe6xp5qsMYsYj5OJwLzFeTx2v60H9ShcZI/Wzmg==
bNmDoXJe5pb+GZ+qtd3Y8RHwceNAc3KpuDEXxJ2rN7XGfkhz0iuOF6vpSz6fdbfaxBWOeu4zBPPc790bkCV2sx8=
h9mFdwL6s9npoQjKsR8ufyy9lPZjzZKNGDv1PgzTg62JcsdoGhWYVm+M+Nj/DeMAAmFHVjugqMKJPsOLcxmH9PNAQsp7WHrTXQ3elc+UsQyoFA1ndsiurBdYxd0TGqD5mrnX8VvGq2g3JhkgdAMNXOOr+W5Epv3UNFWZ0tMPvaBPTnUSfxe2gJdEVDWtkw7WSPzZXUji74i/22kdsdYFcQX6dlHUEpRHBmP+W+fTSsGEs+0=
FYEARh/BixuQWuZh4DLSac7RUkHLkaU+ij8oliEVVX1vSIfeqgD3PklvszPGWflFO48xuP//1w+zZA==
pu2gpTFCVtkGElMMcHO6eY9d8kREad3BNHTEIZs7jcWdZlk5QbkymQjieJ+iQ5oji8P2yQCzaQ==
i9UKUlY5ho7T6VtYmp3rlxHwceNAc3KpuDEXxJ2rN7XGfkhz0iuOF6vpSz6fdbfZxBWOeu4zBPPc790bkCV2sx8=
i9UKUlY5ho7T6VtYmp3rlxHwceNAc3KpuDEXxJ2rN7XGfkhz0iuOF6vpSz6fdbfZxBWOeu4zBPPc790bkCV2sx8=
i9UKUlY5ho7T6VtYmp3rlxHwceNAc3KpuDEXxJ2rN7XGfkhz0iuOF6vpSz6fdbfZxBWOeu4zBPPc790bkCV2sx8=
i9UKUlY5ho7T6VtYmp3rlxHwceNAc3KpuDEXxJ2rN7XGfkhz0iuOF6vpSz6fdbfZxBWOeu4zBPPc790bkCV2sx8=
brsqx6N0VOTLMqyQ++1jd/rAoBn2jzM/4JazGXkAHcm/smU4IR0iiWTBSwTja+I3iLmCFVUsDx/t9RxKWpuQjzSHUa1pNo2B7XleYVwyzDd+I2ZLX3NCEWyzBQ==
N4W4WHU1oir03j1ldVfNVvctNglVOD0TPIsWSdypi1QRI7M1QvbE406zandPkbdOUz1zmQBdQkrSCyDT+PfBC5wtcrMb
qE/J8sfNY9HHjVbdTRybIPctNglVOD0TPI8UR9ypi1QRI7M1QvbE406zandPkbdOUz1zmQBdQkrSCyDT+PfBC5wtcrMb
vLDWYlNnuNR9RVt7MdvX0U06P8skqSmS7OYRH9DlbjEOld5OULYQJEZ+T2arjGJGI2Tp8S+xXs8dL+vB/coXmSN1sxo=
Z5ntAhZN3ekvJjUVFMAnLk46P8skqSmS7OYRH9DlbjEOld5OULYQJEZ+T2arjGJGI2To8S+xXs8dL+vB/coXmSN1sxo=
bEj2N6XhrAQF1U9pwePo00w6P8skqSmS7OYRH9DlbjEOld5OULYQJEZ+T2arjGJGI2To8S+xXs8dL+vB/coXmSN1sxo=
ui7a5YTD+CY4ukF3K7hBQk47P8skqSmS7OYRH9DlbjEOld5OULYQJEZ+T2arjGJGI2To8S+xXs8dL+vB/coXmSN1sxo=
opVIYEHZqQlL24lFoboNHUw7P8skqSmS7OYRH9DlbjEOld5OULYQJEZ+T2arjGJGI2To8S+xXs8dL+vB/coXmSN1sxo=
9fNtjOlrrjPBTa7ww745PqMCD28adnpdb5oJScb6zlIUILI+L7LV9EmgYWdPkbdOUz1zmABdQkrSCyDT+PfBC5wtcrMb
Z2mkbFIISblzbEiI81N1qqECD28adnpdb5oJScb6zlIUILI+L7LV9EmgYWdPkbdOUz1zmABdQkrSCyDT+PfBC5wtcrMb
NlqM/7BnzdMsofcw9SEQ8k865IJ4Ur/yXY90anRlYYYHOSjm4Go6/Pz+YW57TOc8jxfBDTn23aEdeG6BDPIcV+6jFqvvM7IxfLMV
ualYSi6nIKtJTaHn5wbr2sISFm8adnpdb5oJScb6zlIUILI+L7LV9EmgYWdPkbdOUz1zmABdQkrSCyDT+PfBC5wtcrMb
avLOfQI6OoVrpJWBEKdzR0865IJ7UK/0Uo90anRlYYYHOSjm4Go6/Pz+YW57TOc8jxfBDTn23aEdeG6BDPIcV+6jFqvvM7IxfLMV
N1DEO0L5WTbqmOueQ6S/XKYCD28adnpdb5oJScb6zlIUILI+L7LV9EmgYWdPkbdOUz1zmABdQkrSCyDT+PfBC5wtcrMb
uIujlxk0tsh8xhh9gG9Cik07P8skqSmS7OYRH9DlbjEOld5OULYQJEZ+T2arjGJGI2To8S+xXs8dL+vB/coXmSN1sxo=
IuJ9HjeTrRgYN8n0dXKn7Bdw7a/PDsAv1g6ODbsytelaErqigLg+vqMqQYS9yP3H8znjnifFP1hMZXYaBmPcs+Tf9TuINX6zFw==
B0hzREvDglf3ZIVyFuFjlxRw7a/PDsAv1g6ODbsytelaErqigLg+vqMqQYS9yP3H8znjnifFP1hMZXYaBmPcs+Tf9TuINX6zFw==
pqFGj5Oh72T7YanS9j0B2U06P8skqSmS7OYRH9DlbjEOld5OULYQJEZ+T2arjGJGI2To8S+xXs8dL+vB/coXmSN1sxo=
Z5ntAhZN3ekvJjUVFMAnLk46P8skqSmS7OYRH9DlbjEOld5OULYQJEZ+T2arjGJGI2To8S+xXs8dL+vB/coXmSN1sxo=
bEj2N6XhrAQF1U9pwePo00w6P8skqSmS7OYRH9DlbjEOld5OULYQJEZ+T2arjGJGI2To8S+xXs8dL+vB/coXmSN1sxo=
ui7a5YTD+CY4ukF3K7hBQk47P8skqSmS7OYRH9DlbjEOld5OULYQJEZ+T2arjGJGI2To8S+xXs8dL+vB/coXmSN1sxo=
opVIYEHZqQlL24lFoboNHUw7P8skqSmS7OYRH9DlbjEOld5OULYQJEZ+T2arjGJGI2To8S+xXs8dL+vB/coXmSN1sxo=
9fNtjOlrrjPBTa7ww745PqMCD28adnpdb5oJScb6zlIUILI+L7LV9EmgYWdPkbdOUz1zmABdQkrSCyDT+PfBC5wtcrMb
Z2mkbFIISblzbEiI81N1qqECD28adnpdb5oJScb6zlIUILI+L7LV9EmgYWdPkbdOUz1zmABdQkrSCyDT+PfBC5wtcrMb
NlqM/7BnzdMsofcw9SEQ8k865IJ4Ur/yXY90anRlYYYHOSjm4Go6/Pz+YW57TOc8jxfBDTn23aEdeG6BDPIcV+6jFqvvM7IxfLMV
ualYSi6nIKtJTaHn5wbr2sISFm8adnpdb5oJScb6zlIUILI+L7LV9EmgYWdPkbdOUz1zmABdQkrSCyDT+PfBC5wtcrMb
avLOfQI6OoVrpJWBEKdzR0865IJ7UK/0Uo90anRlYYYHOSjm4Go6/Pz+YW57TOc8jxfBDTn23aEdeG6BDPIcV+6jFqvvM7IxfLMV
N1DEO0L5WTbqmOueQ6S/XKYCD28adnpdb5oJScb6zlIUILI+L7LV9EmgYWdPkbdOUz1zmABdQkrSCyDT+PfBC5wtcrMb
uIujlxk0tsh8xhh9gG9Cik07P8skqSmS7OYRH9DlbjEOld5OULYQJEZ+T2arjGJGI2To8S+xXs8dL+vB/coXmSN1sxo=
IuJ9HjeTrRgYN8n0dXKn7Bdw7a/PDsAv1g6ODbsytelaErqigLg+vqMqQYS9yP3H8znjnifFP1hMZXYaBmPcs+Tf9TuINX6zFw==
B0hzREvDglf3ZIVyFuFjlxRw7a/PDsAv1g6ODbsytelaErqigLg+vqMqQYS9yP3H8znjnifFP1hMZXYaBmPcs+Tf9TuINX6zFw==
Ie3YCJsElLpgvm3KnmAVMiYziATcsfy14eDQY1E31oqTlEAPOuvCCKCgv1OUcUmK3L7RR2B9Duk+jd5WYG5wvPYmjz6blAKek/xoaZ9pPtctdyuZTVJ3QRNtswI=
kR6DwwXKOrpqgKLk6zLEsCcziATcsfy14eDQY1E31oqTlEAPOuvCCKCgv1OUcUmK3L7RR2B9Duk+jd5WYG5wvPYmjz6blAKek/xoaZ9pPtctdyuZTVJ3QRNtswI=
pqFGj5Oh72T7YanS9j0B2U06P8skqSmS7OYRH9DlbjEOld5OULYQJEZ+T2arjGJGI2To8S+xXs8dL+vB/coXmSN1sxo=
Z5ntAhZN3ekvJjUVFMAnLk46P8skqSmS7OYRH9DlbjEOld5OULYQJEZ+T2arjGJGI2To8S+xXs8dL+vB/coXmSN1sxo=
bEj2N6XhrAQF1U9pwePo00w6P8skqSmS7OYRH9DlbjEOld5OULYQJEZ+T2arjGJGI2To8S+xXs8dL+vB/coXmSN1sxo=
ui7a5YTD+CY4ukF3K7hBQk47P8skqSmS7OYRH9DlbjEOld5OULYQJEZ+T2arjGJGI2To8S+xXs8dL+vB/coXmSN1sxo=
opVIYEHZqQlL24lFoboNHUw7P8skqSmS7OYRH9DlbjEOld5OULYQJEZ+T2arjGJGI2To8S+xXs8dL+vB/coXmSN1sxo=
9fNtjOlrrjPBTa7ww745PqMCD28adnpdb5oJScb6zlIUILI+L7LV9EmgYWdPkbdOUz1zmABdQkrSCyDT+PfBC5wtcrMb
Z2mkbFIISblzbEiI81N1qqECD28adnpdb5oJScb6zlIUILI+L7LV9EmgYWdPkbdOUz1zmABdQkrSCyDT+PfBC5wtcrMb
NlqM/7BnzdMsofcw9SEQ8k865IJ4Ur/yXY90anRlYYYHOSjm4Go6/Pz+YW57TOc8jxfBDTn23aEdeG6BDPIcV+6jFqvvM7IxfLMV
ualYSi6nIKtJTaHn5wbr2sISFm8adnpdb5oJScb6zlIUILI+L7LV9EmgYWdPkbdOUz1zmABdQkrSCyDT+PfBC5wtcrMb
avLOfQI6OoVrpJWBEKdzR0865IJ7UK/0Uo90anRlYYYHOSjm4Go6/Pz+YW57TOc8jxfBDTn23aEdeG6BDPIcV+6jFqvvM7IxfLMV
N1DEO0L5WTbqmOueQ6S/XKYCD28adnpdb5oJScb6zlIUILI+L7LV9EmgYWdPkbdOUz1zmABdQkrSCyDT+PfBC5wtcrMb
uIujlxk0tsh8xhh9gG9Cik07P8skqSmS7OYRH9DlbjEOld5OULYQJEZ+T2arjGJGI2To8S+xXs8dL+vB/coXmSN1sxo=
IuJ9HjeTrRgYN8n0dXKn7Bdw7a/PDsAv1g6ODbsytelaErqigLg+vqMqQYS9yP3H8znjnifFP1hMZXYaBmPcs+Tf9TuINX6zFw==
B0hzREvDglf3ZIVyFuFjlxRw7a/PDsAv1g6ODbsytelaErqigLg+vqMqQYS9yP3H8znjnifFP1hMZXYaBmPcs+Tf9TuINX6zFw==
XrTQtNPcvG5s2l7VrR+8NvctNglVOD0TPI8UR9ypi1QRI7M1QvbE406zandPkbdOUz1znwBdQkrSCyDT+PfBC5wtcrMb
+xJg90pTl5329MRxPGg26PctNglVOD0TPIsWSdypi1QRI7M1QvbE406zandPkbdOUz1znwBdQkrSCyDT+PfBC5wtcrMb
de0VpoEIQ3H8zQ+FKsOsjtG70I+EsA6KxURPr7Y22NeUzQh2D/EfrTqQ13YKqEeGz9cDm2bxKR371+HQH5cnd7Mc
ZSzbSx0G7mGKO1esTxpPPpGTh++VDSi/sMAj8jWL5MeZTjpAn2hSFgF908jXnZ2iZyxLNejNFmG5gGnDCOPK6aABXyQl+9+1rq7wExobltcTeYMeh4UfXiwllpqmo/yzxB+Vu2h1XrM3
hWV+GPyqU4tcMV0yyOWTWpyzTw1KpHa8NZdfPKyFLM6+mdZMJwQ87vO+ipIeRCnpyy1xpKqO52G9GRFlQwDo1E201QNUR4eDlRVfhuss4ibjRO7R79Heb13P66E9apd5Y1WzOg==
OcG0AzYdaxQE4AszlNAixjHe5PvT8cM9bd3TNrhiRmGEUl4WDWXH+KO1gUJbRB/lHPVaIXV43ZNcSzZJPGnr1LFjUzUiNmRjrvMKd2/RV84z/VOe4B3iynJLwNPYN2GLfG1Sszs=
s/fozmcQFIkv3xwWZCXKsyy9lQathGIWMZ3jiGd9LSL3zJt1uC0GYamguYNYQ1pp0KGvZFXbL7XejgDTartmV4PZU97XpQ9ePEVGWvbDbDN0fyV7WBVuswc=
lWUzBlEZrQG316CDvz53RckSiGRQhmA3s5FmFjWV/5iLRUkCE5S3hYRlwqHt6EUzNJv+CXRZA/TJU6s1WgacQ8bDwrcngb9uq23LHniNeiraGwgTkEdJa0QdarMD
LDdez1SOEinVKVX7ugnv2+Ahp0FhtEEthJFmFjWV/5iLRUkCE5S3hYRlwqHt6EUzNJv+CXRZA/TJU6s1WgacQ8bDwrcngb9uq23LHniNeiraGwgTkEdJa0QdarMD
UwUFsEPjRLUi9Di0nzShMIV90rCuxreYjtmx2bl0UraF3TI9F4/QcoWCJeNJL+7lJ+msT9c81NKOQLihuZEAZELEzYJut6Lz+rVW7ltj3PMxMZgjDzRJdKcLbFyYbOpNvCNh5FUssLSyNLe7CU/lHXITQaScHOKVC+NYmGi/u+DedObidWirvDJciONZarVICLRsSjliZ03jJheflVxohB0G05xQNA6pe6xp5qsMYsYj5O5xLzFeTx2v60H9ShcZI/Wzmg==
dSsM0fZ9J0O3aiS828zvRPctNglVOD0TPI8UR9ypi1QRI7M1QvbE406zandPkbdOUz1zmgVdTkzSDSDT+PfBC5wtcrMb
QyMTWZr+8GbEAttGUWdZ73WAsKSysZN8NMTEPZ51T3CtRQMYKDafyK2+lAEKH0r/V+9NKj02/4lGXgIIeUjri7lzQz8Dc3QzrO8AaG/RV84z/VOa5R3uzHJNwNPYN2GLfG1Sszs=
QWS9EGK8K0Ow+VLL2ZEdTN7mHVsP/TetA4BZMLKYHdmM1v8PZS4P4PirycFFETOi0Tp67OSs/XuoLVAgYwC33F2k3yIRV9eBiR9Ahuss4ibjROrU793Yb1vP66E9apd5Y1WzOg==
frzRGSUya9cLtYEAjIUD1ppQ2CsEzD5L4O54FTeP5J72ARszUo+my5s+l+D9vkM0L4rfSDJ4A6vBQ7s/e0OME8TfyKgngb9uq23LGn2NdizaHQgTkEdJa0QdarMD
sQnQXgCyIR3oQYrboUSlmnWAsKSysZN8NMTEPZ51T3CtRQMYKDadyK2+lAEKH0r/V+9NKj02/4lGXgIIe0jri7lzQz8Dc3QzrO8AaG/RV84z/VOa5R3uzHJNwNPYN2GLfG1Sszs=
8pwljH5RogtTu3o7Jcje05pQ2CsEzD9L4O54FTeP5J72ARozUo+my5o+l+D9vkM0L4rfSDF4A6vBQ7s/e0OME8TfyKgngb9uq23LGn2NdizaHQgTkEdJa0QdarMD
I6RifY5T58AMSHbIz5ZM5nkrm5h70w5lETAzZVj80r5kQkkjmdbaxy+6U7kP8uWW82+WRRAoXeaPrmFaH1iloX/jJfHQDG+qerR/2gqOuwsQLRcBG4tZTG9LH2uzAA==
8w5uqBQteR4pGhoWI/0sLXWAsKSysZN8NMTEPZ51T3CtRQMYKDacyK2+lAEKH0r/V+9NKj02/4lGXgIIekjri7lzQz8Dc3QzrO8AaG/RV84z/VOa5R3uzHJNwNPYN2GLfG1Sszs=
Ceo030UoNfi1WQrAODgdhN7mHVsP/TetA4BZMLKYHdmM1v8PZy4P4PirycFFETOi0Tp67OSs/XuoLVAiYwC33F2k3yIRV9eBiR9Ahuss4ibjROrU793Yb1vP66E9apd5Y1WzOg==
OnfkNV4hvf//T6L0CUdBnk47Lhj+hsWEkPB1AQPIvf3TOlC0qmhW+prP+cyZ2Yv27AFwJV4UPmYN60TQIRze0NiHD/ja0bXNeSNbpwl/SaeWG77rCniF9QWGcSm5Oo+JbETg6aqDEvOzox55WLMx
K/fJzaBncWEjd9hlqx+S59J4EyYSiiqIaWNhRrfrZyCI6jCukVAbE1XAq5CLhlxxOX8JU/tU5VAawhie5X2s10A9DyJfCgnun+zNBa8nbYXw+GeuapCX7ko6U6+AqZ/1u/8RiL9vd1+zNA==
iM4YvgH6zjo6O9ArdVyzjtPMwr7RZH2ou8sk5jis2MeDWRUUyGosWQ16mpnWyYikaCpLM7L8B3z4/C6cCfTM4aMhX3st68+/j+vgQxgHnMgTeYMeh4UfWiklmpympfyzxB+Vu2h1XrM3
SVLG3aGJLfjKVZl5gLelUkp6IHCJwnqDnwjZr54OohiqVzGtj5y3xZ2Nif2TAwx5bmFb3MDWEq90xw8bwLZaZWoINU8Fs9cvjf/NLxqLQnOuGOFN2Xa9Yf16S0GgdLyRjqP264+zEnFcszU=
0ZHHTAebLpgm01MWzFoNTEp6IHCJwnqDnwjZr54OohiqVzGtj5y0xZ2Nif2TAwx5bmBb3MDWEq90xw8bwLZaZWoINU8Fs9cvjf/NLxqLQnOuGOFN2Xa9Yf16S0GgdLyRjqP264+zEnFcszU=
dSsM0fZ9J0O3aiS828zvRPctNglVOD0TPI8UR9ypi1QRI7M1QvbE406zandPkbdOUz1zmgVdTkzSDSDT+PfBC5wtcrMb
8pwljH5RogtTu3o7Jcje05pQ2CsEzD9L4O54FTeP5J72ARozUo+my5o+l+D9vkM0L4rfSDF4A6vBQ7s/e0OME8TfyKgngb9uq23LGn2NdizaHQgTkEdJa0QdarMD
I6RifY5T58AMSHbIz5ZM5nkrm5h70w5lETAzZVj80r5kQkkjmdbaxy+6U7kP8uWW82+WRRAoXeaPrmFaH1iloX/jJfHQDG+qerR/2gqOuwsQLRcBG4tZTG9LH2uzAA==
frzRGSUya9cLtYEAjIUD1ppQ2CsEzD5L4O54FTeP5J72ARszUo+my5s+l+D9vkM0L4rfSDJ4A6vBQ7s/e0OME8TfyKgngb9uq23LGn2NdizaHQgTkEdJa0QdarMD
8w5uqBQteR4pGhoWI/0sLXWAsKSysZN8NMTEPZ51T3CtRQMYKDacyK2+lAEKH0r/V+9NKj02/4lGXgIIekjri7lzQz8Dc3QzrO8AaG/RV84z/VOa5R3uzHJNwNPYN2GLfG1Sszs=
sQnQXgCyIR3oQYrboUSlmnWAsKSysZN8NMTEPZ51T3CtRQMYKDadyK2+lAEKH0r/V+9NKj02/4lGXgIIe0jri7lzQz8Dc3QzrO8AaG/RV84z/VOa5R3uzHJNwNPYN2GLfG1Sszs=
QyMTWZr+8GbEAttGUWdZ73WAsKSysZN8NMTEPZ51T3CtRQMYKDafyK2+lAEKH0r/V+9NKj02/4lGXgIIeUjri7lzQz8Dc3QzrO8AaG/RV84z/VOa5R3uzHJNwNPYN2GLfG1Sszs=
QWS9EGK8K0Ow+VLL2ZEdTN7mHVsP/TetA4BZMLKYHdmM1v8PZS4P4PirycFFETOi0Tp67OSs/XuoLVAgYwC33F2k3yIRV9eBiR9Ahuss4ibjROrU793Yb1vP66E9apd5Y1WzOg==
Ceo030UoNfi1WQrAODgdhN7mHVsP/TetA4BZMLKYHdmM1v8PZy4P4PirycFFETOi0Tp67OSs/XuoLVAiYwC33F2k3yIRV9eBiR9Ahuss4ibjROrU793Yb1vP66E9apd5Y1WzOg==
OnfkNV4hvf//T6L0CUdBnk47Lhj+hsWEkPB1AQPIvf3TOlC0qmhW+prP+cyZ2Yv27AFwJV4UPmYN60TQIRze0NiHD/ja0bXNeSNbpwl/SaeWG77rCniF9QWGcSm5Oo+JbETg6aqDEvOzox55WLMx
iM4YvgH6zjo6O9ArdVyzjtPMwr7RZH2ou8sk5jis2MeDWRUUyGosWQ16mpnWyYikaCpLM7L8B3z4/C6cCfTM4aMhX3st68+/j+vgQxgHnMgTeYMeh4UfWiklmpympfyzxB+Vu2h1XrM3
K/fJzaBncWEjd9hlqx+S59J4EyYSiiqIaWNhRrfrZyCI6jCukVAbE1XAq5CLhlxxOX8JU/tU5VAawhie5X2s10A9DyJfCgnun+zNBa8nbYXw+GeuapCX7ko6U6+AqZ/1u/8RiL9vd1+zNA==
SVLG3aGJLfjKVZl5gLelUkp6IHCJwnqDnwjZr54OohiqVzGtj5y3xZ2Nif2TAwx5bmFb3MDWEq90xw8bwLZaZWoINU8Fs9cvjf/NLxqLQnOuGOFN2Xa9Yf16S0GgdLyRjqP264+zEnFcszU=
0ZHHTAebLpgm01MWzFoNTEp6IHCJwnqDnwjZr54OohiqVzGtj5y0xZ2Nif2TAwx5bmBb3MDWEq90xw8bwLZaZWoINU8Fs9cvjf/NLxqLQnOuGOFN2Xa9Yf16S0GgdLyRjqP264+zEnFcszU=
dSsM0fZ9J0O3aiS828zvRPctNglVOD0TPI8UR9ypi1QRI7M1QvbE406zandPkbdOUz1zmgVdTkzSDSDT+PfBC5wtcrMb
dSsM0fZ9J0O3aiS828zvRPctNglVOD0TPI8UR9ypi1QRI7M1QvbE406zandPkbdOUz1zmgVdTkzSDSDT+PfBC5wtcrMb
dSsM0fZ9J0O3aiS828zvRPctNglVOD0TPI8UR9ypi1QRI7M1QvbE406zandPkbdOUz1zmgVdTkzSDSDT+PfBC5wtcrMb
QBkjkAySd3NuQ9/wrPmXqzthThp2YmkyY/CSwrvIKsAHoUgrY+OLVXV2p937GbNu
CdC16uzREXov8rbleV4/hs7RUkHLkaU+ij8oliEVVX1vSIfeqgD3Pkpqsz/AWf9FO48xuP//1w+zZA==
/nXzU5uvJLUPKo4BW+KqUY9d8kREad3BNHTEIZs7jcWdZlk5Qbo3mQTkeJmiQ5oji8P2yQCzaQ==
+WWRbXtMqkwHeB5yco7ZEvrAoBn2jzM/4JazGXkAHcm/smU4IR0iiWTBSwTja+IzireCFVUsDx/t9RxKWpuQjzSHUa1pNo2B7XpbYVA0zDF+I2ZLX3NCEWyzBQ==
7szDJY4VD6PCP+B73+qaSOAhp0FhtEEthJFmFjWV/5iLRUkCE5S3hYRlwqHt6EUzNJ/8B3RZA/TJU6s1WgacQ8bDwrcngb9uq23LGn2NdizaHQgTkEdJa0QdarMD
SGla0YsCyEm8D4cPbtMmbckSiGRQhmA3s5FmFjWV/5iLRUkCE5S3hYRlwqHt6EUzNJ/8B3RZA/TJU6s1WgacQ8bDwrcngb9uq23LGn2NdizaHQgTkEdJa0QdarMD
8Ky0bKdfKdmOES78aX3kzyy9lQathGIWMZ3jiGd9LSL3zJt1uC0GYamguYNYR1hn0KGvZFXbL7XejgDTartmV4PZU97XpQ9aOUVKXPbFbDN0fyV7WBVuswc=
BrtxUUb0cjY2GdRXf+eQuTHe5PvT8cM9bd3TNrhiRmGEUl4WDWXH+KO1gUJbRB/lHPVaIXV43ZNcTzRHPGnr1LFjUzUiNmRjrvMKd2/RV84z/VOa5R3uzHJNwNPYN2GLfG1Sszs=
PgpPO97dH8LuHZLL6aTMhZyzTw1KpHa8NZdfPKyFLM6+mdZMJwQ87vO+ipIeRCnpyy1xpKqO52G5Gx9lQwDo1E201QNUR4eDlRVfhuss4ibjROrU793Yb1vP66E9apd5Y1WzOg==
/GHO6Pc75SgI01Bw1KafIJGTh++VDSi/sMAj8jWL5MeZTjpAn2hSFgF908jXnZ2iZyxLNejNFmG5gGnDCOfI56ABXyQl+9+1rq7wExobltcTeYMeh4UfWiklmpympfyzxB+Vu2h1XrM3
y6P5vlYYwJeUqG0mfuBh8wl+bz9ce25+TeGGoEQFOva3uedQLrXOPFEuKcXx5ApvievfN0sw48mJ2Sxxv2yiBHlox34q4LceSUpzX0D5P2U7b3FYf18Xb7ME
