k5fDXJvABYoYSVR/gpdZ+wSCt5QBY2eUjCoXscJHPgJsVW3J2sTxVRiz3o+JPxqd8gbTfL4Of1KjkBKie6gvoMfIzEukg4s3tRYnvTt+tBs=
TK9gtOlsC6mSZsM6FvC944V90rCuxreYjtmx2bl0UraF3TI9F4/QcoWCJeNJL+7lJ+msT9c81NKOQLihuZEAZELEzYJut6Lz+rVW7ltj3PMxMZgjDzRJdKcLbFyYbOpNvCNh5FUssLSyNLe7CU/lHXITQaScHOKVC+NYmGi/u+DedObidWirvDJciONZarVICLRsSjliZ03jJheflVxohB0G05xQNA6pe6xp5qsMYsYj5O90LzRcTxyv60P9ShcZI/K0jw==
EAzjnLGz8PNx4f7/xBX9uoV90rCuxreYjtmx2bl0UraF3TI9F4/QcoWCJeNJL+7lJ+msT9c81NKOQLihuZEAZELEzYJut6Lz+rVW7ltj3PMxMZgjDzRJdKcLbFyYbOpNvCNh5FUssLSyNLe7CU/lHXITQaScHOKVC+NYmGi/u+DedObidWirvDJciONZarVICLRsSjliZ03jJheflVxohB0G05xQNA6pe6xp5qsMYsYj5O50LzRcTxyv60P9ShcZI/K0jw==
SDO+TDTYNuizJFAyGMII1RHwceNAc3KpuDEXxJ2rN7XGfkhz0iuOF6vpSz6fdbfTwRWLeO4yBPPe790bkCVxtAo=
8s7aeGT4N/RlMxLxUwxjMiTwNtoI8NMY4J4zMuqNpwdoL1zQzJCTKEsmpNAXM9wUvZ1DUhlkaLvJ44qOZHz1hcwSCwCD+/VV1UZBSakyn6kVADAOGgOAU0NjThlvtBQ=
sk4YDr/N7VqlURPTDyPIWAnr3UNyQfH9qmZTB8oLUo3fvagzkTy4JEE57O9mT+rHnpg8TIiq8ty/IHemSlgnlsLC4+6koYiteyWBAF+nB2C0GQ==
Ps7uJO/02F+xpf5lZh583qICD28adnpdb5oJScb6zlIUILI+L7LV9EmgYWdPkbdOUz1zkgVdR0jSCiDT+vfBC5wtdbQO
lXIiw0zviSbiDj9l2Wqp6qMCD28adnpdb5oJScb6zlIUILI+L7LV9EmgYWdPkbdOUz1zkgVdR0jSCiDT+vfBC5wtdbQO
ZpBxK7WtWU8KNaOVvehZGhZq66/TFsEv1g6ODbsytelaErqigLg+vqMqQYS9yP3H8znjnifFP1JJZXMYBmLcs+bf9TuINXm0Ag==
1emJY8yobKDeG3l5bAa9wiYziATcsfy14eDQY1E31oqTlEAPOuvCCKCgv1OUcUmK3L7RR2B9Duk+jd5WYG5wvPYmjz6blAKek/xibJ9sPNcsdyubTVJ3QRNqtBc=
Wv7jd04LWBto/1T4oJcRaxZw7a/PDsAv1g6ODbsytelaErqigLg+vqMqQYS9yP3H8znjnifFP1JJZXMYBmLcs+bf9TuINXm0Ag==
qjy4a6swgnw+7CSfnf4WYPctNglVOD0TPI8UR9ypi1QRI7M1QvbE406zandPkbdOUz1zkgVdR0jSCiDT+vfBC5wtdbQO
HZEdtb9g1/yjN/8bT2clGfctNglVOD0TPIsWSdypi1QRI7M1QvbE406zandPkbdOUz1zkgVdR0jSCiDT+vfBC5wtdbQO
PzASiz5EWpLEeU5Dd4JX29G70I+EsA6KxURPr7Y22NeUzQh2D/EfrTqQ13YKqEeGwtIDnmTxKB371eHQH5cncLQJ
jk+ZBurhd1+W+gLu5XkNr5GTh++VDSi/sMAj8jWL5MeZTjpAn2hSFgF908jXnZ2iZyxLNejNFmG5gGnDCOPK6aABXyQl+9+1rq7wExobltcTeYMeh4UfWyglk5imovyzxh+Vu2h1WbQi
trkuEKLNP6d53Cjv29vgmpyzTw1KpHa8NZdfPKyFLM6+mdZMJwQ87vO+ipIeRCnpyy1xpKqO52G9GRFlQwDo1E201QNUR4eDlRVfhuss4ibjROvV79Tcb1zP66M9apd5Y1K0Lw==
NoJ/NeGu7oO7MxLN5ZfzDjHe5PvT8cM9bd3TNrhiRmGEUl4WDWXH+KO1gUJbRB/lHPVaIXV43ZNcSzZJPGnr1LFjUzUiNmRjrvMKd2/RV84z/VOb5B3nyHJKwNPaN2GLfG1VtC4=
+oYJujtuXh6/rNqY/uxh5iy9lQathGIWMZ3jiGd9LSL3zJt1uC0GYamguYNYQ1pp0KGvZFXbL7XejgDTartmV4PZU97XpQ9bOEVDWPbCbDN2fyV7WBVptBI=
3d5qBjjjJ/E9m7Bu3XWdH8kSiGRQhmA3s5FmFjWV/5iLRUkCE5S3hYRlwqHt6EUzNJv+CXRZA/TJU6s1WgacQ8bDwrcngb9uq23LG3yNfyjaGggTkkdJa0QdbbQW
GkiwxEwYJWwkmYEKcQq7AeAhp0FhtEEthJFmFjWV/5iLRUkCE5S3hYRlwqHt6EUzNJv+CXRZA/TJU6s1WgacQ8bDwrcngb9uq23LG3yNfyjaGggTkkdJa0QdbbQW
UGGRuWZ3vqzFa82yQCWRdvrAoBn2jzM/4JazGXkAHcm/smU4IR0iiWTBSwTja+I3iLmCFVUsDx/t9RxKWpuQjzSHUa1pNo2B7XtaYVkwzDZ+I2RLX3NCEWu0EA==
w8iLR73dOm4htFLV3qhRj4V90rCuxreYjtmx2bl0UraF3TI9F4/QcoWCJeNJL+7lJ+msT9c81NKOQLihuZEAZELEzYJut6Lz+rVW7ltj3PMxMZgjDzRJdKcLbFyYbOpNvCNh5FUssLSyNLe7CU/lHXITQaScHOKVC+NYmGi/u+DedObidWirvDJciONZarVICLRsSjliZ03jJheflVxohB0G05xQNA6pe6xp5qsMYsYj5Ot1LzRcTxyv60P9ShcZI/K0jw==
c7sFIGMszFn+nniMs6tKiiQOrizDEANKXVfbNlqUXpSv6QbAnavM4Ud2GwAA2P/kr5eIFa6cUooFZ+YcNsjZ/pHDY7cBe0igqXvW29K4PaVtJunZMb4DOfygSL7Sw8gDm4NmaVe0LA==
5oqgkxI7e4IhM6B5Q4r9sXchz4R25fHev7VuOWc6aGcqzmdUpbPK2MZEuvhpMrqn7zVzTk2dhMb5iO6tl5i+z43IR4vQJHS0kneZ6PK6M34vVrFyH3B1Wd97VVkQ5F+yGoyvMozj6z73NSBpWyGp1M8zT0S0PQ==
AznE2pJ2Ls2zSIqRRHzEV5qotTIcPeeVKqxiIhBH5PpxfLOQnOahvJwa1WN1zeXtfLWLPg3jrYLyay7QhYW9Iuw7RdTqJN9DKSkj2vtALcgQdIsfKzMhUqCPkOJvXyOhI30B7wE5XuKX/jPRft+HZCO7K71EKP1mGaQZKOMqbIQdXtLW5oHnc/XcA2BZj6BH7mFySAZRl0qVXlJp3rDT1i7v39QRpgHz0WerAJHQWLcrkUdSAZzZj4t7aiG7n3TLbZzbt4Nz37YtIl7pAZG9pe0madmxvII5eaPIvlLDSAMbg+Zp17Ss
LBl8SH/Ul1ahr9Nkmgz+1iU9f2KxeMK1WxZWX4z0rSVjI7/IFEVtdiNoEupb9a/iTHKHJKPB5EEUnoiTxSou2O70Po8LiCTkER9nEe0GtTADFP5M5UMF0w9Ozrd+/kEvLb0tRQ/zDzlQ/pnGPc1wr6l4zYNFoWrI0zp3nPf0zVoiWNNmnIooQSkvu2TNvBf/DpsA2RwUqLE51vvmvPVwwF1KoFdRSJ8mj29f3yWcH6D2K8UpKc6vfHfT5cOE/RXvOhejJJXrTbMR6mMakDVP4ZN5Ax4HhZ9crCUXmyaifLNGHxW76HXZtKI=
e5JwAuHBgdzJm7zV76R1eoVajE1Zsmvj+TxEg428o1TvacXl1WxiyQYwvbyf4kalfN5h0T832YOCiRQs0ATDLJsgcgnEfiGOzb50gOjEUr8IPom4g1DgNxsdnOTHuitc8YRpgrnfYBB6Tl/lVw4erCe+Cze4bPSu0LS2CJIVLoKyd7BFIQbRknjejuLnCZ0B3Qce1aEmOMKKn9eV6AockaOaEtJmQLEWo5ZOyhiRjWTNkqQyzIhdfE8Hf5BnTaEysD6R4BP+VApGQ8f6udS/wtpcz6KMcwtut8VAWdtRCeSP42/UtK0=
1Thib3Qb4fYAmcrOuTRASwa+5o4C+Ym0xRZz4TB7DjAmayfjaC4q9ONR5h4/LW9cKj/UOMWzX5klKdrfjMkAU5OYROY2S4Sw/cS1iKBS2Lp+ZeAY7ZqjvtxdAwto1tekJ6b5gm2AudF8GkK4S/cnMPK2D9gv1VhCiIQIYoJ6wsviuPoxdIfhSI1YgGjasFf3MVu1ofp3AUiEKBIJoyd4lJDrKxyWUObOLZwb4NpY6C/h/mV0AFCsJqHWF1HLYrcT7Yh4+NWiUzCIQD51EyiJqpMYMnqrgKydNwSv07Rry08FHofla9a0ow==
xNAvVCkd7/Sq2mDdcZZQTFcfeXpUcs7/+wkz+9vRj/f3x/LxtiCLtrdgLtcglaWYq5GZSlm7f364oZWXJCjRlbCCUcsprOqFRPK5An1S7CyIaIpTuHLRdEOcuHsr8UTIp5YzsMGIcY6503gcSqJHyTcixkAX8lP7eKCs4mBYbqTyubZuAvsoyaGKSR7IMhZOh6VF7W1LRhlh6mCOunMPuYgmBH2TlgreZkypGpN6VuZ4vVWI/d78/gxEBTD/66c8B+E53gCyCWyTcsyG9q9fVtl4Zy5qEJduTL9TIocpmHW7fREIv+932LSh
pC5voTMBy9QTtlYVtT/AMwa+5o4C+Ym0xRZz4TB7DjAmayfjaC4q9ONR5h4/LW9cKj/UOMWzX5klKdrfoN4ARJKXWeY2S4Sw/cS1iKBS2Lp+ZeAY7ZqjvtxdAwto1tekJ6b5gm2AudF8GkK4S/cnMPK2D9gv1VhCiIQIYoJ6wsviuPoxdIfhSI1YgGjasFf3MVu1ofp3AUiEKBIJoyd4lJDrKxyWUObOLZwb4NpY6C/h/mV0AFCsJqHWF1HLYrcT7Yh4+NWiUzCIQD51EyiJqpMYMnqrgKydNwSv07Rry08FHofla9a0ow==
NZd3CY/zBWIJY5+G5YsyMVcfeXpUcs7/+wkz+9vRj/f3x/LxtiCLsLdgLtcmlaWYq5GZSlm7f364oZWXNS7TgLSWUcsprOqFRPK5An1S7CyIaIpTuHLRdEOcuHsr8UTIp5YzsMGIcY6503gcSqJHyTcixkAX8lP7eKCs4mBYbqTyubZuAvsoyaGKSR7IMhZOh6VF7W1LRhlh6mCOunMPuYgmBH2TlgreZkypGpN6VuZ4vVWI/d78/gxEBTD/66c8B+E53gCyCWyTcsyG9q9fVtl4Zy5qEJduTL9TIocpmHW7fREIv+932LSh
EpjnBsNyfKkftppdzqLmvJqotTIcPeeVKqxiIhBH5PpxfLOQnOahuo1CjXNjxrGye7aeF0uA6sDlMzmQgbe6NPkmRdTqJN9DKSkj2vtALcgQdIsfKzMhUqCPkOJvXyOhI30B7wE5XuKX/jPRft+HZCO7K71EKP1mGaQZKOMqbIQdXtLW5oHnc/XcA2BZj6BH7mFySAZRl0qVXlJp3rDT1i7v39QRpgHz0WerAJHQWLcrkUdSAZzZj4t7aiG7n3TLbZzbt4Nz37YtIl7pAZG9pe0madmxvII5eaPIvlLDSAMbg+Zp17Ss
/4pQ9OrVlLzIlBneAJBv0ZqotTIcPeeVKqxiIhBH5PpxfLOQnOahuo1CjXNjxrGye7aeF0uA6sDlMzmQiKSwKfkkRdTqJN9DKSkj2vtALcgQdIsfKzMhUqCPkOJvXyOhI30B7wE5XuKX/jPRft+HZCO7K71EKP1mGaQZKOMqbIQdXtLW5oHnc/XcA2BZj6BH7mFySAZRl0qVXlJp3rDT1i7v39QRpgHz0WerAJHQWLcrkUdSAZzZj4t7aiG7n3TLbZzbt4Nz37YtIl7pAZG9pe0madmxvII5eaPIvlLDSAMbg+Zp17Ss
yEwMPJn1WEnr9zDstDUvnIrYZ6zggYmsj0eGIY3fGXe6ewBMLh7Fh4pNPWYxKe7wI9KMwb2D7Te4UzTBU4vfPyvdgLSOQswYtwCgZJWX24GBvlHQp0yS/DmLwZNLBhJHUqYlDwlFAVVz+ws5VPbl1hE1VI/NIOFzmekuiBfyqyybrGm6xuC/9iACrMGtpwf0IQRzn6pD7GlAXOxx/R6nlpAtlOB5MoxHrUCbJotno88J5DuAEvPpWXUGa7wzm7lzaCWxj16vT7QpY8kzlWLfivyNqwE3IW+u201bHOhty2sK+hiTYuc5q5R93bSm
x4u3IAbr4yUxM98b203/E3chz4R25bWU4eg7OWwdOjIw31ZVo4OLzNxm9q1pPpny7xNzERaN35Pjn+WrnLnquovEUZ/YHxPn0WCQ+fW8Nn4vVrFyG3liXt97VVkQ5F+yGoyvMovg6z73NSBpWyGp1M8zT0S0PQ==
6cwc/GLVNd7iSWnnn70NXfctNglVOD0TPI8UR9ypi1QRI7M1QvbE406zandPkbdOUz1zmgFdRE3SDiDT+vfBC5wtdbQO
R8twVBwjbJX43/nQir+WezthThp2YmkyY/CSwrvIKsQHq0krYOOLV3V2p937HrR7
QGXadVbt9UzuxwfsaPni1M7RUkHLkaU+ij8oliEVVX1vSIfeqgD3PkpuszXBWfxFO40xuP//1wi0cQ==
5rBRfvgAN28Y+fF+A3NH5o9d8kREad3BNHTEIZs7jcWdZlk5QbozmQ7leJqiQ5gji8P2yQe0fA==
OBubKdmoW04yFEIFEHPMjPrAoBn2jzM/4JazGXkAHcm/smU4IR0iiWTBSwTja+IzireCFVUsDx/t9RxKWpuQjzSHUa1pNo2B7XpfYVo1zDJ+I2RLX3NCEWu0EA==
l/q3GcvrumthVUeLJZeG7+Ahp0FhtEEthJFmFjWV/5iLRUkCE5S3hYRlwqHt6EUzNJ/8B3RZA/TJU6s1WgacQ8bDwrcngb9uq23LGnmNfC3aHggTkkdJa0QdbbQW
C/sRMRJMiHkwgYC3o5nkM8kSiGRQhmA3s5FmFjWV/5iLRUkCE5S3hYRlwqHt6EUzNJ/8B3RZA/TJU6s1WgacQ8bDwrcngb9uq23LGnmNfC3aHggTkkdJa0QdbbQW
/Tzq5oalyFtdEgFSNF428Cy9lQathGIWMZ3jiGd9LSL3zJt1uC0GYamguYNYR1hn0KGvZFXbL7XejgDTartmV4PZU97XpQ9aPUVAXfbGbDN2fyV7WBVptBI=
7nBzj7ngMckQp77O2iMf/DHe5PvT8cM9bd3TNrhiRmGEUl4WDWXH+KO1gUJbRB/lHPVaIXV43ZNcTzRHPGnr1LFjUzUiNmRjrvMKd2/RV84z/VOa4R3kzXJOwNPaN2GLfG1VtC4=
9KD7Ub5tpLua68Q13vPNTJyzTw1KpHa8NZdfPKyFLM6+mdZMJwQ87vO+ipIeRCnpyy1xpKqO52G5Gx9lQwDo1E201QNUR4eDlRVfhuss4ibjROrQ79fZb1jP66M9apd5Y1K0Lw==
YTAkG0atYzjxZzrgJwiDBZGTh++VDSi/sMAj8jWL5MeZTjpAn2hSFgF908jXnZ2iZyxLNejNFmG5gGnDCOfI56ABXyQl+9+1rq7wExobltcTeYMeh4UfWi0lkJ2mpvyzxh+Vu2h1WbQi
edAfIq1HL1JFcKF4tuGj/Al+bz9ce25+TeGGoEQFOva3uedQLrXOPFEuKcXx5ApvievfN0sw48mJ2Sxxv2yiBHlox34q4LceSk5zVUH5PGU7bXFYf18XaLQR
