IXCJT1Bt5A7p2ckqsgTTnASCt5QBY2eUjCoXscJHPgJsVW3J2sTxVRiz3o+JPxqd8gbTfL4Of1KjkBKie6gqpsfBzEugg4sytRYnvTt5qRA=
lACw/3UaYt4ZH9LdUCWQ34V90rCuxreYjtmx2bl0UraF3TI9F4/QcoWCJeNJL+7lJ+msT9c81NKOQLihuZEAZELEzYJut6Lz+rVW7ltj3PMxMZgjDzRJdKcLbFyYbOpNvCNh5FUssLSyNLe7CU/lHXITQaScHOKVC+NYmGi/u+DedObidWirvDJciONZarVICLRsSjliZ03jJheflVxohB0G05xQNA6pe6xp5qsMYsYj5OpyLz1cTxiv60b9ShcZI/WphA==
s3/vxhce/NaPZnTyt2rR8YV90rCuxreYjtmx2bl0UraF3TI9F4/QcoWCJeNJL+7lJ+msT9c81NKOQLihuZEAZELEzYJut6Lz+rVW7ltj3PMxMZgjDzRJdKcLbFyYbOpNvCNh5FUssLSyNLe7CU/lHXITQaScHOKVC+NYmGi/u+DedObidWirvDJciONZarVICLRsSjliZ03jJheflVxohB0G05xQNA6pe6xp5qsMYsYj5OlyLz1cTxiv60b9ShcZI/WphA==
6Ys6kDUKRZSLDull9iUWRxHwceNAc3KpuDEXxJ2rN7XGfkhz0iuOF6vpSz6fdbffxxWCeO42BPPb790bkCV2qQE=
XHvChU7gPNL8/DPTL7vpFJaApYEaQpG1HxJpf2kC4CevCmkLFV1sEDuQ/LrAe9bzAZsWMo47/HZlqQzZMGd48MBwuShLQV0iTuWUWZmttX4ltPlWNzwaO8MATStXMoqek8gaJVcOXbdT/AGuew6RL/gcGTT66cOrAMpmPHfBxlqBVJGrZwH/buvtix87DTYomp7IE1fHiWuEnaqp3Q==
YTwCLPKgEuAdoa8fh0BS0iYziATcsfy14eDQY1E31oqTlEAPOuvCCKCgv1OUcUmK3L7RR2B9Duk+jd5WYG5wvPYmjz6blAKek/xuap9lPNcodyueTVJ3QRNtqRw=
PxfdlRsqt1T4lnaISvV8D2gV3fMmf4Opc490anRlYYYHOSjm4Go6/Pz+YW57TOc8jxfBDTn23aEdfm2BAPAcUu6jEavvM7IxfKkL
e1NTdWj2sCRQ1kIj38CXMWgV3fMnf4Opc490anRlYYYHOSjm4Go6/Pz+YW57TOc8jxfBDTn23aEdfm2BAPAcUu6jEavvM7IxfKkL
K0M+iCVLRvI6XlUBfQMBRkFz57ZRH1PnJQWV75LG0r0XalGJ/qoWMvwwuj4nor0UEXBZJ5fhTy77jfsei60m6Gq++JMHpxkrtD16qQ0=
jOizYiMZL0/kUDTRdADc60Fz57ZRH1DnJQWV75LG0r0XalGJ/qoWMvwwuj4nor0UEXBZJ5fhTy77jfsei60m6Gq++JMHpxkrtD16qQ0=
mFZmiXSvzeOzt02Nx1Q6XEFz57ZRH1HnJQWV75LG0r0XalGJ/qoWMvwwuj4nor0UEXBZJ5fhTy77jfsei60m6Gq++JMHpxkrtD16qQ0=
MLDMkgFK8hpafvlSMdeHYh8dy5hWbO3eYY90anRlYYYHOSjm4Go6/Pz+YW57TOc8jxfBDTn23aEdfm2BAPAcUu6jEavvM7IxfKkL
OHzp2pERMapJXbpOWFmq1xwdy5hWbO/eYY90anRlYYYHOSjm4Go6/Pz+YW57TOc8jxfBDTn23aEdfm2BAPAcUu6jEavvM7IxfKkL
V57896573PjqlCFM5F2X/R0dy5hWbOneYY90anRlYYYHOSjm4Go6/Pz+YW57TOc8jxfBDTn23aEdfm2BAPAcUu6jEavvM7IxfKkL
S2GqluBHz3sz53kxI9Wc1R0dy5pWbOneYY90anRlYYYHOSjm4Go6/Pz+YW57TOc8jxfBDTn23aEdfm2BAPAcUu6jEavvM7IxfKkL
t9ri58cZB5ALOyqAVeOyPmgV3fMnf4Orc490anRlYYYHOSjm4Go6/Pz+YW57TOc8jxfBDTn23aEdfm2BAPAcUu6jEavvM7IxfKkL
PuFbPtlVq2yws2P9ZAm00kFz57ZRH1HnJQeV75LG0r0XalGJ/qoWMvwwuj4nor0UEXBZJ5fhTy77jfsei60m6Gq++JMHpxkrtD16qQ0=
84eUSdkSrzMcgWgT5Wj4tkFz57ZRH1DnJQeV75LG0r0XalGJ/qoWMvwwuj4nor0UEXBZJ5fhTy77jfsei60m6Gq++JMHpxkrtD16qQ0=
efZmaf4EIC0+cNCX1Bkv1hwdy5pWbO/eYY90anRlYYYHOSjm4Go6/Pz+YW57TOc8jxfBDTn23aEdfm2BAPAcUu6jEavvM7IxfKkL
ry19b5ukj/ZyrNyd8/I0BWgV3fMmf4Orc490anRlYYYHOSjm4Go6/Pz+YW57TOc8jxfBDTn23aEdfm2BAPAcUu6jEavvM7IxfKkL
piQB+8jeIZlEVTjyzPdTm0Fz57ZRH1PnJQeV75LG0r0XalGJ/qoWMvwwuj4nor0UEXBZJ5fhTy77jfsei60m6Gq++JMHpxkrtD16qQ0=
FRvc+rEYg15jDRRNUytxfR8dy5pWbO3eYY90anRlYYYHOSjm4Go6/Pz+YW57TOc8jxfBDTn23aEdfm2BAPAcUu6jEavvM7IxfKkL
N6L85klzBfAkj5tQyt+J7xwdy5tWbO/eYY90anRlYYYHOSjm4Go6/Pz+YW57TOc8jxfBDTn23aEdfm2BAPAcUu6jEavvM7IxfKkL
ZZHlew3n6FNqYM4ovptKuUFz57ZRH1HnJQaV75LG0r0XalGJ/qoWMvwwuj4nor0UEXBZJ5fhTy77jfsei60m6Gq++JMHpxkrtD16qQ0=
WESvzNTWHp5cU0I0sQfCfR0dy5tWbOneYY90anRlYYYHOSjm4Go6/Pz+YW57TOc8jxfBDTn23aEdfm2BAPAcUu6jEavvM7IxfKkL
5rynXEKlxqoV0EMNjiUh2mgV3fMmf4Oqc490anRlYYYHOSjm4Go6/Pz+YW57TOc8jxfBDTn23aEdfm2BAPAcUu6jEavvM7IxfKkL
A+wr/GH+vA1n4lSDt4LSA0Fz57ZRH1DnJQaV75LG0r0XalGJ/qoWMvwwuj4nor0UEXBZJ5fhTy77jfsei60m6Gq++JMHpxkrtD16qQ0=
vBki6YF+rDz52jI8bGaLFCcziATcsfy14eDQY1E31oqTlEAPOuvCCKCgv1OUcUmK3L7RR2B9Duk+jd5WYG5wvPYmjz6blAKek/xuap9lPNcodyueTVJ3QRNtqRw=
Y4ZAVslaoF5fgUVCA5EO42gV3fMnf4Oqc490anRlYYYHOSjm4Go6/Pz+YW57TOc8jxfBDTn23aEdfm2BAPAcUu6jEavvM7IxfKkL
cLIDdPEL0hUASKbaTZgMQR8dy5tWbO3eYY90anRlYYYHOSjm4Go6/Pz+YW57TOc8jxfBDTn23aEdfm2BAPAcUu6jEavvM7IxfKkL
ZIiLfScb2xFnf8eAUAuomUFz57ZRH1PnJQaV75LG0r0XalGJ/qoWMvwwuj4nor0UEXBZJ5fhTy77jfsei60m6Gq++JMHpxkrtD16qQ0=
JJW7PkhcEGg4B5c+cxsRSWgV3fMnf4Ouc490anRlYYYHOSjm4Go6/Pz+YW57TOc8jxfBDTn23aEdfm2BAPAcUu6jEavvM7IxfKkL
vcLlUFmminIwFT82P1xqqUFz57ZRH1PnJQKV75LG0r0XalGJ/qoWMvwwuj4nor0UEXBZJ5fhTy77jfsei60m6Gq++JMHpxkrtD16qQ0=
M0RNqskez26Mns5JB4U6xUFz57ZRH1HnJQKV75LG0r0XalGJ/qoWMvwwuj4nor0UEXBZJ5fhTy77jfsei60m6Gq++JMHpxkrtD16qQ0=
EocZDszSLgTXkqpTF4trkmgV3fMmf4Ouc490anRlYYYHOSjm4Go6/Pz+YW57TOc8jxfBDTn23aEdfm2BAPAcUu6jEavvM7IxfKkL
JKwFHB9cA3EYNCqwvjAJfhwdy59WbO/eYY90anRlYYYHOSjm4Go6/Pz+YW57TOc8jxfBDTn23aEdfm2BAPAcUu6jEavvM7IxfKkL
a8bNLpMt1M7GxRLLxEtRd0Fz57ZRH1DnJQKV75LG0r0XalGJ/qoWMvwwuj4nor0UEXBZJ5fhTy77jfsei60m6Gq++JMHpxkrtD16qQ0=
G75prE/9IOc88c2pgLF/0h8dy59WbO3eYY90anRlYYYHOSjm4Go6/Pz+YW57TOc8jxfBDTn23aEdfm2BAPAcUu6jEavvM7IxfKkL
pgmVzjk173B7+ldWBfrS8B0dy59WbOneYY90anRlYYYHOSjm4Go6/Pz+YW57TOc8jxfBDTn23aEdfm2BAPAcUu6jEavvM7IxfKkL
jLlE/pobKS6nYwU3remqZkFz57ZRH1HnJQOV75LG0r0XalGJ/qoWMvwwuj4nor0UEXBZJ5fhTy77jfsei60m6Gq++JMHpxkrtD16qQ0=
Oovxcvdlwkeru5Tz9Rwa+mgV3fMmf4Ovc490anRlYYYHOSjm4Go6/Pz+YW57TOc8jxfBDTn23aEdfm2BAPAcUu6jEavvM7IxfKkL
HjMUxPtI3ZnpfBhTxUSiRB8dy55WbO3eYY90anRlYYYHOSjm4Go6/Pz+YW57TOc8jxfBDTn23aEdfm2BAPAcUu6jEavvM7IxfKkL
byJHJwVIKaNqpS1IA05FwR0dy55WbOneYY90anRlYYYHOSjm4Go6/Pz+YW57TOc8jxfBDTn23aEdfm2BAPAcUu6jEavvM7IxfKkL
VzhpQB0eDGLCHv8l5xdk8UFz57ZRH1DnJQOV75LG0r0XalGJ/qoWMvwwuj4nor0UEXBZJ5fhTy77jfsei60m6Gq++JMHpxkrtD16qQ0=
kJE6MYgg15N9vYsT+QIsHUFz57ZRH1PnJQOV75LG0r0XalGJ/qoWMvwwuj4nor0UEXBZJ5fhTy77jfsei60m6Gq++JMHpxkrtD16qQ0=
5tWje9jR2ufQhjk7w4EF6WgV3fMnf4Ovc490anRlYYYHOSjm4Go6/Pz+YW57TOc8jxfBDTn23aEdfm2BAPAcUu6jEavvM7IxfKkL
A5LPJNhwaCgDT2m9+9O9DSUziATcsfy14eDQY1E31oqTlEAPOuvCCKCgv1OUcUmK3L7RR2B9Duk+jd5WYG5wvPYmjz6blAKek/xuap9lPNcodyueTVJ3QRNtqRw=
mSffPM0vkpYZQXRgJ6kZOhwdy55WbO/eYY90anRlYYYHOSjm4Go6/Pz+YW57TOc8jxfBDTn23aEdfm2BAPAcUu6jEavvM7IxfKkL
AXdh5xu+Squf0EapJxInY0Fz57ZRH1HnJQCV75LG0r0XalGJ/qoWMvwwuj4nor0UEXBZJ5fhTy77jfsei60m6Gq++JMHpxkrtD16qQ0=
HC9W5SMVwu2HBLH3XpNVOB8dy51WbO3eYY90anRlYYYHOSjm4Go6/Pz+YW57TOc8jxfBDTn23aEdfm2BAPAcUu6jEavvM7IxfKkL
nzPzwYOMnJFYYc2UXvvW6R0dy51WbOneYY90anRlYYYHOSjm4Go6/Pz+YW57TOc8jxfBDTn23aEdfm2BAPAcUu6jEavvM7IxfKkL
uLb0IBKaS9HZsdazSg5w70Fz57ZRH1DnJQCV75LG0r0XalGJ/qoWMvwwuj4nor0UEXBZJ5fhTy77jfsei60m6Gq++JMHpxkrtD16qQ0=
f/Nio3A8qM1a4JNwnOAb9UFz57ZRH1PnJQCV75LG0r0XalGJ/qoWMvwwuj4nor0UEXBZJ5fhTy77jfsei60m6Gq++JMHpxkrtD16qQ0=
hxceEzTq9OvaLXD8nXObSGgV3fMnf4Osc490anRlYYYHOSjm4Go6/Pz+YW57TOc8jxfBDTn23aEdfm2BAPAcUu6jEavvM7IxfKkL
8gJ/cWIEN8WgSI8SVBLXvhwdy51WbO/eYY90anRlYYYHOSjm4Go6/Pz+YW57TOc8jxfBDTn23aEdfm2BAPAcUu6jEavvM7IxfKkL
jRk+nZ8rtVeXgrFmMuG6kWgV3fMnf4Ooc490anRlYYYHOSjm4Go6/Pz+YW57TOc8jxfBDTn23aEdfm2BAPAcUu6jEavvM7IxfKkL
xbNXLHtPzUSe17kTNEt5CWgV3fMmf4Ooc490anRlYYYHOSjm4Go6/Pz+YW57TOc8jxfBDTn23aEdfm2BAPAcUu6jEavvM7IxfKkL
iYXF6d+sT/GI3ejrAGLBFkFz57ZRH1DnJQSV75LG0r0XalGJ/qoWMvwwuj4nor0UEXBZJ5fhTy77jfsei60m6Gq++JMHpxkrtD16qQ0=
Zk/1Kxvi/BdJzIY5l139IUFz57ZRH1HnJQSV75LG0r0XalGJ/qoWMvwwuj4nor0UEXBZJ5fhTy77jfsei60m6Gq++JMHpxkrtD16qQ0=
T7lFkYPXOVK+t2aN+Yd4Y0Fz57ZRH1PnJQSV75LG0r0XalGJ/qoWMvwwuj4nor0UEXBZJ5fhTy77jfsei60m6Gq++JMHpxkrtD16qQ0=
OqMYE+xMjylLOA1G1+fVox8dy5lWbO3eYY90anRlYYYHOSjm4Go6/Pz+YW57TOc8jxfBDTn23aEdfm2BAPAcUu6jEavvM7IxfKkL
LaYJB5o/AeRPByaClpHhVhwdy5lWbO/eYY90anRlYYYHOSjm4Go6/Pz+YW57TOc8jxfBDTn23aEdfm2BAPAcUu6jEavvM7IxfKkL
2kr2Q8Qb8zZdYbpvCb/eEB0dy5lWbOneYY90anRlYYYHOSjm4Go6/Pz+YW57TOc8jxfBDTn23aEdfm2BAPAcUu6jEavvM7IxfKkL
FUaCDzK/xpqHNZwjspn+ASQziATcsfy14eDQY1E31oqTlEAPOuvCCKCgv1OUcUmK3L7RR2B9Duk+jd5WYG5wvPYmjz6blAKek/xuap9lPNcodyueTVJ3QRNtqRw=
eb4ufID3dUyqgaMuI+ZooB8dy5hWbO7eYY90anRlYYYHOSjm4Go6/Pz+YW57TOc8jxfBDTn23aEdfm2BAPAcUu6jEavvM7IxfKkL
KWs06kIa8YftRu8n2DKyHRwdy5hWbOjeYY90anRlYYYHOSjm4Go6/Pz+YW57TOc8jxfBDTn23aEdfm2BAPAcUu6jEavvM7IxfKkL
uKHGCEP+Ka0/x2u7Vrl1aR0dy5hWbOreYY90anRlYYYHOSjm4Go6/Pz+YW57TOc8jxfBDTn23aEdfm2BAPAcUu6jEavvM7IxfKkL
i+sIvEiV8mtJ8KzYN7xLYh8dy59WbO7eYY90anRlYYYHOSjm4Go6/Pz+YW57TOc8jxfBDTn23aEdfm2BAPAcUu6jEavvM7IxfKkL
twoYEoBTdCdTgYx4NOeuhBwdy59WbOjeYY90anRlYYYHOSjm4Go6/Pz+YW57TOc8jxfBDTn23aEdfm2BAPAcUu6jEavvM7IxfKkL
VuUC+TR69MJ499uuMRbINB0dy59WbOreYY90anRlYYYHOSjm4Go6/Pz+YW57TOc8jxfBDTn23aEdfm2BAPAcUu6jEavvM7IxfKkL
qPiQEyvfqy1BBwNuyLwE4R0dy55WbOreYY90anRlYYYHOSjm4Go6/Pz+YW57TOc8jxfBDTn23aEdfm2BAPAcUu6jEavvM7IxfKkL
sn8oSXvK20WxIiRJhuZfUBwdy55WbOjeYY90anRlYYYHOSjm4Go6/Pz+YW57TOc8jxfBDTn23aEdfm2BAPAcUu6jEavvM7IxfKkL
EyJaJX085rsbDoNFecrCsx8dy55WbO7eYY90anRlYYYHOSjm4Go6/Pz+YW57TOc8jxfBDTn23aEdfm2BAPAcUu6jEavvM7IxfKkL
0HOqhRtOjMSyqjxGPCTiUh8dy51WbO7eYY90anRlYYYHOSjm4Go6/Pz+YW57TOc8jxfBDTn23aEdfm2BAPAcUu6jEavvM7IxfKkL
MVBIWnL/4GloV1aVxnfB8Rwdy51WbOjeYY90anRlYYYHOSjm4Go6/Pz+YW57TOc8jxfBDTn23aEdfm2BAPAcUu6jEavvM7IxfKkL
4lqLE5SCSZF9o1B5brbnVR0dy51WbOreYY90anRlYYYHOSjm4Go6/Pz+YW57TOc8jxfBDTn23aEdfm2BAPAcUu6jEavvM7IxfKkL
dZS9HnkF9MQna4ACfPnERh0dy5tWbOreYY90anRlYYYHOSjm4Go6/Pz+YW57TOc8jxfBDTn23aEdfm2BAPAcUu6jEavvM7IxfKkL
ewZWzBFogqfAbRHsGDvfLhwdy5tWbOjeYY90anRlYYYHOSjm4Go6/Pz+YW57TOc8jxfBDTn23aEdfm2BAPAcUu6jEavvM7IxfKkL
v4YrbeowjeeXcZpsY4gk0x8dy5tWbO7eYY90anRlYYYHOSjm4Go6/Pz+YW57TOc8jxfBDTn23aEdfm2BAPAcUu6jEavvM7IxfKkL
UYeiUfwGOmE/xLtMdsyDIx8dy5pWbO7eYY90anRlYYYHOSjm4Go6/Pz+YW57TOc8jxfBDTn23aEdfm2BAPAcUu6jEavvM7IxfKkL
5Dxk9b7VKR7yOrZexqcjJBwdy5pWbOjeYY90anRlYYYHOSjm4Go6/Pz+YW57TOc8jxfBDTn23aEdfm2BAPAcUu6jEavvM7IxfKkL
ByiS4THG7uATXp21/mk75B0dy5pWbOreYY90anRlYYYHOSjm4Go6/Pz+YW57TOc8jxfBDTn23aEdfm2BAPAcUu6jEavvM7IxfKkL
KZ5CyflgsrdnaBj49YfafCIziATcsfy14eDQY1E31oqTlEAPOuvCCKCgv1OUcUmK3L7RR2B9Duk+jd5WYG5wvPYmjz6blAKek/xuap9lPNcodyueTVJ3QRNtqRw=
dEAXpSPQrWLwaiv7pxuBDyibhr4OO7T1iwYkHnqHoq9unmZtY4L9KRLCgoJoyCa+u9oppIWYNYc7ibt+T1WH3rf10rhelpRzK48NW6AFZqkR
+UwcN+loUEUjwiynkSjA6hy6v5RQJcu0rDdnPlymqK9unmZtY4L9KRLCgoJoyCa+u9oppIWYNYc7ibt+T1WH3rf10rhelpRzK48NW6AFZqkR
OwCTt525xI9LtjE4IRl/mnr1xvseHxaU4EJyhONhfx9MVTmW1Mrxaxi53pWWGV7a+ArAYL4Sb1KjkBKie6gupsfBzEugg4sytRYnvTt5qRA=
LyIlfkLTq0QS59IUTKFn6Xr1xvseHxaV4EJyhONhfx9MVTmW1Mrxaxi53pWWGV7a+ArAYL4Sb1KjkBKie6gupsfBzEugg4sytRYnvTt5qRA=
UbgfjvkSq6Idl92z18aAZHr1xvseHxaW4EJyhONhfx9MVTmW1Mrxaxi53pWWGV7a+ArAYL4Sb1KjkBKie6gupsfBzEugg4sytRYnvTt5qRA=
cR/q2DQ3hVT/5lQMHBTf8hy6v5RQJcu0rDdkPlymqK9unmZtY4L9KRLCgoJoyCa+u9oppIWYNYc7ibt+T1WH3rf10rhelpRzK48NW6AFZqkR
yK48KK0l3M4eslpex07AFHr1xvseHxaT4EJyhONhfx9MVTmW1Mrxaxi53pWWGV7a+ArAYL4Sb1KjkBKie6gupsfBzEugg4sytRYnvTt5qRA=
WM36gKt1RAA3XgfNHpIVpnr1xvseHxaR4EJyhONhfx9MVTmW1Mrxaxi53pWWGV7a+ArAYL4Sb1KjkBKie6gupsfBzEugg4sytRYnvTt5qRA=
sObhVd+T1LIyHbqN0ZKVq3r1xvseHxaQ4EJyhONhfx9MVTmW1Mrxaxi53pWWGV7a+ArAYL4Sb1KjkBKie6gupsfBzEugg4sytRYnvTt5qRA=
oAX1KHZmDR0jG+w9Ihtgch8dy5lWbO7eYY90anRlYYYHOSjm4Go6/Pz+YW57TOc8jxfBDTn23aEdfm2BAPAcUu6jEavvM7IxfKkL
zaUDuGQRpSDE/b0M1OO0VBwdy5lWbOjeYY90anRlYYYHOSjm4Go6/Pz+YW57TOc8jxfBDTn23aEdfm2BAPAcUu6jEavvM7IxfKkL
buxdpeKcDg/8EWM36kFcUx0dy5lWbOreYY90anRlYYYHOSjm4Go6/Pz+YW57TOc8jxfBDTn23aEdfm2BAPAcUu6jEavvM7IxfKkL
TpxYJoL2EIpSJupVOQ6Q4iibhr4OO7TynQ06HnyAvK9unmZtY4L9KRLCgoJoyCa+u9oppIWYNYc7ibt+T1WH3rf10rhelpRzK48NW6AFZqkR
lNsm2t6221XScXoy3/42cSMziATcsfy14eDQY1E31oqTlEAPOuvCCKCgv1OUcUmK3L7RR2B9Duk+jd5WYG5wvPYmjz6blAKek/xuap9lPNcodyueTVJ3QRNtqRw=
cUUGjb+dMmvDwhlgHZsjEBZo4a/WGN8v1g6ODbsytelaErqigLg+vqMqQYS9yP3H8znjnifFP15PZXoYBmbcs+Pf9TuINX6pCQ==
G/bk4EF/EC3t7MzgFp2xU2gV3fMmf4Osc490anRlYYYHOSjm4Go6/Pz+YW57TOc8jxfBDTn23aEdfm2BAPAcUu6jEavvM7IxfKkL
yjDCEuhYRyOxKRNM+CJZPPctNglVOD0TPI8UR9ypi1QRI7M1QvbE406zandPkbdOUz1zngNdTkjSDiDT//fBC5wtcqkF
gu27wikMfWFVffDRCqO9OvctNglVOD0TPIsWSdypi1QRI7M1QvbE406zandPkbdOUz1zngNdTkjSDiDT//fBC5wtcqkF
At1LcPGibsoI0t0doWKuLdG70I+EsA6KxURPr7Y22NeUzQh2D/EfrTqQ13YKqEeGztQDl2TxLB370OHQH5cnd6kC
iF2cI0qOCnMn6oBISL1TspGTh++VDSi/sMAj8jWL5MeZTjpAn2hSFgF908jXnZ2iZyxLNejNFmG5gGnDCOPK6aABXyQl+9+1rq7wExobltcTeYMeh4UfXC8lmpimpvyzwx+Vu2h1Xqkp
kRisUSA+1C0wzLjUptjIUpyzTw1KpHa8NZdfPKyFLM6+mdZMJwQ87vO+ipIeRCnpyy1xpKqO52G9GRFlQwDo1E201QNUR4eDlRVfhuss4ibjROzS793cb1jP66Y9apd5Y1WpJA==
gZ2wU3JRK4ruyE5KNjPwXzHe5PvT8cM9bd3TNrhiRmGEUl4WDWXH+KO1gUJbRB/lHPVaIXV43ZNcSzZJPGnr1LFjUzUiNmRjrvMKd2/RV84z/VOc4x3uyHJOwNPfN2GLfG1SqSU=
5pS+MsNLJnBBGvmgzHda9Sy9lQathGIWMZ3jiGd9LSL3zJt1uC0GYamguYNYQ1pp0KGvZFXbL7XejgDTartmV4PZU97XpQ9cP0VKWPbGbDNzfyV7WBVuqRk=
H5OPhuJmfMPgqh2TWyINiskSiGRQhmA3s5FmFjWV/5iLRUkCE5S3hYRlwqHt6EUzNJv+CXRZA/TJU6s1WgacQ8bDwrcngb9uq23LHHuNdijaHggTl0dJa0Qdaqkd
QCxP8/edpCKbRCkmVwm2meAhp0FhtEEthJFmFjWV/5iLRUkCE5S3hYRlwqHt6EUzNJv+CXRZA/TJU6s1WgacQ8bDwrcngb9uq23LHHuNdijaHggTl0dJa0Qdaqkd
JKnPDaIUuSnCf5oAdtFQSfrAoBn2jzM/4JazGXkAHcm/smU4IR0iiWTBSwTja+I3iLmCFVUsDx/t9RxKWpuQjzSHUa1pNo2B7XxdYVAwzDJ+I2FLX3NCEWypGw==
L4WfX3EzBWPMGsnNKE2SE4V90rCuxreYjtmx2bl0UraF3TI9F4/QcoWCJeNJL+7lJ+msT9c81NKOQLihuZEAZELEzYJut6Lz+rVW7ltj3PMxMZgjDzRJdKcLbFyYbOpNvCNh5FUssLSyNLe7CU/lHXITQaScHOKVC+NYmGi/u+DedObidWirvDJciONZarVICLRsSjliZ03jJheflVxohB0G05xQNA6pe6xp5qsMYsYj5OxyLz1cTxiv60b9ShcZI/WphA==
bkB1cswdcPbj8L9dK4wECdt4EyYSimmPaWF2UbbIAiae/wPhohsYTlzNrY2O8RNqbW0WEPxU50cNwzv7oX6i5RBuECJfCgnum+XaAq8nbYXw+GeuapCX7kk6U6+EqZz1u/gRiL9vd1+pKg==
H+ZW/JAmcST/LNTFBpzHYPctNglVOD0TPI8UR9ypi1QRI7M1QvbE406zandPkbdOUz1zmANdTkvSDiDT//fBC5wtcqkF
Gd/Wzw5dApHy/FL08oy/hDthThp2YmkyY/CSwrvIL8YHoU8rYOOLUnV2p937Galw
cMkzegFTU8yUD9FuRVdkR87RUkHLkaU+ij8oliEVVX1vSIfeqgD3Pk9ssz/HWfxFO4gxuP//1w+peg==
jbb1qI6lxr6TfQLY+wzRcI9d8kREad3BNHTEIZs7jcWdZlk5Qb8xmQTjeJqiQ50ji8P2yQCpdw==
GS0PlI1pqMWEwVGJA8+QzPrAoBn2jzM/4JazGXkAHcm/smU4IR0iiWTBSwTja+IzireCFVUsDx/t9RxKWpuQjzSHUa1pNo2B7X9dYVAzzDJ+I2FLX3NCEWypGw==
63YxtAoYWrxXI+LUMCL/6uAhp0FhtEEthJFmFjWV/5iLRUkCE5S3hYRlwqHt6EUzNJ/8B3RZA/TJU6s1WgacQ8bDwrcngb9uq23LH3uNdivaHggTl0dJa0Qdaqkd
ygxqlQWCk2qQfKOmgW7yxMkSiGRQhmA3s5FmFjWV/5iLRUkCE5S3hYRlwqHt6EUzNJ/8B3RZA/TJU6s1WgacQ8bDwrcngb9uq23LH3uNdivaHggTl0dJa0Qdaqkd
7eMggAl8s/BR74hfU/L2YCy9lQathGIWMZ3jiGd9LSL3zJt1uC0GYamguYNYR1hn0KGvZFXbL7XejgDTartmV4PZU97XpQ9fP0VKW/bGbDNzfyV7WBVuqRk=
pvzozIER3oDaFebh3qhEZDHe5PvT8cM9bd3TNrhiRmGEUl4WDWXH+KO1gUJbRB/lHPVaIXV43ZNcTzRHPGnr1LFjUzUiNmRjrvMKd2/RV84z/VOf4x3uy3JOwNPfN2GLfG1SqSU=
WbC/Vd/YcpuRauv52Os9g5yzTw1KpHa8NZdfPKyFLM6+mdZMJwQ87vO+ipIeRCnpyy1xpKqO52G5Gx9lQwDo1E201QNUR4eDlRVfhuss4ibjRO/S793fb1jP66Y9apd5Y1WpJA==
wVey1JdweWbBFbMgBT3hlJGTh++VDSi/sMAj8jWL5MeZTjpAn2hSFgF908jXnZ2iZyxLNejNFmG5gGnDCOfI56ABXyQl+9+1rq7wExobltcTeYMeh4UfXy8lmpumpvyzwx+Vu2h1Xqkp
lbslNhL+LmgR1jGniz2ZNwl+bz9ce25+TeGGoEQFOva3uedQLrXOPFEuKcXx5ApvievfN0sw48mJ2Sxxv2yiBHlox34q4LceT0xzX0f5PGU7aHFYf18Xb6ka
