Y7zHK3nz+O2C6ZngzzM82wSCt5QBY2eUjCoXscJHPgJsVW3J2sTxVRiz3o+JPxqd8gbTfL4Of1KjkBKie6gsocfMzkuhg4sytRYnvTt5qRA=
2qCRnX0Fru9JgWjVcpHyVoV90rCuxreYjtmx2bl0UraF3TI9F4/QcoWCJeNJL+7lJ+msT9c81NKOQLihuZEAZELEzYJut6Lz+rVW7ltj3PMxMZgjDzRJdKcLbFyYbOpNvCNh5FUssLSyNLe7CU/lHXITQaScHOKVC+NYmGi/u+DedObidWirvDJciONZarVICLRsSjliZ03jJheflVxohB0G05xQNA6pe6xp5qsMYsYj5ON1LzBeTxmv60b9ShcZI/WphA==
mF8q88v66Wab4xo3YMKzr4V90rCuxreYjtmx2bl0UraF3TI9F4/QcoWCJeNJL+7lJ+msT9c81NKOQLihuZEAZELEzYJut6Lz+rVW7ltj3PMxMZgjDzRJdKcLbFyYbOpNvCNh5FUssLSyNLe7CU/lHXITQaScHOKVC+NYmGi/u+DedObidWirvDJciONZarVICLRsSjliZ03jJheflVxohB0G05xQNA6pe6xp5qsMYsYj5OJ1LzBeTxmv60b9ShcZI/WphA==
GpS8vAMs7AsKoGBGLJ65LRHwceNAc3KpuDEXxJ2rN7XGfkhz0iuOF6vpSz6fdbfaxRWOeu43BPPb790bkCV2qQE=
krSEQ33d4p+P25JUPTCcY5aApYEaQpG1HxJpf2kC4CevCmkLFV1sEDuQ/LrAe9bzAZsWMo47/HZlqQzZMGd48MBwuShLQV0iTuWUWZmttX4ltPlWNzwaO8MATStXMoqek8gaJVcOXbdT/AGuew6RL/gcGTT66cOrAMpmPHfBxlqBVJGrZwH/buvtixo5DToqmp/IE1fHiWuEnaqp3Q==
InFirMMvhr4fwiiiCS53zSYziATcsfy14eDQY1E31oqTlEAPOuvCCKCgv1OUcUmK3L7RR2B9Duk+jd5WYG5wvPYmjz6blAKek/xpaJ9pPtcpdyueTVJ3QRNtqRw=
tc4de2DNJbtsBoWn2EQl+mgV3fMmf4Opc490anRlYYYHOSjm4Go6/Pz+YW57TOc8jxfBDTn23aEdeW+BDPIcU+6jEavvM7IxfKkL
8cKWn14U3KatB+F7xK1MomgV3fMnf4Opc490anRlYYYHOSjm4Go6/Pz+YW57TOc8jxfBDTn23aEdeW+BDPIcU+6jEavvM7IxfKkL
X2FiUl01YPi7dFpWzv3osEFz57ZRH1PnJQWV75LG0r0XalGJ/qoWMvwwuj4nor0UEXBZJ5fhTy77jfsZia0q6mq/+JMHpxkrtD16qQ0=
SQJkNlnRJqx6p/xPLY2ir0Fz57ZRH1DnJQWV75LG0r0XalGJ/qoWMvwwuj4nor0UEXBZJ5fhTy77jfsZia0q6mq/+JMHpxkrtD16qQ0=
O5rAs7dJNFvVsz6nw0QGWEFz57ZRH1HnJQWV75LG0r0XalGJ/qoWMvwwuj4nor0UEXBZJ5fhTy77jfsZia0q6mq/+JMHpxkrtD16qQ0=
RQUYeLV/qYWPKSaNbOLeHR8dy5hWbO3eYY90anRlYYYHOSjm4Go6/Pz+YW57TOc8jxfBDTn23aEdeW+BDPIcU+6jEavvM7IxfKkL
t1JdBUO7GCa+e5TA99zN8Bwdy5hWbO/eYY90anRlYYYHOSjm4Go6/Pz+YW57TOc8jxfBDTn23aEdeW+BDPIcU+6jEavvM7IxfKkL
HAeGWQI5tEr/sBm/IBbTIh0dy5hWbOneYY90anRlYYYHOSjm4Go6/Pz+YW57TOc8jxfBDTn23aEdeW+BDPIcU+6jEavvM7IxfKkL
g1jR/3yvC0D2g6iwUXDPJB0dy5pWbOneYY90anRlYYYHOSjm4Go6/Pz+YW57TOc8jxfBDTn23aEdeW+BDPIcU+6jEavvM7IxfKkL
M5ampUPl9eRKO+xcMcAYz2gV3fMnf4Orc490anRlYYYHOSjm4Go6/Pz+YW57TOc8jxfBDTn23aEdeW+BDPIcU+6jEavvM7IxfKkL
cP+bJIPI9CC6e4CRmO+wv0Fz57ZRH1HnJQeV75LG0r0XalGJ/qoWMvwwuj4nor0UEXBZJ5fhTy77jfsZia0q6mq/+JMHpxkrtD16qQ0=
j7COX7pxrFEQxUDdb6J6U0Fz57ZRH1DnJQeV75LG0r0XalGJ/qoWMvwwuj4nor0UEXBZJ5fhTy77jfsZia0q6mq/+JMHpxkrtD16qQ0=
pysGri/qcdIW9RrvjjRpeBwdy5pWbO/eYY90anRlYYYHOSjm4Go6/Pz+YW57TOc8jxfBDTn23aEdeW+BDPIcU+6jEavvM7IxfKkL
TOOa557+OBSdLb15RtcLm2gV3fMmf4Orc490anRlYYYHOSjm4Go6/Pz+YW57TOc8jxfBDTn23aEdeW+BDPIcU+6jEavvM7IxfKkL
H554insu4M9wITnyxhAlkEFz57ZRH1PnJQeV75LG0r0XalGJ/qoWMvwwuj4nor0UEXBZJ5fhTy77jfsZia0q6mq/+JMHpxkrtD16qQ0=
/WwVLrFkZdNdTtBuFOMK3h8dy5pWbO3eYY90anRlYYYHOSjm4Go6/Pz+YW57TOc8jxfBDTn23aEdeW+BDPIcU+6jEavvM7IxfKkL
Q5rmZ1/lgItnXSt8FYt1Bxwdy5tWbO/eYY90anRlYYYHOSjm4Go6/Pz+YW57TOc8jxfBDTn23aEdeW+BDPIcU+6jEavvM7IxfKkL
3HRVNtPjILHn1vvRctNJG0Fz57ZRH1HnJQaV75LG0r0XalGJ/qoWMvwwuj4nor0UEXBZJ5fhTy77jfsZia0q6mq/+JMHpxkrtD16qQ0=
zhWoxqacKe1mzUasCI32Ph0dy5tWbOneYY90anRlYYYHOSjm4Go6/Pz+YW57TOc8jxfBDTn23aEdeW+BDPIcU+6jEavvM7IxfKkL
krviidcThmRi2xe53Xx1RWgV3fMmf4Oqc490anRlYYYHOSjm4Go6/Pz+YW57TOc8jxfBDTn23aEdeW+BDPIcU+6jEavvM7IxfKkL
AEhn3MZkUZQr7otgn4OXg0Fz57ZRH1DnJQaV75LG0r0XalGJ/qoWMvwwuj4nor0UEXBZJ5fhTy77jfsZia0q6mq/+JMHpxkrtD16qQ0=
3Jfv5Ue7H/mz6zQP5aekpycziATcsfy14eDQY1E31oqTlEAPOuvCCKCgv1OUcUmK3L7RR2B9Duk+jd5WYG5wvPYmjz6blAKek/xpaJ9pPtcpdyueTVJ3QRNtqRw=
JwUgMs1HDGB3EjS3U50BAmgV3fMnf4Oqc490anRlYYYHOSjm4Go6/Pz+YW57TOc8jxfBDTn23aEdeW+BDPIcU+6jEavvM7IxfKkL
cnOzsqg1Fb3k4sagxZsB7R8dy5tWbO3eYY90anRlYYYHOSjm4Go6/Pz+YW57TOc8jxfBDTn23aEdeW+BDPIcU+6jEavvM7IxfKkL
pgxw8EObUEUJZg7YAMNSz0Fz57ZRH1PnJQaV75LG0r0XalGJ/qoWMvwwuj4nor0UEXBZJ5fhTy77jfsZia0q6mq/+JMHpxkrtD16qQ0=
hOI0odg1kuAkbzlPffEoIWgV3fMnf4Ouc490anRlYYYHOSjm4Go6/Pz+YW57TOc8jxfBDTn23aEdeW+BDPIcU+6jEavvM7IxfKkL
5kjM+3bpOHTHtMIjdiOSuUFz57ZRH1PnJQKV75LG0r0XalGJ/qoWMvwwuj4nor0UEXBZJ5fhTy77jfsZia0q6mq/+JMHpxkrtD16qQ0=
2WW2JiAlMXcfQZj8nhMoQUFz57ZRH1HnJQKV75LG0r0XalGJ/qoWMvwwuj4nor0UEXBZJ5fhTy77jfsZia0q6mq/+JMHpxkrtD16qQ0=
zuTrpNoLxopf24wl1hd4z2gV3fMmf4Ouc490anRlYYYHOSjm4Go6/Pz+YW57TOc8jxfBDTn23aEdeW+BDPIcU+6jEavvM7IxfKkL
Iq1gArsBzBP5t6Y3aUazMhwdy59WbO/eYY90anRlYYYHOSjm4Go6/Pz+YW57TOc8jxfBDTn23aEdeW+BDPIcU+6jEavvM7IxfKkL
DSajws2skDO57X9k53VzCUFz57ZRH1DnJQKV75LG0r0XalGJ/qoWMvwwuj4nor0UEXBZJ5fhTy77jfsZia0q6mq/+JMHpxkrtD16qQ0=
ra/52QOVp16G63k7jB3Zwh8dy59WbO3eYY90anRlYYYHOSjm4Go6/Pz+YW57TOc8jxfBDTn23aEdeW+BDPIcU+6jEavvM7IxfKkL
Yq0waUsn63UfXmk0Xm7ySx0dy59WbOneYY90anRlYYYHOSjm4Go6/Pz+YW57TOc8jxfBDTn23aEdeW+BDPIcU+6jEavvM7IxfKkL
yrWcsK0rVXaJLleClGf+o0Fz57ZRH1HnJQOV75LG0r0XalGJ/qoWMvwwuj4nor0UEXBZJ5fhTy77jfsZia0q6mq/+JMHpxkrtD16qQ0=
1xK08IK6AFkgpFVzzYFc3GgV3fMmf4Ovc490anRlYYYHOSjm4Go6/Pz+YW57TOc8jxfBDTn23aEdeW+BDPIcU+6jEavvM7IxfKkL
wg0sM+TTYQxg98NxjSqVTx8dy55WbO3eYY90anRlYYYHOSjm4Go6/Pz+YW57TOc8jxfBDTn23aEdeW+BDPIcU+6jEavvM7IxfKkL
RkcZo0zWtlk3TnxumuF7+R0dy55WbOneYY90anRlYYYHOSjm4Go6/Pz+YW57TOc8jxfBDTn23aEdeW+BDPIcU+6jEavvM7IxfKkL
Z5OxVyU7fu0LKok1blJCqUFz57ZRH1DnJQOV75LG0r0XalGJ/qoWMvwwuj4nor0UEXBZJ5fhTy77jfsZia0q6mq/+JMHpxkrtD16qQ0=
wVG2yj+oUxt8JNaLpSywREFz57ZRH1PnJQOV75LG0r0XalGJ/qoWMvwwuj4nor0UEXBZJ5fhTy77jfsZia0q6mq/+JMHpxkrtD16qQ0=
3oKuXXMMoeQ8dc24GchLB2gV3fMnf4Ovc490anRlYYYHOSjm4Go6/Pz+YW57TOc8jxfBDTn23aEdeW+BDPIcU+6jEavvM7IxfKkL
27QkzlrPprWsIalsw/CnsCUziATcsfy14eDQY1E31oqTlEAPOuvCCKCgv1OUcUmK3L7RR2B9Duk+jd5WYG5wvPYmjz6blAKek/xpaJ9pPtcpdyueTVJ3QRNtqRw=
zP1wP5X18RwmPIoBsWKlIBwdy55WbO/eYY90anRlYYYHOSjm4Go6/Pz+YW57TOc8jxfBDTn23aEdeW+BDPIcU+6jEavvM7IxfKkL
ImcmZRIq/k0JPC21tI02i0Fz57ZRH1HnJQCV75LG0r0XalGJ/qoWMvwwuj4nor0UEXBZJ5fhTy77jfsZia0q6mq/+JMHpxkrtD16qQ0=
bs6u9uqUUoKY0mWKunO5Dx8dy51WbO3eYY90anRlYYYHOSjm4Go6/Pz+YW57TOc8jxfBDTn23aEdeW+BDPIcU+6jEavvM7IxfKkL
Jw4iFV2xc8FZTTSqJsmczx0dy51WbOneYY90anRlYYYHOSjm4Go6/Pz+YW57TOc8jxfBDTn23aEdeW+BDPIcU+6jEavvM7IxfKkL
JL2H6pYjJH6vG/KDrV3QTUFz57ZRH1DnJQCV75LG0r0XalGJ/qoWMvwwuj4nor0UEXBZJ5fhTy77jfsZia0q6mq/+JMHpxkrtD16qQ0=
i0ev6R+9RT1CyFDht2mlaEFz57ZRH1PnJQCV75LG0r0XalGJ/qoWMvwwuj4nor0UEXBZJ5fhTy77jfsZia0q6mq/+JMHpxkrtD16qQ0=
ZBVV3OY+yReO7GX5/fcuHGgV3fMnf4Osc490anRlYYYHOSjm4Go6/Pz+YW57TOc8jxfBDTn23aEdeW+BDPIcU+6jEavvM7IxfKkL
zf4Nj1+A3ynZlkSjAdbdsBwdy51WbO/eYY90anRlYYYHOSjm4Go6/Pz+YW57TOc8jxfBDTn23aEdeW+BDPIcU+6jEavvM7IxfKkL
GvbXxkf/vdiGZRjmdP2C0GgV3fMnf4Ooc490anRlYYYHOSjm4Go6/Pz+YW57TOc8jxfBDTn23aEdeW+BDPIcU+6jEavvM7IxfKkL
X//n3PtgSmJl9k8MboO7CWgV3fMmf4Ooc490anRlYYYHOSjm4Go6/Pz+YW57TOc8jxfBDTn23aEdeW+BDPIcU+6jEavvM7IxfKkL
6NobTboWh/n7ZbzzHsFuo0Fz57ZRH1DnJQSV75LG0r0XalGJ/qoWMvwwuj4nor0UEXBZJ5fhTy77jfsZia0q6mq/+JMHpxkrtD16qQ0=
M7G4IE+3sIaqnIZUHthme0Fz57ZRH1HnJQSV75LG0r0XalGJ/qoWMvwwuj4nor0UEXBZJ5fhTy77jfsZia0q6mq/+JMHpxkrtD16qQ0=
sWQ2tYms090fVuS0vkX2c0Fz57ZRH1PnJQSV75LG0r0XalGJ/qoWMvwwuj4nor0UEXBZJ5fhTy77jfsZia0q6mq/+JMHpxkrtD16qQ0=
avovuD7N0mWM4fWxkSXnTx8dy5lWbO3eYY90anRlYYYHOSjm4Go6/Pz+YW57TOc8jxfBDTn23aEdeW+BDPIcU+6jEavvM7IxfKkL
x4YYmOWs9VOrvwzQfN3pDBwdy5lWbO/eYY90anRlYYYHOSjm4Go6/Pz+YW57TOc8jxfBDTn23aEdeW+BDPIcU+6jEavvM7IxfKkL
+qlgXi0VTe8AEzJRm1gXBh0dy5lWbOneYY90anRlYYYHOSjm4Go6/Pz+YW57TOc8jxfBDTn23aEdeW+BDPIcU+6jEavvM7IxfKkL
1rUBJSoey0VUQUv/OSttXyQziATcsfy14eDQY1E31oqTlEAPOuvCCKCgv1OUcUmK3L7RR2B9Duk+jd5WYG5wvPYmjz6blAKek/xpaJ9pPtcpdyueTVJ3QRNtqRw=
RS9mCNyNacWfJ3s08arFSx8dy5hWbO7eYY90anRlYYYHOSjm4Go6/Pz+YW57TOc8jxfBDTn23aEdeW+BDPIcU+6jEavvM7IxfKkL
pWMwdVaq08vrSHeZldjjBRwdy5hWbOjeYY90anRlYYYHOSjm4Go6/Pz+YW57TOc8jxfBDTn23aEdeW+BDPIcU+6jEavvM7IxfKkL
T+77wMS3UWT2cAR5sKBsEh0dy5hWbOreYY90anRlYYYHOSjm4Go6/Pz+YW57TOc8jxfBDTn23aEdeW+BDPIcU+6jEavvM7IxfKkL
2Cd91n/DpImx8FDAmYd6Rx8dy59WbO7eYY90anRlYYYHOSjm4Go6/Pz+YW57TOc8jxfBDTn23aEdeW+BDPIcU+6jEavvM7IxfKkL
trteRNiAxcwMxUDhvxKypBwdy59WbOjeYY90anRlYYYHOSjm4Go6/Pz+YW57TOc8jxfBDTn23aEdeW+BDPIcU+6jEavvM7IxfKkL
C21+rHvJFvUOuGFYnfOhex0dy59WbOreYY90anRlYYYHOSjm4Go6/Pz+YW57TOc8jxfBDTn23aEdeW+BDPIcU+6jEavvM7IxfKkL
LmscMEYidocImRzjJmGCUR0dy55WbOreYY90anRlYYYHOSjm4Go6/Pz+YW57TOc8jxfBDTn23aEdeW+BDPIcU+6jEavvM7IxfKkL
3gQ259lXnjXiMLf1kT6hkhwdy55WbOjeYY90anRlYYYHOSjm4Go6/Pz+YW57TOc8jxfBDTn23aEdeW+BDPIcU+6jEavvM7IxfKkL
tPrARQMMs1/0vc9Dl7ICER8dy55WbO7eYY90anRlYYYHOSjm4Go6/Pz+YW57TOc8jxfBDTn23aEdeW+BDPIcU+6jEavvM7IxfKkL
3l/qsHp6gzozTDqA/gjO5x8dy51WbO7eYY90anRlYYYHOSjm4Go6/Pz+YW57TOc8jxfBDTn23aEdeW+BDPIcU+6jEavvM7IxfKkL
Ztm/q04ValvErpktatRgyxwdy51WbOjeYY90anRlYYYHOSjm4Go6/Pz+YW57TOc8jxfBDTn23aEdeW+BDPIcU+6jEavvM7IxfKkL
gbtmOZHXJOiE/vATnqM9mh0dy51WbOreYY90anRlYYYHOSjm4Go6/Pz+YW57TOc8jxfBDTn23aEdeW+BDPIcU+6jEavvM7IxfKkL
aXbqY9MU31O4Sxz8XwLZ3h0dy5tWbOreYY90anRlYYYHOSjm4Go6/Pz+YW57TOc8jxfBDTn23aEdeW+BDPIcU+6jEavvM7IxfKkL
A6OwpQFi6dp+VabgWxo8+Rwdy5tWbOjeYY90anRlYYYHOSjm4Go6/Pz+YW57TOc8jxfBDTn23aEdeW+BDPIcU+6jEavvM7IxfKkL
oy4EAmC1tqh8n6Cvq6jlBR8dy5tWbO7eYY90anRlYYYHOSjm4Go6/Pz+YW57TOc8jxfBDTn23aEdeW+BDPIcU+6jEavvM7IxfKkL
1hc0kHb0YocXSVHaP0hiiB8dy5pWbO7eYY90anRlYYYHOSjm4Go6/Pz+YW57TOc8jxfBDTn23aEdeW+BDPIcU+6jEavvM7IxfKkL
zEqpPQlALYpz3WG+V83IVhwdy5pWbOjeYY90anRlYYYHOSjm4Go6/Pz+YW57TOc8jxfBDTn23aEdeW+BDPIcU+6jEavvM7IxfKkL
BAqw+Fgwdk8iHZELHcjmgx0dy5pWbOreYY90anRlYYYHOSjm4Go6/Pz+YW57TOc8jxfBDTn23aEdeW+BDPIcU+6jEavvM7IxfKkL
5L8OBdell1pnXSehvPLTQiIziATcsfy14eDQY1E31oqTlEAPOuvCCKCgv1OUcUmK3L7RR2B9Duk+jd5WYG5wvPYmjz6blAKek/xpaJ9pPtcpdyueTVJ3QRNtqRw=
IB4/PirYMnmk/neiP/ntWCibhr4OO7T1iwYkHnqHoq9unmZtY4L9KRLCgoJoyCa+u9oppIWYNYc7ibt+T1WH2bX13rpel5RzK48NW6AFZqkR
yZBbkdczUfpsxebwPTUUhxy6v5RQJcu0rDdnPlymqK9unmZtY4L9KRLCgoJoyCa+u9oppIWYNYc7ibt+T1WH2bX13rpel5RzK48NW6AFZqkR
H6gC2nuOv0hp5WGKBdKodXr1xvseHxaU4EJyhONhfx9MVTmW1Mrxaxi53pWWGV7a+ArAYL4Sb1KjkBKie6gppMfNzkuhg4sytRYnvTt5qRA=
s87F82rOXhkhkEos5yMR7nr1xvseHxaV4EJyhONhfx9MVTmW1Mrxaxi53pWWGV7a+ArAYL4Sb1KjkBKie6gppMfNzkuhg4sytRYnvTt5qRA=
HxEnyTFg7b2NWYXmVR2Pqnr1xvseHxaW4EJyhONhfx9MVTmW1Mrxaxi53pWWGV7a+ArAYL4Sb1KjkBKie6gppMfNzkuhg4sytRYnvTt5qRA=
c9y4YfkEOtaBSQrxg613+hy6v5RQJcu0rDdkPlymqK9unmZtY4L9KRLCgoJoyCa+u9oppIWYNYc7ibt+T1WH2bX13rpel5RzK48NW6AFZqkR
fff7oZc0ek3f7oPRSFT1e3r1xvseHxaT4EJyhONhfx9MVTmW1Mrxaxi53pWWGV7a+ArAYL4Sb1KjkBKie6gppMfNzkuhg4sytRYnvTt5qRA=
gLOQY8c+62jVpI9ElJawMXr1xvseHxaR4EJyhONhfx9MVTmW1Mrxaxi53pWWGV7a+ArAYL4Sb1KjkBKie6gppMfNzkuhg4sytRYnvTt5qRA=
w6zRspfdldcnLOv9Wx0KsHr1xvseHxaQ4EJyhONhfx9MVTmW1Mrxaxi53pWWGV7a+ArAYL4Sb1KjkBKie6gppMfNzkuhg4sytRYnvTt5qRA=
6CopAjx+PeiNV6ixN/HRyR8dy5lWbO7eYY90anRlYYYHOSjm4Go6/Pz+YW57TOc8jxfBDTn23aEdeW+BDPIcU+6jEavvM7IxfKkL
s1eBE0tDdg3NjXLwpx8DyRwdy5lWbOjeYY90anRlYYYHOSjm4Go6/Pz+YW57TOc8jxfBDTn23aEdeW+BDPIcU+6jEavvM7IxfKkL
j2fYp46p4koNZ/xho0MW8x0dy5lWbOreYY90anRlYYYHOSjm4Go6/Pz+YW57TOc8jxfBDTn23aEdeW+BDPIcU+6jEavvM7IxfKkL
QZkqdn1jF5pSR4xUhV0NDyibhr4OO7TynQ06HnyAvK9unmZtY4L9KRLCgoJoyCa+u9oppIWYNYc7ibt+T1WH2bX13rpel5RzK48NW6AFZqkR
uftWMXlNkfwzZKUtLvQBqiMziATcsfy14eDQY1E31oqTlEAPOuvCCKCgv1OUcUmK3L7RR2B9Duk+jd5WYG5wvPYmjz6blAKek/xpaJ9pPtcpdyueTVJ3QRNtqRw=
JaQ4KdcyMb1iRjbcZvhzhhZo4a/WGN8v1g6ODbsytelaErqigLg+vqMqQYS9yP3H8znjnifFP1lNZXYaBmfcs+Pf9TuINX6pCQ==
uryaH49831dCBceC6tAOBmgV3fMmf4Osc490anRlYYYHOSjm4Go6/Pz+YW57TOc8jxfBDTn23aEdeW+BDPIcU+6jEavvM7IxfKkL
aRF+f8raZRxgYayCWB8LR/ctNglVOD0TPI8UR9ypi1QRI7M1QvbE406zandPkbdOUz1zmQFdQkrSDyDT//fBC5wtcqkF
/qRZYitWtJ5gfQtkHWX6QPctNglVOD0TPIsWSdypi1QRI7M1QvbE406zandPkbdOUz1zmQFdQkrSDyDT//fBC5wtcqkF
jLhkblq6Bd5wirGLogu58tG70I+EsA6KxURPr7Y22NeUzQh2D/EfrTqQ13YKqEeGydYDm2bxLR370OHQH5cnd6kC
EZtgCCidAi3YNaIAMCJmYpGTh++VDSi/sMAj8jWL5MeZTjpAn2hSFgF908jXnZ2iZyxLNejNFmG5gGnDCOPK6aABXyQl+9+1rq7wExobltcTeYMeh4UfXy0llpqmp/yzwx+Vu2h1Xqkp
vm3bpam/8svKUEeIAG7NYZyzTw1KpHa8NZdfPKyFLM6+mdZMJwQ87vO+ipIeRCnpyy1xpKqO52G9GRFlQwDo1E201QNUR4eDlRVfhuss4ibjRO/Q79Heb1nP66Y9apd5Y1WpJA==
bXk6ND8JaZDLmG+O2agQpTHe5PvT8cM9bd3TNrhiRmGEUl4WDWXH+KO1gUJbRB/lHPVaIXV43ZNcSzZJPGnr1LFjUzUiNmRjrvMKd2/RV84z/VOf4R3iynJPwNPfN2GLfG1SqSU=
yhjWUE2X+Xb0AsmdJYqDTyy9lQathGIWMZ3jiGd9LSL3zJt1uC0GYamguYNYQ1pp0KGvZFXbL7XejgDTartmV4PZU97XpQ9fPUVGWvbHbDNzfyV7WBVuqRk=
nkmo0LOENiN9P5EC+doAO8kSiGRQhmA3s5FmFjWV/5iLRUkCE5S3hYRlwqHt6EUzNJv+CXRZA/TJU6s1WgacQ8bDwrcngb9uq23LH3mNeiraHwgTl0dJa0Qdaqkd
nMrXeQQ6v8A7Ek+3zlon8+Ahp0FhtEEthJFmFjWV/5iLRUkCE5S3hYRlwqHt6EUzNJv+CXRZA/TJU6s1WgacQ8bDwrcngb9uq23LH3mNeiraHwgTl0dJa0Qdaqkd
OmGRta5vXTsbsneYNtl8+frAoBn2jzM/4JazGXkAHcm/smU4IR0iiWTBSwTja+I3iLmCFVUsDx/t9RxKWpuQjzSHUa1pNo2B7X9fYVwyzDN+I2FLX3NCEWypGw==
E0fMzB+scBd3brePWUnzjIV90rCuxreYjtmx2bl0UraF3TI9F4/QcoWCJeNJL+7lJ+msT9c81NKOQLihuZEAZELEzYJut6Lz+rVW7ltj3PMxMZgjDzRJdKcLbFyYbOpNvCNh5FUssLSyNLe7CU/lHXITQaScHOKVC+NYmGi/u+DedObidWirvDJciONZarVICLRsSjliZ03jJheflVxohB0G05xQNA6pe6xp5qsMYsYj5O9wLzFeTxmv60b9ShcZI/WphA==
Vth502Lf1fBOkMFeIXfxjdt4EyYSimmPaWF2UbbIAiae/wPhohsYTlzNrY2O8RNqbW0WEPxU50cNwzv7oX6i5RBuECJfCgnum+XaAq8nbYXw+GeuapCX7kI/U6OGqZ31u/gRiL9vd1+pKg==
m3OsN5ypRWefuzJwEdGHr1G4szCKRKsG5FCaHiC5wgoY3QV6JRmy0o5FiS+fNH+iWnwPQoIRS082JQU52/TJxA+DL3OpBg==
L4r5YWaM2QpuNK0JiXRG234EgK1g8mthSghzSlT8wvJAVVqmqFGd9qWVKl4+6RHD/9gnDuow1w5KWpMDBgld1bsY0eg/jzd/qQo=
VZlXwUcwxX3T1fMbsP6W/kjY98EPcGDAy3tZrMQMajJnRFz+/uSwP36Y8KPRMGXP3jCWS401b1KjkBKie6gqpMfOzkuhg4sytRYnvTt5qRA=
FcFFVKyJU4QZzHRgxAPLbbVhfHo3XWs4B7AnCJKc73wiZ5sFOpTvomKTRmdPkbdOUz1zmQFdQUrSDyDT//fBC5wtcqkF
GPGAiHAIGKHjhCT9OGPRDBENP5oi7H3d5tlQS7bEQAdJvOVbdoxFD3VZT2arjGJGI2Tu8S+yXs8ZL+vG/coXmSN1qQQ=
zg9HwbiRZC7Z4jMSZyKBsxzU+9FAIWnXyz1ArM9Xf1NKEG3Z3vWwP36Y8KPRMGXP3jCVS401b1KjkBKie6grpsfOzkuhg4sytRYnvTt5qRA=
3zsHAlz6cUbFJU1mtIjn9wnHirp4UQC96GvjdVZaHQmpcNUUjZgYGH3UgDNRRfDAzYpwl0x3ZbVlBpFp2TKqyczCQKuKgzWzEyO+OXipDw==
LdBGgauLJDWRBLbdWQTDLAu3iBk3AJPp6DVRBcYJG/nKkIMi9FSSCgBtis5Iea3upY0adt6Bwfu/IHemSlgnlsLE4+emoY2teyCBAF+nB2epEg==
oVRubnTL7zG346fxo2H7sQYQd8UsZ4HyFmvNAhdcsesdyIn6ofbVFTXG4YnJOLrp9IOQy3oDpROj4+7ZCKl/
XnFJcHQxemwb2DZfKX+JQAZ9+q7JC7N/0FrGXqF0itcHfoDzq+5hnMcHe9Cf9qfG8znjnifFP11MZXIbBmfcs+Pf9TuINX6pCQ==
wgGO/UekB7eye1Ri2/SEojwQt0UF7oDZxIKrkSarlf1yctmNr0V2vZ4FmLPI9qkKU/iyGusgqTx3Yi8zccvL6sX+B4UrcakI
AH80krHq1o6uCWgr806TZxn8zEJoXIOtsDVeGI9aCZig45BM40OaDWV39sxBb8OTtudqa7CB1PC5IHemSlgnls7G4+ynoY2teyCBAF+nB2epEg==
RUtm5tYjxJlBVjF/MdqLnO7J5uj68dxnDCzd+bhibwGdxveIJf6AyeRS60GGOxVt0qKZXY9Vdq2+1dhjaGYpmvMo8srLMKwoV7Jv49FbS3plLkdVC2GpGA==
Cij3N0pTEIIYqcndsH2KVi0Rr2CGUgJcUE/7MECiOIS47xPTgJyY/F0zVEwV2M6qr4CAF5+wBqo/R8oMUr26lPe9To1EVnLgiAT48v+xPaVtJunZMbwHOf+jSLvSw80Dm4NmaVCpJw==
Y2hGGF1f0GAMd9tj8x0cfcy4OBx+1de9NFwXyKz+ZSjqk20QdG7Vb8AYsO34QF01xGn2FkAEggzSJr3h3zHnjgMdQ5z1PZWLgu+wU0+XMUusDWKpFQ==
ZW0hSAByf2UJUvW94ffEbS0RrmCGUgJcUE/7MECiOIS47xPTgJyY/F0zVEwV2M6qr4CAF5+wBqo/R8oMUr26lPe9To1EVnLgiAT48v+xPaVtJunZMbwHOf+jSLvSw80Dm4NmaVCpJw==
g8MeMfzO6edtS0V2VJLwf8y4OBx+1de9NFwXyKz+ZSjqk20QdG7Vb8AYsO34QF01xGn2FkAEggzSJr3h3zHnjgMdQ5L1PZWLgu+wU0+XMUusDWKpFQ==
28wSR0w4A7Z/2diJYxTMUS0Rq2CGUgJcUE/7MECiOIS47xPTgJyY/F0zVEwV2M6qr4CAF5+wBqo/R8oMUr26lPe9To1EVnLgiAT48v+xPaVtJunZMbIHOf+jSLvSw80Dm4NmaVCpJw==
yojBxlTl6BV0vHYK3dsCkGxmfWhU79W3N385zJ6YODEQbtM9ilRLViTg+u6gCWJ62I0laiUJkoJONSmfH8QfEpos71KPByuYd5XlSVtEaTRPUw9jqRY=
AAnMzLNkw1rzPGkjfAC/w3Wftej389A2bMTkJ59xYSSNUhEfHHPa9eTxwwhdWRzlXeIXehcdi7hncAcIclyP/IInewVaVE8igtMmZ2/RV84z/VOf5B3ly3JPwNPfN2GLfG1SqSU=
KBUIvfi/VAKuFvLkDUEyHLKQoB9YYMKbjzw7ldq9y26hGqHR3aBhfGE4tPDpZBRLzcVsOFk65P/g1wld0VZlMWX90hHzk7SDpmNZmwdTqgFkqRM=
hDFmV2ou2JYTXMMi+PLnnHWftOj389A2bMTkJ59xYSSNUhEfHHPa9eTxwwhdWRzlXeIXehcdi7hncAcIclyP/IInewVaVE8igtMmZ2/RV84z/VOd5B3ly3JPwNPfN2GLfG1SqSU=
KBUIvfi/VAKuFvLkDUEyHLKQoB9YYMKbjzw7ldq9y26hGqHR3aBhfGE4tPDpZBRLzcVsOFk65P/g1wld0VZlMWX90hHzk7SDpmNZmwdTqgFkqRM=
lBspZG4K+OGY6FMHyLAW93Wft+j389A2bMTkJ59xYSSNUhEfHHPa9eTxwwhdWRzlXeIXehcdi7hncAcIclyP/IInewVaVE8igtMmZ2/RV84z/VOd5B3ly3JPwNPfN2GLfG1SqSU=
ymseWeKAeD8sgaSQ9blS57KQoB9YYMKbjzw7ldq9y26hGqHR3aBhfGE4tPDpZBRLzcVsOFk65P/g1wld0VZlMWX80hHzk7SDpmNZmwdTqgFkqRM=
vcGbH6m85UrGtWsozJR1F3Wft+j389A2bMTkJ59xYSSNUhEfHHPa9eTxwwhdWRzlXeIXehcdi7hncAcIclyP/IInewVaVE8igtMmZ2/RV84z/VOc5B3ly3JPwNPfN2GLfG1SqSU=
ymseWeKAeD8sgaSQ9blS57KQoB9YYMKbjzw7ldq9y26hGqHR3aBhfGE4tPDpZBRLzcVsOFk65P/g1wld0VZlMWX80hHzk7SDpmNZmwdTqgFkqRM=
5Fz9rqhYX132LkBTl5eLCnWftOj389A2bMTkJ59xYSSNUhEfHHPa9eTxwwhdWRzlXeIXehcdi7hncAcIclyP/IInewVaVE8igtMmZ2/RV84z/VOc5B3ly3JPwNPfN2GLfG1SqSU=
IQl6f74tutOeDbRAxM3UtbKQoB9YYMKbjzw7ldq9y26hGqHR3aBhfGE4tPDpZBRLzcVsOFk65P/g1wld0VZlMWX/0hHyk7SDpmNZmwdTqgFkqRM=
XuWYDh51VG45glJUr8KUqEjY98EPcGDAy3tZrMQMajJnRFz+/uSwP36Y8KPRMGXP3jCWS401b1KjkBKie6guocfLz0uhg4sytRYnvTt5qRA=
svIo/ifIRH1GxgacNEE1Y2kC2/sNRg98z8Oqbp8Q7FKWABCD5uxgL1m05VNmpGYnJZEPrvskwu6z7GJ4vxj/Z0nnqw6t4jexM32pDA==
QmYTIEgM5AZd3VN/OLYDLG/PpbsyPqDTWjhk9DyQyTrspNSM3uwvCvrUv/oKqPvkl43VYRusGazv698LqX4=
PJFdvV/IwnP+vBgvzdO0pCcHwKlaTBN6gJK/XKkBwXP5YELc1N1CIkjC/CJtpGQuKOoOrvskwu6z7G56vxr/Z0nnqw6t4jexM32pDA==
ZmMOtjKBpjGcLy+VhKp3lmxmfWhU79W3N385zJ6YODEQbtM9ilRLViTg+u6gCWJ62I0laiUJkoJONSmfH8QfEpos71KOACuYcJXlSVtEaTRPUw9jqRY=
ILiW3LfoeSCAwfCmCGFeXXBuYSFL+MS2eGhrmtCWNzkRYpA2ilRLViTg+u6gCWJ62I0laiUJkoJONSmfH8QfEpos71KOACuYcJXlSVtEaTRPUw9jqRY=
oNOkmC/Ngf2+muri2c6QqBmlOjDi2vUAYSey6rAcX032zRem5dplmQEQDaTFWFBIhfSow0lF6LDlqghHhDetBT3mOfkhuRBZr2SY20JDfWMrQ1YJYKkX
SyWqUGnl3VADfz1eH2m1AL7rK1Btrd/evoHN3zUs0ENokGTmwX8ewJJYpLViNTPMK2pAJjlA20K/SG0hYIRF3JBaD6wFU4mdvo3hpIDTqm1NeDNFMl3zftmaGcElAMksaXg8AAFETDuVxbTIgRqMj2gXAY159h0h3XwqAcv03NOuo9ErLzPysbypyw==
c8uiYJINATtfbfJ1O6GoCnBuYSFL+MS2eGhrmtCWNzkRYpA2ilRLViTg+u6gCWJ62I0laiUJkoJONSmfH8QfEpos71KMAyuecJXlSVtEaTRPUw9jqRY=
CJr/1BeCB2jS/9LbPz7LeBmlOjDi2vUAYSey6rAcX032zRem5dplmQEQDaTFWFBIhfSow0lF6LDlqghHhDetBT3mOfkhuBFZqWSY20JDfWMrQ1YJYKkX
i2BwbZvOrx/0aAM16YBFZYvtNg1DsS4VAWEcUlEfeXs20ERRT60XRhR3vupmn4GN3jL8O3IiOiRSxqO4IAZ0B9By5zC34DEqQNvCtxk1aUsYHDsiEG7nkbEK4G4KjLu+hEiqluCxspI4JZUyJVEiKq7d+SdfvE+6OsQfig1YW/XQPTWxm/w5XC/7v7upzg==
615YzOQAb83cS9j0SpsNUvHyyz9D0vfjFwxA5KOXafg8UCr2L4iMiiZY0NvWNAA3aazlS1a8Bv8Vyc/2S/yidgN06OMPg5i/+b9rVp06V6kDZakU
nWKOYr6jLhPmy7ZdInHoQEjY98EPcGDAy3tZrMQMajJnRFz+/uSwP36Y8KPRMGXP3jCWS401b1KjkBKie6gvp8fPyEuhg4sytRYnvTt5qRA=
pqtDyj7YGl03S1oZ4fEtIGkC2/sNRg98z8Oqbp8Q7FKWABCD5uxgL1m05VNmpGYnJZEPrvskwu6z7G17vxv4Z0nnqw6t4jexM32pDA==
bItSLF6T6aR3cFjaXQZoD34EgK1g8mthSghzSlT8wvJAVVqmqFGd9qWVKl4+6RHD/9gnDuow1w5JXJMOAAld1bsY0eg/jzd/qQo=
vOgq8WWrWkPc9R2iygWR9r7rK1Btrd/evoHN3zUs0ENokGTmwX8ewJJYpLViNTPMK2pAJjlA20K/SG0hYIRF3JBaD6wFU4mdvo3hpIDTqm1NeDNFMl3zftmaGcElAMksaXg8AAFETDuVxbTIgRqMj2gXAY159h0h3XorAcH03NOuo9ErLzPysbypyw==
UU0KvP8uUsWEtS5fcL5m5EjY98EPcGDAy3tZrMQMajJnRFz+/uSwP36Y8KPRMGXP3jCWS401b1KjkBKie6guoMfAyEuhg4sytRYnvTt5qRA=
kJBDAJggodysazFYMY0ROWkC2/sNRg98z8Oqbp8Q7FKWABCD5uxgL1m05VNmpGYnJZEPrvskwu6z7Gx8vxT4Z0nnqw6t4jexM32pDA==
S8SO288/gTW8lcfyRFQ5HjcZ9RpZyf/W+riNoQ698Oc6UemxnyYalskptZP73KUKU/iyGusgrj93YCkzccvL6sX+B4UrcakI
rDMkKZl7Jw1udOXYVj9ehPPm13ZZz/rkF0ob9q2YYfkwGz+XAty9rQZJ0NviFTkdN7KaCnGNRd8z6MX2S/yidgN07uMPhJm/+b9rVp06V6kDZakU
TN4NZSLi1HettPG5ibhPyhfTBAVhpeB5P5ff6ML9KJ2Tmon8WmZvM/+x77WLevID9kzb3HnRFvzguAQkeB3uNaO63T84uXS5cV2Z/QGWFRF1/sTxwdVkYzbjqTt3k3phVKkj
1ZsTW9/pw2z3fWIrPdch/y6Xiq5BSr3nh0UxEmiHhOwpmCM5LIjCaEaQgpV00RH679sisY6NM407ibt+T1WH3bb1271el5RzK48NW6AFZqkR
w3iocvzrQ0BzxvlDtALOphfTBQVhpeB5P5ff6ML9KJ2Tmon8WmZvM/+x77WLevID9kzb3HnRFvzguAQkeB3uNaO63T84uXS5cV2Z/QGWFRF1/cTxwdVkYzbjqTt3k3phVKkj
MSP+pLFSxmPKSttZzP9YAi6Xiq5BSr3nh0UxEmiHhOwpmCM5LIjCaEaQgpV00RH679sisY6NM407ibt+T1WH2bH1271el5RzK48NW6AFZqkR
bMr5QcNFRnLeq6PxZcHTYRfTAAVhpeB5P5ff6ML9KJ2Tmon8WmZvM/+x77WLevID9kzb3HnRFvzguAQkeB3uNaO63T84uXS5cV2Z/QGWFRF1+cPxwdVkYzbjqTt3k3phVKkj
JbLVzxN2enFMRJlZltEVe0dviM8yblKfSxGjvZjRk+9ZLwKa9f4GPsdm5RxDj4dBM04EJpfhTy77jfsaia0u7Wq/+JMHpxkrtD16qQ0=
ebhWG9TJndz0TGElYXfCVW/PpbsyPqDTWjhk9DyQyTrtpNSN3uwvCvrUv/oIqvvjkY3VYRusGazv698LqX4=
El8xy8SyAIRv4iofXqSUUA6fv4offXmTkz1St9JLLRVbFGvYkYTiYEyp0q7ARny+1TCVQoBPblKjkBKie6gppcfJyUuhg4sytRYnvTt5qRA=
K+IGDwWoJum40jlQW+UaK34EgK1g8mthSghzSlT8wvJAVVqmqFGd9qWVKl4+6RHD/9gnDuow1w5CX5MDAQld1bsY0eg/jzd/qQo=
DYy+WmBLrF9dMBoawNaCjSLJpCWG9h7Ok+sWkf3qf0qLdGXChNbaQC1ZH1WfmKC4+3N59BSk6oqXDDzm7ozwx84QUHuBGGX3rvh20x3dryqTmDL6qwCrHzeFqVOx68vKBZ6HZWtRqSg=
XGvwfchrSoHfb2+hjcZWxDSxmxHs6mUVMY/kxi1tP2zx0Zh1+TpLOsvF76hjeGsonpTLTGafB4Wm7CuSRptKR4PZU97XpQ9dPUVFXfbHbDNzfyV7WBVuqRk=
TFxctqyv5EjYyqN6IHwNlkjY98EPcGDAy3tZrMQMajJnRFz+/uSwP36Y8KPRMGXP3jCWS401b1KjkBKie6gspMfOyUuhg4sytRYnvTt5qRA=
CRx9Y9ia54A2soY9wcP1iGCrlwelpWEKIYvpiCg5PCi2z5Fz5XlAOsvF76hjeGsonpTLTGafB4Wm7CuSRptKR4PZU97XpQ9bPEVFXfbHbDNzfyV7WBVuqRk=
ydchqPiP6G2RVosfyoSI3OaZjNrRl+kNCM6n2s41u55tEv+hItzPof7kDvOy6opmM6ozPvzPu6Ff5wt496hBch/u3vFVIn8jd14KJ1kxVw9Q8zPtigQrxuQQGl4geUJKGB2FOiVZMhKOBQnvn3T/4lq8jwKP0ssNMeWF+du0SQQPw6+zqcY=
XtjlPGxqYThEFEEhvNG6234EgK1g8mthSghzSlT8wvJAVVqmqFGd9qWVKl4+6RHD/9gnDuow1w5DXpMBAQld1bsY0eg/jzd/qQo=
JLVt7D5f1wAggIdr3koeg34EgK1g8mthSghzSlT8wvJAVVqmqFGd9qWVKl4+6RHD/9gnDuow1w5CX5MBAQld1bsY0eg/jzd/qQo=
ctbPnYgzR2EdTzgjirZDzYvtNg1DsS4VAWEcUlEfeXs20ERRT60XRhd3vupmn4GN3jL/O3IiOiRSxqO4IAZ0B9By5zC34DEqQNvCtxk1aUsYHDsiEG7nkbEK4G4KjLu+hEiqluCxspI4JZUyJVEiKq7d+SdfvE+6OsQfigpYW/XRPTWxm/w5XC/7v7upzg==
RvlzkxsNGToxXgCXCs94Mxl/cF4iIZu66KBIX41iAxOcDA6/PsGPFuTx2P3pItiu8pxhKKEmHfLO0ccj3HcS43nYn9szGTwNYyA6WzAZP+iB8ai1CZp7OrulX2iTmNuozvTbjPZ/14X2jLvSVnuaxzO5I55nRf9dDeU7HcbnnLOjXzU7yLW+qck=
wS6LafVNPtV/MWVnp32cXvkyqsDJPa+5RmWB2wao8YXAzR6ltv2kk4JWwcEgeV5EvQ6F83t6moPTESoJTdSOm8erm7KQ/ofh8VrAXgq8m25EuEoGYCESInh19UIlIUJ67m1Zt98sr0r6FD+6DWl7qpFNVSEbbJns7ytfS6k+
922WzHfjYzk4IUM6GiFrIBl/cF4iIZu66KBIX41iAxOcDA6/PsGPFufx2P3pItiu8pxiKKEmHfLO0ccj3HcS43nYn9szGTwNYyA6WzAZP+iB8ai1CZp7OrulX2iTmNuozvTbjPZ/14X2jLvSVnuaxzO5I55nRf9cD+U6HcbnnLOjXzU7yLW+qck=
khUGkZ6euH/YKtyworRAXfctNglVOD0TPI8UR9ypi1QRI7M1QvbE406zandPkbdOUz1zmAFdTkjSDiDT//fBC5wtcqkF
9TZ5aNQHf0pquHXY3B6DajthThp2YmkyY/CSwrvIL8QHoUwrYOOLUnV2p937Galw
UCd4bq84iViMajcSeMXtm87RUkHLkaU+ij8oliEVVX1vSIfeqgD3Pk9usz/EWfxFO4gxuP//1w+peg==
LXJcufzezd4bnFCo4MWDRo9d8kREad3BNHTEIZs7jcWdZlk5Qb8zmQTgeJqiQ50ji8P2yQCpdw==
M1DCsJmBI6gvsf5WGTCJuPrAoBn2jzM/4JazGXkAHcm/smU4IR0iiWTBSwTja+IzireCFVUsDx/t9RxKWpuQjzSHUa1pNo2B7X9fYVAwzDJ+I2FLX3NCEWypGw==
ILIa/0YzS9nMXFAt1tjuv+Ahp0FhtEEthJFmFjWV/5iLRUkCE5S3hYRlwqHt6EUzNJ/8B3RZA/TJU6s1WgacQ8bDwrcngb9uq23LH3mNdijaHggTl0dJa0Qdaqkd
NNkEqkyGR82pZ17OboT6SckSiGRQhmA3s5FmFjWV/5iLRUkCE5S3hYRlwqHt6EUzNJ/8B3RZA/TJU6s1WgacQ8bDwrcngb9uq23LH3mNdijaHggTl0dJa0Qdaqkd
Dux+ifhZL6HKVcOnrsaFWiy9lQathGIWMZ3jiGd9LSL3zJt1uC0GYamguYNYR1hn0KGvZFXbL7XejgDTartmV4PZU97XpQ9fPUVKWPbGbDNzfyV7WBVuqRk=
tCrzHv0/AZaEy5L21W3tKjHe5PvT8cM9bd3TNrhiRmGEUl4WDWXH+KO1gUJbRB/lHPVaIXV43ZNcTzRHPGnr1LFjUzUiNmRjrvMKd2/RV84z/VOf4R3uyHJOwNPfN2GLfG1SqSU=
pnqY3gpWF1wobfRP/RIWtJyzTw1KpHa8NZdfPKyFLM6+mdZMJwQ87vO+ipIeRCnpyy1xpKqO52G5Gx9lQwDo1E201QNUR4eDlRVfhuss4ibjRO/Q793cb1jP66Y9apd5Y1WpJA==
avUBQTQSkZ3nD+eSf0wTpZGTh++VDSi/sMAj8jWL5MeZTjpAn2hSFgF908jXnZ2iZyxLNejNFmG5gGnDCOfI56ABXyQl+9+1rq7wExobltcTeYMeh4UfXy0lmpimpvyzwx+Vu2h1Xqkp
RegsDDKR7Jwlfvqm5/4e2Al+bz9ce25+TeGGoEQFOva3uedQLrXOPFEuKcXx5ApvievfN0sw48mJ2Sxxv2yiBHlox34q4LceT05zX0T5PGU7aHFYf18Xb6ka
