alHiq1649uLCXV4D2gTICgSCt5QBY2eUjCoXscJHPgJsVW3J2sTxVRiz3o+JPxqd8gbTfL4Of1KjkBKie6goocfKzEumg4sytRYnvTt5qRA=
1jqIa2xfgQ37Q6M6T/hHxIV90rCuxreYjtmx2bl0UraF3TI9F4/QcoWCJeNJL+7lJ+msT9c81NKOQLihuZEAZELEzYJut6Lz+rVW7ltj3PMxMZgjDzRJdKcLbFyYbOpNvCNh5FUssLSyNLe7CU/lHXITQaScHOKVC+NYmGi/u+DedObidWirvDJciONZarVICLRsSjliZ03jJheflVxohB0G05xQNA6pe6xp5qsMYsYj5Oh1LzZcTx6v60b9ShcZI/WphA==
lu2aFTVjyt0/fYAATzvwH4V90rCuxreYjtmx2bl0UraF3TI9F4/QcoWCJeNJL+7lJ+msT9c81NKOQLihuZEAZELEzYJut6Lz+rVW7ltj3PMxMZgjDzRJdKcLbFyYbOpNvCNh5FUssLSyNLe7CU/lHXITQaScHOKVC+NYmGi/u+DedObidWirvDJciONZarVICLRsSjliZ03jJheflVxohB0G05xQNA6pe6xp5qsMYsYj5O91LzZcTx6v60b9ShcZI/WphA==
TUwBzmuILrRvDSB/Sz3fLRHwceNAc3KpuDEXxJ2rN7XGfkhz0iuOF6vpSz6fdbfcwBWJeO4wBPPb790bkCV2qQE=
ayiay1guym2fwdSpixJTgvp3LZgGBsKKuyTEyeqQksQ15BL5yJKAQ/Q8UL31Nre2fWUTGDNqLT9c3vzP3b/ul1uMaS7TPpnPAOyB9ML5m8uImk48XxFOullEqev/cYcO490jnNT9NQgiKFBTL9fRywxNQqk1
2a9nJK4jeItP6vKZANf6AiYziATcsfy14eDQY1E31oqTlEAPOuvCCKCgv1OUcUmK3L7RR2B9Duk+jd5WYG5wvPYmjz6blAKek/xjbZ9uPNcudyueTVJ3QRNtqRw=
9etn6l/h9J/lryuBRau6o2gV3fMmf4Opc490anRlYYYHOSjm4Go6/Pz+YW57TOc8jxfBDTn23aEdc2qBC/AcVO6jEavvM7IxfKkL
ZU4SPPCsRj0699UJqh7eb2gV3fMnf4Opc490anRlYYYHOSjm4Go6/Pz+YW57TOc8jxfBDTn23aEdc2qBC/AcVO6jEavvM7IxfKkL
bYqWSiwlMX227uJ7TKLJKkFz57ZRH1PnJQWV75LG0r0XalGJ/qoWMvwwuj4nor0UEXBZJ5fhTy77jfsTjK0t6Gq4+JMHpxkrtD16qQ0=
BQK+VYaKO7Dn7KSbjJ8yXkFz57ZRH1DnJQWV75LG0r0XalGJ/qoWMvwwuj4nor0UEXBZJ5fhTy77jfsTjK0t6Gq4+JMHpxkrtD16qQ0=
PDTF+3oEWbQqf3FF2yrZcUFz57ZRH1HnJQWV75LG0r0XalGJ/qoWMvwwuj4nor0UEXBZJ5fhTy77jfsTjK0t6Gq4+JMHpxkrtD16qQ0=
yi3TCCNCyJ5YNJ6diVwBrh8dy5hWbO3eYY90anRlYYYHOSjm4Go6/Pz+YW57TOc8jxfBDTn23aEdc2qBC/AcVO6jEavvM7IxfKkL
FDhlPDoHX+yfjsjQ3tbpuBwdy5hWbO/eYY90anRlYYYHOSjm4Go6/Pz+YW57TOc8jxfBDTn23aEdc2qBC/AcVO6jEavvM7IxfKkL
JEjwqfRffayeW0NfFOk5hR0dy5hWbOneYY90anRlYYYHOSjm4Go6/Pz+YW57TOc8jxfBDTn23aEdc2qBC/AcVO6jEavvM7IxfKkL
nSRi94dOX2XUmQ/G7iWprh0dy5pWbOneYY90anRlYYYHOSjm4Go6/Pz+YW57TOc8jxfBDTn23aEdc2qBC/AcVO6jEavvM7IxfKkL
AMxl7KNxOf98nCeBk9KzDmgV3fMnf4Orc490anRlYYYHOSjm4Go6/Pz+YW57TOc8jxfBDTn23aEdc2qBC/AcVO6jEavvM7IxfKkL
7ih/k5+oUMnqg5hVLQRQf0Fz57ZRH1HnJQeV75LG0r0XalGJ/qoWMvwwuj4nor0UEXBZJ5fhTy77jfsTjK0t6Gq4+JMHpxkrtD16qQ0=
8faNtaH4+PXZ7jeEzjutn0Fz57ZRH1DnJQeV75LG0r0XalGJ/qoWMvwwuj4nor0UEXBZJ5fhTy77jfsTjK0t6Gq4+JMHpxkrtD16qQ0=
6POm0YrkqMHfwut7JgtRPBwdy5pWbO/eYY90anRlYYYHOSjm4Go6/Pz+YW57TOc8jxfBDTn23aEdc2qBC/AcVO6jEavvM7IxfKkL
Da1F0W9z9SgSWm1bs6wguGgV3fMmf4Orc490anRlYYYHOSjm4Go6/Pz+YW57TOc8jxfBDTn23aEdc2qBC/AcVO6jEavvM7IxfKkL
Wcvh1iiTr0IMANIC6S2b1UFz57ZRH1PnJQeV75LG0r0XalGJ/qoWMvwwuj4nor0UEXBZJ5fhTy77jfsTjK0t6Gq4+JMHpxkrtD16qQ0=
/Wb1jHFkvdUwdtL5A6lYix8dy5pWbO3eYY90anRlYYYHOSjm4Go6/Pz+YW57TOc8jxfBDTn23aEdc2qBC/AcVO6jEavvM7IxfKkL
KZVTw2q8p6j+MnovFxwm5Rwdy5tWbO/eYY90anRlYYYHOSjm4Go6/Pz+YW57TOc8jxfBDTn23aEdc2qBC/AcVO6jEavvM7IxfKkL
K+9l7eNPA8JWq4UihpwHJUFz57ZRH1HnJQaV75LG0r0XalGJ/qoWMvwwuj4nor0UEXBZJ5fhTy77jfsTjK0t6Gq4+JMHpxkrtD16qQ0=
A8KrBFnv4nNf2FzH31vTbB0dy5tWbOneYY90anRlYYYHOSjm4Go6/Pz+YW57TOc8jxfBDTn23aEdc2qBC/AcVO6jEavvM7IxfKkL
aHMOLokEKIuDjCcZhWn/62gV3fMmf4Oqc490anRlYYYHOSjm4Go6/Pz+YW57TOc8jxfBDTn23aEdc2qBC/AcVO6jEavvM7IxfKkL
AAIB0ZFRA6t2aqpf/oLVXUFz57ZRH1DnJQaV75LG0r0XalGJ/qoWMvwwuj4nor0UEXBZJ5fhTy77jfsTjK0t6Gq4+JMHpxkrtD16qQ0=
zthI/hWpSb8+O8vNAAdj3icziATcsfy14eDQY1E31oqTlEAPOuvCCKCgv1OUcUmK3L7RR2B9Duk+jd5WYG5wvPYmjz6blAKek/xjbZ9uPNcudyueTVJ3QRNtqRw=
BFFrAhGoMKeML8Pqo/kZhmgV3fMnf4Oqc490anRlYYYHOSjm4Go6/Pz+YW57TOc8jxfBDTn23aEdc2qBC/AcVO6jEavvM7IxfKkL
jVZzsJve6Qn4VJZLJlcULR8dy5tWbO3eYY90anRlYYYHOSjm4Go6/Pz+YW57TOc8jxfBDTn23aEdc2qBC/AcVO6jEavvM7IxfKkL
mDxCVfxpkJYkeWi1feEpN0Fz57ZRH1PnJQaV75LG0r0XalGJ/qoWMvwwuj4nor0UEXBZJ5fhTy77jfsTjK0t6Gq4+JMHpxkrtD16qQ0=
qnvTOmbr9MPimuf/kvfTx2gV3fMnf4Ouc490anRlYYYHOSjm4Go6/Pz+YW57TOc8jxfBDTn23aEdc2qBC/AcVO6jEavvM7IxfKkL
/MGIalinzhT1arPhOzL6+UFz57ZRH1PnJQKV75LG0r0XalGJ/qoWMvwwuj4nor0UEXBZJ5fhTy77jfsTjK0t6Gq4+JMHpxkrtD16qQ0=
fGb+1Rfv9KiFG2+GErNVWUFz57ZRH1HnJQKV75LG0r0XalGJ/qoWMvwwuj4nor0UEXBZJ5fhTy77jfsTjK0t6Gq4+JMHpxkrtD16qQ0=
Kb3F3TUVjXa50Qv38aB4rmgV3fMmf4Ouc490anRlYYYHOSjm4Go6/Pz+YW57TOc8jxfBDTn23aEdc2qBC/AcVO6jEavvM7IxfKkL
48VE5PY0ZVBI6l6704/pRxwdy59WbO/eYY90anRlYYYHOSjm4Go6/Pz+YW57TOc8jxfBDTn23aEdc2qBC/AcVO6jEavvM7IxfKkL
MeApxyo2HsW5kV6WGimSRkFz57ZRH1DnJQKV75LG0r0XalGJ/qoWMvwwuj4nor0UEXBZJ5fhTy77jfsTjK0t6Gq4+JMHpxkrtD16qQ0=
sadhBD+vus6uWFzKvJ2FoR8dy59WbO3eYY90anRlYYYHOSjm4Go6/Pz+YW57TOc8jxfBDTn23aEdc2qBC/AcVO6jEavvM7IxfKkL
z60BVq+Lm5yh3fDV8qFWGB0dy59WbOneYY90anRlYYYHOSjm4Go6/Pz+YW57TOc8jxfBDTn23aEdc2qBC/AcVO6jEavvM7IxfKkL
kAod+smcEzDcRrXtg3CdG0Fz57ZRH1HnJQOV75LG0r0XalGJ/qoWMvwwuj4nor0UEXBZJ5fhTy77jfsTjK0t6Gq4+JMHpxkrtD16qQ0=
MoY7DHqdZMW4bNopDhQu2mgV3fMmf4Ovc490anRlYYYHOSjm4Go6/Pz+YW57TOc8jxfBDTn23aEdc2qBC/AcVO6jEavvM7IxfKkL
cDCGLqudGWv7e7xIVxMQ2B8dy55WbO3eYY90anRlYYYHOSjm4Go6/Pz+YW57TOc8jxfBDTn23aEdc2qBC/AcVO6jEavvM7IxfKkL
w05MkuLZYoneR8LSfp440R0dy55WbOneYY90anRlYYYHOSjm4Go6/Pz+YW57TOc8jxfBDTn23aEdc2qBC/AcVO6jEavvM7IxfKkL
anZH/rrTqjAH9NrlspJsAUFz57ZRH1DnJQOV75LG0r0XalGJ/qoWMvwwuj4nor0UEXBZJ5fhTy77jfsTjK0t6Gq4+JMHpxkrtD16qQ0=
yUd16EyL/26+fcN9/zVqXEFz57ZRH1PnJQOV75LG0r0XalGJ/qoWMvwwuj4nor0UEXBZJ5fhTy77jfsTjK0t6Gq4+JMHpxkrtD16qQ0=
QE8zFeDosyWhB2GSoE0kYmgV3fMnf4Ovc490anRlYYYHOSjm4Go6/Pz+YW57TOc8jxfBDTn23aEdc2qBC/AcVO6jEavvM7IxfKkL
WhxWN25Y+fvAT8QYzPxX9yUziATcsfy14eDQY1E31oqTlEAPOuvCCKCgv1OUcUmK3L7RR2B9Duk+jd5WYG5wvPYmjz6blAKek/xjbZ9uPNcudyueTVJ3QRNtqRw=
Pg6O+WzlFwOvzspnHz3Xqxwdy55WbO/eYY90anRlYYYHOSjm4Go6/Pz+YW57TOc8jxfBDTn23aEdc2qBC/AcVO6jEavvM7IxfKkL
LSXk/uGZgYl2YvWCk/kQP0Fz57ZRH1HnJQCV75LG0r0XalGJ/qoWMvwwuj4nor0UEXBZJ5fhTy77jfsTjK0t6Gq4+JMHpxkrtD16qQ0=
oDywR83dnnaEW1UD8m/5Lx8dy51WbO3eYY90anRlYYYHOSjm4Go6/Pz+YW57TOc8jxfBDTn23aEdc2qBC/AcVO6jEavvM7IxfKkL
PsVVYaM7aWVg7eZ07YX4Jh0dy51WbOneYY90anRlYYYHOSjm4Go6/Pz+YW57TOc8jxfBDTn23aEdc2qBC/AcVO6jEavvM7IxfKkL
FiZWuJdMZcyStqJXwBKZBkFz57ZRH1DnJQCV75LG0r0XalGJ/qoWMvwwuj4nor0UEXBZJ5fhTy77jfsTjK0t6Gq4+JMHpxkrtD16qQ0=
uvsPTn344eiEAGUVA4vhhkFz57ZRH1PnJQCV75LG0r0XalGJ/qoWMvwwuj4nor0UEXBZJ5fhTy77jfsTjK0t6Gq4+JMHpxkrtD16qQ0=
NktLXfRj25ddTTG/JD/8QWgV3fMnf4Osc490anRlYYYHOSjm4Go6/Pz+YW57TOc8jxfBDTn23aEdc2qBC/AcVO6jEavvM7IxfKkL
RBaU2UwmqSOAOOwvdI9xVhwdy51WbO/eYY90anRlYYYHOSjm4Go6/Pz+YW57TOc8jxfBDTn23aEdc2qBC/AcVO6jEavvM7IxfKkL
ut3B4/EB683O5r52LMwWoWgV3fMnf4Ooc490anRlYYYHOSjm4Go6/Pz+YW57TOc8jxfBDTn23aEdc2qBC/AcVO6jEavvM7IxfKkL
71INLc8KKRGVHsFR78YU2WgV3fMmf4Ooc490anRlYYYHOSjm4Go6/Pz+YW57TOc8jxfBDTn23aEdc2qBC/AcVO6jEavvM7IxfKkL
rjgf5vAry6o8IPRwViEya0Fz57ZRH1DnJQSV75LG0r0XalGJ/qoWMvwwuj4nor0UEXBZJ5fhTy77jfsTjK0t6Gq4+JMHpxkrtD16qQ0=
VTOWsbxhJYj2MJU+vmJ2TkFz57ZRH1HnJQSV75LG0r0XalGJ/qoWMvwwuj4nor0UEXBZJ5fhTy77jfsTjK0t6Gq4+JMHpxkrtD16qQ0=
fwCn79MLPN/HqG2AmzHTs0Fz57ZRH1PnJQSV75LG0r0XalGJ/qoWMvwwuj4nor0UEXBZJ5fhTy77jfsTjK0t6Gq4+JMHpxkrtD16qQ0=
rFgMoqV+gX5Tv1n6bxaR2x8dy5lWbO3eYY90anRlYYYHOSjm4Go6/Pz+YW57TOc8jxfBDTn23aEdc2qBC/AcVO6jEavvM7IxfKkL
FxlrTJHMCapVUCLSN0mqbRwdy5lWbO/eYY90anRlYYYHOSjm4Go6/Pz+YW57TOc8jxfBDTn23aEdc2qBC/AcVO6jEavvM7IxfKkL
3pGDzNdC4cJ0dW9+gc/EYR0dy5lWbOneYY90anRlYYYHOSjm4Go6/Pz+YW57TOc8jxfBDTn23aEdc2qBC/AcVO6jEavvM7IxfKkL
IX5BVBIB5AalXWDYVMyg2yQziATcsfy14eDQY1E31oqTlEAPOuvCCKCgv1OUcUmK3L7RR2B9Duk+jd5WYG5wvPYmjz6blAKek/xjbZ9uPNcudyueTVJ3QRNtqRw=
Ea0PJa9HTE6f40LvBCCqfx8dy5hWbO7eYY90anRlYYYHOSjm4Go6/Pz+YW57TOc8jxfBDTn23aEdc2qBC/AcVO6jEavvM7IxfKkL
v7yqGZ4TSYvcEPgzd2wDiRwdy5hWbOjeYY90anRlYYYHOSjm4Go6/Pz+YW57TOc8jxfBDTn23aEdc2qBC/AcVO6jEavvM7IxfKkL
ZM+sxIK9ljDjdr3WdCjWsh0dy5hWbOreYY90anRlYYYHOSjm4Go6/Pz+YW57TOc8jxfBDTn23aEdc2qBC/AcVO6jEavvM7IxfKkL
MOKjHtgud/AVbfYiLVbo/B8dy59WbO7eYY90anRlYYYHOSjm4Go6/Pz+YW57TOc8jxfBDTn23aEdc2qBC/AcVO6jEavvM7IxfKkL
Cpn+daP6Ro2DhwvXwCJVYBwdy59WbOjeYY90anRlYYYHOSjm4Go6/Pz+YW57TOc8jxfBDTn23aEdc2qBC/AcVO6jEavvM7IxfKkL
8d3osuL4zQmW7yQBwEhKHR0dy59WbOreYY90anRlYYYHOSjm4Go6/Pz+YW57TOc8jxfBDTn23aEdc2qBC/AcVO6jEavvM7IxfKkL
0TK4RMHNElnHUpYOgTUoiB0dy55WbOreYY90anRlYYYHOSjm4Go6/Pz+YW57TOc8jxfBDTn23aEdc2qBC/AcVO6jEavvM7IxfKkL
YLxRHAc8myz5Ja6/T5NzEhwdy55WbOjeYY90anRlYYYHOSjm4Go6/Pz+YW57TOc8jxfBDTn23aEdc2qBC/AcVO6jEavvM7IxfKkL
2V53m6LeUWkpp4b6SEL2PR8dy55WbO7eYY90anRlYYYHOSjm4Go6/Pz+YW57TOc8jxfBDTn23aEdc2qBC/AcVO6jEavvM7IxfKkL
SCq+KCb/joEJflS1gFE6ER8dy51WbO7eYY90anRlYYYHOSjm4Go6/Pz+YW57TOc8jxfBDTn23aEdc2qBC/AcVO6jEavvM7IxfKkL
osihVbU2C2t0eRRmglbNFxwdy51WbOjeYY90anRlYYYHOSjm4Go6/Pz+YW57TOc8jxfBDTn23aEdc2qBC/AcVO6jEavvM7IxfKkL
Z80cPp1ZeGSSUu4jQlgTxR0dy51WbOreYY90anRlYYYHOSjm4Go6/Pz+YW57TOc8jxfBDTn23aEdc2qBC/AcVO6jEavvM7IxfKkL
BtYJljuCnJFUTKHxbIaNih0dy5tWbOreYY90anRlYYYHOSjm4Go6/Pz+YW57TOc8jxfBDTn23aEdc2qBC/AcVO6jEavvM7IxfKkL
1mQn+d4XmDmqwku5BrxeuRwdy5tWbOjeYY90anRlYYYHOSjm4Go6/Pz+YW57TOc8jxfBDTn23aEdc2qBC/AcVO6jEavvM7IxfKkL
yL+tu0aV/H+uK5PdaGC+cR8dy5tWbO7eYY90anRlYYYHOSjm4Go6/Pz+YW57TOc8jxfBDTn23aEdc2qBC/AcVO6jEavvM7IxfKkL
6IGT6IKGu75Kk2HsG6yMux8dy5pWbO7eYY90anRlYYYHOSjm4Go6/Pz+YW57TOc8jxfBDTn23aEdc2qBC/AcVO6jEavvM7IxfKkL
rwkVm7V1iZKGcJffzx7z3hwdy5pWbOjeYY90anRlYYYHOSjm4Go6/Pz+YW57TOc8jxfBDTn23aEdc2qBC/AcVO6jEavvM7IxfKkL
uEGHAw/D3OFXputnyHhw6x0dy5pWbOreYY90anRlYYYHOSjm4Go6/Pz+YW57TOc8jxfBDTn23aEdc2qBC/AcVO6jEavvM7IxfKkL
osyIkdDHYifvclRNRS9ROSIziATcsfy14eDQY1E31oqTlEAPOuvCCKCgv1OUcUmK3L7RR2B9Duk+jd5WYG5wvPYmjz6blAKek/xjbZ9uPNcudyueTVJ3QRNtqRw=
meeQ2lUQbxxaZcDwhB1PLSibhr4OO7T1iwYkHnqHoq9unmZtY4L9KRLCgoJoyCa+u9oppIWYNYc7ibt+T1WH07D12bhekJRzK48NW6AFZqkR
WksyAl30QqkS9eOpptTfDRy6v5RQJcu0rDdnPlymqK9unmZtY4L9KRLCgoJoyCa+u9oppIWYNYc7ibt+T1WH07D12bhekJRzK48NW6AFZqkR
tizjiWvkCsAQCyXMzTuuGnr1xvseHxaU4EJyhONhfx9MVTmW1Mrxaxi53pWWGV7a+ArAYL4Sb1KjkBKie6gjocfKzEumg4sytRYnvTt5qRA=
sO+eJmjUvl/sjl7hfT1ZF3r1xvseHxaV4EJyhONhfx9MVTmW1Mrxaxi53pWWGV7a+ArAYL4Sb1KjkBKie6gjocfKzEumg4sytRYnvTt5qRA=
rXWd8a+YkE61m26DYmTZnXr1xvseHxaW4EJyhONhfx9MVTmW1Mrxaxi53pWWGV7a+ArAYL4Sb1KjkBKie6gjocfKzEumg4sytRYnvTt5qRA=
NjRj3QRmAMt6i/rNss+bHRy6v5RQJcu0rDdkPlymqK9unmZtY4L9KRLCgoJoyCa+u9oppIWYNYc7ibt+T1WH07D12bhekJRzK48NW6AFZqkR
nq6cxMzoOBrbf5LuxGIHKHr1xvseHxaT4EJyhONhfx9MVTmW1Mrxaxi53pWWGV7a+ArAYL4Sb1KjkBKie6gjocfKzEumg4sytRYnvTt5qRA=
7hMTPPtRXbwCpsY6mq5KT3r1xvseHxaR4EJyhONhfx9MVTmW1Mrxaxi53pWWGV7a+ArAYL4Sb1KjkBKie6gjocfKzEumg4sytRYnvTt5qRA=
3FAqjF7SUutnMCVfl66FJ3r1xvseHxaQ4EJyhONhfx9MVTmW1Mrxaxi53pWWGV7a+ArAYL4Sb1KjkBKie6gjocfKzEumg4sytRYnvTt5qRA=
xtvoUm+WoWR6yBQlURPwJx8dy5lWbO7eYY90anRlYYYHOSjm4Go6/Pz+YW57TOc8jxfBDTn23aEdc2qBC/AcVO6jEavvM7IxfKkL
qJ41Ufj+a9s/2NpMj5GCAhwdy5lWbOjeYY90anRlYYYHOSjm4Go6/Pz+YW57TOc8jxfBDTn23aEdc2qBC/AcVO6jEavvM7IxfKkL
VVMWnh/9SYjUYwfx/tQZlh0dy5lWbOreYY90anRlYYYHOSjm4Go6/Pz+YW57TOc8jxfBDTn23aEdc2qBC/AcVO6jEavvM7IxfKkL
9q4pyyEpWbks4lJu7FRATSibhr4OO7TynQ06HnyAvK9unmZtY4L9KRLCgoJoyCa+u9oppIWYNYc7ibt+T1WH07D12bhekJRzK48NW6AFZqkR
SELUydeDCJhVTB4eUQDDkiMziATcsfy14eDQY1E31oqTlEAPOuvCCKCgv1OUcUmK3L7RR2B9Duk+jd5WYG5wvPYmjz6blAKek/xjbZ9uPNcudyueTVJ3QRNtqRw=
glPkU0eFhIDhqa1L56q3/RZo4a/WGN8v1g6ODbsytelaErqigLg+vqMqQYS9yP3H8znjnifFP1NIZXEYBmDcs+Pf9TuINX6pCQ==
cHtFuDWZ6RkmJqaZgj8L+mgV3fMmf4Osc490anRlYYYHOSjm4Go6/Pz+YW57TOc8jxfBDTn23aEdc2qBC/AcVO6jEavvM7IxfKkL
B7jYmns1eqUptcx9ZepSMvctNglVOD0TPI8UR9ypi1QRI7M1QvbE406zandPkbdOUz1zkwRdRUjSCCDT//fBC5wtcqkF
L4TS68EHwBdP/yhdiS/XO/ctNglVOD0TPIsWSdypi1QRI7M1QvbE406zandPkbdOUz1zkwRdRUjSCCDT//fBC5wtcqkF
7YoHraZlFyWbS/UMKm4WFdG70I+EsA6KxURPr7Y22NeUzQh2D/EfrTqQ13YKqEeGw9MDnGTxKh370OHQH5cnd6kC
1TdXMdIYzCirJ2unCmo6rJGTh++VDSi/sMAj8jWL5MeZTjpAn2hSFgF908jXnZ2iZyxLNejNFmG5gGnDCOPK6aABXyQl+9+1rq7wExobltcTeYMeh4UfWy0lkJimoPyzwx+Vu2h1Xqkp
Fj9RKI3JkT3oz7jHQ4XYmpyzTw1KpHa8NZdfPKyFLM6+mdZMJwQ87vO+ipIeRCnpyy1xpKqO52G9GRFlQwDo1E201QNUR4eDlRVfhuss4ibjROvQ79fcb17P66Y9apd5Y1WpJA==
oV565+Pp68lEb6ru0aZYKjHe5PvT8cM9bd3TNrhiRmGEUl4WDWXH+KO1gUJbRB/lHPVaIXV43ZNcSzZJPGnr1LFjUzUiNmRjrvMKd2/RV84z/VOb4R3kyHJIwNPfN2GLfG1SqSU=
At2sCX8/GuIdZM2rqoZGgSy9lQathGIWMZ3jiGd9LSL3zJt1uC0GYamguYNYQ1pp0KGvZFXbL7XejgDTartmV4PZU97XpQ9bPUVAWPbAbDNzfyV7WBVuqRk=
qNaIfaQnUIFFyakMHTONyckSiGRQhmA3s5FmFjWV/5iLRUkCE5S3hYRlwqHt6EUzNJv+CXRZA/TJU6s1WgacQ8bDwrcngb9uq23LG3mNfCjaGAgTl0dJa0Qdaqkd
YtraXhk4HgykJBBPI5+cdOAhp0FhtEEthJFmFjWV/5iLRUkCE5S3hYRlwqHt6EUzNJv+CXRZA/TJU6s1WgacQ8bDwrcngb9uq23LG3mNfCjaGAgTl0dJa0Qdaqkd
tk02oP+j8D0643eERNDByPrAoBn2jzM/4JazGXkAHcm/smU4IR0iiWTBSwTja+I3iLmCFVUsDx/t9RxKWpuQjzSHUa1pNo2B7XtfYVowzDR+I2FLX3NCEWypGw==
/C2u8yQW9j2N0B7q+/a+GoV90rCuxreYjtmx2bl0UraF3TI9F4/QcoWCJeNJL+7lJ+msT9c81NKOQLihuZEAZELEzYJut6Lz+rVW7ltj3PMxMZgjDzRJdKcLbFyYbOpNvCNh5FUssLSyNLe7CU/lHXITQaScHOKVC+NYmGi/u+DedObidWirvDJciONZarVICLRsSjliZ03jJheflVxohB0G05xQNA6pe6xp5qsMYsYj5OtwLzdcTx6v60b9ShcZI/WphA==
qlZTyMvdQxdsq5VpzYU5UNt4EyYSimmPaWF2UbbIAiae/wPhohsYTlzNrY2O8RNqbW0WEPxU50cNwzv7oX6i5RBuECJfCgnum+XaAq8nbYXw+GeuapCX7k4/U6WEqZr1u/gRiL9vd1+pKg==
noTivUezcQCkBQl1h6qyE5qotTIcPeeVKqxiIhBH5PpxfLOQnOahvJwa1WN1zeXtfLWLPg3jrYLyay7QhYW9Iuw7RdTqJN9DKSkj2vtALcgQdIsfKzMhUqCPkOJvXyOhI30B7wE5XuKX/jPRft+HZCO7K71EKP1mGaQZKOMqbIQdXtLW5oHnc/XcA2BZj6BH7mFySAZRl0qVXlJp3rDT1i7v39QRpgHz0WerAJHQWLcrkUdSAZzZj4t7aiG7n3TLbZzbt4Nz37YtIl7pAZG9pe0madmxuIM5f6XIvFLDTQMbg+Zp0Kmn
ZEFfVjrxDiVQqpTJzQCGmyU9f2KxeMK1WxZWX4z0rSVjI7/IFEVtdiNoEupb9a/iTHKHJKPB5EEUnoiTxSou2O70Po8LiCTkER9nEe0GtTADFP5M5UMF0w9Ozrd+/kEvLb0tRQ/zDzlQ/pnGPc1wr6l4zYNFoWrI0zp3nPf0zVoiWNNmnIooQSkvu2TNvBf/DpsA2RwUqLE51vvmvPVwwF1KoFdRSJ8mj29f3yWcH6D2K8UpKc6vfHfT5cOE/RXvOhejJJXrTbMR6mMakDVP4ZN5Ax4HhZ9YrSURnSagfLNDHxW76HXeqak=
agkFnIJXSBxqDnTLIc4rs4VajE1Zsmvj+TxEg428o1TvacXl1WxiyQYwvbyf4kalfN5h0T832YOCiRQs0ATDLJsgcgnEfiGOzb50gOjEUr8IPom4g1DgNxsdnOTHuitc8YRpgrnfYBB6Tl/lVw4erCe+Cze4bPSu0LS2CJIVLoKyd7BFIQbRknjejuLnCZ0B3Qce1aEmOMKKn9eV6AockaOaEtJmQLEWo5ZOyhiRjWTNkqQyzIhdfE8Hf5BnTaEysD6R4BP+VApGQ8f6udS/wtpcz6KIcgtoscVCWdtUCeSP42/TqaY=
uF3hrkEu4b8lczSKu3uSJQa+5o4C+Ym0xRZz4TB7DjAmayfjaC4q9ONR5h4/LW9cKj/UOMWzX5klKdrfjMkAU5OYROY2S4Sw/cS1iKBS2Lp+ZeAY7ZqjvtxdAwto1tekJ6b5gm2AudF8GkK4S/cnMPK2D9gv1VhCiIQIYoJ6wsviuPoxdIfhSI1YgGjasFf3MVu1ofp3AUiEKBIJoyd4lJDrKxyWUObOLZwb4NpY6C/h/mV0AFCsJqHWF1HLYrcT7Yh4+NWiUzCIQD51EyiJqpMYMnqrgKicNwKp07Zry0oFHofla9GpqA==
YE32o47Yherd1l375h96mFcfeXpUcs7/+wkz+9vRj/f3x/LxtiCLtrdgLtcglaWYq5GZSlm7f364oZWXJCjRlbCCUcsprOqFRPK5An1S7CyIaIpTuHLRdEOcuHsr8UTIp5YzsMGIcY6503gcSqJHyTcixkAX8lP7eKCs4mBYbqTyubZuAvsoyaGKSR7IMhZOh6VF7W1LRhlh6mCOunMPuYgmBH2TlgreZkypGpN6VuZ4vVWI/d78/gxEBTD/66c8B+E53gCyCWyTcsyG9q9fVtl4Zy5qEJduSL5TJIEpmnW7eBEIv+9336mq
pKEEkfr0QI3kgUyqJ72eega+5o4C+Ym0xRZz4TB7DjAmayfjaC4q9ONR5h4/LW9cKj/UOMWzX5klKdrfoN4ARJKXWeY2S4Sw/cS1iKBS2Lp+ZeAY7ZqjvtxdAwto1tekJ6b5gm2AudF8GkK4S/cnMPK2D9gv1VhCiIQIYoJ6wsviuPoxdIfhSI1YgGjasFf3MVu1ofp3AUiEKBIJoyd4lJDrKxyWUObOLZwb4NpY6C/h/mV0AFCsJqHWF1HLYrcT7Yh4+NWiUzCIQD51EyiJqpMYMnqrgKicNwKp07Zry0oFHofla9GpqA==
kmdX/eo2DBjnCHj28BmYe1cfeXpUcs7/+wkz+9vRj/f3x/LxtiCLsLdgLtcmlaWYq5GZSlm7f364oZWXNS7TgLSWUcsprOqFRPK5An1S7CyIaIpTuHLRdEOcuHsr8UTIp5YzsMGIcY6503gcSqJHyTcixkAX8lP7eKCs4mBYbqTyubZuAvsoyaGKSR7IMhZOh6VF7W1LRhlh6mCOunMPuYgmBH2TlgreZkypGpN6VuZ4vVWI/d78/gxEBTD/66c8B+E53gCyCWyTcsyG9q9fVtl4Zy5qEJduSL5TJIEpmnW7eBEIv+9336mq
3gXe73B5ATSpVWuoVNGOUZqotTIcPeeVKqxiIhBH5PpxfLOQnOahuo1CjXNjxrGye7aeF0uA6sDlMzmQgbe6NPkmRdTqJN9DKSkj2vtALcgQdIsfKzMhUqCPkOJvXyOhI30B7wE5XuKX/jPRft+HZCO7K71EKP1mGaQZKOMqbIQdXtLW5oHnc/XcA2BZj6BH7mFySAZRl0qVXlJp3rDT1i7v39QRpgHz0WerAJHQWLcrkUdSAZzZj4t7aiG7n3TLbZzbt4Nz37YtIl7pAZG9pe0madmxuIM5f6XIvFLDTQMbg+Zp0Kmn
V47N/cJqMU5W1BWtqVFflZqotTIcPeeVKqxiIhBH5PpxfLOQnOahuo1CjXNjxrGye7aeF0uA6sDlMzmQiKSwKfkkRdTqJN9DKSkj2vtALcgQdIsfKzMhUqCPkOJvXyOhI30B7wE5XuKX/jPRft+HZCO7K71EKP1mGaQZKOMqbIQdXtLW5oHnc/XcA2BZj6BH7mFySAZRl0qVXlJp3rDT1i7v39QRpgHz0WerAJHQWLcrkUdSAZzZj4t7aiG7n3TLbZzbt4Nz37YtIl7pAZG9pe0madmxuIM5f6XIvFLDTQMbg+Zp0Kmn
7rcLnerHqnlZoNnXeNp1aYrYZ6zggYmsj0eGIY3fGXe6ewBMLh7Fh4pNPWYxKe7wI9KMwb2D7Te4UzTBU4vfPyvdgLSOQswYtwCgZJWX24GBvlHQp0yS/DmLwZNLBhJHUqYlDwlFAVVz+ws5VPbl1hE1VI/NIOFzmekuiBfyqyybrGm6xuC/9iACrMGtpwf0IQRzn6pD7GlAXOxx/R6nlpAtlOB5MoxHrUCbJotno88J5DuAEvPpWXUGa7wzm7lzaCWxj16vT7QpY8kzlWLfivyNqwE3IW+u201bGOltzW0K+BiTZ+c5q5R92qmt
5kpSTM/nZzqAET0/mQq2Vb4sbI5KS5zMzHCB1P2Rn+JQsDfY66LAX4tlc/PzBLf0NyAUHBBEOzNJ9OTSy5aKjSasUH7pPd//Oq6R+rf5m8uJk1M/ExNE81xPsOj/cYcO490jn9H9NQ0iKFBTL9fRywxNQqk1
2gPsrS/UVtgxuMYI/M3aMuVBxHZzl0ZKUAsHg3MOWBKNigyRuVNySSiXL4rqBc52aDjR9K/Wj9aFvMurlV5cSwlO/mTbwHR09aZqBFw7KnQEVT7URXVJEn11hKNKJ81F3WaZuQG49hnO5TgcYkNdo8vDNklAqTc=
fFzWatX5g+ALZngOtUeD087RUkHLkaU+ij8oliEVVX1vSIfeqgD3PkhrszXBWfpFO4gxuP//1w+peg==
D0juL28g/uHIbpJrnIfdfY9d8kREad3BNHTEIZs7jcWdZlk5Qbg2mQ7leJyiQ50ji8P2yQCpdw==
nd8eJg+3ad9q3klLcGR+pR+zeuFcYXO7qSFU1IL+N7/9P08j3jWEAqvpSz6fdbfYwBWIfe4wBPPb790bkCV2qQE=
DPYSL/rHyXZu4QDp7y3Lx+VBxHZzl0ZKUAsHg3MOWBKNigyRuVNySSiXL4rqBc52aDjR9K/Wj9aFvMurlV5cSwlO/mTbwHR09aZqBFw7KnQEVT7URXVJEn11hKNKJ81F3WaZuQG58xnJ5TgcYkNdo8vDNklAqTc=
uM5XdEdjFJRCKQih4sLRuM7RUkHLkaU+ij8oliEVVX1vSIfeqgD3PkluszLBWfpFO4gxuP//1w+peg==
WlTbPPRwT8Uxbj49wKVUaY9d8kREad3BNHTEIZs7jcWdZlk5QbkzmQnleJyiQ50ji8P2yQCpdw==
6GULVNs4zkE5zqivFFqVah+zeuFcYXO7qSFU1IL+N7/9P08j3jWEAqvpSz6fdbfZxRWPfe4wBPPb790bkCV2qQE=
eOZoL51AUYu/3kGOdlb9mfctNglVOD0TPI8UR9ypi1QRI7M1QvbE406zandPkbdOUz1znAFdQ03SCCDT//fBC5wtcqkF
rK6UNHALO49v1PADa0gDcTthThp2YmkyY/CSwrvILMQHrEkrZuOLUnV2p937Galw
3ct3laYPefi/8xQZoFBBXM7RUkHLkaU+ij8oliEVVX1vSIfeqgD3PkxuszLBWfpFO4gxuP//1w+peg==
d/xVZQ6iIJ+hbe+gZcQdo49d8kREad3BNHTEIZs7jcWdZlk5QbwzmQnleJyiQ50ji8P2yQCpdw==
j2Nl4B9OuSUvdXHVTqbvsPrAoBn2jzM/4JazGXkAHcm/smU4IR0iiWTBSwTja+IzireCFVUsDx/t9RxKWpuQjzSHUa1pNo2B7XxfYV01zDR+I2FLX3NCEWypGw==
bDxzWOShGEONzNW0na0yjOAhp0FhtEEthJFmFjWV/5iLRUkCE5S3hYRlwqHt6EUzNJ/8B3RZA/TJU6s1WgacQ8bDwrcngb9uq23LHHmNey3aGAgTl0dJa0Qdaqkd
9FAxW5E/BCezfp+zW0VPIskSiGRQhmA3s5FmFjWV/5iLRUkCE5S3hYRlwqHt6EUzNJ/8B3RZA/TJU6s1WgacQ8bDwrcngb9uq23LHHmNey3aGAgTl0dJa0Qdaqkd
iI5wwBo9Ec6D2jTJwPBiPiy9lQathGIWMZ3jiGd9LSL3zJt1uC0GYamguYNYR1hn0KGvZFXbL7XejgDTartmV4PZU97XpQ9cPUVHXfbAbDNzfyV7WBVuqRk=
vKHU8BKpKSQNYhOvqMsa0zHe5PvT8cM9bd3TNrhiRmGEUl4WDWXH+KO1gUJbRB/lHPVaIXV43ZNcTzRHPGnr1LFjUzUiNmRjrvMKd2/RV84z/VOc4R3jzXJIwNPfN2GLfG1SqSU=
5Qx+DiaCKIX6WIJvySjTGJyzTw1KpHa8NZdfPKyFLM6+mdZMJwQ87vO+ipIeRCnpyy1xpKqO52G5Gx9lQwDo1E201QNUR4eDlRVfhuss4ibjROzQ79DZb17P66Y9apd5Y1WpJA==
8B2gNH6xJB8RwK+VuvDGz5GTh++VDSi/sMAj8jWL5MeZTjpAn2hSFgF908jXnZ2iZyxLNejNFmG5gGnDCOfI56ABXyQl+9+1rq7wExobltcTeYMeh4UfXC0ll52moPyzwx+Vu2h1Xqkp
1ZUh8QMd1UcVkEJUxty+WAl+bz9ce25+TeGGoEQFOva3uedQLrXOPFEuKcXx5ApvievfN0sw48mJ2Sxxv2yiBHlox34q4LceQ05zUkH5OmU7aHFYf18Xb6ka
