x0RaQtH5RLkig3MpzZUuCgSCt5QBY2eUjCoXscJHPgJsVW3J2sTxVRiz3o+JPxqd8gbTfL4Of1KjkBKie6gvpMfByEung4swtR02sTt5qRA=
RFFIcPb3taUkbPZGr6dEaYV90rCuxreYjtmx2bl0UraF3TI9F4/QcoWCJeNJL+7lJ+msT9c81NKOQLihuZEAZELEzYJut6Lz+rVW7ltj3PMxMZgjDzRJdKcLbFyYbOpNvCNh5FUssLSyNLe7CU/lHXITQaScHOKVC+NYmGi/u+DedObidWirvDJciONZarVICLRsSjliZ03jJheflVxohB0G05xQNA6pe6xp5qsMYsYj5O9wLz1YTx+v60T9QQYVI/WphA==
D/LxKuOjDM3sRYZcKwYGcIV90rCuxreYjtmx2bl0UraF3TI9F4/QcoWCJeNJL+7lJ+msT9c81NKOQLihuZEAZELEzYJut6Lz+rVW7ltj3PMxMZgjDzRJdKcLbFyYbOpNvCNh5FUssLSyNLe7CU/lHXITQaScHOKVC+NYmGi/u+DedObidWirvDJciONZarVICLRsSjliZ03jJheflVxohB0G05xQNA6pe6xp5qsMYsYj5O5wLz1YTx+v60T9QQYVI/WphA==
Zaoo5KqUTJ2AUtGmeOWi9RHwceNAc3KpuDEXxJ2rN7XGfkhz0iuOF6vpSz6fdbfcxRWCfO4xBPPZ79YKnCV2qQE=
MAT+wd4T0yH5bshOktNGm2EVkWs4+vVPw47sgPaktWYEYfzwFLRZF9pdMpDPIbcWqcHpgZS7STxlY0hGi/32PXQhfteNA1aSiAg9ekV3NlctIkGvwIa479mH0if3BM3uNzZ1P/wUBRQGIYfbpFLqvPtZYqpFHO2Lewn7fo/VR9x1dZK8HhFUc+kPRkrshaap0Q==
zZPjihXLLenpKTAUfuyves7RUkHLkaU+ij8oliEVVX1vSIfeqgD3PkNusz/AWftFO4oxs+7z1w+peg==
GOH018MtcZBxrD4ncV//l49d8kREad3BNHTEIZs7jcWdZlk5QbMzmQTkeJ2iQ58jgNL6yQCpdw==
WkiAU1bhgSIQ+LLgPg97hRHwceNAc3KpuDEXxJ2rN7XGfkhz0iuOF6vpSz6fdbfTxRWCfO4xBPPZ79YKnCV2qQE=
WkiAU1bhgSIQ+LLgPg97hRHwceNAc3KpuDEXxJ2rN7XGfkhz0iuOF6vpSz6fdbfTxRWCfO4xBPPZ79YKnCV2qQE=
WkiAU1bhgSIQ+LLgPg97hRHwceNAc3KpuDEXxJ2rN7XGfkhz0iuOF6vpSz6fdbfTxRWCfO4xBPPZ79YKnCV2qQE=
WkiAU1bhgSIQ+LLgPg97hRHwceNAc3KpuDEXxJ2rN7XGfkhz0iuOF6vpSz6fdbfTxRWCfO4xBPPZ79YKnCV2qQE=
7WoXln8HUXDFFG0l85sCYfrAoBn2jzM/4JazGXkAHcm/smU4IR0iiWTBSwTja+I3iLmCFVUsDx/t9RxKWpuQjzSHUa1pNo2B7XNfYVA0zDV+I2NLVGJOEWypGw==
Qhst8/p7jRtm25yCPmcwMvctNglVOD0TPIsWSdypi1QRI7M1QvbE406zandPkbdOUz1zkwFdTkzSCSDT/ffKGpAtcqkF
oDA0J7jSlkmHJvT3RmccxvctNglVOD0TPI8UR9ypi1QRI7M1QvbE406zandPkbdOUz1zkwFdTkzSCSDT/ffKGpAtcqkF
Gs8OacPqp9I14YHxtjeENU47P8skqSmS7OYRH9DlbjEOld5OULYQJEZ+T2arjGJGI2Tj8C+9WM8fL+vE/cEGlSN1qQQ=
haBeWw7ybs3OHbzI6ktFD0w7P8skqSmS7OYRH9DlbjEOld5OULYQJEZ+T2arjGJGI2Tj8C+9WM8fL+vE/cEGlSN1qQQ=
aJ6DrzIormGIjnyWGqOWD6MCD28adnpdb5oJScb6zlIUILI+L7LV9EmgYWdPkbdOUz1zkwFdTkzSCSDT/ffKGpAtcqkF
zgEJewbIE7BpBWf2qLHyGaECD28adnpdb5oJScb6zlIUILI+L7LV9EmgYWdPkbdOUz1zkwFdTkzSCSDT/ffKGpAtcqkF
rohgHo5kyOiJqz5Ae1ZFMU07P8skqSmS7OYRH9DlbjEOld5OULYQJEZ+T2arjGJGI2Tj8C+9WM8fL+vE/cEGlSN1qQQ=
Knv2dunDz1aIz4vqIsGhhFw04t5xYL74Zo90anRlYYYHOSjm4Go6/Pz+YW57TOc8jxfBDTn23aEdc2+BAPQcVe6jE6vkIr4xfKkL
U+AUXj54FdR+q8pLd+4MDaACD28adnpdb5oJScb6zlIUILI+L7LV9EmgYWdPkbdOUz1zkwFdTkzSCSDT/ffKGpAtcqkF
lPPGeBrkx2vonPl6KBGjnhZw7a/PDsAv1g6ODbsytelaErqigLg+vqMqQYS9yP3H8znjnifFP1NNZXocBmHcs+Hf/iqENX6pCQ==
jvo6igT/qU3I5O/vDzgyXE06P8skqSmS7OYRH9DlbjEOld5OULYQJEZ+T2arjGJGI2Tj8C+9WM8fL+vE/cEGlSN1qQQ=
qvBzpGi2fc/R9+VA6jPwL046P8skqSmS7OYRH9DlbjEOld5OULYQJEZ+T2arjGJGI2Tj8C+9WM8fL+vE/cEGlSN1qQQ=
dJQvPy3PSpZw68CnL2IY1Ew6P8skqSmS7OYRH9DlbjEOld5OULYQJEZ+T2arjGJGI2Tj8C+9WM8fL+vE/cEGlSN1qQQ=
Gs8OacPqp9I14YHxtjeENU47P8skqSmS7OYRH9DlbjEOld5OULYQJEZ+T2arjGJGI2Tj8C+9WM8fL+vE/cEGlSN1qQQ=
haBeWw7ybs3OHbzI6ktFD0w7P8skqSmS7OYRH9DlbjEOld5OULYQJEZ+T2arjGJGI2Tj8C+9WM8fL+vE/cEGlSN1qQQ=
aJ6DrzIormGIjnyWGqOWD6MCD28adnpdb5oJScb6zlIUILI+L7LV9EmgYWdPkbdOUz1zkwFdTkzSCSDT/ffKGpAtcqkF
zgEJewbIE7BpBWf2qLHyGaECD28adnpdb5oJScb6zlIUILI+L7LV9EmgYWdPkbdOUz1zkwFdTkzSCSDT/ffKGpAtcqkF
rohgHo5kyOiJqz5Ae1ZFMU07P8skqSmS7OYRH9DlbjEOld5OULYQJEZ+T2arjGJGI2Tj8C+9WM8fL+vE/cEGlSN1qQQ=
Knv2dunDz1aIz4vqIsGhhFw04t5xYL74Zo90anRlYYYHOSjm4Go6/Pz+YW57TOc8jxfBDTn23aEdc2+BAPQcVe6jE6vkIr4xfKkL
U+AUXj54FdR+q8pLd+4MDaACD28adnpdb5oJScb6zlIUILI+L7LV9EmgYWdPkbdOUz1zkwFdTkzSCSDT/ffKGpAtcqkF
lPPGeBrkx2vonPl6KBGjnhZw7a/PDsAv1g6ODbsytelaErqigLg+vqMqQYS9yP3H8znjnifFP1NNZXocBmHcs+Hf/iqENX6pCQ==
jvo6igT/qU3I5O/vDzgyXE06P8skqSmS7OYRH9DlbjEOld5OULYQJEZ+T2arjGJGI2Tj8C+9WM8fL+vE/cEGlSN1qQQ=
qvBzpGi2fc/R9+VA6jPwL046P8skqSmS7OYRH9DlbjEOld5OULYQJEZ+T2arjGJGI2Tj8C+9WM8fL+vE/cEGlSN1qQQ=
dJQvPy3PSpZw68CnL2IY1Ew6P8skqSmS7OYRH9DlbjEOld5OULYQJEZ+T2arjGJGI2Tj8C+9WM8fL+vE/cEGlSN1qQQ=
N7oaFuAaCiEwMV1Y1ZbYqSYziATcsfy14eDQY1E31oqTlEAPOuvCCKCgv1OUcUmK3L7RR2B9Duk+jd5WYG5wvPYmjz6blAKek/xjaJ9lONcvdyucTVlmTRNtqRw=
W7RmToydnx1cCGvt21cUGScziATcsfy14eDQY1E31oqTlEAPOuvCCKCgv1OUcUmK3L7RR2B9Duk+jd5WYG5wvPYmjz6blAKek/xjaJ9lONcvdyucTVlmTRNtqRw=
Gs8OacPqp9I14YHxtjeENU47P8skqSmS7OYRH9DlbjEOld5OULYQJEZ+T2arjGJGI2Tj8C+9WM8fL+vE/cEGlSN1qQQ=
haBeWw7ybs3OHbzI6ktFD0w7P8skqSmS7OYRH9DlbjEOld5OULYQJEZ+T2arjGJGI2Tj8C+9WM8fL+vE/cEGlSN1qQQ=
aJ6DrzIormGIjnyWGqOWD6MCD28adnpdb5oJScb6zlIUILI+L7LV9EmgYWdPkbdOUz1zkwFdTkzSCSDT/ffKGpAtcqkF
zgEJewbIE7BpBWf2qLHyGaECD28adnpdb5oJScb6zlIUILI+L7LV9EmgYWdPkbdOUz1zkwFdTkzSCSDT/ffKGpAtcqkF
rohgHo5kyOiJqz5Ae1ZFMU07P8skqSmS7OYRH9DlbjEOld5OULYQJEZ+T2arjGJGI2Tj8C+9WM8fL+vE/cEGlSN1qQQ=
Knv2dunDz1aIz4vqIsGhhFw04t5xYL74Zo90anRlYYYHOSjm4Go6/Pz+YW57TOc8jxfBDTn23aEdc2+BAPQcVe6jE6vkIr4xfKkL
U+AUXj54FdR+q8pLd+4MDaACD28adnpdb5oJScb6zlIUILI+L7LV9EmgYWdPkbdOUz1zkwFdTkzSCSDT/ffKGpAtcqkF
lPPGeBrkx2vonPl6KBGjnhZw7a/PDsAv1g6ODbsytelaErqigLg+vqMqQYS9yP3H8znjnifFP1NNZXocBmHcs+Hf/iqENX6pCQ==
jvo6igT/qU3I5O/vDzgyXE06P8skqSmS7OYRH9DlbjEOld5OULYQJEZ+T2arjGJGI2Tj8C+9WM8fL+vE/cEGlSN1qQQ=
qvBzpGi2fc/R9+VA6jPwL046P8skqSmS7OYRH9DlbjEOld5OULYQJEZ+T2arjGJGI2Tj8C+9WM8fL+vE/cEGlSN1qQQ=
dJQvPy3PSpZw68CnL2IY1Ew6P8skqSmS7OYRH9DlbjEOld5OULYQJEZ+T2arjGJGI2Tj8C+9WM8fL+vE/cEGlSN1qQQ=
wIPrm1sHHzV6RZajofrh0fctNglVOD0TPI8UR9ypi1QRI7M1QvbE406zandPkbdOUz1zkgFdTkzSCSDT/ffKGpAtcqkF
Q6d0YOrjQ8z44bHbGtoYgfctNglVOD0TPIsWSdypi1QRI7M1QvbE406zandPkbdOUz1zkgFdTkzSCSDT/ffKGpAtcqkF
sAffGhWfvtOfVxZt2KaR9tG70I+EsA6KxURPr7Y22NeUzQh2D/EfrTqQ13YKqEeGwtYDl2DxKx370uHbDpsnd6kC
k6JUWGjqBdIm9sjkgmLCA5GTh++VDSi/sMAj8jWL5MeZTjpAn2hSFgF908jXnZ2iZyxLNejNFmG5gGnDCOPK6aABXyQl+9+1rq7wExobltcTeYMeh4UfUi0lmpymofyzwR+eqmR1Xqkp
QdST6mTCGUoAy5nI09ZorpyzTw1KpHa8NZdfPKyFLM6+mdZMJwQ87vO+ipIeRCnpyy1xpKqO52G9GRFlQwDo1E201QNUR4eDlRVfhuss4ibjROLQ793Yb1/P66Q9YYZ1Y1WpJA==
r2SzYI0ZCEbTfewgs04gbDHe5PvT8cM9bd3TNrhiRmGEUl4WDWXH+KO1gUJbRB/lHPVaIXV43ZNcSzZJPGnr1LFjUzUiNmRjrvMKd2/RV84z/VOS4R3uzHJJwNPdN2qacG1SqSU=
EbpkrBGf3QUwD2KjK+VGMiy9lQathGIWMZ3jiGd9LSL3zJt1uC0GYamguYNYQ1pp0KGvZFXbL7XejgDTartmV4PZU97XpQ9SPUVKXPbBbDNxfy5qVBVuqRk=
HR9itnfXr0Nxp/n/OixDzMkSiGRQhmA3s5FmFjWV/5iLRUkCE5S3hYRlwqHt6EUzNJv+CXRZA/TJU6s1WgacQ8bDwrcngb9uq23LEnmNdizaGQgTlUdCekgdaqkd
0qZjj7pM/mEL3hxPvqwpgeAhp0FhtEEthJFmFjWV/5iLRUkCE5S3hYRlwqHt6EUzNJv+CXRZA/TJU6s1WgacQ8bDwrcngb9uq23LEnmNdizaGQgTlUdCekgdaqkd
zLYvzCbHKT7yY95QBnQK4YV90rCuxreYjtmx2bl0UraF3TI9F4/QcoWCJeNJL+7lJ+msT9c81NKOQLihuZEAZELEzYJut6Lz+rVW7ltj3PMxMZgjDzRJdKcLbFyYbOpNvCNh5FUssLSyNLe7CU/lHXITQaScHOKVC+NYmGi/u+DedObidWirvDJciONZarVICLRsSjliZ03jJheflVxohB0G05xQNA6pe6xp5qsMYsYj5OtxLz1YTx+v60T9QQYVI/WphA==
yxMNS7OepeiH/qQ+Wv7/6/ctNglVOD0TPI8UR9ypi1QRI7M1QvbE406zandPkbdOUz1zngNdTkzSCSDT/ffKGpAtcqkF
KUuok+o80KMZzJtsN676JN7mHVsP/TetA4BZMLKYHdmM1v8PZS4P4PirycFFETOi0Tp67OSs/XuoLVAgYwC33F2k3yIRV9eBiR9Ahuss4ibjRO7S793Yb1/P66Q9YYZ1Y1WpJA==
QL5W/9MwmuUMTD+Oz96hG2aY23SGvlyAx/ESi/yvY02nbCHTltTQZGxIPRzQz6nuvSVj/hn+uqC8eA3HwInwzNt0J0DVIF+uicNn/SH7oCqTmDL6qwCuHjeJqFO368vIBZWWaWtRqSg=
CvysvInFEzUAXbXOGgVo7t7mHVsP/TetA4BZMLKYHdmM1v8PZi4P4PirycFFETOi0Tp67OSs/XuoLVAjYwC33F2k3yIRV9eBiR9Ahuss4ibjRO7S793Yb1/P66Q9YYZ1Y1WpJA==
nG8TRaN+GkfDLpuL3tcOa2aY23SGvl2Ax/ESi/yvY02nbCHTltTQZGxIPRzQz6nuvSVj/hn+uqC8eA3HwInwz9t0J0DVIF+uicNn/SH7oCqTmDL6qwCuHjeJqFO368vIBZWWaWtRqSg=
7qd8RPnMBxsuhvg6pi4tqt7mHVsP/TetA4BZMLKYHdmM1v8PZy4P4PirycFFETOi0Tp67OSs/XuoLVAiYwC33F2k3yIRV9eBiR9Ahuss4ibjRO7S793Yb1/P66Q9YYZ1Y1WpJA==
X+htqmiMn2bIIF/IUM9bu2aY23SGvlyAx/ESi/yvY02nbCHTltTQZGxKPRzQz6nuvSVj/hn+uqC8eA3HwInwztt0J0DVIF+uicNn/SH7oCqTmDL6qwCuHjeJqFO368vIBZWWaWtRqSg=
s9l082INMExgQvQv0Pj+MU47Lhj+hsWEkPB1AQPIvf3TOlC0uWZQppD/6MCt2Yv27AFwJV4UPmYN60TQIRze0NiFD/ja0bXNeSNbpwl/SaeWG77rCniF9QWGcSm5PomJbETg7aqDF/O4shJ5WKkv
oC7eBtSnjYyN/LPm9l/uieVEncJnCC8ZnXRscmgIYoc5dBDxtScWYyATKlkJcmaK+rGshIzyZ0PuNMO8vLRyLeUsaIHHmbPrkWNLPwtjXNN0v3gotyHvrltN2x5rbUZsivmYk+XnsroYfVqpLQ==
8MywU5l7yZx4se9XQCNJ3JpQ2CsEzD9L4O54FTeP5J72ARkzUo+my5o+l+D9vkM0L4rfSDJ4A6vBQ7s/e0OME8TfyKgngb9uq23LHnuNdizaGQgTlUdCekgdaqkd
agEFUMcVyrBPxteyMSOmCJpQ2CsEzD5L4O54FTeP5J72ARszUo+my5s+l+D9vkM0L4rfSDJ4A6vBQ7s/e0OME8TfyKgngb9uq23LHnuNdizaGQgTlUdCekgdaqkd
EbSMYzNxGgnySnMN6MJk9JpQ2CsEzD9L4O54FTeP5J72ARszUo+my5s+l+D9vkM0L4rfSDF4A6vBQ7s/e0OME8TfyKgngb9uq23LHnuNdizaGQgTlUdCekgdaqkd
yxMNS7OepeiH/qQ+Wv7/6/ctNglVOD0TPI8UR9ypi1QRI7M1QvbE406zandPkbdOUz1zngNdTkzSCSDT/ffKGpAtcqkF
KUuok+o80KMZzJtsN676JN7mHVsP/TetA4BZMLKYHdmM1v8PZS4P4PirycFFETOi0Tp67OSs/XuoLVAgYwC33F2k3yIRV9eBiR9Ahuss4ibjRO7S793Yb1/P66Q9YYZ1Y1WpJA==
QL5W/9MwmuUMTD+Oz96hG2aY23SGvlyAx/ESi/yvY02nbCHTltTQZGxIPRzQz6nuvSVj/hn+uqC8eA3HwInwzNt0J0DVIF+uicNn/SH7oCqTmDL6qwCuHjeJqFO368vIBZWWaWtRqSg=
7qd8RPnMBxsuhvg6pi4tqt7mHVsP/TetA4BZMLKYHdmM1v8PZy4P4PirycFFETOi0Tp67OSs/XuoLVAiYwC33F2k3yIRV9eBiR9Ahuss4ibjRO7S793Yb1/P66Q9YYZ1Y1WpJA==
X+htqmiMn2bIIF/IUM9bu2aY23SGvlyAx/ESi/yvY02nbCHTltTQZGxKPRzQz6nuvSVj/hn+uqC8eA3HwInwztt0J0DVIF+uicNn/SH7oCqTmDL6qwCuHjeJqFO368vIBZWWaWtRqSg=
CvysvInFEzUAXbXOGgVo7t7mHVsP/TetA4BZMLKYHdmM1v8PZi4P4PirycFFETOi0Tp67OSs/XuoLVAjYwC33F2k3yIRV9eBiR9Ahuss4ibjRO7S793Yb1/P66Q9YYZ1Y1WpJA==
s9l082INMExgQvQv0Pj+MU47Lhj+hsWEkPB1AQPIvf3TOlC0uWZQppD/6MCt2Yv27AFwJV4UPmYN60TQIRze0NiFD/ja0bXNeSNbpwl/SaeWG77rCniF9QWGcSm5PomJbETg7aqDF/O4shJ5WKkv
oC7eBtSnjYyN/LPm9l/uieVEncJnCC8ZnXRscmgIYoc5dBDxtScWYyATKlkJcmaK+rGshIzyZ0PuNMO8vLRyLeUsaIHHmbPrkWNLPwtjXNN0v3gotyHvrltN2x5rbUZsivmYk+XnsroYfVqpLQ==
nG8TRaN+GkfDLpuL3tcOa2aY23SGvl2Ax/ESi/yvY02nbCHTltTQZGxIPRzQz6nuvSVj/hn+uqC8eA3HwInwz9t0J0DVIF+uicNn/SH7oCqTmDL6qwCuHjeJqFO368vIBZWWaWtRqSg=
8MywU5l7yZx4se9XQCNJ3JpQ2CsEzD9L4O54FTeP5J72ARkzUo+my5o+l+D9vkM0L4rfSDJ4A6vBQ7s/e0OME8TfyKgngb9uq23LHnuNdizaGQgTlUdCekgdaqkd
agEFUMcVyrBPxteyMSOmCJpQ2CsEzD5L4O54FTeP5J72ARszUo+my5s+l+D9vkM0L4rfSDJ4A6vBQ7s/e0OME8TfyKgngb9uq23LHnuNdizaGQgTlUdCekgdaqkd
EbSMYzNxGgnySnMN6MJk9JpQ2CsEzD9L4O54FTeP5J72ARszUo+my5s+l+D9vkM0L4rfSDF4A6vBQ7s/e0OME8TfyKgngb9uq23LHnuNdizaGQgTlUdCekgdaqkd
yxMNS7OepeiH/qQ+Wv7/6/ctNglVOD0TPI8UR9ypi1QRI7M1QvbE406zandPkbdOUz1zngNdTkzSCSDT/ffKGpAtcqkF
yxMNS7OepeiH/qQ+Wv7/6/ctNglVOD0TPI8UR9ypi1QRI7M1QvbE406zandPkbdOUz1zngNdTkzSCSDT/ffKGpAtcqkF
yxMNS7OepeiH/qQ+Wv7/6/ctNglVOD0TPI8UR9ypi1QRI7M1QvbE406zandPkbdOUz1zngNdTkzSCSDT/ffKGpAtcqkF
m1HaYK93oJ4IitAOE83TiTthThp2YmkyY/CSwrvILsYHoUgrZ+OLUHV9ttH7Galw
diB3BLjiRHPEQbjkvdby8c7RUkHLkaU+ij8oliEVVX1vSIfeqgD3Pk5ssz/AWftFO4oxs+7z1w+peg==
MOuGJ6J27ZQkdkdSDJ6gAo9d8kREad3BNHTEIZs7jcWdZlk5Qb4xmQTkeJ2iQ58jgNL6yQCpdw==
7FA4QDujPF5cyiDD75WFEfrAoBn2jzM/4JazGXkAHcm/smU4IR0iiWTBSwTja+IzireCFVUsDx/t9RxKWpuQjzSHUa1pNo2B7X5dYVA0zDV+I2NLVGJOEWypGw==
wSmi5dUERx5NIWusP90nZuAhp0FhtEEthJFmFjWV/5iLRUkCE5S3hYRlwqHt6EUzNJ/8B3RZA/TJU6s1WgacQ8bDwrcngb9uq23LHnuNdizaGQgTlUdCekgdaqkd
GBYMDweYiKzJ7TUC38FCU8kSiGRQhmA3s5FmFjWV/5iLRUkCE5S3hYRlwqHt6EUzNJ/8B3RZA/TJU6s1WgacQ8bDwrcngb9uq23LHnuNdizaGQgTlUdCekgdaqkd
54EcP1gHF9aTneFxx2C3cSy9lQathGIWMZ3jiGd9LSL3zJt1uC0GYamguYNYR1hn0KGvZFXbL7XejgDTartmV4PZU97XpQ9eP0VKXPbBbDNxfy5qVBVuqRk=
SIUSMhop5DofqGzznmwqADHe5PvT8cM9bd3TNrhiRmGEUl4WDWXH+KO1gUJbRB/lHPVaIXV43ZNcTzRHPGnr1LFjUzUiNmRjrvMKd2/RV84z/VOe4x3uzHJJwNPdN2qacG1SqSU=
pWmmmuDP67Tx7Mu4+ik945yzTw1KpHa8NZdfPKyFLM6+mdZMJwQ87vO+ipIeRCnpyy1xpKqO52G5Gx9lQwDo1E201QNUR4eDlRVfhuss4ibjRO7S793Yb1/P66Q9YYZ1Y1WpJA==
KjzQyTLxuikL8w4MarsEhZGTh++VDSi/sMAj8jWL5MeZTjpAn2hSFgF908jXnZ2iZyxLNejNFmG5gGnDCOfI56ABXyQl+9+1rq7wExobltcTeYMeh4UfXi8lmpymofyzwR+eqmR1Xqkp
SEgNgBsUyx4HCStua0fXTwl+bz9ce25+TeGGoEQFOva3uedQLrXOPFEuKcXx5ApvievfN0sw48mJ2Sxxv2yiBHlox34q4LceTkxzX0D5O2U7anFTblMXb6ka
