4Ex9Tv07Xu6s/EBokaf+AgSCt5QBY2eUjCoXscJHPgJsVW3J2sTxVRiz3o+JPxqd8gbTfL4Of1KjkBKie6gspMfBzUukg4sztRYnvTtyswk=
AersRpqj1PJvR5SIKUDgAYV90rCuxreYjtmx2bl0UraF3TI9F4/QcoWCJeNJL+7lJ+msT9c81NKOQLihuZEAZELEzYJut6Lz+rVW7ltj3PMxMZgjDzRJdKcLbFyYbOpNvCNh5FUssLSyNLe7CU/lHXITQaScHOKVC+NYmGi/u+DedObidWirvDJciONZarVICLRsSjliZ03jJheflVxohB0G05xQNA6pe6xp5qsMYsYj5OxwLz1dTxyv60f9ShcZI/6znQ==
a8BuLYn+TJTu+JUkwmJx24V90rCuxreYjtmx2bl0UraF3TI9F4/QcoWCJeNJL+7lJ+msT9c81NKOQLihuZEAZELEzYJut6Lz+rVW7ltj3PMxMZgjDzRJdKcLbFyYbOpNvCNh5FUssLSyNLe7CU/lHXITQaScHOKVC+NYmGi/u+DedObidWirvDJciONZarVICLRsSjliZ03jJheflVxohB0G05xQNA6pe6xp5qsMYsYj5OJwLz1dTxyv60f9ShcZI/6znQ==
ACPu78G6o/J5g0x6Bjq3ehHwceNAc3KpuDEXxJ2rN7XGfkhz0iuOF6vpSz6fdbfaxBWCee4yBPPa790bkCV9sxg=
ul6EGo0d+s3pSqPLTjsI6xN2p6NNV78E3bLL8PPqzVgAEiu14K+nYC0JKwrqUj42BNaruWJiTI+brMdprAVc6pvRDhAamuPiQ8BSUlu4KpWnEQ07BBMLg1VGZ00bYrM5
c8WYCrM3kzxi2tnmVqeIhEk6P8skqSmS7OYRH9DlbjEOld5OULYQJEZ+T2arjGJGI2Tq8S+9Xc8cL+vH/coXmSN+sx0=
uPWloBX45x6Xed77HC5itSYziATcsfy14eDQY1E31oqTlEAPOuvCCKCgv1OUcUmK3L7RR2B9Duk+jd5WYG5wvPYmjz6blAKek/xqaZ9lPdcsdyufTVJ3QRNmswU=
9+WIbLxTUmXrQ5jbP+zgSks7P8skqSmS7OYRH9DlbjEOld5OULYQJEZ+T2arjGJGI2Tq8S+9Xc8cL+vH/coXmSN+sx0=
tUZeQWMznMRYRlRNuPq2pUgkP8skqSmS7OYRH9DlbjEOld5OULYQJEZ+T2arjGJGI2Tq8S+9Xc8cL+vH/coXmSN+sx0=
PgGAcuuWSER1L9umIjv8OUckP8skqSmS7OYRH9DlbjEOld5OULYQJEZ+T2arjGJGI2Tq8S+9Xc8cL+vH/coXmSN+sx0=
bybGrRh3jtqyJVKpOxpOiU46P8skqSmS7OYRH9DlbjEOld5OULYQJEZ+T2arjGJGI2Tq8S+9Xc8cL+vH/coXmSN+sx0=
+LVypRw4ZJtOMnF0DbwDkEg6P8skqSmS7OYRH9DlbjEOld5OULYQJEZ+T2arjGJGI2Tq8S+9Xc8cL+vH/coXmSN+sx0=
pbhM5SEp7TkkizUckSWs3qJwE28adnpdb5oJScb6zlIUILI+L7LV9EmgYWdPkbdOUz1zmgBdTknSCiDT/vfBC5wtebMc
hX4nVrzUM5KaSm242d1fpkYkP8skqSmS7OYRH9DlbjEOld5OULYQJEZ+T2arjGJGI2Tp8S+9Xc8cL+vH/coXmSN+sx0=
XN+iK11fUj7XXppK1rNoyEo7P8skqSmS7OYRH9DlbjEOld5OULYQJEZ+T2arjGJGI2Tp8S+9Xc8cL+vH/coXmSN+sx0=
2g5LAIj0qmRXewdTbtR1Xk06P8skqSmS7OYRH9DlbjEOld5OULYQJEZ+T2arjGJGI2Tp8S+9Xc8cL+vH/coXmSN+sx0=
Z66jOlfXoVGeosuT2BpnXkc6P8skqSmS7OYRH9DlbjEOld5OULYQJEZ+T2arjGJGI2Tp8S+9Xc8cL+vH/coXmSN+sx0=
+ZEfL+X3WUw3Ph8FoADq0KBwE28adnpdb5oJScb6zlIUILI+L7LV9EmgYWdPkbdOUz1zmQBdTknSCiDT/vfBC5wtebMc
RdlvFamN6qwGJwtYZPHS/6NwE28adnpdb5oJScb6zlIUILI+L7LV9EmgYWdPkbdOUz1zmQBdTknSCiDT/vfBC5wtebMc
wD99Yxf7MD01Cr2JmCmBi0k7P8skqSmS7OYRH9DlbjEOld5OULYQJEZ+T2arjGJGI2Tp8S+9Xc8cL+vH/coXmSN+sx0=
ZFbJqTmthaQNNU5rgIYY7Uw6P8skqSmS7OYRH9DlbjEOld5OULYQJEZ+T2arjGJGI2Tp8S+9Xc8cL+vH/coXmSN+sx0=
F6/Uv3UOWnnYB5ASU5a2VE47P8skqSmS7OYRH9DlbjEOld5OULYQJEZ+T2arjGJGI2Tp8S+9Xc8cL+vH/coXmSN+sx0=
qq3WFMHcLe81C/fNG3uXmU4kP8skqSmS7OYRH9DlbjEOld5OULYQJEZ+T2arjGJGI2Tp8S+9Xc8cL+vH/coXmSN+sx0=
GYCd5kUIH6oG+0jO3lYK8k0kP8skqSmS7OYRH9DlbjEOld5OULYQJEZ+T2arjGJGI2Tp8S+9Xc8cL+vH/coXmSN+sx0=
Ip3oqu+vQwwwlWVIL2ygDEwkP8skqSmS7OYRH9DlbjEOld5OULYQJEZ+T2arjGJGI2Tp8S+9Xc8cL+vH/coXmSN+sx0=
39Gik1PbS9mvUd+Fcci770skP8skqSmS7OYRH9DlbjEOld5OULYQJEZ+T2arjGJGI2Tp8S+9Xc8cL+vH/coXmSN+sx0=
4QZL7g6j2L08jGJcWfQXLUs6P8skqSmS7OYRH9DlbjEOld5OULYQJEZ+T2arjGJGI2Tp8S+9Xc8cL+vH/coXmSN+sx0=
BpL0wOOvMh1wPHd5BwnanU07P8skqSmS7OYRH9DlbjEOld5OULYQJEZ+T2arjGJGI2Tp8S+9Xc8cL+vH/coXmSN+sx0=
0T0wKJbefoMdk+YBFaEmyUokP8skqSmS7OYRH9DlbjEOld5OULYQJEZ+T2arjGJGI2Tp8S+9Xc8cL+vH/coXmSN+sx0=
PQxX6H6iOYBV4aXAzbLmr0kkP8skqSmS7OYRH9DlbjEOld5OULYQJEZ+T2arjGJGI2Tp8S+9Xc8cL+vH/coXmSN+sx0=
eg/JiB9PzhJQF39APuo/aUo6P8skqSmS7OYRH9DlbjEOld5OULYQJEZ+T2arjGJGI2Tp8S+9Xc8cL+vH/coXmSN+sx0=
Tw6k5LzbvImtV1/40orgIEw7P8skqSmS7OYRH9DlbjEOld5OULYQJEZ+T2arjGJGI2Tp8S+9Xc8cL+vH/coXmSN+sx0=
wePWgc3fgCl72zA2Aa4YgEURfZ+8z7jSILUVbluZlE50Gs5kcH7t9g+8c5Qztx1lzaYJGVG5InlUISh+MsPsw/sDhil7sx4=
twq4fszuwAHLpniHze/RRycziATcsfy14eDQY1E31oqTlEAPOuvCCKCgv1OUcUmK3L7RR2B9Duk+jd5WYG5wvPYmjz6blAKek/xpaZ9lPdcsdyufTVJ3QRNmswU=
Cn2d9BuXu0A+tZ8YdOn9eWMq4x5Z+v+H/P3Z7gSCsbNoUf6thhFewsgioJju2q8KU/iyGusgqT13aS0zdMvL68X+B4UrerMR
ta+2BA0AG3HCzU3qS3+P3GAq4x5Z+v+H/P3Z7gSCsbNoUf6thhFewsgioJju2q8KU/iyGusgqT13aS0zdMvL68X+B4UrerMR
Zxywv341u0PWD+nFfGO/UqMMCW8adnpdb5oJScb6zlIUILI+L7LV9EmgYWdPkbdOUz1zmQBdTknSCiDT/vfBC5wtebMc
4C6afLWFPCjvBmzFAi1EE6AMCW8adnpdb5oJScb6zlIUILI+L7LV9EmgYWdPkbdOUz1zmQBdTknSCiDT/vfBC5wtebMc
HZekfe4E21mxXnP5ZLrIyvctNglVOD0TPI8UR9ypi1QRI7M1QvbE406zandPkbdOUz1zmQBdTknSCiDT/vfBC5wtebMc
VQMa+oj0nqmRaN7PjvhykvctNglVOD0TPIsWSdypi1QRI7M1QvbE406zandPkbdOUz1zmQBdTknSCiDT/vfBC5wtebMc
kAoRFbIFQyF+lq0VaPZt8dG70I+EsA6KxURPr7Y22NeUzQh2D/EfrTqQ13YKqEeGydcDl2XxKB370eHQH5cnfLMb
Em4TmN0H5TKwehp3PCiMXZGTh++VDSi/sMAj8jWL5MeZTjpAn2hSFgF908jXnZ2iZyxLNejNFmG5gGnDCOPK6aABXyQl+9+1rq7wExobltcTeYMeh4UfWSwlmpmmovyzwh+Vu2h1VbMw
fM27L4u0A2HyslKOPXtMZZyzTw1KpHa8NZdfPKyFLM6+mdZMJwQ87vO+ipIeRCnpyy1xpKqO52G9GRFlQwDo1E201QNUR4eDlRVfhuss4ibjROnR793db1zP66c9apd5Y16zPQ==
e+b6dDVPljd25RQRTt2pkzHe5PvT8cM9bd3TNrhiRmGEUl4WDWXH+KO1gUJbRB/lHPVaIXV43ZNcSzZJPGnr1LFjUzUiNmRjrvMKd2/RV84z/VOZ4B3uyXJKwNPeN2GLfG1Zszw=
1PPEJFPmxqCdWoNQ7ybc5Cy9lQathGIWMZ3jiGd9LSL3zJt1uC0GYamguYNYQ1pp0KGvZFXbL7XejgDTartmV4PZU97XpQ9ZPEVKWfbCbDNyfyV7WBVlswA=
HKMT6PaNCsO5K9ZRyEGP9ckSiGRQhmA3s5FmFjWV/5iLRUkCE5S3hYRlwqHt6EUzNJv+CXRZA/TJU6s1WgacQ8bDwrcngb9uq23LGXiNdinaGggTlkdJa0QdYbME
6TXj1C/GGNx1OWMVDZACg+Ahp0FhtEEthJFmFjWV/5iLRUkCE5S3hYRlwqHt6EUzNJv+CXRZA/TJU6s1WgacQ8bDwrcngb9uq23LGXiNdinaGggTlkdJa0QdYbME
OyIg8zNni0FpzBHemXAorPrAoBn2jzM/4JazGXkAHcm/smU4IR0iiWTBSwTja+I3iLmCFVUsDx/t9RxKWpuQjzSHUa1pNo2B7XleYVAxzDZ+I2BLX3NCEWezAg==
V0qTUya0/07ypcx0DR86voV90rCuxreYjtmx2bl0UraF3TI9F4/QcoWCJeNJL+7lJ+msT9c81NKOQLihuZEAZELEzYJut6Lz+rVW7ltj3PMxMZgjDzRJdKcLbFyYbOpNvCNh5FUssLSyNLe7CU/lHXITQaScHOKVC+NYmGi/u+DedObidWirvDJciONZarVICLRsSjliZ03jJheflVxohB0G05xQNA6pe6xp5qsMYsYj5OlxLz1dTxyv60f9ShcZI/6znQ==
iCQOY8jMdD7FUUpAeznz3fctNglVOD0TPI8UR9ypi1QRI7M1QvbE406zandPkbdOUz1zmANdTknSCiDT/vfBC5wtebMc
0oatyH0OekL1RIqFH4v27DthThp2YmkyY/CSwrvIKMYHoU0rZOOLU3V2p937ErNp
Dtc3A+9Ywej0HX8rW18Ffc7RUkHLkaU+ij8oliEVVX1vSIfeqgD3Pkhssz/FWfhFO4kxuP//1wSzYw==
KEiBgkuGjQjUjm8zUVOFqI9d8kREad3BNHTEIZs7jcWdZlk5QbgxmQTheJ6iQ5wji8P2yQuzbg==
d6rUjaeeVpTtgjHWAH3hlvrAoBn2jzM/4JazGXkAHcm/smU4IR0iiWTBSwTja+IzireCFVUsDx/t9RxKWpuQjzSHUa1pNo2B7XhdYVAxzDZ+I2BLX3NCEWezAg==
IznqT1R8/XShnp5Y5sYiDuAhp0FhtEEthJFmFjWV/5iLRUkCE5S3hYRlwqHt6EUzNJ/8B3RZA/TJU6s1WgacQ8bDwrcngb9uq23LGHuNdinaGggTlkdJa0QdYbME
mBXIb67+5pbhck5/zh/oXskSiGRQhmA3s5FmFjWV/5iLRUkCE5S3hYRlwqHt6EUzNJ/8B3RZA/TJU6s1WgacQ8bDwrcngb9uq23LGHuNdinaGggTlkdJa0QdYbME
nt4lAHPNF7YPzu2jW941qSy9lQathGIWMZ3jiGd9LSL3zJt1uC0GYamguYNYR1hn0KGvZFXbL7XejgDTartmV4PZU97XpQ9YP0VKWfbCbDNyfyV7WBVlswA=
gTrAWI79xEJttjCiI6C2uDHe5PvT8cM9bd3TNrhiRmGEUl4WDWXH+KO1gUJbRB/lHPVaIXV43ZNcTzRHPGnr1LFjUzUiNmRjrvMKd2/RV84z/VOY4x3uyXJKwNPeN2GLfG1Zszw=
RsLtzlff1PJNj+Qvpz5tmJyzTw1KpHa8NZdfPKyFLM6+mdZMJwQ87vO+ipIeRCnpyy1xpKqO52G5Gx9lQwDo1E201QNUR4eDlRVfhuss4ibjROjS793db1zP66c9apd5Y16zPQ==
0ML39iKE+wXozac7+VBThZGTh++VDSi/sMAj8jWL5MeZTjpAn2hSFgF908jXnZ2iZyxLNejNFmG5gGnDCOfI56ABXyQl+9+1rq7wExobltcTeYMeh4UfWC8lmpmmovyzwh+Vu2h1VbMw
45ZQfG1rMUfSGmSpUeqciQl+bz9ce25+TeGGoEQFOva3uedQLrXOPFEuKcXx5ApvievfN0sw48mJ2Sxxv2yiBHlox34q4LceSExzX0X5OGU7aXFYf18XZLMD
