fBelgfmaSQTKRsxrFGHmdASCt5QBY2eUjCoXscJHPgJsVW3J2sTxVRiz3o+JPxqd8gbTfL4Of1KjkBKie6giocfIzEulg4swtR02sTt5qRA=
2T6XrJzCBPLBxcTLVbqmOIV90rCuxreYjtmx2bl0UraF3TI9F4/QcoWCJeNJL+7lJ+msT9c81NKOQLihuZEAZELEzYJut6Lz+rVW7ltj3PMxMZgjDzRJdKcLbFyYbOpNvCNh5FUssLSyNLe7CU/lHXITQaScHOKVC+NYmGi/u+DedObidWirvDJciONZarVICLRsSjliZ03jJheflVxohB0G05xQNA6pe6xp5qsMYsYj5OJ1LzRcTx2v60T9QQYVI/WphA==
upunTnjjk6TO6ZqtvU0reoV90rCuxreYjtmx2bl0UraF3TI9F4/QcoWCJeNJL+7lJ+msT9c81NKOQLihuZEAZELEzYJut6Lz+rVW7ltj3PMxMZgjDzRJdKcLbFyYbOpNvCNh5FUssLSyNLe7CU/lHXITQaScHOKVC+NYmGi/u+DedObidWirvDJciONZarVICLRsSjliZ03jJheflVxohB0G05xQNA6pe6xp5qsMYsYj5OtwLzVcTx2v60T9QQYVI/WphA==
Zsnu0/52ZJVWKtQW0q0qahHwceNAc3KpuDEXxJ2rN7XGfkhz0iuOF6vpSz6fdbfZxRWKeO4zBPPZ79YKnCV2qQE=
QJ4aRTbLXK1wp7j1VS2LfNizdA0ly1UbWzddFScKLDU00HAcD74pJW4drqM42MPMiHuoey1PKidCgPf7LRtPV/tu4XO6335pTpyN6Bd9XBgTE3RtV37hs4Nc7iBeuLj8s3+WgJyxt/ZPH8gXHEQHG/b2zhhTvE+6OsQfiglaW/PUPTGxm/45Vz73v7upzg==
JCjGejnZIr7/PPfRs3jNVc7RUkHLkaU+ij8oliEVVX1vSIfeqgD3PkluszfEWflFO4oxs+7z1w+peg==
XryM5sWj3XjCza+TDsiRdI9d8kREad3BNHTEIZs7jcWdZlk5QbkzmQzgeJ+iQ58jgNL6yQCpdw==
Zsnu0/52ZJVWKtQW0q0qahHwceNAc3KpuDEXxJ2rN7XGfkhz0iuOF6vpSz6fdbfZxRWKeO4zBPPZ79YKnCV2qQE=
Zsnu0/52ZJVWKtQW0q0qahHwceNAc3KpuDEXxJ2rN7XGfkhz0iuOF6vpSz6fdbfZxRWKeO4zBPPZ79YKnCV2qQE=
Zsnu0/52ZJVWKtQW0q0qahHwceNAc3KpuDEXxJ2rN7XGfkhz0iuOF6vpSz6fdbfZxRWKeO4zBPPZ79YKnCV2qQE=
Zsnu0/52ZJVWKtQW0q0qahHwceNAc3KpuDEXxJ2rN7XGfkhz0iuOF6vpSz6fdbfZxRWKeO4zBPPZ79YKnCV2qQE=
ykzN+BfoEik0hRFIsazW7PrAoBn2jzM/4JazGXkAHcm/smU4IR0iiWTBSwTja+I3iLmCFVUsDx/t9RxKWpuQjzSHUa1pNo2B7XlfYVgwzDd+I2NLVGJOEWypGw==
iDUTVrbMDPDfW3lLiZMXjPctNglVOD0TPIsWSdypi1QRI7M1QvbE406zandPkbdOUz1zmQFdRkjSCyDT/ffKGpAtcqkF
nBYnouShxiZoP/eX6aeiAfctNglVOD0TPI8UR9ypi1QRI7M1QvbE406zandPkbdOUz1zmQFdRkjSCyDT/ffKGpAtcqkF
7Q17zmtZ2arGHBHg7qRTuk06P8skqSmS7OYRH9DlbjEOld5OULYQJEZ+T2arjGJGI2To8C+1XM8dL+vE/cEGlSN1qQQ=
BcxEcSQ0yVfvsQ9dE0a5Ck46P8skqSmS7OYRH9DlbjEOld5OULYQJEZ+T2arjGJGI2To8C+1XM8dL+vE/cEGlSN1qQQ=
xIBMl213SF+vyqxMsEfnukw6P8skqSmS7OYRH9DlbjEOld5OULYQJEZ+T2arjGJGI2To8C+1XM8dL+vE/cEGlSN1qQQ=
fRYrl6UkVKH/XuefkqwX3E47P8skqSmS7OYRH9DlbjEOld5OULYQJEZ+T2arjGJGI2To8C+1XM8dL+vE/cEGlSN1qQQ=
Shqw5EqTCBIDPl8RvahpI007P8skqSmS7OYRH9DlbjEOld5OULYQJEZ+T2arjGJGI2To8C+1XM8dL+vE/cEGlSN1qQQ=
jW3/huZMbBrfWAQ7LeZ4i6MCD28adnpdb5oJScb6zlIUILI+L7LV9EmgYWdPkbdOUz1zmAFdRkjSCyDT/ffKGpAtcqkF
kwlOPA8RnLhcZp1kuT21n3US36kfekdcoaS/Q7QBiTq8LlHXgM1OGR6d3kZAnjAMFrYPrvskwu6z7Gh4vx38Z03nqwyt6Sa9M32pDA==
FJkTkTaYIv+6tcLtjklcoUw7P8skqSmS7OYRH9DlbjEOld5OULYQJEZ+T2arjGJGI2To8C+1XM8dL+vE/cEGlSN1qQQ=
waLirKmSklB234SLoeDjTqACD28adnpdb5oJScb6zlIUILI+L7LV9EmgYWdPkbdOUz1zmAFdRkjSCyDT/ffKGpAtcqkF
z/hwbkO8r7GZ/k8Q/IrUuHZLx+H2Ktov1g6ODbsytelaErqigLg+vqMqQYS9yP3H8znjnifFP1hNZXIYBmPcs+Hf/iqENX6pCQ==
AHw/y4mknsaOZs/BkgppdQHcnPtlEgO9qy3nIgJPMCK4Fb0+o9lMflz6tnR4fuXm99xbpGt3ZbVlBpFp2TirycTAQK+KgzezGDKyOXipDw==
DS2qVF+a2/o8KP14k4LjdPLo2jFRyfbjVEYF4b+BKeAoDz/bBJnp4gx2kY+wFS4BLoXeXnCGUNQm7s/2S/yidgN06OAPhZy//b9rVJ0xRqUDZakU
/ZQOfauIRJF+0iFuCmEluBdw7a/PDsAv1g6ODbsytelaErqigLg+vqMqQYS9yP3H8znjnifFP1hNZXIYBmPcs+Hf/iqENX6pCQ==
iBgA98JqJaxX0Y3FIERuDxRw7a/PDsAv1g6ODbsytelaErqigLg+vqMqQYS9yP3H8znjnifFP1hNZXIYBmPcs+Hf/iqENX6pCQ==
7Q17zmtZ2arGHBHg7qRTuk06P8skqSmS7OYRH9DlbjEOld5OULYQJEZ+T2arjGJGI2To8C+1XM8dL+vE/cEGlSN1qQQ=
BcxEcSQ0yVfvsQ9dE0a5Ck46P8skqSmS7OYRH9DlbjEOld5OULYQJEZ+T2arjGJGI2To8C+1XM8dL+vE/cEGlSN1qQQ=
xIBMl213SF+vyqxMsEfnukw6P8skqSmS7OYRH9DlbjEOld5OULYQJEZ+T2arjGJGI2To8C+1XM8dL+vE/cEGlSN1qQQ=
fRYrl6UkVKH/XuefkqwX3E47P8skqSmS7OYRH9DlbjEOld5OULYQJEZ+T2arjGJGI2To8C+1XM8dL+vE/cEGlSN1qQQ=
Shqw5EqTCBIDPl8RvahpI007P8skqSmS7OYRH9DlbjEOld5OULYQJEZ+T2arjGJGI2To8C+1XM8dL+vE/cEGlSN1qQQ=
jW3/huZMbBrfWAQ7LeZ4i6MCD28adnpdb5oJScb6zlIUILI+L7LV9EmgYWdPkbdOUz1zmAFdRkjSCyDT/ffKGpAtcqkF
kwlOPA8RnLhcZp1kuT21n3US36kfekdcoaS/Q7QBiTq8LlHXgM1OGR6d3kZAnjAMFrYPrvskwu6z7Gh4vx38Z03nqwyt6Sa9M32pDA==
FJkTkTaYIv+6tcLtjklcoUw7P8skqSmS7OYRH9DlbjEOld5OULYQJEZ+T2arjGJGI2To8C+1XM8dL+vE/cEGlSN1qQQ=
waLirKmSklB234SLoeDjTqACD28adnpdb5oJScb6zlIUILI+L7LV9EmgYWdPkbdOUz1zmAFdRkjSCyDT/ffKGpAtcqkF
z/hwbkO8r7GZ/k8Q/IrUuHZLx+H2Ktov1g6ODbsytelaErqigLg+vqMqQYS9yP3H8znjnifFP1hNZXIYBmPcs+Hf/iqENX6pCQ==
AHw/y4mknsaOZs/BkgppdQHcnPtlEgO9qy3nIgJPMCK4Fb0+o9lMflz6tnR4fuXm99xbpGt3ZbVlBpFp2TirycTAQK+KgzezGDKyOXipDw==
DS2qVF+a2/o8KP14k4LjdPLo2jFRyfbjVEYF4b+BKeAoDz/bBJnp4gx2kY+wFS4BLoXeXnCGUNQm7s/2S/yidgN06OAPhZy//b9rVJ0xRqUDZakU
/ZQOfauIRJF+0iFuCmEluBdw7a/PDsAv1g6ODbsytelaErqigLg+vqMqQYS9yP3H8znjnifFP1hNZXIYBmPcs+Hf/iqENX6pCQ==
iBgA98JqJaxX0Y3FIERuDxRw7a/PDsAv1g6ODbsytelaErqigLg+vqMqQYS9yP3H8znjnifFP1hNZXIYBmPcs+Hf/iqENX6pCQ==
7Q17zmtZ2arGHBHg7qRTuk06P8skqSmS7OYRH9DlbjEOld5OULYQJEZ+T2arjGJGI2To8C+1XM8dL+vE/cEGlSN1qQQ=
BcxEcSQ0yVfvsQ9dE0a5Ck46P8skqSmS7OYRH9DlbjEOld5OULYQJEZ+T2arjGJGI2To8C+1XM8dL+vE/cEGlSN1qQQ=
xIBMl213SF+vyqxMsEfnukw6P8skqSmS7OYRH9DlbjEOld5OULYQJEZ+T2arjGJGI2To8C+1XM8dL+vE/cEGlSN1qQQ=
fRYrl6UkVKH/XuefkqwX3E47P8skqSmS7OYRH9DlbjEOld5OULYQJEZ+T2arjGJGI2To8C+1XM8dL+vE/cEGlSN1qQQ=
Shqw5EqTCBIDPl8RvahpI007P8skqSmS7OYRH9DlbjEOld5OULYQJEZ+T2arjGJGI2To8C+1XM8dL+vE/cEGlSN1qQQ=
jW3/huZMbBrfWAQ7LeZ4i6MCD28adnpdb5oJScb6zlIUILI+L7LV9EmgYWdPkbdOUz1zmAFdRkjSCyDT/ffKGpAtcqkF
kwlOPA8RnLhcZp1kuT21n3US36kfekdcoaS/Q7QBiTq8LlHXgM1OGR6d3kZAnjAMFrYPrvskwu6z7Gh4vx38Z03nqwyt6Sa9M32pDA==
FJkTkTaYIv+6tcLtjklcoUw7P8skqSmS7OYRH9DlbjEOld5OULYQJEZ+T2arjGJGI2To8C+1XM8dL+vE/cEGlSN1qQQ=
waLirKmSklB234SLoeDjTqACD28adnpdb5oJScb6zlIUILI+L7LV9EmgYWdPkbdOUz1zmAFdRkjSCyDT/ffKGpAtcqkF
z/hwbkO8r7GZ/k8Q/IrUuHZLx+H2Ktov1g6ODbsytelaErqigLg+vqMqQYS9yP3H8znjnifFP1hNZXIYBmPcs+Hf/iqENX6pCQ==
AHw/y4mknsaOZs/BkgppdQHcnPtlEgO9qy3nIgJPMCK4Fb0+o9lMflz6tnR4fuXm99xbpGt3ZbVlBpFp2TirycTAQK+KgzezGDKyOXipDw==
DS2qVF+a2/o8KP14k4LjdPLo2jFRyfbjVEYF4b+BKeAoDz/bBJnp4gx2kY+wFS4BLoXeXnCGUNQm7s/2S/yidgN06OAPhZy//b9rVJ0xRqUDZakU
/ZQOfauIRJF+0iFuCmEluBdw7a/PDsAv1g6ODbsytelaErqigLg+vqMqQYS9yP3H8znjnifFP1hNZXIYBmPcs+Hf/iqENX6pCQ==
iBgA98JqJaxX0Y3FIERuDxRw7a/PDsAv1g6ODbsytelaErqigLg+vqMqQYS9yP3H8znjnifFP1hNZXIYBmPcs+Hf/iqENX6pCQ==
+8oY18+yWsxZsO7IaYTjRfctNglVOD0TPI8UR9ypi1QRI7M1QvbE406zandPkbdOUz1znwFdRkjSCyDT/ffKGpAtcqkF
n0o+Gd1TScNzXMKwTOlnVfctNglVOD0TPIsWSdypi1QRI7M1QvbE406zandPkbdOUz1znwFdRkjSCyDT/ffKGpAtcqkF
+8oY18+yWsxZsO7IaYTjRfctNglVOD0TPI8UR9ypi1QRI7M1QvbE406zandPkbdOUz1znwFdRkjSCyDT/ffKGpAtcqkF
BnHTiaeweKU7hisoxXh9TU06P8skqSmS7OYRH9DlbjEOld5OULYQJEZ+T2arjGJGI2Tv8C+1XM8dL+vE/cEGlSN1qQQ=
YDPzbYmQqsWM07niV2MeF046P8skqSmS7OYRH9DlbjEOld5OULYQJEZ+T2arjGJGI2Tv8C+1XM8dL+vE/cEGlSN1qQQ=
e29H1eNFV/vGYzIOilIg0kw6P8skqSmS7OYRH9DlbjEOld5OULYQJEZ+T2arjGJGI2Tv8C+1XM8dL+vE/cEGlSN1qQQ=
b7suz+8u3Eedwbx8gqQGNk47P8skqSmS7OYRH9DlbjEOld5OULYQJEZ+T2arjGJGI2Tv8C+1XM8dL+vE/cEGlSN1qQQ=
pdiVMe4u64+cy6edCusFgk07P8skqSmS7OYRH9DlbjEOld5OULYQJEZ+T2arjGJGI2Tv8C+1XM8dL+vE/cEGlSN1qQQ=
Ui4KPa/sxytNuCD6UJgyVaMCD28adnpdb5oJScb6zlIUILI+L7LV9EmgYWdPkbdOUz1znwFdRkjSCyDT/ffKGpAtcqkF
VTfl5LaQ8le7vWmkZMIZNnUS36kfekdcoaS/Q7QBiTq8LlHXgM1OGR6d3kZAnjAMFrYPrvskwu6z7G94vx38Z03nqwyt6Sa9M32pDA==
t/KNpasvNeA+zfC7hi3hV0w7P8skqSmS7OYRH9DlbjEOld5OULYQJEZ+T2arjGJGI2Tv8C+1XM8dL+vE/cEGlSN1qQQ=
QgsBPlPhQ2lmbbhRQt4od6ACD28adnpdb5oJScb6zlIUILI+L7LV9EmgYWdPkbdOUz1znwFdRkjSCyDT/ffKGpAtcqkF
d6FJLH8p3JPKUD0pcE91r3ZLx+H2Ktov1g6ODbsytelaErqigLg+vqMqQYS9yP3H8znjnifFP19NZXIYBmPcs+Hf/iqENX6pCQ==
eF2ttaGnd1mG2FsqNQyHQQHcnPtlEgO9qy3nIgJPMCK4Fb0+o9lMflz6tnR4fuXm99xbpGt3ZbVlBpFp2T+rycTAQK+KgzezGDKyOXipDw==
gk3H5T/Aodlf2wus/Y08//Lo2jFRyfbjVEYF4b+BKeAoDz/bBJnp4gx2kY+wFS4BLoXeXnCGUNQm7s/2S/yidgN07+APhZy//b9rVJ0xRqUDZakU
hu76bfqj2a+UMisZuao5jxdw7a/PDsAv1g6ODbsytelaErqigLg+vqMqQYS9yP3H8znjnifFP19NZXIYBmPcs+Hf/iqENX6pCQ==
zREzxdwfBrdeT1XG+ANtBxRw7a/PDsAv1g6ODbsytelaErqigLg+vqMqQYS9yP3H8znjnifFP19NZXIYBmPcs+Hf/iqENX6pCQ==
n0o+Gd1TScNzXMKwTOlnVfctNglVOD0TPIsWSdypi1QRI7M1QvbE406zandPkbdOUz1znwFdRkjSCyDT/ffKGpAtcqkF
+8oY18+yWsxZsO7IaYTjRfctNglVOD0TPI8UR9ypi1QRI7M1QvbE406zandPkbdOUz1znwFdRkjSCyDT/ffKGpAtcqkF
HvZD5W6JVNSqJe94seSJKUp6IHCJwnqDnwjZr54OohiqVyuuqNvv6t7Ks6qvV0M9YWEAidrBGbVl6g831qRcSg14VVQFs9cvjf/NLxqLQnOuGOFN2Xa9Yf1/T0GocLyXjqPz64SiHnFcqSs=
ayZ8W8rx2Jgp9s+mKdFp/t7mHVsP/TetA4BZMLKYHdmM1v8PZi4P4PirycJFETOi0Tp67OSs/XuoLVAiYwC33F2k3yIRV9eBiR9Ahuss4ibjRO/Q79Xcb13P66Q9YYZ1Y1WpJA==
5oWo/0mRJ0IZAGgER0FCYb4sbI5KS53MzXCB1P2Rn+JQ5Bj+w5qbVPQAYpqmIMSNOH4UWUwZbi9Y3+LEwqTvvwuDbijMJcqPDfygwY/pm8uJk1M/ExNE81xPsOj/cYcO490jn9H9NggiK1BTLdfa2gBNQqk1
gGJbMoxiFhByXCpyp9nsZr4sbI5KS53MzXCB1P2Rn+JQ5Bj+w5qbVPRhWbDoGeCXOH4UWU4Zbi9Y3+LEwqTvvwuDbijMJcrtNtbu+Kvzm8uJk1M/ExNE81xPsOj/cYcO490jn9H9NggiK1BTLdfa2gBNQqk1
6YUd7zZDB5o2D4Jz5ZirREp6IHCJwnqDnwjZr54OohiqVyuuqNvv6t7Ls6qvV0M9YWEAidrBGbVl6g831qRcSg14VFQFs9cvjf/NLxqLQnOuGOFN2Xa9Yf1+T0GocLyXjqPz64SiHnFcqSs=
qRyJ13NPhdajZC8JTZdnW0p6IHCJwnvYyhLOpIQfjxicQgTsu9nw35uqwNmOZ0NiOnFGw4THGbNjyhMq8bFIQgx4VFUFs9cvjf/NLxqLQnOuGOFN2Xa9Yf1+T0GocLyXjqPz64SiHnFcqSs=
Y4OA2XbjkGBGBCudRnRlP0p6IHCJwnqDnwjZr54OohiqVyuuqNvv6t7Is6qvV0M9YWEAidrBGbVl6g831qRcSg14V1QFs9cvjf/NLxqLQnOuGOFN2Xa9Yf1+T0GocLyXjqPz64SiHnFcqSs=
43f4+fNsBeLmt6rhZ8iu6N7mHVsP/TetA4BZMLKYHdmM1v8PZS4P4PirycJFETOi0Tp67OSs/XuoLVAgYwC33F2k3yIRV9eBiR9Ahuss4ibjRO7Q79Xcb13P66Q9YYZ1Y1WpJA==
uaq7lsyiH0gxHwEJk1qK+BUEv+8aUqbz+NWFqWKL9/6Fmew86+0PkbKhXsZNM+fLNzgmlqDUmVwYCR1DL19sIUAgP78S6Ky5rk0IjGIrORp7JGcQ9TBfvqmTJ62BayC6M8hyqosQrgwX0ewDFXtLWKXF1jlLQak4
zu8VsEozdYSVdfwEwnBuK72z5pxai8NtFnQv2kR/hEMCGf4/v+UipjICAKqT0s5oXH57JF5cefOH08UGj3AaJBG3+GuYwLAXKlwHOMUoX7a5qwfF8TNgcuMwkgI7iC6Eh2lM6+WjixD1vbYRe1mpMA==
PD3AL955SgBtvuwiNOkEaatGnZPKl7s812QrfWk69khknYJxOeRBksgAeZWCcunqkdmXzvjyZA1ydFJOOTuwCB1coohsVPsQdnHZpe2Tz1+V/9XfAqsqA+bYKZ1x1sXxRf630RAQ1MdGYzvbrMIGQUSpMw==
/ImymiG8ctxFnWS8050d4JpQ2CsEzD9L4O54FTeP5J72ARkzUo+my5o+l+D9vkM0L4rfSDJ4A6vBQ7s/e0OME8TfyKgngb9uq23LHnmNfijaGwgTlUdCekgdaqkd
SB3bo9/oRAOV0sA2F4J6nZpQ2CsEzD5L4O54FTeP5J72ARszUo+my5s+l+D9vkM0L4rfSDJ4A6vBQ7s/e0OME8TfyKgngb9uq23LHnmNfijaGwgTlUdCekgdaqkd
AuKMr1I8eVEi9PSx06LaaU06P8skqSmS7OYRH9DlbjEOld5OULYQJEZ+T2arjGJGI2Tu8C+1XM8dL+vE/cEGlSN1qQQ=
JOa6qqmGXlqI+RWWsPmvuU46P8skqSmS7OYRH9DlbjEOld5OULYQJEZ+T2arjGJGI2Tu8C+1XM8dL+vE/cEGlSN1qQQ=
lKjHN1kzuOIMA7kQ7UB2IUw6P8skqSmS7OYRH9DlbjEOld5OULYQJEZ+T2arjGJGI2Tu8C+1XM8dL+vE/cEGlSN1qQQ=
OMthaJmXoBjhuTFQNDCoxk47P8skqSmS7OYRH9DlbjEOld5OULYQJEZ+T2arjGJGI2Tu8C+1XM8dL+vE/cEGlSN1qQQ=
C2w8sAGTpaoWXGBtLbZgP007P8skqSmS7OYRH9DlbjEOld5OULYQJEZ+T2arjGJGI2Tu8C+1XM8dL+vE/cEGlSN1qQQ=
d5ogO/qBdM82sze2kUj566MCD28adnpdb5oJScb6zlIUILI+L7LV9EmgYWdPkbdOUz1zngFdRkjSCyDT/ffKGpAtcqkF
IbFRjpu/HDzfBXnFOxyyMnUS36kfekdcoaS/Q7QBiTq8LlHXgM1OGR6d3kZAnjAMFrYPrvskwu6z7G54vx38Z03nqwyt6Sa9M32pDA==
Y9wkao9JZW+GcEME4v7mB0w7P8skqSmS7OYRH9DlbjEOld5OULYQJEZ+T2arjGJGI2Tu8C+1XM8dL+vE/cEGlSN1qQQ=
G7paRWQ35oPekXJLeS/DeqACD28adnpdb5oJScb6zlIUILI+L7LV9EmgYWdPkbdOUz1zngFdRkjSCyDT/ffKGpAtcqkF
PuI9LyZqy2jHkHeTGz+uBnZLx+H2Ktov1g6ODbsytelaErqigLg+vqMqQYS9yP3H8znjnifFP15NZXIYBmPcs+Hf/iqENX6pCQ==
McrB8NaUCApJEFACFc3ShQHcnPtlEgO9qy3nIgJPMCK4Fb0+o9lMflz6tnR4fuXm99xbpGt3ZbVlBpFp2T6rycTAQK+KgzezGDKyOXipDw==
WmnAXXXesGy8QBcfYRAZVPLo2jFRyfbjVEYF4b+BKeAoDz/bBJnp4gx2kY+wFS4BLoXeXnCGUNQm7s/2S/yidgN07uAPhZy//b9rVJ0xRqUDZakU
fnCjDkRJd7J+kNPKK0hVzBdw7a/PDsAv1g6ODbsytelaErqigLg+vqMqQYS9yP3H8znjnifFP15NZXIYBmPcs+Hf/iqENX6pCQ==
aTj0g4Ol17t+7VSDgvHiVhRw7a/PDsAv1g6ODbsytelaErqigLg+vqMqQYS9yP3H8znjnifFP15NZXIYBmPcs+Hf/iqENX6pCQ==
Da9cLXymbbJPvLbHGEGypfctNglVOD0TPIsWSdypi1QRI7M1QvbE406zandPkbdOUz1zngFdRkjSCyDT/ffKGpAtcqkF
7rd+PxfJrBHZUet5oTRyWfctNglVOD0TPI8UR9ypi1QRI7M1QvbE406zandPkbdOUz1zngFdRkjSCyDT/ffKGpAtcqkF
Da9cLXymbbJPvLbHGEGypfctNglVOD0TPIsWSdypi1QRI7M1QvbE406zandPkbdOUz1zngFdRkjSCyDT/ffKGpAtcqkF
fs6kEJ419GL+/dljcWMXYNG70I+EsA6KxURPr7Y22NeUzQh2D/EfrTqQ13YKqEeGztYDn2TxKR370uHbDpsnd6kC
Jjl3BOGQSAmOX0jM1gFTLyYziATcsfy14eDQY1E31oqTlEAPOuvCCKCgv1OUcUmK3L7RR2B9Duk+jd5WYG5wvPYmjz6blAKek/xuaJ9tPNctdyucTVlmTRNtqRw=
jVDTY+d2tCwQvNMgkhKs6deZf31gS2c+jXImUyzFiBS9r2hTfUSwBlZekalfOHew/5fcXB1rejRXIQYKfuTlXu0sbP30OTvd3pSgoer1rqFupd5+MCbDO2KUzxaLnCLWw1TuwM8lHN89X2s03dHGBUNFqTQ=
+xRgd3MVmeEKPeOFycCktScziATcsfy14eDQY1E31oqTlEAPOuvCCKCgv1OUcUmK3L7RR2B9Duk+jd5WYG5wvPYmjz6blAKek/xuaJ9tPNctdyucTVlmTRNtqRw=
IIVL6a19VLvjIvHtpmwgE9eZf31gS2c+jXImUyzFiBS9r2hTfUSwBlZekalfOHew/5bcXB1rejRXIQYKfuTlXu0sbP30OTvd3pSgoer1rqFupd5+MCbDO2KUzxaLnCLWw1TuwM8lHN89X2s03dHGBUNFqTQ=
dSJJd34W1yvrYQ0p/84YxJGTh++VDSi/sMAj8jWL5MeZTjpAn2hSFgF908jXnZ2iZyxLNejNFmG5gGnDCOPK6aABXyQl+9+1rq7wExobltcTeYMeh4UfXS0lkpimo/yzwR+eqmR1Xqkp
y7klvN+2nHMr6QYiPZvFrZyzTw1KpHa8NZdfPKyFLM6+mdZMJwQ87vO+ipIeRCnpyy1xpKqO52G9GRFlQwDo1E201QNUR4eDlRVfhuss4ibjRO3Q79Xcb13P66Q9YYZ1Y1WpJA==
hDsqXWzVX4CrnIE98IBkxjHe5PvT8cM9bd3TNrhiRmGEUl4WDWXH+KO1gUJbRB/lHPVaIXV43ZNcSzZJPGnr1LFjUzUiNmRjrvMKd2/RV84z/VOd4R3myHJLwNPdN2qacG1SqSU=
e34XGZlSkL2mjSl2cdo+SSy9lQathGIWMZ3jiGd9LSL3zJt1uC0GYamguYNYQ1pp0KGvZFXbL7XejgDTartmV4PZU97XpQ9dPUVCWPbDbDNxfy5qVBVuqRk=
uUtFTuTTTXT0bPgi/t/HxckSiGRQhmA3s5FmFjWV/5iLRUkCE5S3hYRlwqHt6EUzNJv+CXRZA/TJU6s1WgacQ8bDwrcngb9uq23LHXmNfijaGwgTlUdCekgdaqkd
awI62yVYQHpxcpoPsNTE6eAhp0FhtEEthJFmFjWV/5iLRUkCE5S3hYRlwqHt6EUzNJv+CXRZA/TJU6s1WgacQ8bDwrcngb9uq23LHXmNfijaGwgTlUdCekgdaqkd
VozKi8LRM9tux2vMmgkkFIV90rCuxreYjtmx2bl0UraF3TI9F4/QcoWCJeNJL+7lJ+msT9c81NKOQLihuZEAZELEzYJut6Lz+rVW7ltj3PMxMZgjDzRJdKcLbFyYbOpNvCNh5FUssLSyNLe7CU/lHXITQaScHOKVC+NYmGi/u+DedObidWirvDJciONZarVICLRsSjliZ03jJheflVxohB0G05xQNA6pe6xp5qsMYsYj5O1wLzVcTx2v60T9QQYVI/WphA==
iZUk+QmRZEnhZCg5ms4pDPctNglVOD0TPI8UR9ypi1QRI7M1QvbE406zandPkbdOUz1zmwVdRkjSCyDT/ffKGpAtcqkF
6nNbBO73SgEwsSdj+GHxCUp6IHCJwnqDnwjZr54OohiqVyuuqNvv6t7Ks6qvV0M9YWEAidrBGbVl6g831qRcSg14VVQFs9cvjf/NLxqLQnOuGOFN2Xa9Yf17S0GocLyXjqPz64SiHnFcqSs=
GE9oiVanfqsc8BYAiUwO8d7mHVsP/TetA4BZMLKYHdmM1v8PZi4P4PirycJFETOi0Tp67OSs/XuoLVAiYwC33F2k3yIRV9eBiR9Ahuss4ibjROvU79Xcb13P66Q9YYZ1Y1WpJA==
vV8SBBB1jhASc4KN2yD/j97mHVsP/TetA4BZMLKYHdmM1v8PZS4P4PirycJFETOi0Tp67OSs/XuoLVAgYwC33F2k3yIRV9eBiR9Ahuss4ibjROvU79Xcb13P66Q9YYZ1Y1WpJA==
8fWbDYwjte+PTOO38L1iwUp6IHCJwnvYyhLOpIQfjxicQgTsu9nw35uqwNmOZ0NiOnFGw4THGbNjyhMq8bFIQgx4VFUFs9cvjf/NLxqLQnOuGOFN2Xa9Yf17S0GocLyXjqPz64SiHnFcqSs=
c/M1WvmAN0vSHJSzVhyJxJpQ2CsEzD5L4O54FTeP5J72ARszUo+my5s+l+D9vkM0L4rfSDJ4A6vBQ7s/e0OME8TfyKgngb9uq23LG32NfijaGwgTlUdCekgdaqkd
YXU9gkX1wKqvv9olfTwyoEp6IHCJwnqDnwjZr54OohiqVyuuqNvv6t7Ls6qvV0M9YWEAidrBGbVl6g831qRcSg14VFQFs9cvjf/NLxqLQnOuGOFN2Xa9Yf17S0GocLyXjqPz64SiHnFcqSs=
83wMefLuhG1VVenuEvP6vkp6IHCJwnqDnwjZr54OohiqVyuuqNvv6t7Is6qvV0M9YWEAidrBGbVl6g831qRcSg14V1QFs9cvjf/NLxqLQnOuGOFN2Xa9Yf17S0GocLyXjqPz64SiHnFcqSs=
k7Dpfxw737Dr6iC2cnXTAxUEv+8aUqbz+NWFqWKL9/6Fmew86+0PkbKhXsZNM+fLNzgmlqDUmVwYCR1DL19sIUAgP78S6Ky5rk0IjGIrORp7JGcQ9TBfvqmTJ62BayC6M8hyqosQqwgX0ewDFXtLWKXF1jlLQak4
V1KjQP+FToLy9qXM6l47V72z5pxai8NtFnQv2kR/hEMCGf4/v+UipjICAKqT0s5oXH57JF5cefOH08UGj3AaJBG3+GuYwLAXKlwHOMUoX7a5qwfF8TNgcuMwkgI7iCuAh2lM6+WjixD1vbYRe1mpMA==
/Ev1RKq+V5EdHnQQU1TQbL4sbI5KS53MzXCB1P2Rn+JQ5Bj+w5qbVPQAYpqmIMSNOH4UWUwZbi9Y3+LEwqTvvwuDbijMJcqPDfygwY/pm8uJk1M/ExNE81xPsOj/cYcO490jm9X9NggiK1BTLdfa2gBNQqk1
lKA7yPjjzk1jPK7kJSvTpL4sbI5KS53MzXCB1P2Rn+JQ5Bj+w5qbVPRhWbDoGeCXOH4UWU4Zbi9Y3+LEwqTvvwuDbijMJcrtNtbu+Kvzm8uJk1M/ExNE81xPsOj/cYcO490jm9X9NggiK1BTLdfa2gBNQqk1
CjEesMQe7nWuhc8Ol0FxJKtGnZPKl7s812QrfWk69khknYJxOeRBksgAeZWCcunqkdmXzvjyZA1ydFJOOTuwCB1coohsVPsQdnHZpe2Tz1+V/9XfAqsqA+bYKZ1x1sXxRfuz0RAQ1MdGYzvbrMIGQUSpMw==
aIBjwXulyjQGRsv88IkV8ppQ2CsEzD9L4O54FTeP5J72ARkzUo+my5o+l+D9vkM0L4rfSDJ4A6vBQ7s/e0OME8TfyKgngb9uq23LG32NfijaGwgTlUdCekgdaqkd
cRD38tnM+9Qm4oFdYdX6Xk06P8skqSmS7OYRH9DlbjEOld5OULYQJEZ+T2arjGJGI2Tr9C+1XM8dL+vE/cEGlSN1qQQ=
3vlXVK5nX7DqeR7K+VNho046P8skqSmS7OYRH9DlbjEOld5OULYQJEZ+T2arjGJGI2Tr9C+1XM8dL+vE/cEGlSN1qQQ=
Shk50RZEu8ca4JR02zi6Ukw6P8skqSmS7OYRH9DlbjEOld5OULYQJEZ+T2arjGJGI2Tr9C+1XM8dL+vE/cEGlSN1qQQ=
W0mH3/S65I8aexL4CiMsr047P8skqSmS7OYRH9DlbjEOld5OULYQJEZ+T2arjGJGI2Tr9C+1XM8dL+vE/cEGlSN1qQQ=
zIFdrEKyVmY82ohMc53QcE07P8skqSmS7OYRH9DlbjEOld5OULYQJEZ+T2arjGJGI2Tr9C+1XM8dL+vE/cEGlSN1qQQ=
Sn1LhZoWwvf+IDZU10i1g6MCD28adnpdb5oJScb6zlIUILI+L7LV9EmgYWdPkbdOUz1zmwVdRkjSCyDT/ffKGpAtcqkF
96zwMZ+Crm9EE07aOiihB3US36kfekdcoaS/Q7QBiTq8LlHXgM1OGR6d3kZAnjAMFrYPrvskwu6z7Gt8vx38Z03nqwyt6Sa9M32pDA==
2lELwVk6126Uu9FfUcB/1Ew7P8skqSmS7OYRH9DlbjEOld5OULYQJEZ+T2arjGJGI2Tr9C+1XM8dL+vE/cEGlSN1qQQ=
V49xsfKWi/wVmx8sVzZsw6ACD28adnpdb5oJScb6zlIUILI+L7LV9EmgYWdPkbdOUz1zmwVdRkjSCyDT/ffKGpAtcqkF
YDqmoM28K5nUN8mgVDpet3ZLx+H2Ktov1g6ODbsytelaErqigLg+vqMqQYS9yP3H8znjnifFP1tJZXIYBmPcs+Hf/iqENX6pCQ==
LB3KMn82gCm3Gie/qjtBTQHcnPtlEgO9qy3nIgJPMCK4Fb0+o9lMflz6tnR4fuXm99xbpGt3ZbVlBpFp2TuvycTAQK+KgzezGDKyOXipDw==
XKwEq9v0dCALPZM1EvThUPLo2jFRyfbjVEYF4b+BKeAoDz/bBJnp4gx2kY+wFS4BLoXeXnCGUNQm7s/2S/yidgN06+QPhZy//b9rVJ0xRqUDZakU
BfPiYe5jywJRGG/QPhEktxdw7a/PDsAv1g6ODbsytelaErqigLg+vqMqQYS9yP3H8znjnifFP1tJZXIYBmPcs+Hf/iqENX6pCQ==
G7kHRO+ZV9i/ICdDbLylWBRw7a/PDsAv1g6ODbsytelaErqigLg+vqMqQYS9yP3H8znjnifFP1tJZXIYBmPcs+Hf/iqENX6pCQ==
0gdUTYf+ijVC1B38d1TtKvctNglVOD0TPIsWSdypi1QRI7M1QvbE406zandPkbdOUz1zmwVdRkjSCyDT/ffKGpAtcqkF
IRHi23yOGR7bMuQ2nPOmYPctNglVOD0TPI8UR9ypi1QRI7M1QvbE406zandPkbdOUz1zmgVdRkjSCyDT/ffKGpAtcqkF
xZFS9CpzzFXYBicM2BNdqUp6IHCJwnqDnwjZr54OohiqVyuuqNvv6t7Ks6qvV0M9YWEAidrBGbVl6g831qRcSg14VVQFs9cvjf/NLxqLQnOuGOFN2Xa9Yf16S0GocLyXjqPz64SiHnFcqSs=
4MdNU9rm+112OtfS96OpVt7mHVsP/TetA4BZMLKYHdmM1v8PZi4P4PirycJFETOi0Tp67OSs/XuoLVAiYwC33F2k3yIRV9eBiR9Ahuss4ibjROrU79Xcb13P66Q9YYZ1Y1WpJA==
ixclI/VVDDGKvsowCkj1jqtGnZPKl7s812QrfWk69khknYJxOeRBksgAeZWCcunqkdmXzvjyZA1ydFJOOTuwCB1coohsVPsQdnHZpe2Tz1+V/9XfAqsqA+bYKZ1x1sXxRfqz0RAQ1MdGYzvbrMIGQUSpMw==
z6iBu8QyURT1CLSYGCjYCL4sbI5KS53MzXCB1P2Rn+JQ5Bj+w5qbVPQAYpqmIMSNOH4UWUwZbi9Y3+LEwqTvvwuDbijMJcqPDfygwY/pm8uJk1M/ExNE81xPsOj/cYcO490jmtX9NggiK1BTLdfa2gBNQqk1
q/beK+Te1MiDTuwd9iim3b4sbI5KS53MzXCB1P2Rn+JQ5Bj+w5qbVPRhWbDoGeCXOH4UWU4Zbi9Y3+LEwqTvvwuDbijMJcrtNtbu+Kvzm8uJk1M/ExNE81xPsOj/cYcO490jmtX9NggiK1BTLdfa2gBNQqk1
Z8T86IAPikJEFSKkV0aHshUEv+8aUqbz+NWFqWKL9/6Fmew86+0PkbKhXsZNM+fLNzgmlqDUmVwYCR1DL19sIUAgP78S6Ky5rk0IjGIrORp7JGcQ9TBfvqmTJ62BayC6M8hyqosQqggX0ewDFXtLWKXF1jlLQak4
EP9P6MsOcPo6zzn0dGrXA72z5pxai8NtFnQv2kR/hEMCGf4/v+UipjICAKqT0s5oXH57JF5cefOH08UGj3AaJBG3+GuYwLAXKlwHOMUoX7a5qwfF8TNgcuMwkgI7iCqAh2lM6+WjixD1vbYRe1mpMA==
s31QSKJ9R1hFzBmmvU8QU0p6IHCJwnqDnwjZr54OohiqVyuuqNvv6t7Is6qvV0M9YWEAidrBGbVl6g831qRcSg14V1QFs9cvjf/NLxqLQnOuGOFN2Xa9Yf16S0GocLyXjqPz64SiHnFcqSs=
3O8eDpbicv9xIH1OB5rGhd7mHVsP/TetA4BZMLKYHdmM1v8PZS4P4PirycJFETOi0Tp67OSs/XuoLVAgYwC33F2k3yIRV9eBiR9Ahuss4ibjROrU79Xcb13P66Q9YYZ1Y1WpJA==
yNy3H/Ma/fEoBNRVLmhRUUp6IHCJwnqDnwjZr54OohiqVyuuqNvv6t7Ls6qvV0M9YWEAidrBGbVl6g831qRcSg14VFQFs9cvjf/NLxqLQnOuGOFN2Xa9Yf16S0GocLyXjqPz64SiHnFcqSs=
B96AEY2IQc99DooR1BpOuUp6IHCJwnvYyhLOpIQfjxicQgTsu9nw35uqwNmOZ0NiOnFGw4THGbNjyhMq8bFIQgx4VFUFs9cvjf/NLxqLQnOuGOFN2Xa9Yf16S0GocLyXjqPz64SiHnFcqSs=
qcYkVcrZBAnqU6lBUfsQYZpQ2CsEzD9L4O54FTeP5J72ARkzUo+my5o+l+D9vkM0L4rfSDJ4A6vBQ7s/e0OME8TfyKgngb9uq23LGn2NfijaGwgTlUdCekgdaqkd
Rrnkc8OjlR1LPefH6hQp9ppQ2CsEzD5L4O54FTeP5J72ARszUo+my5s+l+D9vkM0L4rfSDJ4A6vBQ7s/e0OME8TfyKgngb9uq23LGn2NfijaGwgTlUdCekgdaqkd
1UvRSjBNmsXeKLdetAxPxE06P8skqSmS7OYRH9DlbjEOld5OULYQJEZ+T2arjGJGI2Tq9C+1XM8dL+vE/cEGlSN1qQQ=
mH1ISlJaGh5H1lTi5hZ/cU46P8skqSmS7OYRH9DlbjEOld5OULYQJEZ+T2arjGJGI2Tq9C+1XM8dL+vE/cEGlSN1qQQ=
EA9geHjBpmtLAW/u3aNcfkw6P8skqSmS7OYRH9DlbjEOld5OULYQJEZ+T2arjGJGI2Tq9C+1XM8dL+vE/cEGlSN1qQQ=
g7r0d2R3YpaDwlCkicEd0E47P8skqSmS7OYRH9DlbjEOld5OULYQJEZ+T2arjGJGI2Tq9C+1XM8dL+vE/cEGlSN1qQQ=
cQ1jDbppo3wmeVEK0RBZGE07P8skqSmS7OYRH9DlbjEOld5OULYQJEZ+T2arjGJGI2Tq9C+1XM8dL+vE/cEGlSN1qQQ=
bhIQR3x9v+E2HGNAxR5pJ6MCD28adnpdb5oJScb6zlIUILI+L7LV9EmgYWdPkbdOUz1zmgVdRkjSCyDT/ffKGpAtcqkF
XX0FFrLEZIhOWKcLl4h2oHUS36kfekdcoaS/Q7QBiTq8LlHXgM1OGR6d3kZAnjAMFrYPrvskwu6z7Gp8vx38Z03nqwyt6Sa9M32pDA==
F4jElWpSEDr46we4dWGQEUw7P8skqSmS7OYRH9DlbjEOld5OULYQJEZ+T2arjGJGI2Tq9C+1XM8dL+vE/cEGlSN1qQQ=
H0O+/m866Hp99I8I7zIEcqACD28adnpdb5oJScb6zlIUILI+L7LV9EmgYWdPkbdOUz1zmgVdRkjSCyDT/ffKGpAtcqkF
pqPHdxq7LhyoKD7mSXchfHZLx+H2Ktov1g6ODbsytelaErqigLg+vqMqQYS9yP3H8znjnifFP1pJZXIYBmPcs+Hf/iqENX6pCQ==
6SO+bV9dGRRiVJwPT6o7uAHcnPtlEgO9qy3nIgJPMCK4Fb0+o9lMflz6tnR4fuXm99xbpGt3ZbVlBpFp2TqvycTAQK+KgzezGDKyOXipDw==
ZYmmyyZc+1qlNVJq/q75ZfLo2jFRyfbjVEYF4b+BKeAoDz/bBJnp4gx2kY+wFS4BLoXeXnCGUNQm7s/2S/yidgN06uQPhZy//b9rVJ0xRqUDZakU
t91Sb2LfnauuThVGrv+rzBdw7a/PDsAv1g6ODbsytelaErqigLg+vqMqQYS9yP3H8znjnifFP1pJZXIYBmPcs+Hf/iqENX6pCQ==
8spxk++XFNSxRM/NUpUfkBRw7a/PDsAv1g6ODbsytelaErqigLg+vqMqQYS9yP3H8znjnifFP1pJZXIYBmPcs+Hf/iqENX6pCQ==
oAWCdqyoy0emXaAVkvsGp/ctNglVOD0TPIsWSdypi1QRI7M1QvbE406zandPkbdOUz1zmgVdRkjSCyDT/ffKGpAtcqkF
IRHi23yOGR7bMuQ2nPOmYPctNglVOD0TPI8UR9ypi1QRI7M1QvbE406zandPkbdOUz1zmgVdRkjSCyDT/ffKGpAtcqkF
oAWCdqyoy0emXaAVkvsGp/ctNglVOD0TPIsWSdypi1QRI7M1QvbE406zandPkbdOUz1zmgVdRkjSCyDT/ffKGpAtcqkF
mVyJxwlq2aZwnLgllSFS7SYziATcsfy14eDQY1E31oqTlEAPOuvCCKCgv1OUcUmK3L7RR2B9Duk+jd5WYG5wvPYmjz6blAKek/xqbJ9tPNctdyucTVlmTRNtqRw=
XyrUALZXmHmpj58BcGX1PdeZf31gS2c+jXImUyzFiBS9r2hTfUSwBlZekalfOHew/5fcXB1rejRXIQYKfuTlXu0sbP30OTvd3pSgoer1rqFupd5+MCbDO2KUzxaLnCLWw1TqxM8lHN89X2s03dHGBUNFqTQ=
3hE9Le53TbrxrHF8EX3zKCcziATcsfy14eDQY1E31oqTlEAPOuvCCKCgv1OUcUmK3L7RR2B9Duk+jd5WYG5wvPYmjz6blAKek/xqbJ9tPNctdyucTVlmTRNtqRw=
pf7i6Ktvd7BE+wO8ysshQ9eZf31gS2c+jXImUyzFiBS9r2hTfUSwBlZekalfOHew/5bcXB1rejRXIQYKfuTlXu0sbP30OTvd3pSgoer1rqFupd5+MCbDO2KUzxaLnCLWw1TqxM8lHN89X2s03dHGBUNFqTQ=
vLoM6azE6XQEJLO/CIBwl4ghMdZxal+ycgVVplXwPnqziHJqC1CtTJcZ7EOVu0uYJYXW+csBqXg=
f/+sOzK3hMduqaTB+r37CsZQ8VxKed2RaEmNb9kmjcWdZlk5QbwzmQTgeJ+iQ58jgNL6yQCpdw==
26fmFs06AxqOH+x08Lw6MuLyvM7P2qLOT3Ce0o6Zlh+Gl0UlPDVW99aOmVQ3YA1MI/aE39+tksNMuPoscOJBhDlTWXnD4cq5TrbVJUxphSINDB7OO8RCTnPMaFp/tXyHjYer7O2Jph1zXaks
fuXzuBTiAXmOU4JYQlkHz8RV9VNLf92MaEmNb9kmjcWdZlk5QbozmQ7ieJ+iQ58jgNL6yQCpdw==
Zt49+NCGT26iYhz4YuS8PsZQ8VxKed2RaEmNb9kmjcWdZlk5QbgzmQ7ieJ+iQ58jgNL6yQCpdw==
Iw0UQdpE01rJBmOug8wJ2OLyvM7N2qLOT3Ce0o6Zlh+GlUUlPDVW99aOmVQ3YA1MI/aE39+tksNMuPoscOJBhDlTWXnD4cq5TrbVJUxphSINDB7OO8RCTnPMalt/v36HjYer7O2Jph1zXaks
cfvBy4X5pJaBGQUm5kXrA4nG1A1Ayap2LACBNVTOuuEvy3O2B0Ef7sut6xyazdyquttoE7UHovro3QqpfQ==
1wVhypmHkWQuc9PN/1+MZcZQ8VxKed2RaEmNb9kmjcWdZlk5Qbs3mQ7ieJ+iQ58jgNL6yQCpdw==
oFIDDTl4kITtBGh/ouT+ukk25fZLe0djgI/vDLBCwWT5M1mZg4FKGQ6W1QUMyQVCTewervskwu6z7Gl9vx/+Z03nqwyt6Sa9M32pDA==
Jxy+I++BkoLKQ8xUgGXruVcz4rgMHP5EgO6drLWriQVsUGHsufLnJXt8V1j1Wyg0Pcv5/zhQedO2454hsA9SrtSNNV5F2P7iQ8BSUlu4LpSnHg47BRMLgFVNdkEbaakg
HD5JsGnE0X5yGKsjDjn3VnH200Xi8XpIfNyz2mlrKTXj14w24jUWbu//us0SHk9hwrzgYhTeKLL3hkbxI/M3VoPZU97XpQ9aPEVFWvbDbDNxfy5qVBVuqRk=
ZIQMovvfYOnJfSeJhDQQYFn5cHvyy/JKMmLpt/sAGFb11QqgvsJUqFR1fMLhEQxgrtragmZyudqIyW0v+SatBT3mOfkhuhFZq2KY30JDf2MgUloJYKkX
iq+2RjcT6CUELkG1oFEB4kWjc60KLmehqixYwtyuMLLvdg5Rm2PfFqvpSz6fdbfTxxWNeu4zBPPZ79YKnCV2qQE=
USB1h5fKT7iULrRla8luE4urxIbR9VSeyUFCtaY7zNGSzFArfbRJ9i6Q13YKqEeGwtQDmGbxKR370uHbDpsnd6kC
dezktcC8vxqVBn7ynzAyt0k25fZJe0djgI/vDLBCwWT5M1mZg4FKGQ6W1QUMyQVCTewervskwu6z7Gt8vxr+Z03nqwyt6Sa9M32pDA==
l5ym1FSZncbhfPaKlnrCflcz4rgMHP5EgO6drLWriQVsUmHsufLnJXt8V1j1Wyg0Pcv5/zhQedO2454hsA9SrtSNNV5F2P7iQ8BSUlu4K5GnHg47BRMLgFVNdkEbaakg
f4cUaZLLEpmarBj5uVEzxXH200fi8XpIfNyz2mlrKTXj14w24jUWbu//us0SHk9hwrzgYhTeKLL3hkbxI/M3VoPZU97XpQ9fOEVFWvbDbDNxfy5qVBVuqRk=
6e/f2F29q90tReL88FNsU1n5cHvyy/JKMmLpt/sAGFb11QqgvsJUqFR1fMLhEQxgrtragmZyudqIyW0v+SatBT3mOfkhvhNZqmKY30JDf2MgUloJYKkX
n5x4ILxjOBcuTeZ8vHFgiYurxIbR9VSeyUFCtaY7zNGSzFArfbRJ9i6Q13YKqEeGw9IDnGfxKR370uHbDpsnd6kC
acDy9MHq9G+T/uANV+cOoInG1A1Ayap2LACBNVTOuuEvy3O2B0Ef7sut6xKdzd2ruttoE7UHovro3QqpfQ==
R0Dfm1Y9zwUHfqJVA/3Swr/g0Hla0vy9R1od8auFdLc4EXnaH9rkvwdyno/lAm0RKI/ZXjfRZZp9tN72S/yidgN06OUPhp+//b9rVJ0xRqUDZakU
dY2sgXWD89ckEHltPYxnKIghMdZxal+ycgZVplXzPnqziHJqC1CoTJcT70OVu0uYJYXW+csBqXg=
8oFU01U8S/U0tSbvSEIUG8ZQ8VxKed2Ra0mNb9omjcWdZlk5Qb8zmQ7jeJ+iQ58jgNL6yQCpdw==
2PQCEYLxyUij8mGWB/HGhBBMOILdirTHZudKf1iR2k04Hs50e3WuuluJPc9qph1lzaYJGVGyI3leIyh/MsPvw/ASiilwqQc=
NEIXXfhZy/50zOP0oGbFaTIpIi8Is4DyN2k43IuVOj5Sf5Zu03N8RxHblY6pVU0T8rtySBVf+OwtUEHhDsQfEpos71KMACuZd5XhSVtGaT9eXw9jqRY=
VH4hWg4o2F+rPuy/SUxqAGwsIRnxdDnz8UEaxWZiVYmUbrX+hbv+wgMg0vKb2CK25/uPm8VzC6AVrfbh2wmpAA==
sI3DpxY9zgLNPnaYrSejLs//WQSV2SHXfMbpHTHWhXGF8vRRUhMUR4Zje1tswsbBBKlz
yyCNqwDLNcxjtQr/wGUYOMZQ8VxKed2RaUmNb9gmjcWdZlk5Qbs3mQ7jeJ+iQ58jgNL6yQCpdw==
ICH5c5jbi/ouHDU9d1PVehBMOILdirTHZudKf1iR2k04Hs50e3WuulmJPc9oph1lzaYJGVG+J3leIyh/MsPvw/ASiilwqQc=
gv24lpfM5nhAffKgDUCMQzIpIS8Ls4DyN2k43IuVOj5Sf5Zu03N8RxHblY6pVU0T8rtySBVf+O4tUEHjDsQfEpos71KJByuZd5XhSVtGaT9eXw9jqRY=
BRXsPw+SpInzWeU/JaUez2wsIRnxdDnz8UEaxWZiVYmUbLX+hbn+wgMg0vKb2Cix5/uPm8VzC6AVrfbh2wmpAA==
AVSytq4nRJmB7QavpW56e8ZQ8VxKed2RaEmNb9kmjcWdZlk5Qb0zmQnjeJ+iQ58jgNL6yQCpdw==
a+wVUX8r66dHTGW6PZsdsxFMOILdirTHZudKf1iR2k04Hs50e3WuuliJPc9pph1lzaYJGVG7InlZIyh/MsPvw/ASiilwqQc=
ObpidAIicZhkLZaJVofLRCcHyrMeCRR8ipL7SKEB2Wn5YBnfyYVKGQ6W1QUMyQVCTewervskwu6z7G55vxj/Z03nqwyt6Sa9M32pDA==
k0fVx44lPSF+G8Dk8miquE4UZ4GJmr/VIPpBKxXRnAc8Hs50e3WuuliJPc9pph1lzaYJGVG8InlZIyh/MsPvw/ASiilwqQc=
PM6kovIZBvj6OB9meAiTZGwsIRnxdDnz8UEaxWZiVYmUbbX+hbj+wgMg0vKb2CK15/yPm8VzC6AVrfbh2wmpAA==
3dhBCsRN8UaPEHtjxiVrQs//WQSU2SHXfcbpHTHWhXGF+vRRVhQUR4Zje1tswsbBBKlz
21+fdlKtr1c7Zh1m4tx6upis1Yefvx/Z0EREvuVh09qJiFsrfbRJ9i6Q13YKqEeGzdUDmWDxKR370uHbDpsnd6kC
kZbvilwaMQocZv3tgZV6Yx+6/WfbaJ1VgXK2NWSj9Cd19VteCQzTv+0g4VKONH+iWnwPQosXS00wJQE52/bJzx6PL3OpBg==
axq6bG8GUjYlXRsaRWYWl5qotTIcPeeVKqxiIhBH5PpxfLOQnOahvJwa1WN1zeXtfLWLPg3jrYLyay7QhYW9Iuw7RdTqJN9DKSkj2vtALcgQdIsfKzMhUqCPkOJvXyOhI30B7wE5XuKX/jPRft+HZCO7K71EKP1mGaQZKOMqbIQdXtLW5oHnc/XcA2BZj6BH7mFySAZRl0qVXlJp3rDT1i7v39QRpgHz0WerAJHQWLcrkUdSAZzZj4t7aiG7n3TLbZzbt4Nz37YtIl7pAZG9pe0madmxs4M5fqDIvlLDTwMQkupp0Kmn
l1alMdzUg/OKJEpweOiKqiU9f2KxeMK1WxZWX4z0rSVjI7/IFEVtdiNoEupb9a/iTHKHJKPB5EEUnoiTxSou2O70Po8LiCTkER9nEe0GtTADFP5M5UMF0w9Ozrd+/kEvLb0tRQ/zDzlQ/pnGPc1wr6l4zYNFoWrI0zp3nPf0zVoiWNNmnIooQSkvu2TNvBf/DpsA2RwUqLE51vvmvPVwwF1KoFdRSJ8mj29f3yWcH6D2K8UpKc6vfHfT5cOE/RXvOhejJJXrTbMR6mMakDVP4ZN5Ax4HhZ9TrSUQmCaifLNBHx6q5HXeqak=
EmwKNuiRX4lxg/qnFEflYoVajE1Zsmvj+TxEg428o1TvacXl1WxiyQYwvbyf4kalfN5h0T832YOCiRQs0ATDLJsgcgnEfiGOzb50gOjEUr8IPom4g1DgNxsdnOTHuitc8YRpgrnfYBB6Tl/lVw4erCe+Cze4bPSu0LS2CJIVLoKyd7BFIQbRknjejuLnCZ0B3Qce1aEmOMKKn9eV6AockaOaEtJmQLEWo5ZOyhiRjWTNkqQyzIhdfE8Hf5BnTaEysD6R4BP+VApGQ8f6udS/wtpcz6KDcgtptMVAWdtWCe+e72/TqaY=
j2Ixi7YUB4L+VjdIbWXcKwa+5o4C+Ym0xRZz4TB7DjAmayfjaC4q9ONR5h4/LW9cKj/UOMWzX5klKdrfjMkAU5OYROY2S4Sw/cS1iKBS2Lp+ZeAY7ZqjvtxdAwto1tekJ6b5gm2AudF8GkK4S/cnMPK2D9gv1VhCiIQIYoJ6wsviuPoxdIfhSI1YgGjasFf3MVu1ofp3AUiEKBIJoyd4lJDrKxyWUObOLZwb4NpY6C/h/mV0AFCsJqHWF1HLYrcT7Yh4+NWiUzCIQD51EyiJqpMYMnqrgKOcNwOs07Rry0gFFZbpa9GpqA==
s7BYKLMGDdBTyiUNuqEBr1cfeXpUcs7/+wkz+9vRj/f3x/LxtiCLtrdgLtcglaWYq5GZSlm7f364oZWXJCjRlbCCUcsprOqFRPK5An1S7CyIaIpTuHLRdEOcuHsr8UTIp5YzsMGIcY6503gcSqJHyTcixkAX8lP7eKCs4mBYbqTyubZuAvsoyaGKSR7IMhZOh6VF7W1LRhlh6mCOunMPuYgmBH2TlgreZkypGpN6VuZ4vVWI/d78/gxEBTD/66c8B+E53gCyCWyTcsyG9q9fVtl4Zy5qEJduQ75TJYQpmHW7ehEDruN336mq
MAWu/TI6HO0IKY6EMSrQCwa+5o4C+Ym0xRZz4TB7DjAmayfjaC4q9ONR5h4/LW9cKj/UOMWzX5klKdrfoN4ARJKXWeY2S4Sw/cS1iKBS2Lp+ZeAY7ZqjvtxdAwto1tekJ6b5gm2AudF8GkK4S/cnMPK2D9gv1VhCiIQIYoJ6wsviuPoxdIfhSI1YgGjasFf3MVu1ofp3AUiEKBIJoyd4lJDrKxyWUObOLZwb4NpY6C/h/mV0AFCsJqHWF1HLYrcT7Yh4+NWiUzCIQD51EyiJqpMYMnqrgKOcNwOs07Rry0gFFZbpa9GpqA==
yhI4x1Z5xVtCmXW+srU1Y1cfeXpUcs7/+wkz+9vRj/f3x/LxtiCLsLdgLtcmlaWYq5GZSlm7f364oZWXNS7TgLSWUcsprOqFRPK5An1S7CyIaIpTuHLRdEOcuHsr8UTIp5YzsMGIcY6503gcSqJHyTcixkAX8lP7eKCs4mBYbqTyubZuAvsoyaGKSR7IMhZOh6VF7W1LRhlh6mCOunMPuYgmBH2TlgreZkypGpN6VuZ4vVWI/d78/gxEBTD/66c8B+E53gCyCWyTcsyG9q9fVtl4Zy5qEJduQ75TJYQpmHW7ehEDruN336mq
iwZGgiqucYZLO52ifNPm7ZqotTIcPeeVKqxiIhBH5PpxfLOQnOahuo1CjXNjxrGye7aeF0uA6sDlMzmQgbe6NPkmRdTqJN9DKSkj2vtALcgQdIsfKzMhUqCPkOJvXyOhI30B7wE5XuKX/jPRft+HZCO7K71EKP1mGaQZKOMqbIQdXtLW5oHnc/XcA2BZj6BH7mFySAZRl0qVXlJp3rDT1i7v39QRpgHz0WerAJHQWLcrkUdSAZzZj4t7aiG7n3TLbZzbt4Nz37YtIl7pAZG9pe0madmxs4M5fqDIvlLDTwMQkupp0Kmn
7hpBKGOgnTAo0KPi8GckxJqotTIcPeeVKqxiIhBH5PpxfLOQnOahuo1CjXNjxrGye7aeF0uA6sDlMzmQiKSwKfkkRdTqJN9DKSkj2vtALcgQdIsfKzMhUqCPkOJvXyOhI30B7wE5XuKX/jPRft+HZCO7K71EKP1mGaQZKOMqbIQdXtLW5oHnc/XcA2BZj6BH7mFySAZRl0qVXlJp3rDT1i7v39QRpgHz0WerAJHQWLcrkUdSAZzZj4t7aiG7n3TLbZzbt4Nz37YtIl7pAZG9pe0madmxs4M5fqDIvlLDTwMQkupp0Kmn
nkV/I68OFjj0mO9NfKibPYrYZ6zggYmsj0eGIY3fGXe6ewBMLh7Fh4pNPWYxKe7wI9KMwb2D7Te4UzTBU4vfPyvdgLSOQswYtwCgZJWX24GBvlHQp0yS/DmLwZNLBhJHUqYlDwlFAVVz+ws5VPbl1hE1VI/NIOFzmekuiBfyqyybrGm6xuC/9iACrMGtpwf0IQRzn6pD7GlAXOxx/R6nlpAtlOB5MoxHrUCbJotno88J5DuAEvPpWXUGa7wzm7lzaCWxj16vT7QpY8kzlWLfivyNqwE3IW+u201bE+ltzGgK+hiTZecyuph92qmt
qGJJbTaRdOyc72ROm2a5+50JseBjfs9KX3IvW0l+47r+ElD1RXi7Rf3oTnik7+QaKgoxKtUE0o/Gkq83l4i49/PofN5/Mmsy/OPGGAljlqjYkOCIweQmIw1kWuVGknDDylBquR5d0+WC+dHVBpxVTjxIyScp23+SI9AS4vtoI2VHjcwLJEOL8DVdNvG7uanQ
EvEjgTtEnpETrvC+JNwRoM7RUkHLkaU+ij8oliEVVX1vSIfeqgD3PktsszPEWfhFO4oxs+7z1w+peg==
Rfrl+H1p9zW3YFy0dJjBCY9d8kREad3BNHTEIZs7jcWdZlk5QbsxmQjgeJ6iQ58jgNL6yQCpdw==
I82gL+aKlRfzixBbwT8dIB+zeuFcYXO7qSFU1IL+N7/9P08j3jWEAqvpSz6fdbfbxxWOeO4yBPPZ79YKnCV2qQE=
uKwfq+eb7D0rvI2jMTyWn7/g0Hla0vy9R1od8auFdLc4EXnaH9rkvwdyno/lAm0RKI/ZXjfRZZp9tN72S/yidgN04uIPgZy//L9rVJ0xRqUDZakU
8oceOY49VL/KjAvBlfe40s//WQSX2SHXfsbpHTHWhXGF/vRRVBAURoZje1tswsbBBKlz
xYHyoPDAzJW1thdos0Cak7/g0Hla0vy9UEEA7aSEdbc4EXnaH9rkqBxvgoDkA20RKI/ZXjfSZZp9t972S/yidgN06+QPgZy//L9rVJ0xRqUDZakU
+H+a6MXhK0u9ACczDiGCnr/g0Hla0vy9R1od8auFdLc4EXnaH9rkvwdyno/lAm0RKI/ZXjfSZZp9t972S/yidgN06eEPgpy//L9rVJ0xRqUDZakU
R8kl8Mtprk2mmMCSQMQsNs//WQSV2SHXfMbpHTHWhXGF8/ZRVxAURoZje1tswsbBBKlz
ZqoDwhhhEeKMtOYnya6Xkr/g0Hla0vy9R1od8auFdLc4EXnaH9rkvwdyno/lAm0RKI/ZXjfQZZp9td72S/yidgN06eIPgpy//L9rVJ0xRqUDZakU
WDoRYq607KRhsh2rW1HaqJ0JseBjfs9KX3IvW0l+47r+ElD1RXi7Rf3oTnik7+QaKgoxKtUE0o/Gkq83l4i49/PofN5/Mmsy/OPGGAljlqjYkOCIweQmIw1kWuVGknDDylBquR5d0+WC+dHVBpxVTjxIyScp23+SI9AS4vtoLGZHjswLJEOL8DVdNvG7uanQ
jOY16UVP/uoG6P7VN5pr0s7RUkHLkaU+ij8oliEVVX1vSIfeqgD3PkJsszDEWfhFO4oxs+7z1w+peg==
xoCVSDrfMk8F0uiViOtR5o9d8kREad3BNHTEIZs7jcWdZlk5QbIxmQvgeJ6iQ58jgNL6yQCpdw==
FZ9Jmi4WekaqA7otStNK9B+zeuFcYXO7qSFU1IL+N7/9P08j3jWEAqvpSz6fdbfSxxWNeO4yBPPZ79YKnCV2qQE=
xNBBC4gPq+Y5OvPAi9tjTZ0JseBjfs9KX3IvW0l+47r+ElD1RXi7Rf3oTnik7+QaKgoxKtUE0o/Gkq83l4i49/PofN5/Mmsy/OPGGAljlqjYkOCIweQmIw1kWuVGknDDylBquR5d0+WC+dHVBpxVTjxIyScp23+SI9AS4vtoLWRHj8wLJEOL8DVdNvG7uanQ
mVAXwGeJFT2VvXd3fpYP/c7RUkHLkaU+ij8oliEVVX1vSIfeqgD3PkNuszHEWfhFO4oxs+7z1w+peg==
W5DaqOREsdCplhR7yAgVjI9d8kREad3BNHTEIZs7jcWdZlk5QbMzmQrgeJ6iQ58jgNL6yQCpdw==
/AHHGl8/1qr8jcGRbLFyrR+zeuFcYXO7qSFU1IL+N7/9P08j3jWEAqvpSz6fdbfTxRWMeO4yBPPZ79YKnCV2qQE=
XG8gNYGwrZ4vYLYZilm35vctNglVOD0TPI8UR9ypi1QRI7M1QvbE406zandPkbdOUz1zmABdQEjSCiDT/ffKGpAtcqkF
Dpyrj43FaXoEP9gupleKwkp6IHCJwnqDnwjZr54OohiqVyuuqNvv6t7Is6qvV0M9YWEAidrBGbVl6g831qRcSg14V1QFs9cvjf/NLxqLQnOuGOFN2Xa9Yf14TkGucLyWjqPz64SiHnFcqSs=
AMpfFwpg0Gycmhr9zSOf4t7mHVsP/TetA4BZMLKYHdmM1v8PZS4P4PirycJFETOi0Tp67OSs/XuoLVAgYwC33F2k3yIRV9eBiR9Ahuss4ibjROjR79Pcb1zP66Q9YYZ1Y1WpJA==
rlS175kl0eWCNZNnPUs/eZpQ2CsEzD5L4O54FTeP5J72ARszUo+my5s+l+D9vkM0L4rfSDJ4A6vBQ7s/e0OME8TfyKgngb9uq23LGHiNeCjaGggTlUdCekgdaqkd
20yJhGCYly1FJO5GkBDykUp6IHCJwnqDnwjZr54OohiqVyuuqNvv6t7Ks6qvV0M9YWEAidrBGbVl6g831qRcSg14VVQFs9cvjf/NLxqLQnOuGOFN2Xa9Yf14TkGucLyWjqPz64SiHnFcqSs=
MTdlumgXXzFP0WEGalpDV5pQ2CsEzD9L4O54FTeP5J72ARkzUo+my5o+l+D9vkM0L4rfSDJ4A6vBQ7s/e0OME8TfyKgngb9uq23LGHiNeCjaGggTlUdCekgdaqkd
1qzWlwiDD3r1F6gRGCcBDEp6IHCJwnqDnwjZr54OohiqVyuuqNvv6t7Ls6qvV0M9YWEAidrBGbVl6g831qRcSg14VFQFs9cvjf/NLxqLQnOuGOFN2Xa9Yf14TkGucLyWjqPz64SiHnFcqSs=
0hzfiAq1881+bCby/qUJIL2z5pxai8NtFnQv2kR/hEMCGf4/v+UipjICAKqT0s5oXH57JF5cefOH08UGj3AaJBG3+GuYwLAXKlwHOMUoX7a5qwfF8TNgcuMwkgI7iCiFh29M6+SjixD1vbYRe1mpMA==
Ev39PdsAKxliAFPRjlJlnkp6IHCJwnvYyhLOpIQfjxicQgTsu9nw35uqwNmOZ0NiOnFGw4THGbNjyhMq8bFIQgx4VFUFs9cvjf/NLxqLQnOuGOFN2Xa9Yf14TkGucLyWjqPz64SiHnFcqSs=
Nu3B1Yq5ZCZjHjF+5ZUiV97mHVsP/TetA4BZMLKYHdmM1v8PZi4P4PirycJFETOi0Tp67OSs/XuoLVAiYwC33F2k3yIRV9eBiR9Ahuss4ibjROjR79Pcb1zP66Q9YYZ1Y1WpJA==
/JbrbFMZAbfuRZ8OtHdIF74sbI5KS53MzXCB1P2Rn+JQ5Bj+w5qbVPQAYpqmIMSNOH4UWUwZbi9Y3+LEwqTvvwuDbijMJcqPDfygwY/pm8uJk1M/ExNE81xPsOj/cYcO490jmND9MAgiKlBTLdfa2gBNQqk1
t0uxBP5lnJs0bS0htll8er4sbI5KS53MzXCB1P2Rn+JQ5Bj+w5qbVPRhWbDoGeCXOH4UWU4Zbi9Y3+LEwqTvvwuDbijMJcrtNtbu+Kvzm8uJk1M/ExNE81xPsOj/cYcO490jmND9MAgiKlBTLdfa2gBNQqk1
XGTGWIzz4DBoS1nr/CsKZatGnZPKl7s812QrfWk69khknYJxOeRBksgAeZWCcunqkdmXzvjyZA1ydFJOOTuwCB1coohsVPsQdnHZpe2Tz1+V/9XfAqsqA+bYKZ1x1sXxRfi20RYQ1MZGYzvbrMIGQUSpMw==
KrCyGwXxgWa68HivOEiwJRUEv+8aUqbz+NWFqWKL9/6Fmew86+0PkbKhXsZNM+fLNzgmlqDUmVwYCR1DL19sIUAgP78S6Ky5rk0IjGIrORp7JGcQ9TBfvqmTJ62BayC6M8hyqosQqA0X1+wDFHtLWKXF1jlLQak4
6KRq8jF8inweV+9W1A2rgvctNglVOD0TPI8UR9ypi1QRI7M1QvbE406zandPkbdOUz1znwBdQEjSCiDT/ffKGpAtcqkF
Xdi4aIpApR141wzikS8lxd7mHVsP/TetA4BZMLKYHdmM1v8PZi4P4PirycJFETOi0Tp67OSs/XuoLVAiYwC33F2k3yIRV9eBiR9Ahuss4ibjRO/R79Pcb1zP66Q9YYZ1Y1WpJA==
I2ACpzLuqWDvHqQqCo/yBEp6IHCJwnvYyhLOpIQfjxicQgTsu9nw35uqwNmOZ0NiOnFGw4THGbNjyhMq8bFIQgx4VFUFs9cvjf/NLxqLQnOuGOFN2Xa9Yf1/TkGucLyWjqPz64SiHnFcqSs=
DZztNXe+cBd1dKwJ7WhfHEp6IHCJwnqDnwjZr54OohiqVyuuqNvv6t7Is6qvV0M9YWEAidrBGbVl6g831qRcSg14V1QFs9cvjf/NLxqLQnOuGOFN2Xa9Yf1/TkGucLyWjqPz64SiHnFcqSs=
4khkraNH9OoMtjrw4inVIt7mHVsP/TetA4BZMLKYHdmM1v8PZS4P4PirycJFETOi0Tp67OSs/XuoLVAgYwC33F2k3yIRV9eBiR9Ahuss4ibjRO/R79Pcb1zP66Q9YYZ1Y1WpJA==
qXgPIbCCMSGW4MZ5+d2Ctkp6IHCJwnqDnwjZr54OohiqVyuuqNvv6t7Ls6qvV0M9YWEAidrBGbVl6g831qRcSg14VFQFs9cvjf/NLxqLQnOuGOFN2Xa9Yf1/TkGucLyWjqPz64SiHnFcqSs=
0SYRNxM+RUFrckUOjWGZTUp6IHCJwnqDnwjZr54OohiqVyuuqNvv6t7Ks6qvV0M9YWEAidrBGbVl6g831qRcSg14VVQFs9cvjf/NLxqLQnOuGOFN2Xa9Yf1/TkGucLyWjqPz64SiHnFcqSs=
dVN8xQOAW3mRGpnCl+v/PhUEv+8aUqbz+NWFqWKL9/6Fmew86+0PkbKhXsZNM+fLNzgmlqDUmVwYCR1DL19sIUAgP78S6Ky5rk0IjGIrORp7JGcQ9TBfvqmTJ62BayC6M8hyqosQrw0X1+wDFHtLWKXF1jlLQak4
oBH4Jv09YVMklNvb9d98Ur2z5pxai8NtFnQv2kR/hEMCGf4/v+UipjICAKqT0s5oXH57JF5cefOH08UGj3AaJBG3+GuYwLAXKlwHOMUoX7a5qwfF8TNgcuMwkgI7iC+Fh29M6+SjixD1vbYRe1mpMA==
8GpSvLIZ90GrsX2VigGytr4sbI5KS53MzXCB1P2Rn+JQ5Bj+w5qbVPQAYpqmIMSNOH4UWUwZbi9Y3+LEwqTvvwuDbijMJcqPDfygwY/pm8uJk1M/ExNE81xPsOj/cYcO490jn9D9MAgiKlBTLdfa2gBNQqk1
HZ09z1+ECDXZiiYfS+qweb4sbI5KS53MzXCB1P2Rn+JQ5Bj+w5qbVPRhWbDoGeCXOH4UWU4Zbi9Y3+LEwqTvvwuDbijMJcrtNtbu+Kvzm8uJk1M/ExNE81xPsOj/cYcO490jn9D9MAgiKlBTLdfa2gBNQqk1
Jtmy2Y9arnO+bxA+lQ9Ob6tGnZPKl7s812QrfWk69khknYJxOeRBksgAeZWCcunqkdmXzvjyZA1ydFJOOTuwCB1coohsVPsQdnHZpe2Tz1+V/9XfAqsqA+bYKZ1x1sXxRf+20RYQ1MZGYzvbrMIGQUSpMw==
OzEvOwfn+a1GmS16Ewp7M5pQ2CsEzD9L4O54FTeP5J72ARkzUo+my5o+l+D9vkM0L4rfSDJ4A6vBQ7s/e0OME8TfyKgngb9uq23LH3iNeCjaGggTlUdCekgdaqkd
FokOAs1r8P3HmBd2K6KlQppQ2CsEzD5L4O54FTeP5J72ARszUo+my5s+l+D9vkM0L4rfSDJ4A6vBQ7s/e0OME8TfyKgngb9uq23LH3iNeCjaGggTlUdCekgdaqkd
6KRq8jF8inweV+9W1A2rgvctNglVOD0TPI8UR9ypi1QRI7M1QvbE406zandPkbdOUz1znwBdQEjSCiDT/ffKGpAtcqkF
qXgPIbCCMSGW4MZ5+d2Ctkp6IHCJwnqDnwjZr54OohiqVyuuqNvv6t7Ls6qvV0M9YWEAidrBGbVl6g831qRcSg14VFQFs9cvjf/NLxqLQnOuGOFN2Xa9Yf1/TkGucLyWjqPz64SiHnFcqSs=
I2ACpzLuqWDvHqQqCo/yBEp6IHCJwnvYyhLOpIQfjxicQgTsu9nw35uqwNmOZ0NiOnFGw4THGbNjyhMq8bFIQgx4VFUFs9cvjf/NLxqLQnOuGOFN2Xa9Yf1/TkGucLyWjqPz64SiHnFcqSs=
dVN8xQOAW3mRGpnCl+v/PhUEv+8aUqbz+NWFqWKL9/6Fmew86+0PkbKhXsZNM+fLNzgmlqDUmVwYCR1DL19sIUAgP78S6Ky5rk0IjGIrORp7JGcQ9TBfvqmTJ62BayC6M8hyqosQrw0X1+wDFHtLWKXF1jlLQak4
FokOAs1r8P3HmBd2K6KlQppQ2CsEzD5L4O54FTeP5J72ARszUo+my5s+l+D9vkM0L4rfSDJ4A6vBQ7s/e0OME8TfyKgngb9uq23LH3iNeCjaGggTlUdCekgdaqkd
0SYRNxM+RUFrckUOjWGZTUp6IHCJwnqDnwjZr54OohiqVyuuqNvv6t7Ks6qvV0M9YWEAidrBGbVl6g831qRcSg14VVQFs9cvjf/NLxqLQnOuGOFN2Xa9Yf1/TkGucLyWjqPz64SiHnFcqSs=
OzEvOwfn+a1GmS16Ewp7M5pQ2CsEzD9L4O54FTeP5J72ARkzUo+my5o+l+D9vkM0L4rfSDJ4A6vBQ7s/e0OME8TfyKgngb9uq23LH3iNeCjaGggTlUdCekgdaqkd
DZztNXe+cBd1dKwJ7WhfHEp6IHCJwnqDnwjZr54OohiqVyuuqNvv6t7Is6qvV0M9YWEAidrBGbVl6g831qRcSg14V1QFs9cvjf/NLxqLQnOuGOFN2Xa9Yf1/TkGucLyWjqPz64SiHnFcqSs=
4khkraNH9OoMtjrw4inVIt7mHVsP/TetA4BZMLKYHdmM1v8PZS4P4PirycJFETOi0Tp67OSs/XuoLVAgYwC33F2k3yIRV9eBiR9Ahuss4ibjRO/R79Pcb1zP66Q9YYZ1Y1WpJA==
Xdi4aIpApR141wzikS8lxd7mHVsP/TetA4BZMLKYHdmM1v8PZi4P4PirycJFETOi0Tp67OSs/XuoLVAiYwC33F2k3yIRV9eBiR9Ahuss4ibjRO/R79Pcb1zP66Q9YYZ1Y1WpJA==
8GpSvLIZ90GrsX2VigGytr4sbI5KS53MzXCB1P2Rn+JQ5Bj+w5qbVPQAYpqmIMSNOH4UWUwZbi9Y3+LEwqTvvwuDbijMJcqPDfygwY/pm8uJk1M/ExNE81xPsOj/cYcO490jn9D9MAgiKlBTLdfa2gBNQqk1
HZ09z1+ECDXZiiYfS+qweb4sbI5KS53MzXCB1P2Rn+JQ5Bj+w5qbVPRhWbDoGeCXOH4UWU4Zbi9Y3+LEwqTvvwuDbijMJcrtNtbu+Kvzm8uJk1M/ExNE81xPsOj/cYcO490jn9D9MAgiKlBTLdfa2gBNQqk1
Jtmy2Y9arnO+bxA+lQ9Ob6tGnZPKl7s812QrfWk69khknYJxOeRBksgAeZWCcunqkdmXzvjyZA1ydFJOOTuwCB1coohsVPsQdnHZpe2Tz1+V/9XfAqsqA+bYKZ1x1sXxRf+20RYQ1MZGYzvbrMIGQUSpMw==
oBH4Jv09YVMklNvb9d98Ur2z5pxai8NtFnQv2kR/hEMCGf4/v+UipjICAKqT0s5oXH57JF5cefOH08UGj3AaJBG3+GuYwLAXKlwHOMUoX7a5qwfF8TNgcuMwkgI7iC+Fh29M6+SjixD1vbYRe1mpMA==
6KRq8jF8inweV+9W1A2rgvctNglVOD0TPI8UR9ypi1QRI7M1QvbE406zandPkbdOUz1znwBdQEjSCiDT/ffKGpAtcqkF
6KRq8jF8inweV+9W1A2rgvctNglVOD0TPI8UR9ypi1QRI7M1QvbE406zandPkbdOUz1znwBdQEjSCiDT/ffKGpAtcqkF
/Z3FH14xPvfy5JOVMP4cpzthThp2YmkyY/CSwrvILsUHr0wrZOOLUHV9ttH7Galw
oC+8TsjfHcdHJb17I6Yq187RUkHLkaU+ij8oliEVVX1vSIfeqgD3Pk5vszHEWfhFO4oxs+7z1w+peg==
pRKMv43dgi6tpXjsZlmvA49d8kREad3BNHTEIZs7jcWdZlk5Qb4ymQrgeJ6iQ58jgNL6yQCpdw==
EorQuUygxWobIbcA6p/D9vrAoBn2jzM/4JazGXkAHcm/smU4IR0iiWTBSwTja+IzireCFVUsDx/t9RxKWpuQjzSHUa1pNo2B7X5eYV4wzDZ+I2NLVGJOEWypGw==
pf2O4LduzwiemTyq2DI94uAhp0FhtEEthJFmFjWV/5iLRUkCE5S3hYRlwqHt6EUzNJ/8B3RZA/TJU6s1WgacQ8bDwrcngb9uq23LHniNeCjaGggTlUdCekgdaqkd
cWIYzM4vlgZTjgyqpCQlPckSiGRQhmA3s5FmFjWV/5iLRUkCE5S3hYRlwqHt6EUzNJ/8B3RZA/TJU6s1WgacQ8bDwrcngb9uq23LHniNeCjaGggTlUdCekgdaqkd
pHmIkdH4cJmrvDW13gMOZSy9lQathGIWMZ3jiGd9LSL3zJt1uC0GYamguYNYR1hn0KGvZFXbL7XejgDTartmV4PZU97XpQ9ePEVEWPbCbDNxfy5qVBVuqRk=
4fMco4kq3T+OddefRH0vijHe5PvT8cM9bd3TNrhiRmGEUl4WDWXH+KO1gUJbRB/lHPVaIXV43ZNcTzRHPGnr1LFjUzUiNmRjrvMKd2/RV84z/VOe4B3gyHJKwNPdN2qacG1SqSU=
+AyCB0OdfcY3ow08OF2izJyzTw1KpHa8NZdfPKyFLM6+mdZMJwQ87vO+ipIeRCnpyy1xpKqO52G5Gx9lQwDo1E201QNUR4eDlRVfhuss4ibjRO7R79Pcb1zP66Q9YYZ1Y1WpJA==
TEnNmJjfC0KphG9OcvtLKpGTh++VDSi/sMAj8jWL5MeZTjpAn2hSFgF908jXnZ2iZyxLNejNFmG5gGnDCOfI56ABXyQl+9+1rq7wExobltcTeYMeh4UfXiwllJimovyzwR+eqmR1Xqkp
w0DEBaVshQtuylEv3pvjAwl+bz9ce25+TeGGoEQFOva3uedQLrXOPFEuKcXx5ApvievfN0sw48mJ2Sxxv2yiBHlox34q4LceTk9zUUT5OGU7anFTblMXb6ka
