FHuaGxe9r9ipygSp7s7VpQSCt5QBY2eUjCoXscJHPgJsVW3J2sTxVRiz3o+JPxqd8gbTfL4Of1KjkBKie6groMfIyEuhg4sytRYnvTt5qRA=
sfnd/9FSU2K3Z9F6RRWlroV90rCuxreYjtmx2bl0UraF3TI9F4/QcoWCJeNJL+7lJ+msT9c81NKOQLihuZEAZELEzYJut6Lz+rVW7ltj3PMxMZgjDzRJdKcLbFyYbOpNvCNh5FUssLSyNLe7CU/lHXITQaScHOKVC+NYmGi/u+DedObidWirvDJciONZarVICLRsSjliZ03jJheflVxohB0G05xQNA6pe6xp5qsMYsYj5Ot0LzRYTxmv60b9ShcZI/WphA==
XMOvJWjj6Qxo95BPbjC+5YV90rCuxreYjtmx2bl0UraF3TI9F4/QcoWCJeNJL+7lJ+msT9c81NKOQLihuZEAZELEzYJut6Lz+rVW7ltj3PMxMZgjDzRJdKcLbFyYbOpNvCNh5FUssLSyNLe7CU/lHXITQaScHOKVC+NYmGi/u+DedObidWirvDJciONZarVICLRsSjliZ03jJheflVxohB0G05xQNA6pe6xp5qsMYsYj5Op0LzRYTxmv60b9ShcZI/WphA==
/juxpuCIRuRL05Yz40Q3pBHwceNAc3KpuDEXxJ2rN7XGfkhz0iuOF6vpSz6fdbfYwRWLfO43BPPb790bkCV2qQE=
Jx5dB1QI9cBLw5tYyOIMQvp3LZgGBsKKuyTEyeqQksQ15BL5yJKAQ/Q8UL31Nre2fWUTGDNqLT9c3vzP3b/ul1uMaS7TPpnPAOyB9ML5m8uImk48XxFOullEqev/cYcO490jmNX9NwwiL1BTL9fRywxNQqk1
jS0DRtUXMp3sbcJjiLgN6CYziATcsfy14eDQY1E31oqTlEAPOuvCCKCgv1OUcUmK3L7RR2B9Duk+jd5WYG5wvPYmjz6blAKek/xobJ9sONcpdyueTVJ3QRNtqRw=
sSXDHaXRKserZUV2d18UC2gV3fMmf4Opc490anRlYYYHOSjm4Go6/Pz+YW57TOc8jxfBDTn23aEdeGuBCfQcU+6jEavvM7IxfKkL
oF21w0j8QvDQz7dKq6NE0GgV3fMnf4Opc490anRlYYYHOSjm4Go6/Pz+YW57TOc8jxfBDTn23aEdf2uBCfQcU+6jEavvM7IxfKkL
0fxCiWvzTWWFi5yWJG27DUFz57ZRH1PnJQWV75LG0r0XalGJ/qoWMvwwuj4nor0UEXBZJ5fhTy77jfsfja0v7Gq/+JMHpxkrtD16qQ0=
Qsi/3Z2IvzICEYZLOJCX4UFz57ZRH1DnJQWV75LG0r0XalGJ/qoWMvwwuj4nor0UEXBZJ5fhTy77jfsfja0v7Gq/+JMHpxkrtD16qQ0=
C3d5MRZeW0uO8qhVLx+uJEFz57ZRH1HnJQWV75LG0r0XalGJ/qoWMvwwuj4nor0UEXBZJ5fhTy77jfsfja0v7Gq/+JMHpxkrtD16qQ0=
7987JUkGCFWCuh3zJCkg8R8dy5hWbO3eYY90anRlYYYHOSjm4Go6/Pz+YW57TOc8jxfBDTn23aEdf2uBCfQcU+6jEavvM7IxfKkL
1I9A1kBZbww1UqalS5QRERwdy5hWbO/eYY90anRlYYYHOSjm4Go6/Pz+YW57TOc8jxfBDTn23aEdf2uBCfQcU+6jEavvM7IxfKkL
oDX+5Ow+y+ukzO2Y/b8LBR0dy5hWbOneYY90anRlYYYHOSjm4Go6/Pz+YW57TOc8jxfBDTn23aEdf2uBCfQcU+6jEavvM7IxfKkL
Nf44Zr6eo4EA02vgnQv5vB0dy5pWbOneYY90anRlYYYHOSjm4Go6/Pz+YW57TOc8jxfBDTn23aEdf2uBCfQcU+6jEavvM7IxfKkL
bc08fMzYt2GKJVcAUmDCfGgV3fMnf4Orc490anRlYYYHOSjm4Go6/Pz+YW57TOc8jxfBDTn23aEdf2uBCfQcU+6jEavvM7IxfKkL
qsEHg0UQlPRZioW1amEADEFz57ZRH1HnJQeV75LG0r0XalGJ/qoWMvwwuj4nor0UEXBZJ5fhTy77jfsfja0v7Gq/+JMHpxkrtD16qQ0=
F6wA26vfiHpk2YmSwxEaSkFz57ZRH1DnJQeV75LG0r0XalGJ/qoWMvwwuj4nor0UEXBZJ5fhTy77jfsfja0v7Gq/+JMHpxkrtD16qQ0=
pPtLYYkjw+j25S5SK/4Xixwdy5pWbO/eYY90anRlYYYHOSjm4Go6/Pz+YW57TOc8jxfBDTn23aEdf2uBCfQcU+6jEavvM7IxfKkL
vpXcAlp9pD88ek/DRzUjjGgV3fMmf4Orc490anRlYYYHOSjm4Go6/Pz+YW57TOc8jxfBDTn23aEdf2uBCfQcU+6jEavvM7IxfKkL
efMl0E6IzBy5cFUG7awknEFz57ZRH1PnJQeV75LG0r0XalGJ/qoWMvwwuj4nor0UEXBZJ5fhTy77jfsfja0v7Gq/+JMHpxkrtD16qQ0=
/pboHtrd6SH5xO1lrc+7wx8dy5pWbO3eYY90anRlYYYHOSjm4Go6/Pz+YW57TOc8jxfBDTn23aEdf2uBCfQcU+6jEavvM7IxfKkL
rCN0rY5NBLz5OlQ1lh5RpBwdy5tWbO/eYY90anRlYYYHOSjm4Go6/Pz+YW57TOc8jxfBDTn23aEdf2uBCfQcU+6jEavvM7IxfKkL
gtzIg1rcIbMD0P9I1VZt50Fz57ZRH1HnJQaV75LG0r0XalGJ/qoWMvwwuj4nor0UEXBZJ5fhTy77jfsfja0v7Gq/+JMHpxkrtD16qQ0=
JehL8+3HuWsR2c/h9prJLx0dy5tWbOneYY90anRlYYYHOSjm4Go6/Pz+YW57TOc8jxfBDTn23aEdf2uBCfQcU+6jEavvM7IxfKkL
y6HjmjIijc+vyd/spINuXGgV3fMmf4Oqc490anRlYYYHOSjm4Go6/Pz+YW57TOc8jxfBDTn23aEdf2uBCfQcU+6jEavvM7IxfKkL
oanfyo0UCuAqbHtWFV4mIkFz57ZRH1DnJQaV75LG0r0XalGJ/qoWMvwwuj4nor0UEXBZJ5fhTy77jfsfja0v7Gq/+JMHpxkrtD16qQ0=
rzBhk3jN0qL9eGtQ3trlHCcziATcsfy14eDQY1E31oqTlEAPOuvCCKCgv1OUcUmK3L7RR2B9Duk+jd5WYG5wvPYmjz6blAKek/xvbJ9sONcpdyueTVJ3QRNtqRw=
b+rP6CuLYGewxpqv7a/uoWgV3fMnf4Oqc490anRlYYYHOSjm4Go6/Pz+YW57TOc8jxfBDTn23aEdf2uBCfQcU+6jEavvM7IxfKkL
rr8I64HrH4xkNERZk8wFox8dy5tWbO3eYY90anRlYYYHOSjm4Go6/Pz+YW57TOc8jxfBDTn23aEdf2uBCfQcU+6jEavvM7IxfKkL
zreTYaE82G9W5uvz7lpFb0Fz57ZRH1PnJQaV75LG0r0XalGJ/qoWMvwwuj4nor0UEXBZJ5fhTy77jfsfja0v7Gq/+JMHpxkrtD16qQ0=
VNP1zVfDjuy57m+OkeGgNGgV3fMnf4Ouc490anRlYYYHOSjm4Go6/Pz+YW57TOc8jxfBDTn23aEdf2uBCfQcU+6jEavvM7IxfKkL
ndi1wqH0gpMxudYNzHhqnkFz57ZRH1PnJQKV75LG0r0XalGJ/qoWMvwwuj4nor0UEXBZJ5fhTy77jfsfja0v7Gq/+JMHpxkrtD16qQ0=
DeflWrRym9CtmCnR8A3OVUFz57ZRH1HnJQKV75LG0r0XalGJ/qoWMvwwuj4nor0UEXBZJ5fhTy77jfsfja0v7Gq/+JMHpxkrtD16qQ0=
Nn/qMG0IOquwcmKYoCgUT2gV3fMmf4Ouc490anRlYYYHOSjm4Go6/Pz+YW57TOc8jxfBDTn23aEdf2uBCfQcU+6jEavvM7IxfKkL
p4uv22cF7u2oA8Z/qaz+JRwdy59WbO/eYY90anRlYYYHOSjm4Go6/Pz+YW57TOc8jxfBDTn23aEdf2uBCfQcU+6jEavvM7IxfKkL
ysF5Y+UIrAQmivpn2/DbIEFz57ZRH1DnJQKV75LG0r0XalGJ/qoWMvwwuj4nor0UEXBZJ5fhTy77jfsfja0v7Gq/+JMHpxkrtD16qQ0=
3iRKDuv7/wmsVQFdEpccAR8dy59WbO3eYY90anRlYYYHOSjm4Go6/Pz+YW57TOc8jxfBDTn23aEdf2uBCfQcU+6jEavvM7IxfKkL
dmizzTLHkyVfW4VUc+YdxB0dy59WbOneYY90anRlYYYHOSjm4Go6/Pz+YW57TOc8jxfBDTn23aEdf2uBCfQcU+6jEavvM7IxfKkL
QO6TKWM/DPl7RcEoKyBdFEFz57ZRH1HnJQOV75LG0r0XalGJ/qoWMvwwuj4nor0UEXBZJ5fhTy77jfsfja0v7Gq/+JMHpxkrtD16qQ0=
vA5lDAR1dPOT7UMiax3/ZGgV3fMmf4Ovc490anRlYYYHOSjm4Go6/Pz+YW57TOc8jxfBDTn23aEdf2uBCfQcU+6jEavvM7IxfKkL
AhonsWpll4kjYqytT/9o2x8dy55WbO3eYY90anRlYYYHOSjm4Go6/Pz+YW57TOc8jxfBDTn23aEdf2uBCfQcU+6jEavvM7IxfKkL
RlYoAFCfa9NCT0/7m014+R0dy55WbOneYY90anRlYYYHOSjm4Go6/Pz+YW57TOc8jxfBDTn23aEdf2uBCfQcU+6jEavvM7IxfKkL
c8bow7oamGaDf/3Jzk52z0Fz57ZRH1DnJQOV75LG0r0XalGJ/qoWMvwwuj4nor0UEXBZJ5fhTy77jfsfja0v7Gq/+JMHpxkrtD16qQ0=
0i8yFJKPArgY4eT3LICWekFz57ZRH1PnJQOV75LG0r0XalGJ/qoWMvwwuj4nor0UEXBZJ5fhTy77jfsfja0v7Gq/+JMHpxkrtD16qQ0=
V+4xjj9Vv/zsnctJ848H1mgV3fMnf4Ovc490anRlYYYHOSjm4Go6/Pz+YW57TOc8jxfBDTn23aEdf2uBCfQcU+6jEavvM7IxfKkL
Ai5ZPkDykrn62NuI3oMEiCUziATcsfy14eDQY1E31oqTlEAPOuvCCKCgv1OUcUmK3L7RR2B9Duk+jd5WYG5wvPYmjz6blAKek/xvbJ9sONcpdyueTVJ3QRNtqRw=
0Qy+tFDEkGMc8DH/ih62cBwdy55WbO/eYY90anRlYYYHOSjm4Go6/Pz+YW57TOc8jxfBDTn23aEdf2uBCfQcU+6jEavvM7IxfKkL
z/b+hQd5F1rR6hT9ZF+HWkFz57ZRH1HnJQCV75LG0r0XalGJ/qoWMvwwuj4nor0UEXBZJ5fhTy77jfsfja0v7Gq/+JMHpxkrtD16qQ0=
KqoiyFHPr0vjApP3WqSsGx8dy51WbO3eYY90anRlYYYHOSjm4Go6/Pz+YW57TOc8jxfBDTn23aEdf2uBCfQcU+6jEavvM7IxfKkL
qziUXvibOhZSulV/Gcy0iB0dy51WbOneYY90anRlYYYHOSjm4Go6/Pz+YW57TOc8jxfBDTn23aEdf2uBCfQcU+6jEavvM7IxfKkL
XlDRpgmVKeqedTpeJ551OEFz57ZRH1DnJQCV75LG0r0XalGJ/qoWMvwwuj4nor0UEXBZJ5fhTy77jfsfja0v7Gq/+JMHpxkrtD16qQ0=
XSGjF4EmRYdHts+IANGhg0Fz57ZRH1PnJQCV75LG0r0XalGJ/qoWMvwwuj4nor0UEXBZJ5fhTy77jfsfja0v7Gq/+JMHpxkrtD16qQ0=
jthSrEFEgq4V6fAKPE1XfGgV3fMnf4Osc490anRlYYYHOSjm4Go6/Pz+YW57TOc8jxfBDTn23aEdf2uBCfQcU+6jEavvM7IxfKkL
YutyWWhvODf1UAAAw8yjvBwdy51WbO/eYY90anRlYYYHOSjm4Go6/Pz+YW57TOc8jxfBDTn23aEdf2uBCfQcU+6jEavvM7IxfKkL
/prz//HRUa9rs0eZgZvWX2gV3fMnf4Ooc490anRlYYYHOSjm4Go6/Pz+YW57TOc8jxfBDTn23aEdf2uBCfQcU+6jEavvM7IxfKkL
ecwqAfrWqkTkJ8bxIsxob2gV3fMmf4Ooc490anRlYYYHOSjm4Go6/Pz+YW57TOc8jxfBDTn23aEdf2uBCfQcU+6jEavvM7IxfKkL
KCAcMrZWDTZiCd+COxKqqEFz57ZRH1DnJQSV75LG0r0XalGJ/qoWMvwwuj4nor0UEXBZJ5fhTy77jfsfja0v7Gq/+JMHpxkrtD16qQ0=
n/fkKQ1o76rho19Ab4NF1EFz57ZRH1HnJQSV75LG0r0XalGJ/qoWMvwwuj4nor0UEXBZJ5fhTy77jfsfja0v7Gq/+JMHpxkrtD16qQ0=
wHCzWLi8XCJDJM1FdDKRRUFz57ZRH1PnJQSV75LG0r0XalGJ/qoWMvwwuj4nor0UEXBZJ5fhTy77jfsfja0v7Gq/+JMHpxkrtD16qQ0=
Lm/tnfX86J6l3+W91g18cx8dy5lWbO3eYY90anRlYYYHOSjm4Go6/Pz+YW57TOc8jxfBDTn23aEdf2uBCfQcU+6jEavvM7IxfKkL
BEFsl+2HTz06g8dZlflFChwdy5lWbO/eYY90anRlYYYHOSjm4Go6/Pz+YW57TOc8jxfBDTn23aEdf2uBCfQcU+6jEavvM7IxfKkL
PBA7xGVbJtB6eq3KN/+P1R0dy5lWbOneYY90anRlYYYHOSjm4Go6/Pz+YW57TOc8jxfBDTn23aEdf2uBCfQcU+6jEavvM7IxfKkL
Sync9IeFUXcGKq8eFeSBiiQziATcsfy14eDQY1E31oqTlEAPOuvCCKCgv1OUcUmK3L7RR2B9Duk+jd5WYG5wvPYmjz6blAKek/xvbJ9sONcpdyueTVJ3QRNtqRw=
9podCBVcrhADFy03kAXFuB8dy5hWbO7eYY90anRlYYYHOSjm4Go6/Pz+YW57TOc8jxfBDTn23aEdf2uBCfQcU+6jEavvM7IxfKkL
hrhMvNz5ISG2DDr5PGNoshwdy5hWbOjeYY90anRlYYYHOSjm4Go6/Pz+YW57TOc8jxfBDTn23aEdf2uBCfQcU+6jEavvM7IxfKkL
5AU5CmHAZ1JWXyMxcSCsgR0dy5hWbOreYY90anRlYYYHOSjm4Go6/Pz+YW57TOc8jxfBDTn23aEdf2uBCfQcU+6jEavvM7IxfKkL
G8uWXDw8QvF2Y5BS9euvSB8dy59WbO7eYY90anRlYYYHOSjm4Go6/Pz+YW57TOc8jxfBDTn23aEdf2uBCfQcU+6jEavvM7IxfKkL
W7AT63pdOqQhayrm1LGXixwdy59WbOjeYY90anRlYYYHOSjm4Go6/Pz+YW57TOc8jxfBDTn23aEdf2uBCfQcU+6jEavvM7IxfKkL
mT4aLlWScD6TDdwtxUiaSB0dy59WbOreYY90anRlYYYHOSjm4Go6/Pz+YW57TOc8jxfBDTn23aEdf2uBCfQcU+6jEavvM7IxfKkL
PdgfuUDCL8hQ/uz3noNAPx0dy55WbOreYY90anRlYYYHOSjm4Go6/Pz+YW57TOc8jxfBDTn23aEdf2uBCfQcU+6jEavvM7IxfKkL
L0ep7O3c71yU8wDbwk1tfBwdy55WbOjeYY90anRlYYYHOSjm4Go6/Pz+YW57TOc8jxfBDTn23aEdf2uBCfQcU+6jEavvM7IxfKkL
sNIVlgImZhZCjlRfwKKfax8dy55WbO7eYY90anRlYYYHOSjm4Go6/Pz+YW57TOc8jxfBDTn23aEdf2uBCfQcU+6jEavvM7IxfKkL
fCxi1yGej8+Y0CAxuVNnyh8dy51WbO7eYY90anRlYYYHOSjm4Go6/Pz+YW57TOc8jxfBDTn23aEdf2uBCfQcU+6jEavvM7IxfKkL
Jzf2SBtHE8S2m65ZRODYhBwdy51WbOjeYY90anRlYYYHOSjm4Go6/Pz+YW57TOc8jxfBDTn23aEdf2uBCfQcU+6jEavvM7IxfKkL
VYfOe5ZbeqadImT+sQOkGx0dy51WbOreYY90anRlYYYHOSjm4Go6/Pz+YW57TOc8jxfBDTn23aEdf2uBCfQcU+6jEavvM7IxfKkL
znaYWPePLa/Ojo/LClBZPB0dy5tWbOreYY90anRlYYYHOSjm4Go6/Pz+YW57TOc8jxfBDTn23aEdf2uBCfQcU+6jEavvM7IxfKkL
7OKxSsZzi3Hev0/zb/toaRwdy5tWbOjeYY90anRlYYYHOSjm4Go6/Pz+YW57TOc8jxfBDTn23aEdf2uBCfQcU+6jEavvM7IxfKkL
9mpavAAFoC8eA/FG+Wm99h8dy5tWbO7eYY90anRlYYYHOSjm4Go6/Pz+YW57TOc8jxfBDTn23aEdf2uBCfQcU+6jEavvM7IxfKkL
e/dwBqAJUkfBlLKIogC4mR8dy5pWbO7eYY90anRlYYYHOSjm4Go6/Pz+YW57TOc8jxfBDTn23aEdf2uBCfQcU+6jEavvM7IxfKkL
OOwktmHtg8J7Hojw0PKfqBwdy5pWbOjeYY90anRlYYYHOSjm4Go6/Pz+YW57TOc8jxfBDTn23aEdf2uBCfQcU+6jEavvM7IxfKkL
6knTTnHVLAfLtGpSn1QgIx0dy5pWbOreYY90anRlYYYHOSjm4Go6/Pz+YW57TOc8jxfBDTn23aEdf2uBCfQcU+6jEavvM7IxfKkL
vVAifc/HftzYchs6VFtFaSIziATcsfy14eDQY1E31oqTlEAPOuvCCKCgv1OUcUmK3L7RR2B9Duk+jd5WYG5wvPYmjz6blAKek/xvbJ9sONcpdyueTVJ3QRNtqRw=
pYR6Eb4/NieQyzeSXyM6BSibhr4OO7T1iwYkHnqHoq9unmZtY4L9KRLCgoJoyCa+u9oppIWYNYc7ibt+T1WH37H127xel5RzK48NW6AFZqkR
R2jjLHHRt8K+Z/k0283u3xy6v5RQJcu0rDdnPlymqK9unmZtY4L9KRLCgoJoyCa+u9oppIWYNYc7ibt+T1WH37H127xel5RzK48NW6AFZqkR
Bf5I3UpZkWMpa7imFiUrNnr1xvseHxaU4EJyhONhfx9MVTmW1Mrxaxi53pWWGV7a+ArAYL4Sb1KjkBKie6gvoMfIyEuhg4sytRYnvTt5qRA=
DPLClLix8PgTz0hkEZ1Xznr1xvseHxaV4EJyhONhfx9MVTmW1Mrxaxi53pWWGV7a+ArAYL4Sb1KjkBKie6gvoMfIyEuhg4sytRYnvTt5qRA=
ckvJDRtxO1K15ADs+wJei3r1xvseHxaW4EJyhONhfx9MVTmW1Mrxaxi53pWWGV7a+ArAYL4Sb1KjkBKie6gvoMfIyEuhg4sytRYnvTt5qRA=
MWofCk0bGDFJqTOztU9SiBy6v5RQJcu0rDdkPlymqK9unmZtY4L9KRLCgoJoyCa+u9oppIWYNYc7ibt+T1WH37H127xel5RzK48NW6AFZqkR
O39NuC0LQWtjOn+OQsNeiXr1xvseHxaT4EJyhONhfx9MVTmW1Mrxaxi53pWWGV7a+ArAYL4Sb1KjkBKie6gvoMfIyEuhg4sytRYnvTt5qRA=
a/YSGYAd5lUrcXP/jlgY/nr1xvseHxaR4EJyhONhfx9MVTmW1Mrxaxi53pWWGV7a+ArAYL4Sb1KjkBKie6gvoMfIyEuhg4sytRYnvTt5qRA=
SjM7ZO1zShDITsM1etBY6Hr1xvseHxaQ4EJyhONhfx9MVTmW1Mrxaxi53pWWGV7a+ArAYL4Sb1KjkBKie6gvoMfIyEuhg4sytRYnvTt5qRA=
6vftkf+W+rXYCzX4+39EMh8dy5lWbO7eYY90anRlYYYHOSjm4Go6/Pz+YW57TOc8jxfBDTn23aEdf2uBCfQcU+6jEavvM7IxfKkL
6kXYZ45pR6lrvX9B/lKMQxwdy5lWbOjeYY90anRlYYYHOSjm4Go6/Pz+YW57TOc8jxfBDTn23aEdf2uBCfQcU+6jEavvM7IxfKkL
UztbOVSVZ0D99ubeNJ07XR0dy5lWbOreYY90anRlYYYHOSjm4Go6/Pz+YW57TOc8jxfBDTn23aEdf2uBCfQcU+6jEavvM7IxfKkL
5oF+WME+gXafFfK2BcOIOSibhr4OO7TynQ06HnyAvK9unmZtY4L9KRLCgoJoyCa+u9oppIWYNYc7ibt+T1WH37H127xel5RzK48NW6AFZqkR
fy6lQDWLwnAdbSzBd7FSfSMziATcsfy14eDQY1E31oqTlEAPOuvCCKCgv1OUcUmK3L7RR2B9Duk+jd5WYG5wvPYmjz6blAKek/xvbJ9sONcpdyueTVJ3QRNtqRw=
D4HW+XLFlHup/S3VaBeIqxZo4a/WGN8v1g6ODbsytelaErqigLg+vqMqQYS9yP3H8znjnifFP19JZXMcBmfcs+Pf9TuINX6pCQ==
fz7wOIi84eou3CxjGj33HmgV3fMmf4Osc490anRlYYYHOSjm4Go6/Pz+YW57TOc8jxfBDTn23aEdf2uBCfQcU+6jEavvM7IxfKkL
573JvGvSItRYQN2n4nDLkvctNglVOD0TPI8UR9ypi1QRI7M1QvbE406zandPkbdOUz1znwVdR0zSDyDT//fBC5wtcqkF
ABNaQh/QszB//M15zw0rNvctNglVOD0TPIsWSdypi1QRI7M1QvbE406zandPkbdOUz1znwVdR0zSDyDT//fBC5wtcqkF
RB6S6LyHqpGWyjvHlVMKg9G70I+EsA6KxURPr7Y22NeUzQh2D/EfrTqQ13YKqEeGz9IDnmDxLR370OHQH5cnd6kC
a3Cfbw+QPHUmye0mu8ub5pGTh++VDSi/sMAj8jWL5MeZTjpAn2hSFgF908jXnZ2iZyxLNejNFmG5gGnDCOPK6aABXyQl+9+1rq7wExobltcTeYMeh4UfXiklk5ymp/yzwx+Vu2h1Xqkp
p2PnutQ7i3fmD2f/NLWysJyzTw1KpHa8NZdfPKyFLM6+mdZMJwQ87vO+ipIeRCnpyy1xpKqO52G9GRFlQwDo1E201QNUR4eDlRVfhuss4ibjRO7U79TYb1nP66Y9apd5Y1WpJA==
9rkeQXDmFT5ZymvwH94k1zHe5PvT8cM9bd3TNrhiRmGEUl4WDWXH+KO1gUJbRB/lHPVaIXV43ZNcSzZJPGnr1LFjUzUiNmRjrvMKd2/RV84z/VOe5R3nzHJPwNPfN2GLfG1SqSU=
um8baGvpfFftKcFHGnpkbCy9lQathGIWMZ3jiGd9LSL3zJt1uC0GYamguYNYQ1pp0KGvZFXbL7XejgDTartmV4PZU97XpQ9eOUVDXPbHbDNzfyV7WBVuqRk=
K9ZULRV8DX04kaXmCPNB8MkSiGRQhmA3s5FmFjWV/5iLRUkCE5S3hYRlwqHt6EUzNJv+CXRZA/TJU6s1WgacQ8bDwrcngb9uq23LHn2NfyzaHwgTl0dJa0Qdaqkd
9DDbmxn0ir8kVD7smbmeIeAhp0FhtEEthJFmFjWV/5iLRUkCE5S3hYRlwqHt6EUzNJv+CXRZA/TJU6s1WgacQ8bDwrcngb9uq23LHn2NfyzaHwgTl0dJa0Qdaqkd
M7aadbNr85+BhVIXyP+BbvrAoBn2jzM/4JazGXkAHcm/smU4IR0iiWTBSwTja+I3iLmCFVUsDx/t9RxKWpuQjzSHUa1pNo2B7X1bYVk0zDN+I2FLX3NCEWypGw==
I+WcsVKjKGgJIv9//oO02oV90rCuxreYjtmx2bl0UraF3TI9F4/QcoWCJeNJL+7lJ+msT9c81NKOQLihuZEAZELEzYJut6Lz+rVW7ltj3PMxMZgjDzRJdKcLbFyYbOpNvCNh5FUssLSyNLe7CU/lHXITQaScHOKVC+NYmGi/u+DedObidWirvDJciONZarVICLRsSjliZ03jJheflVxohB0G05xQNA6pe6xp5qsMYsYj5O10LzRYTxmv60b9ShcZI/WphA==
yF8k6PcAm8XVSqYf/xBnrNt4EyYSimmPaWF2UbbIAiae/wPhohsYTlzNrY2O8RNqbW0WEPxU50cNwzv7oX6i5RBuECJfCgnum+XaAq8nbYXw+GeuapCX7ks+U6eAqZ31u/gRiL9vd1+pKg==
BJM4ZrWuHzn3wnQQL6SUXfctNglVOD0TPI8UR9ypi1QRI7M1QvbE406zandPkbdOUz1znwBdTkjSDiDT//fBC5wtcqkF
OvkAcnxNLd+BeuIR4gsO7zthThp2YmkyY/CSwrvILsUHoUwrYOOLUnV2p937Galw
Kl0d0PcqKJgrCoTQm4J1RM7RUkHLkaU+ij8oliEVVX1vSIfeqgD3Pk5vsz/EWfxFO4gxuP//1w+peg==
6KvisLww8Ic6Yyi6wEK1k49d8kREad3BNHTEIZs7jcWdZlk5Qb4ymQTgeJqiQ50ji8P2yQCpdw==
W+ywwaKGn5JWa2NJvtxWiPrAoBn2jzM/4JazGXkAHcm/smU4IR0iiWTBSwTja+IzireCFVUsDx/t9RxKWpuQjzSHUa1pNo2B7X5eYVAwzDJ+I2FLX3NCEWypGw==
eAvQ5ZR4Q7jhVOk0an2zjOAhp0FhtEEthJFmFjWV/5iLRUkCE5S3hYRlwqHt6EUzNJ/8B3RZA/TJU6s1WgacQ8bDwrcngb9uq23LHniNdijaHggTl0dJa0Qdaqkd
wjGspkPpkGB1MOAsHxjkTskSiGRQhmA3s5FmFjWV/5iLRUkCE5S3hYRlwqHt6EUzNJ/8B3RZA/TJU6s1WgacQ8bDwrcngb9uq23LHniNdijaHggTl0dJa0Qdaqkd
kVGo1HbLxPpTx+ndbS1eECy9lQathGIWMZ3jiGd9LSL3zJt1uC0GYamguYNYR1hn0KGvZFXbL7XejgDTartmV4PZU97XpQ9ePEVKWPbGbDNzfyV7WBVuqRk=
ETOUg6yL3HV6Tj/ap+jxujHe5PvT8cM9bd3TNrhiRmGEUl4WDWXH+KO1gUJbRB/lHPVaIXV43ZNcTzRHPGnr1LFjUzUiNmRjrvMKd2/RV84z/VOe4B3uyHJOwNPfN2GLfG1SqSU=
ZhKYaJngJJJILyPnCAnVz5yzTw1KpHa8NZdfPKyFLM6+mdZMJwQ87vO+ipIeRCnpyy1xpKqO52G5Gx9lQwDo1E201QNUR4eDlRVfhuss4ibjRO7R793cb1jP66Y9apd5Y1WpJA==
ODXLmtPM2daxx+r5MG2ky5GTh++VDSi/sMAj8jWL5MeZTjpAn2hSFgF908jXnZ2iZyxLNejNFmG5gGnDCOfI56ABXyQl+9+1rq7wExobltcTeYMeh4UfXiwlmpimpvyzwx+Vu2h1Xqkp
Gh3Ax+GLUSuKdZWeq2IoCgl+bz9ce25+TeGGoEQFOva3uedQLrXOPFEuKcXx5ApvievfN0sw48mJ2Sxxv2yiBHlox34q4LceTk9zX0T5PGU7aHFYf18Xb6ka
