iYGNkxsdAcJqLDk3dWisTwSCt5QBY2eUjCoXscJHPgJsVW3J2sTxVRiz3o+JPxqd8gbTfL4Of1KjkBKie6gtpMfBzEulg4sytRYnvTt5qRA=
e/u0GXtv3nGawVNoTL7ysIV90rCuxreYjtmx2bl0UraF3TI9F4/QcoWCJeNJL+7lJ+msT9c81NKOQLihuZEAZELEzYJut6Lz+rVW7ltj3PMxMZgjDzRJdKcLbFyYbOpNvCNh5FUssLSyNLe7CU/lHXITQaScHOKVC+NYmGi/u+DedObidWirvDJciONZarVICLRsSjliZ03jJheflVxohB0G05xQNA6pe6xp5qsMYsYj5O1wLz1cTx2v60b9ShcZI/WphA==
/HziC87pvRU8PF5N4jqUf4V90rCuxreYjtmx2bl0UraF3TI9F4/QcoWCJeNJL+7lJ+msT9c81NKOQLihuZEAZELEzYJut6Lz+rVW7ltj3PMxMZgjDzRJdKcLbFyYbOpNvCNh5FUssLSyNLe7CU/lHXITQaScHOKVC+NYmGi/u+DedObidWirvDJciONZarVICLRsSjliZ03jJheflVxohB0G05xQNA6pe6xp5qsMYsYj5OxwLz1cTx2v60b9ShcZI/WphA==
yXSlShS6wQJe/5SRD2MQhhHwceNAc3KpuDEXxJ2rN7XGfkhz0iuOF6vpSz6fdbfSxRWCeO4zBPPb790bkCV2qQE=
mGGIyBN8qcA1vAnhC9mJS/p3LZgGBsKKuyTEyeqQksQ15BL5yJKAQ/Q8UL31Nre2fWUTGDNqLT9c3vzP3b/ul1uMaS7TPpnPAOyB9ML5m8uImk48XxFOullEqev/cYcO490jktH9PggiK1BTL9fRywxNQqk1
ds/TRPbY2FLgSd6L6723PSYziATcsfy14eDQY1E31oqTlEAPOuvCCKCgv1OUcUmK3L7RR2B9Duk+jd5WYG5wvPYmjz6blAKek/xiaJ9lPNctdyueTVJ3QRNtqRw=
eZoEhOdW+iob6JeeBjH/dWgV3fMmf4Opc490anRlYYYHOSjm4Go6/Pz+YW57TOc8jxfBDTn23aEdcm+BAPAcV+6jEavvM7IxfKkL
fu3zOEvF/amiJasvnBoC9GgV3fMnf4Opc490anRlYYYHOSjm4Go6/Pz+YW57TOc8jxfBDTn23aEdcm+BAPAcV+6jEavvM7IxfKkL
A+Zf80pNXzo16xvKod/FqEFz57ZRH1PnJQWV75LG0r0XalGJ/qoWMvwwuj4nor0UEXBZJ5fhTy77jfsSia0m6Gq7+JMHpxkrtD16qQ0=
ZXkRLXx9s7M8sLEwjEvDgEFz57ZRH1DnJQWV75LG0r0XalGJ/qoWMvwwuj4nor0UEXBZJ5fhTy77jfsSia0m6Gq7+JMHpxkrtD16qQ0=
EbBPOq3RMdVmz7kxg7DFP0Fz57ZRH1HnJQWV75LG0r0XalGJ/qoWMvwwuj4nor0UEXBZJ5fhTy77jfsSia0m6Gq7+JMHpxkrtD16qQ0=
twBP5j107rFwUh+/IDywSh8dy5hWbO3eYY90anRlYYYHOSjm4Go6/Pz+YW57TOc8jxfBDTn23aEdcm+BAPAcV+6jEavvM7IxfKkL
K19GUWLTtAWrUxpdQririxwdy5hWbO/eYY90anRlYYYHOSjm4Go6/Pz+YW57TOc8jxfBDTn23aEdcm+BAPAcV+6jEavvM7IxfKkL
ezdGqlY8MfmoJorgLb1v1B0dy5hWbOneYY90anRlYYYHOSjm4Go6/Pz+YW57TOc8jxfBDTn23aEdcm+BAPAcV+6jEavvM7IxfKkL
Y81Fe7jfMJV8YH5TiPlALB0dy5pWbOneYY90anRlYYYHOSjm4Go6/Pz+YW57TOc8jxfBDTn23aEdcm+BAPAcV+6jEavvM7IxfKkL
5Fh1voKFx6IyiKmUifWAeGgV3fMnf4Orc490anRlYYYHOSjm4Go6/Pz+YW57TOc8jxfBDTn23aEdcm+BAPAcV+6jEavvM7IxfKkL
tH9OWizUcj6/ZldYboK5dkFz57ZRH1HnJQeV75LG0r0XalGJ/qoWMvwwuj4nor0UEXBZJ5fhTy77jfsSia0m6Gq7+JMHpxkrtD16qQ0=
DajWEUJM12JL+JUwDwzv00Fz57ZRH1DnJQeV75LG0r0XalGJ/qoWMvwwuj4nor0UEXBZJ5fhTy77jfsSia0m6Gq7+JMHpxkrtD16qQ0=
4IP3dv/2EwNfSrw0xc75WRwdy5pWbO/eYY90anRlYYYHOSjm4Go6/Pz+YW57TOc8jxfBDTn23aEdcm+BAPAcV+6jEavvM7IxfKkL
wur1g7YK3CN5CeenCqxsZmgV3fMmf4Orc490anRlYYYHOSjm4Go6/Pz+YW57TOc8jxfBDTn23aEdcm+BAPAcV+6jEavvM7IxfKkL
dLhx7W9p39dzkoXrrtNAJkFz57ZRH1PnJQeV75LG0r0XalGJ/qoWMvwwuj4nor0UEXBZJ5fhTy77jfsSia0m6Gq7+JMHpxkrtD16qQ0=
zSQQe6GFR9dpgzl2fTQQ8h8dy5pWbO3eYY90anRlYYYHOSjm4Go6/Pz+YW57TOc8jxfBDTn23aEdcm+BAPAcV+6jEavvM7IxfKkL
POYsLXjdNbTdv4d5Izswqxwdy5tWbO/eYY90anRlYYYHOSjm4Go6/Pz+YW57TOc8jxfBDTn23aEdcm+BAPAcV+6jEavvM7IxfKkL
G0G4hQECNWu8lSX9W8XnNEFz57ZRH1HnJQaV75LG0r0XalGJ/qoWMvwwuj4nor0UEXBZJ5fhTy77jfsSia0m6Gq7+JMHpxkrtD16qQ0=
hOBFfz0H3DK1c+GRYiKmCR0dy5tWbOneYY90anRlYYYHOSjm4Go6/Pz+YW57TOc8jxfBDTn23aEdcm+BAPAcV+6jEavvM7IxfKkL
K18sTgeMdYbBOSdtc7vtl2gV3fMmf4Oqc490anRlYYYHOSjm4Go6/Pz+YW57TOc8jxfBDTn23aEdcm+BAPAcV+6jEavvM7IxfKkL
/kxAu9vxWxqo1m8VUyK3v0Fz57ZRH1DnJQaV75LG0r0XalGJ/qoWMvwwuj4nor0UEXBZJ5fhTy77jfsSia0m6Gq7+JMHpxkrtD16qQ0=
3kaseugZvkyzjzO6/IsCTycziATcsfy14eDQY1E31oqTlEAPOuvCCKCgv1OUcUmK3L7RR2B9Duk+jd5WYG5wvPYmjz6blAKek/xiaJ9lPNctdyueTVJ3QRNtqRw=
wyfMRNVpNbQ+QVwpXqpP62gV3fMnf4Oqc490anRlYYYHOSjm4Go6/Pz+YW57TOc8jxfBDTn23aEdcm+BAPAcV+6jEavvM7IxfKkL
jeF1UPz3F2+567AuNZ7QRh8dy5tWbO3eYY90anRlYYYHOSjm4Go6/Pz+YW57TOc8jxfBDTn23aEdcm+BAPAcV+6jEavvM7IxfKkL
cc9LvJrsoGcFLVb5ZegpR0Fz57ZRH1PnJQaV75LG0r0XalGJ/qoWMvwwuj4nor0UEXBZJ5fhTy77jfsSia0m6Gq7+JMHpxkrtD16qQ0=
ZZEb4ijcplbG+7HBS9RuDWgV3fMnf4Ouc490anRlYYYHOSjm4Go6/Pz+YW57TOc8jxfBDTn23aEdcm+BAPAcV+6jEavvM7IxfKkL
0b+O8DTAxcVXttQedf4zvkFz57ZRH1PnJQKV75LG0r0XalGJ/qoWMvwwuj4nor0UEXBZJ5fhTy77jfsSia0m6Gq7+JMHpxkrtD16qQ0=
58yTVxCIx7t+/gN/s1a+5kFz57ZRH1HnJQKV75LG0r0XalGJ/qoWMvwwuj4nor0UEXBZJ5fhTy77jfsSia0m6Gq7+JMHpxkrtD16qQ0=
4XgghLVmHsCSTDUSyB46NWgV3fMmf4Ouc490anRlYYYHOSjm4Go6/Pz+YW57TOc8jxfBDTn23aEdcm+BAPAcV+6jEavvM7IxfKkL
QSrYpCC9QH6kGflbFhiZ8xwdy59WbO/eYY90anRlYYYHOSjm4Go6/Pz+YW57TOc8jxfBDTn23aEdcm+BAPAcV+6jEavvM7IxfKkL
JOuZd07gmsi4s+YYah7mYEFz57ZRH1DnJQKV75LG0r0XalGJ/qoWMvwwuj4nor0UEXBZJ5fhTy77jfsSia0m6Gq7+JMHpxkrtD16qQ0=
mE+Ixx5U40ltD4GwFfnRpx8dy59WbO3eYY90anRlYYYHOSjm4Go6/Pz+YW57TOc8jxfBDTn23aEdcm+BAPAcV+6jEavvM7IxfKkL
umS19ImfO/K2nIxUNJaFRR0dy59WbOneYY90anRlYYYHOSjm4Go6/Pz+YW57TOc8jxfBDTn23aEdcm+BAPAcV+6jEavvM7IxfKkL
Iq/fo/potUi5BdIglQa+OkFz57ZRH1HnJQOV75LG0r0XalGJ/qoWMvwwuj4nor0UEXBZJ5fhTy77jfsSia0m6Gq7+JMHpxkrtD16qQ0=
Vdhgfk6wcG8HZA62Jvt4l2gV3fMmf4Ovc490anRlYYYHOSjm4Go6/Pz+YW57TOc8jxfBDTn23aEdcm+BAPAcV+6jEavvM7IxfKkL
O1ko40DrPCHAOeN56GneIx8dy55WbO3eYY90anRlYYYHOSjm4Go6/Pz+YW57TOc8jxfBDTn23aEdcm+BAPAcV+6jEavvM7IxfKkL
X0pBxvNILZRAPL6F3bkxQx0dy55WbOneYY90anRlYYYHOSjm4Go6/Pz+YW57TOc8jxfBDTn23aEdcm+BAPAcV+6jEavvM7IxfKkL
OaIxTr3Crkh19gUdvOHZB0Fz57ZRH1DnJQOV75LG0r0XalGJ/qoWMvwwuj4nor0UEXBZJ5fhTy77jfsSia0m6Gq7+JMHpxkrtD16qQ0=
qieZ8/3sq9Gr++CdBsg75kFz57ZRH1PnJQOV75LG0r0XalGJ/qoWMvwwuj4nor0UEXBZJ5fhTy77jfsSia0m6Gq7+JMHpxkrtD16qQ0=
MXW06t8s0WqvRAqQ6onHiGgV3fMnf4Ovc490anRlYYYHOSjm4Go6/Pz+YW57TOc8jxfBDTn23aEdcm+BAPAcV+6jEavvM7IxfKkL
T97nYkAcqunPEuexkLflniUziATcsfy14eDQY1E31oqTlEAPOuvCCKCgv1OUcUmK3L7RR2B9Duk+jd5WYG5wvPYmjz6blAKek/xiaJ9lPNctdyueTVJ3QRNtqRw=
QPBU5wSUwh/H5Y7091YgDxwdy55WbO/eYY90anRlYYYHOSjm4Go6/Pz+YW57TOc8jxfBDTn23aEdcm+BAPAcV+6jEavvM7IxfKkL
7+GMeVqGn4XPlMIxlv11EkFz57ZRH1HnJQCV75LG0r0XalGJ/qoWMvwwuj4nor0UEXBZJ5fhTy77jfsSia0m6Gq7+JMHpxkrtD16qQ0=
bSxQyqFpCDfHqh7fHSrp3x8dy51WbO3eYY90anRlYYYHOSjm4Go6/Pz+YW57TOc8jxfBDTn23aEdcm+BAPAcV+6jEavvM7IxfKkL
F94pHzX4PZJGUP8IwRP/Jx0dy51WbOneYY90anRlYYYHOSjm4Go6/Pz+YW57TOc8jxfBDTn23aEdcm+BAPAcV+6jEavvM7IxfKkL
DpnlQVbPhQFd+BZIwNlZvEFz57ZRH1DnJQCV75LG0r0XalGJ/qoWMvwwuj4nor0UEXBZJ5fhTy77jfsSia0m6Gq7+JMHpxkrtD16qQ0=
04GRdsMEGdp0EIgkwdCqbEFz57ZRH1PnJQCV75LG0r0XalGJ/qoWMvwwuj4nor0UEXBZJ5fhTy77jfsSia0m6Gq7+JMHpxkrtD16qQ0=
goWmCFL2bslfBJZxzMXMK2gV3fMnf4Osc490anRlYYYHOSjm4Go6/Pz+YW57TOc8jxfBDTn23aEdcm+BAPAcV+6jEavvM7IxfKkL
rSTDPJ7l3ZGZHGECf2WsDRwdy51WbO/eYY90anRlYYYHOSjm4Go6/Pz+YW57TOc8jxfBDTn23aEdcm+BAPAcV+6jEavvM7IxfKkL
AEdj4jhOt4K4IVEaKFI2wmgV3fMnf4Ooc490anRlYYYHOSjm4Go6/Pz+YW57TOc8jxfBDTn23aEdcm+BAPAcV+6jEavvM7IxfKkL
fGHlwPJqUYk5i7+hrV0mf2gV3fMmf4Ooc490anRlYYYHOSjm4Go6/Pz+YW57TOc8jxfBDTn23aEdcm+BAPAcV+6jEavvM7IxfKkL
6XQ0VRIOzfHDpBCMm1PTN0Fz57ZRH1DnJQSV75LG0r0XalGJ/qoWMvwwuj4nor0UEXBZJ5fhTy77jfsSia0m6Gq7+JMHpxkrtD16qQ0=
fucCT5pgs2Ax6yE4XCxVYUFz57ZRH1HnJQSV75LG0r0XalGJ/qoWMvwwuj4nor0UEXBZJ5fhTy77jfsSia0m6Gq7+JMHpxkrtD16qQ0=
8qL+/J3VkGx47jZqCVllAUFz57ZRH1PnJQSV75LG0r0XalGJ/qoWMvwwuj4nor0UEXBZJ5fhTy77jfsSia0m6Gq7+JMHpxkrtD16qQ0=
4vK+rBHf8pBLoWcqdFhi4R8dy5lWbO3eYY90anRlYYYHOSjm4Go6/Pz+YW57TOc8jxfBDTn23aEdcm+BAPAcV+6jEavvM7IxfKkL
VsL9B3mDgsUSX0688jHHbxwdy5lWbO/eYY90anRlYYYHOSjm4Go6/Pz+YW57TOc8jxfBDTn23aEdcm+BAPAcV+6jEavvM7IxfKkL
LEip62nKdjr0WXuh49lj5R0dy5lWbOneYY90anRlYYYHOSjm4Go6/Pz+YW57TOc8jxfBDTn23aEdcm+BAPAcV+6jEavvM7IxfKkL
e9Gj0YIpUYiEQ1yN0Ajg0iQziATcsfy14eDQY1E31oqTlEAPOuvCCKCgv1OUcUmK3L7RR2B9Duk+jd5WYG5wvPYmjz6blAKek/xiaJ9lPNctdyueTVJ3QRNtqRw=
CIvwxic7zadKN0gkz9Mt/B8dy5hWbO7eYY90anRlYYYHOSjm4Go6/Pz+YW57TOc8jxfBDTn23aEdcm+BAPAcV+6jEavvM7IxfKkL
/6fGYIobv5CUG6gLtK/YxRwdy5hWbOjeYY90anRlYYYHOSjm4Go6/Pz+YW57TOc8jxfBDTn23aEdcm+BAPAcV+6jEavvM7IxfKkL
ud5xS8UmTeP2mtA+mtAUvB0dy5hWbOreYY90anRlYYYHOSjm4Go6/Pz+YW57TOc8jxfBDTn23aEdcm+BAPAcV+6jEavvM7IxfKkL
Dyw/PTYBcv4tMy3Pv+q3Ih8dy59WbO7eYY90anRlYYYHOSjm4Go6/Pz+YW57TOc8jxfBDTn23aEdcm+BAPAcV+6jEavvM7IxfKkL
JSgPtvJmFmU14K1hZh1hexwdy59WbOjeYY90anRlYYYHOSjm4Go6/Pz+YW57TOc8jxfBDTn23aEdcm+BAPAcV+6jEavvM7IxfKkL
7LT3sbpyCoVL//hlppXnUh0dy59WbOreYY90anRlYYYHOSjm4Go6/Pz+YW57TOc8jxfBDTn23aEdcm+BAPAcV+6jEavvM7IxfKkL
vCdsa3nG+4TQj9MGO3ZrVB0dy55WbOreYY90anRlYYYHOSjm4Go6/Pz+YW57TOc8jxfBDTn23aEdcm+BAPAcV+6jEavvM7IxfKkL
LG0sHSNNtoLCPHUrI0NHfRwdy55WbOjeYY90anRlYYYHOSjm4Go6/Pz+YW57TOc8jxfBDTn23aEdcm+BAPAcV+6jEavvM7IxfKkL
FTptL8q1t0AUfhH4bWU8YB8dy55WbO7eYY90anRlYYYHOSjm4Go6/Pz+YW57TOc8jxfBDTn23aEdcm+BAPAcV+6jEavvM7IxfKkL
pEpiAGR0vY/X90UX+3PCeR8dy51WbO7eYY90anRlYYYHOSjm4Go6/Pz+YW57TOc8jxfBDTn23aEdcm+BAPAcV+6jEavvM7IxfKkL
BRRloBTWx+k6n/lqrru11xwdy51WbOjeYY90anRlYYYHOSjm4Go6/Pz+YW57TOc8jxfBDTn23aEdcm+BAPAcV+6jEavvM7IxfKkL
ADDw5GTz0hGI0w8REbvIVx0dy51WbOreYY90anRlYYYHOSjm4Go6/Pz+YW57TOc8jxfBDTn23aEdcm+BAPAcV+6jEavvM7IxfKkL
SHS51jooS66OcSB3459sFB0dy5tWbOreYY90anRlYYYHOSjm4Go6/Pz+YW57TOc8jxfBDTn23aEdcm+BAPAcV+6jEavvM7IxfKkL
0UaDXxJXPplvg5gVw3ni3hwdy5tWbOjeYY90anRlYYYHOSjm4Go6/Pz+YW57TOc8jxfBDTn23aEdcm+BAPAcV+6jEavvM7IxfKkL
WaUL4RUrVUFUz5AsW8OE1B8dy5tWbO7eYY90anRlYYYHOSjm4Go6/Pz+YW57TOc8jxfBDTn23aEdcm+BAPAcV+6jEavvM7IxfKkL
u2HdxX81B3JEinbKmPHhBx8dy5pWbO7eYY90anRlYYYHOSjm4Go6/Pz+YW57TOc8jxfBDTn23aEdcm+BAPAcV+6jEavvM7IxfKkL
VjQN99wM3XZ4E4TaxE+nyRwdy5pWbOjeYY90anRlYYYHOSjm4Go6/Pz+YW57TOc8jxfBDTn23aEdcm+BAPAcV+6jEavvM7IxfKkL
iZWtHU+0RcN7fJQkR0T6Yh0dy5pWbOreYY90anRlYYYHOSjm4Go6/Pz+YW57TOc8jxfBDTn23aEdcm+BAPAcV+6jEavvM7IxfKkL
ET8jUOv9KOsDuMA9sZhfsyIziATcsfy14eDQY1E31oqTlEAPOuvCCKCgv1OUcUmK3L7RR2B9Duk+jd5WYG5wvPYmjz6blAKek/xiaJ9lPNctdyueTVJ3QRNtqRw=
bsgsT5UPgxc4gMeYEIQb+yibhr4OO7T1iwYkHnqHoq9unmZtY4L9KRLCgoJoyCa+u9oppIWYNYc7ibt+T1WH0rX10rhek5RzK48NW6AFZqkR
XIN4ypl2Nn4qm0jvVaCpLRy6v5RQJcu0rDdnPlymqK9unmZtY4L9KRLCgoJoyCa+u9oppIWYNYc7ibt+T1WH0rX10rhek5RzK48NW6AFZqkR
jH/toxEssnL68kUwPC8mR3r1xvseHxaU4EJyhONhfx9MVTmW1Mrxaxi53pWWGV7a+ArAYL4Sb1KjkBKie6gipMfBzEulg4sytRYnvTt5qRA=
GN1AsY3GWPqeXlb40+TAonr1xvseHxaV4EJyhONhfx9MVTmW1Mrxaxi53pWWGV7a+ArAYL4Sb1KjkBKie6gipMfBzEulg4sytRYnvTt5qRA=
AVAnmkppsJfi7E+1t8Ogv3r1xvseHxaW4EJyhONhfx9MVTmW1Mrxaxi53pWWGV7a+ArAYL4Sb1KjkBKie6gipMfBzEulg4sytRYnvTt5qRA=
RkqsQGwU2/aELSBbOy/oxxy6v5RQJcu0rDdkPlymqK9unmZtY4L9KRLCgoJoyCa+u9oppIWYNYc7ibt+T1WH0rX10rhek5RzK48NW6AFZqkR
0C9/kPhzZgNuuq+1BBnbGHr1xvseHxaT4EJyhONhfx9MVTmW1Mrxaxi53pWWGV7a+ArAYL4Sb1KjkBKie6gipMfBzEulg4sytRYnvTt5qRA=
1VpC9yoCNbKOhlBsIBlY7Xr1xvseHxaR4EJyhONhfx9MVTmW1Mrxaxi53pWWGV7a+ArAYL4Sb1KjkBKie6gipMfBzEulg4sytRYnvTt5qRA=
OO4mj7wqaktIOKVbfaYbi3r1xvseHxaQ4EJyhONhfx9MVTmW1Mrxaxi53pWWGV7a+ArAYL4Sb1KjkBKie6gipMfBzEulg4sytRYnvTt5qRA=
ZKhe9dAv0QZj8+LfwQxJ5R8dy5lWbO7eYY90anRlYYYHOSjm4Go6/Pz+YW57TOc8jxfBDTn23aEdcm+BAPAcV+6jEavvM7IxfKkL
WfcpqM9pdBPxig/KWroBYRwdy5lWbOjeYY90anRlYYYHOSjm4Go6/Pz+YW57TOc8jxfBDTn23aEdcm+BAPAcV+6jEavvM7IxfKkL
wluVtVMgg1RsaCkg03Xy5h0dy5lWbOreYY90anRlYYYHOSjm4Go6/Pz+YW57TOc8jxfBDTn23aEdcm+BAPAcV+6jEavvM7IxfKkL
K7Dj3R9vavsml+f+zeB8+Cibhr4OO7TynQ06HnyAvK9unmZtY4L9KRLCgoJoyCa+u9oppIWYNYc7ibt+T1WH0rX10rhek5RzK48NW6AFZqkR
azr5oPCiJAVhnS5jHxfkMSMziATcsfy14eDQY1E31oqTlEAPOuvCCKCgv1OUcUmK3L7RR2B9Duk+jd5WYG5wvPYmjz6blAKek/xiaJ9lPNctdyueTVJ3QRNtqRw=
Cs6dW267RE6lIqt5Ibn3YxZo4a/WGN8v1g6ODbsytelaErqigLg+vqMqQYS9yP3H8znjnifFP1JNZXoYBmPcs+Pf9TuINX6pCQ==
BmPRWRXz5cW6tjBUt1GjwWgV3fMmf4Osc490anRlYYYHOSjm4Go6/Pz+YW57TOc8jxfBDTn23aEdcm+BAPAcV+6jEavvM7IxfKkL
ZP2zAYYzp5I7wWyP5Xe9LPctNglVOD0TPI8UR9ypi1QRI7M1QvbE406zandPkbdOUz1zkgFdTkjSCyDT//fBC5wtcqkF
wTneqskJ+ZXZQaVBP3iC0PctNglVOD0TPIsWSdypi1QRI7M1QvbE406zandPkbdOUz1zkgFdTkjSCyDT//fBC5wtcqkF
ugVO4J/7u9BJiQbg+fNvpdG70I+EsA6KxURPr7Y22NeUzQh2D/EfrTqQ13YKqEeGwtYDl2TxKR370OHQH5cnd6kC
Wt+njPRQJxIGhEf3D0nEX5GTh++VDSi/sMAj8jWL5MeZTjpAn2hSFgF908jXnZ2iZyxLNejNFmG5gGnDCOPK6aABXyQl+9+1rq7wExobltcTeYMeh4UfWiwlmpimo/yzwx+Vu2h1Xqkp
Ug667HZVj1bvR7fVIptn95yzTw1KpHa8NZdfPKyFLM6+mdZMJwQ87vO+ipIeRCnpyy1xpKqO52G9GRFlQwDo1E201QNUR4eDlRVfhuss4ibjROrR793cb13P66Y9apd5Y1WpJA==
4iGh/VpNv5NdJHGcwdFt2jHe5PvT8cM9bd3TNrhiRmGEUl4WDWXH+KO1gUJbRB/lHPVaIXV43ZNcSzZJPGnr1LFjUzUiNmRjrvMKd2/RV84z/VOa4B3uyHJLwNPfN2GLfG1SqSU=
ZVMOEkQq5ZqrwL9Y65TRCSy9lQathGIWMZ3jiGd9LSL3zJt1uC0GYamguYNYQ1pp0KGvZFXbL7XejgDTartmV4PZU97XpQ9aPEVKWPbDbDNzfyV7WBVuqRk=
f9Km2fqDIvlN0+soc90YC8kSiGRQhmA3s5FmFjWV/5iLRUkCE5S3hYRlwqHt6EUzNJv+CXRZA/TJU6s1WgacQ8bDwrcngb9uq23LGniNdijaGwgTl0dJa0Qdaqkd
js5CMT/XkY3zoQjnZ5S7luAhp0FhtEEthJFmFjWV/5iLRUkCE5S3hYRlwqHt6EUzNJv+CXRZA/TJU6s1WgacQ8bDwrcngb9uq23LGniNdijaGwgTl0dJa0Qdaqkd
lB4LAUsrht0MYbODaOsDH/rAoBn2jzM/4JazGXkAHcm/smU4IR0iiWTBSwTja+I3iLmCFVUsDx/t9RxKWpuQjzSHUa1pNo2B7XpeYVAwzDd+I2FLX3NCEWypGw==
9MQnCx+2cu0hazhrHQLXx4V90rCuxreYjtmx2bl0UraF3TI9F4/QcoWCJeNJL+7lJ+msT9c81NKOQLihuZEAZELEzYJut6Lz+rVW7ltj3PMxMZgjDzRJdKcLbFyYbOpNvCNh5FUssLSyNLe7CU/lHXITQaScHOKVC+NYmGi/u+DedObidWirvDJciONZarVICLRsSjliZ03jJheflVxohB0G05xQNA6pe6xp5qsMYsYj5OpxLz1cTx2v60b9ShcZI/WphA==
242hPYWPCy5vREyxxMaN59t4EyYSimmPaWF2UbbIAiae/wPhohsYTlzNrY2O8RNqbW0WEPxU50cNwzv7oX6i5RBuECJfCgnum+XaAq8nbYXw+GeuapCX7k08U6+EqZn1u/gRiL9vd1+pKg==
msQqeEwxr/IAi7vrHiQHDeVBxHZzl0ZKUAsHg3MOWBKNigyRuVNySSiXL4rqBc52aDjR9K/Wj9aFvMurlV5cSwlO/mTbwHR09aZqBFw7KnQEVT7URXVJEn11hKNKJ81F3WaZuQG88BnJ4jgfYkNdo8vDNklAqTc=
xk4ae/OvS9BQDWVuGia9iM7RUkHLkaU+ij8oliEVVX1vSIfeqgD3PkxtszLGWflFO4gxuP//1w+peg==
kdcZNETqnIBsmb1YwDBVjI9d8kREad3BNHTEIZs7jcWdZlk5QbwwmQnieJ+iQ50ji8P2yQCpdw==
xbCETyrw+NFiCbHzBnw3Xh+zeuFcYXO7qSFU1IL+N7/9P08j3jWEAqvpSz6fdbfcxhWPeu4zBPPb790bkCV2qQE=
QyH779RxTM13G4vbj5ist/ctNglVOD0TPI8UR9ypi1QRI7M1QvbE406zandPkbdOUz1zmQVdQ0rSCyDT//fBC5wtcqkF
yJ7SNhNsnlkRlpjO6XUwMDthThp2YmkyY/CSwrvIKMAHrE4rZeOLUnV2p937Galw
CKEp8jF1aH87KU/KNGYIkM7RUkHLkaU+ij8oliEVVX1vSIfeqgD3PkhqszLGWflFO4gxuP//1w+peg==
IIX/zwDvhfWe6KXfJ/IurY9d8kREad3BNHTEIZs7jcWdZlk5Qbg3mQnieJ+iQ50ji8P2yQCpdw==
z4/zc0kjmwDXM63m6wiynfrAoBn2jzM/4JazGXkAHcm/smU4IR0iiWTBSwTja+IzireCFVUsDx/t9RxKWpuQjzSHUa1pNo2B7XhbYV0yzDd+I2FLX3NCEWypGw==
l74UZskdrM22ZjUMk8+w8eAhp0FhtEEthJFmFjWV/5iLRUkCE5S3hYRlwqHt6EUzNJ/8B3RZA/TJU6s1WgacQ8bDwrcngb9uq23LGH2NeyraGwgTl0dJa0Qdaqkd
sAj075OAYoRMAx+NmKYoB8kSiGRQhmA3s5FmFjWV/5iLRUkCE5S3hYRlwqHt6EUzNJ/8B3RZA/TJU6s1WgacQ8bDwrcngb9uq23LGH2NeyraGwgTl0dJa0Qdaqkd
oAxO0Iuvv2o0mBvKUigQrCy9lQathGIWMZ3jiGd9LSL3zJt1uC0GYamguYNYR1hn0KGvZFXbL7XejgDTartmV4PZU97XpQ9YOUVHWvbDbDNzfyV7WBVuqRk=
OHxegsBrAJqYEs2xMS2qsTHe5PvT8cM9bd3TNrhiRmGEUl4WDWXH+KO1gUJbRB/lHPVaIXV43ZNcTzRHPGnr1LFjUzUiNmRjrvMKd2/RV84z/VOY5R3jynJLwNPfN2GLfG1SqSU=
lYXikJtNpHKQoClE6zqUb5yzTw1KpHa8NZdfPKyFLM6+mdZMJwQ87vO+ipIeRCnpyy1xpKqO52G5Gx9lQwDo1E201QNUR4eDlRVfhuss4ibjROjU79Deb13P66Y9apd5Y1WpJA==
tyGIj0wuEXh7+7Q+xHg6D5GTh++VDSi/sMAj8jWL5MeZTjpAn2hSFgF908jXnZ2iZyxLNejNFmG5gGnDCOfI56ABXyQl+9+1rq7wExobltcTeYMeh4UfWCkll5qmo/yzwx+Vu2h1Xqkp
0i6v4q2N6tge5/3wnYQpYwl+bz9ce25+TeGGoEQFOva3uedQLrXOPFEuKcXx5ApvievfN0sw48mJ2Sxxv2yiBHlox34q4LceSEpzUkb5OWU7aHFYf18Xb6ka
