MitAcSwZRosCKokyWFsO2wSCt5QBY2eUjCoXscJHPgJsVW3J2sTxVRiz3o+JPxqd8gbTfL4Of1KjkBKie6gop8fMzUukg4swtR02sTt5qRA=
j5K+GKm2PHdZRRVQaleUDIV90rCuxreYjtmx2bl0UraF3TI9F4/QcoWCJeNJL+7lJ+msT9c81NKOQLihuZEAZELEzYJut6Lz+rVW7ltj3PMxMZgjDzRJdKcLbFyYbOpNvCNh5FUssLSyNLe7CU/lHXITQaScHOKVC+NYmGi/u+DedObidWirvDJciONZarVICLRsSjliZ03jJheflVxohB0G05xQNA6pe6xp5qsMYsYj5O9zLzBdTxyv60T9QQYVI/WphA==
+SZbeBdapGAewu0eqt/QHIV90rCuxreYjtmx2bl0UraF3TI9F4/QcoWCJeNJL+7lJ+msT9c81NKOQLihuZEAZELEzYJut6Lz+rVW7ltj3PMxMZgjDzRJdKcLbFyYbOpNvCNh5FUssLSyNLe7CU/lHXITQaScHOKVC+NYmGi/u+DedObidWirvDJciONZarVICLRsSjliZ03jJheflVxohB0G05xQNA6pe6xp5qsMYsYj5O5zLzBdTxyv60T9QQYVI/WphA==
ek4q2zd1pDx1obudAJqDHxHwceNAc3KpuDEXxJ2rN7XGfkhz0iuOF6vpSz6fdbfTxhWPee4yBPPZ79YKnCV2qQE=
KA6dV89pAxNmAQxiaKGHOJ5WJaT8v7Om58HM2aGN/xmoh1/7xOoVcn3Z3A9Jn2R9u+baDI7HnJB4PtVBKN3qneCvE7/IYha0owLZy6jXvZ7f1146Jh9HO0xfabhTDumKK0eiqNvk2J3Zo/ruNHwlZTzSGyAze6U1pQbR6ZkyaEmBwQAuSoP3M1gy8rm4qc8=
+fIHrHg/xdWjNkhp5KkKM87RUkHLkaU+ij8oliEVVX1vSIfeqgD3PkJtszLFWfhFO4oxs+7z1w+peg==
vJ6xLivrhN9en0pRovCe3Y9d8kREad3BNHTEIZs7jcWdZlk5QbIwmQnheJ6iQ58jgNL6yQCpdw==
HU/xbeAhegTpcKBKGoQS7hHwceNAc3KpuDEXxJ2rN7XGfkhz0iuOF6vpSz6fdbfSxhWPee4yBPPZ79YKnCV2qQE=
HU/xbeAhegTpcKBKGoQS7hHwceNAc3KpuDEXxJ2rN7XGfkhz0iuOF6vpSz6fdbfSxhWPee4yBPPZ79YKnCV2qQE=
HU/xbeAhegTpcKBKGoQS7hHwceNAc3KpuDEXxJ2rN7XGfkhz0iuOF6vpSz6fdbfSxhWPee4yBPPZ79YKnCV2qQE=
HU/xbeAhegTpcKBKGoQS7hHwceNAc3KpuDEXxJ2rN7XGfkhz0iuOF6vpSz6fdbfSxhWPee4yBPPZ79YKnCV2qQE=
+vbptJH7ZhgtiToI2Wwdb/rAoBn2jzM/4JazGXkAHcm/smU4IR0iiWTBSwTja+I3iLmCFVUsDx/t9RxKWpuQjzSHUa1pNo2B7XJcYV0xzDZ+I2NLVGJOEWypGw==
Qco5b2KZ35SEmKXj3G/tqPctNglVOD0TPIsWSdypi1QRI7M1QvbE406zandPkbdOUz1zkgJdQ0nSCiDT/ffKGpAtcqkF
hCwA6Hv7yX5R7/1DWzEmxfctNglVOD0TPI8UR9ypi1QRI7M1QvbE406zandPkbdOUz1zkgJdQ0nSCiDT/ffKGpAtcqkF
A58BkkKOWk0T7wiiLYGtHk06P8skqSmS7OYRH9DlbjEOld5OULYQJEZ+T2arjGJGI2Tr9C+wXc8cL+vE/cEGlSN1qQQ=
wuPVEar2DWN6qkFaiNtXeE46P8skqSmS7OYRH9DlbjEOld5OULYQJEZ+T2arjGJGI2Tr9C+wXc8cL+vE/cEGlSN1qQQ=
I6bGIwZbwZEVil3v98k+wEw6P8skqSmS7OYRH9DlbjEOld5OULYQJEZ+T2arjGJGI2Tr9C+wXc8cL+vE/cEGlSN1qQQ=
ass1AFvV9k8aU2BHG0PXT047P8skqSmS7OYRH9DlbjEOld5OULYQJEZ+T2arjGJGI2Tr9C+wXc8cL+vE/cEGlSN1qQQ=
bU25mTnl9pdEl7F+b+2ag0w7P8skqSmS7OYRH9DlbjEOld5OULYQJEZ+T2arjGJGI2Tr9C+wXc8cL+vE/cEGlSN1qQQ=
yPI2E9b78jUgn19IZKjKRqMCD28adnpdb5oJScb6zlIUILI+L7LV9EmgYWdPkbdOUz1zmwVdQ0nSCiDT/ffKGpAtcqkF
o1OoI1PIU1rnHPom0a0VJKECD28adnpdb5oJScb6zlIUILI+L7LV9EmgYWdPkbdOUz1zmwVdQ0nSCiDT/ffKGpAtcqkF
1W5INx8a1bAGRW0UVqmGuk865IJ4Ur/yXY90anRlYYYHOSjm4Go6/Pz+YW57TOc8jxfBDTn23aEde2uBDfEcVu6jE6vkIr4xfKkL
AhcddJYwv2gR8wka3cTMicISFm8adnpdb5oJScb6zlIUILI+L7LV9EmgYWdPkbdOUz1zmwVdQ0nSCiDT/ffKGpAtcqkF
CxHxOTbsjDpRkd7YD8mWuU865IJ7UK/0Uo90anRlYYYHOSjm4Go6/Pz+YW57TOc8jxfBDTn23aEde2uBDfEcVu6jE6vkIr4xfKkL
zad9QaakyrjwWH1+n+wcVqYCD28adnpdb5oJScb6zlIUILI+L7LV9EmgYWdPkbdOUz1zmwVdQ0nSCiDT/ffKGpAtcqkF
lEST9nq8thVUvhYItj6PlE07P8skqSmS7OYRH9DlbjEOld5OULYQJEZ+T2arjGJGI2Tr9C+wXc8cL+vE/cEGlSN1qQQ=
V9nsVZKSHiavoLA12DyEFxdw7a/PDsAv1g6ODbsytelaErqigLg+vqMqQYS9yP3H8znjnifFP1tJZXcZBmLcs+Hf/iqENX6pCQ==
HWlSRO7xonuV3HiE5PB1MBRw7a/PDsAv1g6ODbsytelaErqigLg+vqMqQYS9yP3H8znjnifFP1tJZXcZBmLcs+Hf/iqENX6pCQ==
hisOzhVKCmE7pbTD50so3006P8skqSmS7OYRH9DlbjEOld5OULYQJEZ+T2arjGJGI2Tq9C+wXc8cL+vE/cEGlSN1qQQ=
Xsfae8Cxq9fHYh1uw7dd4U46P8skqSmS7OYRH9DlbjEOld5OULYQJEZ+T2arjGJGI2Tq9C+wXc8cL+vE/cEGlSN1qQQ=
oR4UIJ5ly+GVm6ZbMdeMb0w6P8skqSmS7OYRH9DlbjEOld5OULYQJEZ+T2arjGJGI2Tq9C+wXc8cL+vE/cEGlSN1qQQ=
qWzIn9NC9lAOjLB6g3rqB047P8skqSmS7OYRH9DlbjEOld5OULYQJEZ+T2arjGJGI2Tq9C+wXc8cL+vE/cEGlSN1qQQ=
V1+/qjNcmBrjCzjckKjRYEw7P8skqSmS7OYRH9DlbjEOld5OULYQJEZ+T2arjGJGI2Tq9C+wXc8cL+vE/cEGlSN1qQQ=
GchQKY4W/eppvllSLRNEAaMCD28adnpdb5oJScb6zlIUILI+L7LV9EmgYWdPkbdOUz1zmgVdQ0nSCiDT/ffKGpAtcqkF
roctUrXyUQwmTGHatDxUUKECD28adnpdb5oJScb6zlIUILI+L7LV9EmgYWdPkbdOUz1zmgVdQ0nSCiDT/ffKGpAtcqkF
spSMW1oljwtcg80mzHLqLE865IJ4Ur/yXY90anRlYYYHOSjm4Go6/Pz+YW57TOc8jxfBDTn23aEdemuBDfEcVu6jE6vkIr4xfKkL
gpInVezYIiy4FFzF9LeLVsISFm8adnpdb5oJScb6zlIUILI+L7LV9EmgYWdPkbdOUz1zmgVdQ0nSCiDT/ffKGpAtcqkF
FOp+J2f6KD7D9InU3yAic0865IJ7UK/0Uo90anRlYYYHOSjm4Go6/Pz+YW57TOc8jxfBDTn23aEdemuBDfEcVu6jE6vkIr4xfKkL
XtCEDmcBKiUT77jUxcfJ86YCD28adnpdb5oJScb6zlIUILI+L7LV9EmgYWdPkbdOUz1zmgVdQ0nSCiDT/ffKGpAtcqkF
XJwxwV3iz995sxnYeDnlc007P8skqSmS7OYRH9DlbjEOld5OULYQJEZ+T2arjGJGI2Tq9C+wXc8cL+vE/cEGlSN1qQQ=
wG36AehQ4h1E5BahI2xj+Bdw7a/PDsAv1g6ODbsytelaErqigLg+vqMqQYS9yP3H8znjnifFP1pJZXcZBmLcs+Hf/iqENX6pCQ==
qQ/VdAp8LV15k/fFFe2yGxRw7a/PDsAv1g6ODbsytelaErqigLg+vqMqQYS9yP3H8znjnifFP1pJZXcZBmLcs+Hf/iqENX6pCQ==
hisOzhVKCmE7pbTD50so3006P8skqSmS7OYRH9DlbjEOld5OULYQJEZ+T2arjGJGI2Tq9C+wXc8cL+vE/cEGlSN1qQQ=
Xsfae8Cxq9fHYh1uw7dd4U46P8skqSmS7OYRH9DlbjEOld5OULYQJEZ+T2arjGJGI2Tq9C+wXc8cL+vE/cEGlSN1qQQ=
oR4UIJ5ly+GVm6ZbMdeMb0w6P8skqSmS7OYRH9DlbjEOld5OULYQJEZ+T2arjGJGI2Tq9C+wXc8cL+vE/cEGlSN1qQQ=
qWzIn9NC9lAOjLB6g3rqB047P8skqSmS7OYRH9DlbjEOld5OULYQJEZ+T2arjGJGI2Tq9C+wXc8cL+vE/cEGlSN1qQQ=
V1+/qjNcmBrjCzjckKjRYEw7P8skqSmS7OYRH9DlbjEOld5OULYQJEZ+T2arjGJGI2Tq9C+wXc8cL+vE/cEGlSN1qQQ=
GchQKY4W/eppvllSLRNEAaMCD28adnpdb5oJScb6zlIUILI+L7LV9EmgYWdPkbdOUz1zmgVdQ0nSCiDT/ffKGpAtcqkF
roctUrXyUQwmTGHatDxUUKECD28adnpdb5oJScb6zlIUILI+L7LV9EmgYWdPkbdOUz1zmgVdQ0nSCiDT/ffKGpAtcqkF
spSMW1oljwtcg80mzHLqLE865IJ4Ur/yXY90anRlYYYHOSjm4Go6/Pz+YW57TOc8jxfBDTn23aEdemuBDfEcVu6jE6vkIr4xfKkL
gpInVezYIiy4FFzF9LeLVsISFm8adnpdb5oJScb6zlIUILI+L7LV9EmgYWdPkbdOUz1zmgVdQ0nSCiDT/ffKGpAtcqkF
FOp+J2f6KD7D9InU3yAic0865IJ7UK/0Uo90anRlYYYHOSjm4Go6/Pz+YW57TOc8jxfBDTn23aEdemuBDfEcVu6jE6vkIr4xfKkL
XtCEDmcBKiUT77jUxcfJ86YCD28adnpdb5oJScb6zlIUILI+L7LV9EmgYWdPkbdOUz1zmgVdQ0nSCiDT/ffKGpAtcqkF
XJwxwV3iz995sxnYeDnlc007P8skqSmS7OYRH9DlbjEOld5OULYQJEZ+T2arjGJGI2Tq9C+wXc8cL+vE/cEGlSN1qQQ=
wG36AehQ4h1E5BahI2xj+Bdw7a/PDsAv1g6ODbsytelaErqigLg+vqMqQYS9yP3H8znjnifFP1pJZXcZBmLcs+Hf/iqENX6pCQ==
qQ/VdAp8LV15k/fFFe2yGxRw7a/PDsAv1g6ODbsytelaErqigLg+vqMqQYS9yP3H8znjnifFP1pJZXcZBmLcs+Hf/iqENX6pCQ==
g9pNaKG3hdwu8JIbRdNnA/ctNglVOD0TPI8UR9ypi1QRI7M1QvbE406zandPkbdOUz1zmQVdQ0nSCiDT/ffKGpAtcqkF
pBx8rF3nEseaCy8+cMVh1/ctNglVOD0TPIsWSdypi1QRI7M1QvbE406zandPkbdOUz1zmQVdQ0nSCiDT/ffKGpAtcqkF
g9pNaKG3hdwu8JIbRdNnA/ctNglVOD0TPI8UR9ypi1QRI7M1QvbE406zandPkbdOUz1zmQVdQ0nSCiDT/ffKGpAtcqkF
vOQjLgWGt/5fgojPQ+/4GU06P8skqSmS7OYRH9DlbjEOld5OULYQJEZ+T2arjGJGI2To9C+wXc8cL+vE/cEGlSN1qQQ=
Z4xaquaGyt3/zuRIAcM2jE46P8skqSmS7OYRH9DlbjEOld5OULYQJEZ+T2arjGJGI2To9C+wXc8cL+vE/cEGlSN1qQQ=
ytJan9oh2DlL394hKc2pIEw6P8skqSmS7OYRH9DlbjEOld5OULYQJEZ+T2arjGJGI2To9C+wXc8cL+vE/cEGlSN1qQQ=
Ecc1j2g2REbYHO0kcVdBTE47P8skqSmS7OYRH9DlbjEOld5OULYQJEZ+T2arjGJGI2To9C+wXc8cL+vE/cEGlSN1qQQ=
jutnZ2YThY0RCqfPe6a/mEw7P8skqSmS7OYRH9DlbjEOld5OULYQJEZ+T2arjGJGI2To9C+wXc8cL+vE/cEGlSN1qQQ=
oC83SLDRBLbjmb6DGlzOXKMCD28adnpdb5oJScb6zlIUILI+L7LV9EmgYWdPkbdOUz1zmAVdQ0nSCiDT/ffKGpAtcqkF
FV5nM5aO11eZrTkYzy93y6ECD28adnpdb5oJScb6zlIUILI+L7LV9EmgYWdPkbdOUz1zmAVdQ0nSCiDT/ffKGpAtcqkF
Vdospz3rTaObd27ORcM+c0865IJ4Ur/yXY90anRlYYYHOSjm4Go6/Pz+YW57TOc8jxfBDTn23aEdeGuBDfEcVu6jE6vkIr4xfKkL
yQ07KHlbLPq7qFl/2RzMVMISFm8adnpdb5oJScb6zlIUILI+L7LV9EmgYWdPkbdOUz1zmAVdQ0nSCiDT/ffKGpAtcqkF
QP4wMB8si0/1IqrKsjH0OU865IJ7UK/0Uo90anRlYYYHOSjm4Go6/Pz+YW57TOc8jxfBDTn23aEdeGuBDfEcVu6jE6vkIr4xfKkL
LVKtL4duz31wUt7ckmvjZKYCD28adnpdb5oJScb6zlIUILI+L7LV9EmgYWdPkbdOUz1zmAVdQ0nSCiDT/ffKGpAtcqkF
BbJgXu9apmyoOB7VgMAUfE07P8skqSmS7OYRH9DlbjEOld5OULYQJEZ+T2arjGJGI2To9C+wXc8cL+vE/cEGlSN1qQQ=
lNroZlcPPcWLM/Y1ZybO8hdw7a/PDsAv1g6ODbsytelaErqigLg+vqMqQYS9yP3H8znjnifFP1hJZXcZBmLcs+Hf/iqENX6pCQ==
KyhvAVorp37DLz6xc+I7dxRw7a/PDsAv1g6ODbsytelaErqigLg+vqMqQYS9yP3H8znjnifFP1hJZXcZBmLcs+Hf/iqENX6pCQ==
u+U7K/wDC5uACcrLsVsU2fctNglVOD0TPIsWSdypi1QRI7M1QvbE406zandPkbdOUz1zmAVdQ0nSCiDT/ffKGpAtcqkF
YoOaZYlTqXmCAbAccFPOBvctNglVOD0TPI8UR9ypi1QRI7M1QvbE406zandPkbdOUz1zmAVdQ0nSCiDT/ffKGpAtcqkF
P6ms8ida3JBZ+dayXlDiGE47Lhj+hsWEkPB1AQPIvf3TOlC0qmhW+prP+cyZ2Yv27AFwJV4UPmYN60TQIRze0NiHD/ja0bXNeSNbpwl/SaeWG77rCniF9QWGcSm5OI+JYUHg7qqDF/O4shJ5WKkv
WAXaBX4cJPBAkX3NR/Zx297mHVsP/TetA4BZMLKYHdmM1v8PZy4P4PirycFFETOi0Tp67OSs/XuoLVAiYwC33F2k3yIRV9eBiR9Ahuss4ibjROjU79Ddb1zP66Q9YYZ1Y1WpJA==
a4KWFxsFMyjtZNcDEqHO697mHVsP/TetA4BZMLKYHdmM1v8PZS4P4PirycFFETOi0Tp67OSs/XuoLVAgYwC33F2k3yIRV9eBiR9Ahuss4ibjROjU79Ddb1zP66Q9YYZ1Y1WpJA==
cdodikwv/FUNk0/GGCxZ1Xkrm5h70w5lETAzZVj80r5kQkkjmdbaxy+6U7kP8uWW82+WRRAoXeaPrmFaH1iloX/jJfHQDG+qerR/2giOuwYVLRABG45ZR35HH2upHg==
9CKowe/y1nfVGatIc5EA40p6IHCJwnqDnwjZr54OohiqVzGtj5y3xZ2Nif2TAwx5bmFb3MDWEq90xw8bwLZaZWoINU8Fs9cvjf/NLxqLQnOuGOFN2Xa9Yf14S0GtcbyWjqPz64SiHnFcqSs=
NUZG2IQWipjMgpGaowlO8Up6IHCJwnqDnwjZr54OohiqVzGtj5y0xZ2Nif2TAwx5bmBb3MDWEq90xw8bwLZaZWoINU8Fs9cvjf/NLxqLQnOuGOFN2Xa9Yf14S0GtcbyWjqPz64SiHnFcqSs=
KEZt42rXa05iDq6jz/vUmdPMwr7RZH2ou8sk5jis2MeDWRUUyGosWQ16mpnWyYikaCpLM7L8B3z4/C6cCfTM4aMhX3st68+/j+vgQxgHnMgTeYMeh4UfWCkll5mmovyzwR+eqmR1Xqkp
7LLhQ6pKwo2bnwH1lINXOdJ4EyYSiiqIaWNhRrfrZyCI6jCukVAbE1XAq5CLhlxxOX8JU/tU5VAawhie5X2s10A9DyJfCgnun+zNBa8nbYXw+GeuapCX7kg6U6KFqZj1u/oRg65jd1+pKg==
syD9B3IkMCA6mZnvgdJktppQ2CsEzD9L4O54FTeP5J72ARozUo+my5o+l+D9vkM0L4rfSDF4A6vBQ7s/e0OME8TfyKgngb9uq23LGH2NeynaGggTlUdCekgdaqkd
YgratXuqHqUvVcqq/AsT8XWAsKSysZN8NMTEPZ51T3CtRQMYKDafyK2+lAEKH0r/V+9NKj02/4lGXgIIeUjri7lzQz8Dc3QzrO8AaG/RV84z/VOY5R3jyXJKwNPdN2qacG1SqSU=
wNSfKoZOy9ftaDbtcvFTSHWAsKSysZN8NMTEPZ51T3CtRQMYKDadyK2+lAEKH0r/V+9NKj02/4lGXgIIe0jri7lzQz8Dc3QzrO8AaG/RV84z/VOY5R3jyXJKwNPdN2qacG1SqSU=
9I6vs2xejACV79lhz747g5pQ2CsEzD5L4O54FTeP5J72ARszUo+my5s+l+D9vkM0L4rfSDJ4A6vBQ7s/e0OME8TfyKgngb9uq23LGH2NeynaGggTlUdCekgdaqkd
GU4CNQUOM+klHAcLATO7sHWAsKSysZN8NMTEPZ51T3CtRQMYKDacyK2+lAEKH0r/V+9NKj02/4lGXgIIekjri7lzQz8Dc3QzrO8AaG/RV84z/VOY5R3jyXJKwNPdN2qacG1SqSU=
nHXNwP8Elu3P+9kKPdTObU06P8skqSmS7OYRH9DlbjEOld5OULYQJEZ+T2arjGJGI2Tv9C+wXc8cL+vE/cEGlSN1qQQ=
uq8Jz3S49h14MQJnYoGcl046P8skqSmS7OYRH9DlbjEOld5OULYQJEZ+T2arjGJGI2Tv9C+wXc8cL+vE/cEGlSN1qQQ=
nlkanHE2IPAauRSCOVP9/Uw6P8skqSmS7OYRH9DlbjEOld5OULYQJEZ+T2arjGJGI2Tv9C+wXc8cL+vE/cEGlSN1qQQ=
4t0jaaqjkD5MkhzSJlekfk47P8skqSmS7OYRH9DlbjEOld5OULYQJEZ+T2arjGJGI2Tv9C+wXc8cL+vE/cEGlSN1qQQ=
qAN4QE2KRxtkUZPIUcKwqUw7P8skqSmS7OYRH9DlbjEOld5OULYQJEZ+T2arjGJGI2Tv9C+wXc8cL+vE/cEGlSN1qQQ=
pG0lHNG13dCOnfpFu7YktaMCD28adnpdb5oJScb6zlIUILI+L7LV9EmgYWdPkbdOUz1znwVdQ0nSCiDT/ffKGpAtcqkF
8lmXLqOVqnmQu75DIh/soKECD28adnpdb5oJScb6zlIUILI+L7LV9EmgYWdPkbdOUz1znwVdQ0nSCiDT/ffKGpAtcqkF
gregcnwVHSk5m4xvCKFBgk865IJ4Ur/yXY90anRlYYYHOSjm4Go6/Pz+YW57TOc8jxfBDTn23aEdf2uBDfEcVu6jE6vkIr4xfKkL
LWd8RJV+iz2EPdCNIhMa8sISFm8adnpdb5oJScb6zlIUILI+L7LV9EmgYWdPkbdOUz1znwVdQ0nSCiDT/ffKGpAtcqkF
16Cb6diqkR+77lrfwdEIeU865IJ7UK/0Uo90anRlYYYHOSjm4Go6/Pz+YW57TOc8jxfBDTn23aEdf2uBDfEcVu6jE6vkIr4xfKkL
dUAoQ/YnuKrC/PsW+vzRYKYCD28adnpdb5oJScb6zlIUILI+L7LV9EmgYWdPkbdOUz1znwVdQ0nSCiDT/ffKGpAtcqkF
u7ugLMox8l1ggpWW49Sr5k07P8skqSmS7OYRH9DlbjEOld5OULYQJEZ+T2arjGJGI2Tv9C+wXc8cL+vE/cEGlSN1qQQ=
hQjHcQKIVlE8u5luks+dnRdw7a/PDsAv1g6ODbsytelaErqigLg+vqMqQYS9yP3H8znjnifFP19JZXcZBmLcs+Hf/iqENX6pCQ==
GFcAPI4oEWN2z7DA2y27/hRw7a/PDsAv1g6ODbsytelaErqigLg+vqMqQYS9yP3H8znjnifFP19JZXcZBmLcs+Hf/iqENX6pCQ==
8l9rQbIFA6AcManbnGQ5uPctNglVOD0TPIsWSdypi1QRI7M1QvbE406zandPkbdOUz1znwVdQ0nSCiDT/ffKGpAtcqkF
VD/686dOoWpMlOYtuDfJx/ctNglVOD0TPI8UR9ypi1QRI7M1QvbE406zandPkbdOUz1znwVdQ0nSCiDT/ffKGpAtcqkF
8l9rQbIFA6AcManbnGQ5uPctNglVOD0TPIsWSdypi1QRI7M1QvbE406zandPkbdOUz1znwVdQ0nSCiDT/ffKGpAtcqkF
cT04HYJ2YzzM7pEbNG7kOtG70I+EsA6KxURPr7Y22NeUzQh2D/EfrTqQ13YKqEeGz9IDmmXxKB370uHbDpsnd6kC
/StGGF1VzLLeXJmCeQm61CYziATcsfy14eDQY1E31oqTlEAPOuvCCKCgv1OUcUmK3L7RR2B9Duk+jd5WYG5wvPYmjz6blAKek/xubJ9oPdcsdyucTVlmTRNtqRw=
zKFXF6po0d8sLrovmW+DYteZf31gS2c+jXImUyzFiBS9r2hTfUSwBlZekalfOHew/5fcXB1rejRXIQYKfuTlXu0sbP30OTvd3pSgoer1rqFupd5+MCbDO2KUzxaLnCLWw1TuxM8gHd88X2s03dHGBUNFqTQ=
G2/K+YzSRoGnOlFVZVifSCcziATcsfy14eDQY1E31oqTlEAPOuvCCKCgv1OUcUmK3L7RR2B9Duk+jd5WYG5wvPYmjz6blAKek/xubJ9oPdcsdyucTVlmTRNtqRw=
3b5piHjMfbQTmSbf0eg489eZf31gS2c+jXImUyzFiBS9r2hTfUSwBlZekalfOHew/5bcXB1rejRXIQYKfuTlXu0sbP30OTvd3pSgoer1rqFupd5+MCbDO2KUzxaLnCLWw1TuxM8gHd88X2s03dHGBUNFqTQ=
DnRvnfYvuBqX6McKLGXNTZGTh++VDSi/sMAj8jWL5MeZTjpAn2hSFgF908jXnZ2iZyxLNejNFmG5gGnDCOPK6aABXyQl+9+1rq7wExobltcTeYMeh4UfXikll5mmovyzwR+eqmR1Xqkp
kfRhGmEhgwsw2h22HgtbgZyzTw1KpHa8NZdfPKyFLM6+mdZMJwQ87vO+ipIeRCnpyy1xpKqO52G9GRFlQwDo1E201QNUR4eDlRVfhuss4ibjRO7U79Ddb1zP66Q9YYZ1Y1WpJA==
BMPR9A0zeUEnq+8DRjNOtTHe5PvT8cM9bd3TNrhiRmGEUl4WDWXH+KO1gUJbRB/lHPVaIXV43ZNcSzZJPGnr1LFjUzUiNmRjrvMKd2/RV84z/VOe5R3jyXJKwNPdN2qacG1SqSU=
WAFC3LLycqY30/s08GuWcSy9lQathGIWMZ3jiGd9LSL3zJt1uC0GYamguYNYQ1pp0KGvZFXbL7XejgDTartmV4PZU97XpQ9eOUVHWfbCbDNxfy5qVBVuqRk=
L/XqFC8aVc5OAqNcdes4RskSiGRQhmA3s5FmFjWV/5iLRUkCE5S3hYRlwqHt6EUzNJv+CXRZA/TJU6s1WgacQ8bDwrcngb9uq23LHn2NeynaGggTlUdCekgdaqkd
mH3Oc2wZo8+/Alj6M7tx4OAhp0FhtEEthJFmFjWV/5iLRUkCE5S3hYRlwqHt6EUzNJv+CXRZA/TJU6s1WgacQ8bDwrcngb9uq23LHn2NeynaGggTlUdCekgdaqkd
8dWmBD8JBNmXlKi5DLhey4V90rCuxreYjtmx2bl0UraF3TI9F4/QcoWCJeNJL+7lJ+msT9c81NKOQLihuZEAZELEzYJut6Lz+rVW7ltj3PMxMZgjDzRJdKcLbFyYbOpNvCNh5FUssLSyNLe7CU/lHXITQaScHOKVC+NYmGi/u+DedObidWirvDJciONZarVICLRsSjliZ03jJheflVxohB0G05xQNA6pe6xp5qsMYsYj5O10LzBdTxyv60T9QQYVI/WphA==
Yec6w4y5W3YhVUloKpWPffctNglVOD0TPI8UR9ypi1QRI7M1QvbE406zandPkbdOUz1zkgRdQ0nSCiDT/ffKGpAtcqkF
Funv/0XImQGofrLm2qDQot7mHVsP/TetA4BZMLKYHdmM1v8PZS4P4PirycFFETOi0Tp67OSs/XuoLVAgYwC33F2k3yIRV9eBiR9Ahuss4ibjROLV79Ddb1zP66Q9YYZ1Y1WpJA==
1Trm/FalaVSTQMNrzoA313krm5h70w5lETAzZVj80r5kQkkjmdbaxy+6U7kP8uWW82+WRRAoXeaPrmFaH1iloX/jJfHQDG+qerR/2gKPuwYVLRABG45ZR35HH2upHg==
0dWMceSeinEg76LgfH1ShUp6IHCJwnqDnwjZr54OohiqVzGtj5y3xZ2Nif2TAwx5bmFb3MDWEq90xw8bwLZaZWoINU8Fs9cvjf/NLxqLQnOuGOFN2Xa9Yf1ySkGtcbyWjqPz64SiHnFcqSs=
XdPyDlwxfaOwN4ZJnYwxhkp6IHCJwnqDnwjZr54OohiqVzGtj5y0xZ2Nif2TAwx5bmBb3MDWEq90xw8bwLZaZWoINU8Fs9cvjf/NLxqLQnOuGOFN2Xa9Yf1ySkGtcbyWjqPz64SiHnFcqSs=
KCWc9YpDLQn8coX3qmQQKNJ4EyYSiiqIaWNhRrfrZyCI6jCukVAbE1XAq5CLhlxxOX8JU/tU5VAawhie5X2s10A9DyJfCgnun+zNBa8nbYXw+GeuapCX7kI7U6KFqZj1u/oRg65jd1+pKg==
3jBqgwYZQ6dSXMDlaOFdO3WAsKSysZN8NMTEPZ51T3CtRQMYKDadyK2+lAEKH0r/V+9NKj02/4lGXgIIe0jri7lzQz8Dc3QzrO8AaG/RV84z/VOS5B3jyXJKwNPdN2qacG1SqSU=
WYli8ldCx0K+XrJZTUcQ0N7mHVsP/TetA4BZMLKYHdmM1v8PZy4P4PirycFFETOi0Tp67OSs/XuoLVAiYwC33F2k3yIRV9eBiR9Ahuss4ibjROLV79Ddb1zP66Q9YYZ1Y1WpJA==
tQlTeaRdlxXQycCA+S7wAk47Lhj+hsWEkPB1AQPIvf3TOlC0qmhW+prP+cyZ2Yv27AFwJV4UPmYN60TQIRze0NiHD/ja0bXNeSNbpwl/SaeWG77rCniF9QWGcSm5Mo6JYUHg7qqDF/O4shJ5WKkv
d/C84QKP3mRu7AY1QsH1UtPMwr7RZH2ou8sk5jis2MeDWRUUyGosWQ16mpnWyYikaCpLM7L8B3z4/C6cCfTM4aMhX3st68+/j+vgQxgHnMgTeYMeh4UfUigll5mmovyzwR+eqmR1Xqkp
jOuOjQN7CTWbCs4bhjckY3WAsKSysZN8NMTEPZ51T3CtRQMYKDacyK2+lAEKH0r/V+9NKj02/4lGXgIIekjri7lzQz8Dc3QzrO8AaG/RV84z/VOS5B3jyXJKwNPdN2qacG1SqSU=
NbRMZBGOTyR2bqH59i5yR3WAsKSysZN8NMTEPZ51T3CtRQMYKDafyK2+lAEKH0r/V+9NKj02/4lGXgIIeUjri7lzQz8Dc3QzrO8AaG/RV84z/VOS5B3jyXJKwNPdN2qacG1SqSU=
+F/d0Bzxac5T1dAygcU+Z5pQ2CsEzD9L4O54FTeP5J72ARozUo+my5o+l+D9vkM0L4rfSDF4A6vBQ7s/e0OME8TfyKgngb9uq23LEnyNeynaGggTlUdCekgdaqkd
4mKhumVxEUvbeoJYKT0JxppQ2CsEzD5L4O54FTeP5J72ARszUo+my5s+l+D9vkM0L4rfSDJ4A6vBQ7s/e0OME8TfyKgngb9uq23LEnyNeynaGggTlUdCekgdaqkd
4FPYvab7y7w8iAcyZqGYpE06P8skqSmS7OYRH9DlbjEOld5OULYQJEZ+T2arjGJGI2Tr8C+xXc8cL+vE/cEGlSN1qQQ=
UhTbyWif3ZFfdHi0Us2gGU46P8skqSmS7OYRH9DlbjEOld5OULYQJEZ+T2arjGJGI2Tr8C+xXc8cL+vE/cEGlSN1qQQ=
/I8sTPpwkHm/e1tiMWUj6Ew6P8skqSmS7OYRH9DlbjEOld5OULYQJEZ+T2arjGJGI2Tr8C+xXc8cL+vE/cEGlSN1qQQ=
hVmc+UdB5Rjgm2a3uJM7kE47P8skqSmS7OYRH9DlbjEOld5OULYQJEZ+T2arjGJGI2Tr8C+xXc8cL+vE/cEGlSN1qQQ=
jVUUhSRX2f1skoNeDKk4tEw7P8skqSmS7OYRH9DlbjEOld5OULYQJEZ+T2arjGJGI2Tr8C+xXc8cL+vE/cEGlSN1qQQ=
/9SW6cDPArBg3S1Lo+jUWqMCD28adnpdb5oJScb6zlIUILI+L7LV9EmgYWdPkbdOUz1zmwFdQknSCiDT/ffKGpAtcqkF
AJcMIN6p4DKkhIzkD6yeaaECD28adnpdb5oJScb6zlIUILI+L7LV9EmgYWdPkbdOUz1zmwFdQknSCiDT/ffKGpAtcqkF
Hd2/e8C56heefuGfoUdIRE865IJ4Ur/yXY90anRlYYYHOSjm4Go6/Pz+YW57TOc8jxfBDTn23aEde2+BDPEcVu6jE6vkIr4xfKkL
wdaosAAu3KUYWlyR+jkomsISFm8adnpdb5oJScb6zlIUILI+L7LV9EmgYWdPkbdOUz1zmwFdQknSCiDT/ffKGpAtcqkF
ulmB8+i3L5BzV9GweSit4k865IJ7UK/0Uo90anRlYYYHOSjm4Go6/Pz+YW57TOc8jxfBDTn23aEde2+BDPEcVu6jE6vkIr4xfKkL
Bnjh9EZNgWp/PdXnNkjfL6YCD28adnpdb5oJScb6zlIUILI+L7LV9EmgYWdPkbdOUz1zmwFdQknSCiDT/ffKGpAtcqkF
OlsP/OT3AJYuSsb8NHDwIk07P8skqSmS7OYRH9DlbjEOld5OULYQJEZ+T2arjGJGI2Tr8C+xXc8cL+vE/cEGlSN1qQQ=
punEalNa353nrRq+pu/rMhdw7a/PDsAv1g6ODbsytelaErqigLg+vqMqQYS9yP3H8znjnifFP1tNZXYZBmLcs+Hf/iqENX6pCQ==
QK0sA4VH6cUItHsDcVf66BRw7a/PDsAv1g6ODbsytelaErqigLg+vqMqQYS9yP3H8znjnifFP1tNZXYZBmLcs+Hf/iqENX6pCQ==
pThUPrhJSXGnlBVLne3BwPctNglVOD0TPIsWSdypi1QRI7M1QvbE406zandPkbdOUz1zmwFdQknSCiDT/ffKGpAtcqkF
6nMlQEsHJ7pcgZ9aMu0MSvctNglVOD0TPI8UR9ypi1QRI7M1QvbE406zandPkbdOUz1zmwFdQknSCiDT/ffKGpAtcqkF
v22G/wLKQb7F1DF0QI/7rppQ2CsEzD9L4O54FTeP5J72ARozUo+my5o+l+D9vkM0L4rfSDF4A6vBQ7s/e0OME8TfyKgngb9uq23LG3mNeinaGggTlUdCekgdaqkd
U+T0OLVVi25qhoeLwF+wbHkrm5h70w5lETAzZVj80r5kQkkjmdbaxy+6U7kP8uWW82+WRRAoXeaPrmFaH1iloX/jJfHQDG+qerR/2guKuwcVLRABG45ZR35HH2upHg==
70Xgf2NtjdbEXiP184YHaZpQ2CsEzD5L4O54FTeP5J72ARszUo+my5s+l+D9vkM0L4rfSDJ4A6vBQ7s/e0OME8TfyKgngb9uq23LG3mNeinaGggTlUdCekgdaqkd
QwORN/eev+kQ2KN1K1HhZnWAsKSysZN8NMTEPZ51T3CtRQMYKDacyK2+lAEKH0r/V+9NKj02/4lGXgIIekjri7lzQz8Dc3QzrO8AaG/RV84z/VOb4R3iyXJKwNPdN2qacG1SqSU=
rq6mKVboAh/ckuZ3kGZMhHWAsKSysZN8NMTEPZ51T3CtRQMYKDadyK2+lAEKH0r/V+9NKj02/4lGXgIIe0jri7lzQz8Dc3QzrO8AaG/RV84z/VOb4R3iyXJKwNPdN2qacG1SqSU=
F+BzrMltrnm1lck2l+cvBN7mHVsP/TetA4BZMLKYHdmM1v8PZy4P4PirycFFETOi0Tp67OSs/XuoLVAiYwC33F2k3yIRV9eBiR9Ahuss4ibjROvQ79Hdb1zP66Q9YYZ1Y1WpJA==
hP0eF/dHDQBCwubpRNsxmdJ4EyYSiiqIaWNhRrfrZyCI6jCukVAbE1XAq5CLhlxxOX8JU/tU5VAawhie5X2s10A9DyJfCgnun+zNBa8nbYXw+GeuapCX7ks+U6OFqZj1u/oRg65jd1+pKg==
bJEfLF8C1HG/Hza/+nGIuHWAsKSysZN8NMTEPZ51T3CtRQMYKDafyK2+lAEKH0r/V+9NKj02/4lGXgIIeUjri7lzQz8Dc3QzrO8AaG/RV84z/VOb4R3iyXJKwNPdN2qacG1SqSU=
Vxa5O2N+6wT4hmwwELCHu0p6IHCJwnqDnwjZr54OohiqVzGtj5y3xZ2Nif2TAwx5bmFb3MDWEq90xw8bwLZaZWoINU8Fs9cvjf/NLxqLQnOuGOFN2Xa9Yf17T0GscbyWjqPz64SiHnFcqSs=
dUYpI88Omb3B40l6SQDsmkp6IHCJwnqDnwjZr54OohiqVzGtj5y0xZ2Nif2TAwx5bmBb3MDWEq90xw8bwLZaZWoINU8Fs9cvjf/NLxqLQnOuGOFN2Xa9Yf17T0GscbyWjqPz64SiHnFcqSs=
whdZyq6jpLTsGOeqmQ2SFt7mHVsP/TetA4BZMLKYHdmM1v8PZS4P4PirycFFETOi0Tp67OSs/XuoLVAgYwC33F2k3yIRV9eBiR9Ahuss4ibjROvQ79Hdb1zP66Q9YYZ1Y1WpJA==
q4KQSb7ooRy/Yd1FKEszl9PMwr7RZH2ou8sk5jis2MeDWRUUyGosWQ16mpnWyYikaCpLM7L8B3z4/C6cCfTM4aMhX3st68+/j+vgQxgHnMgTeYMeh4UfWy0llpmmovyzwR+eqmR1Xqkp
xBEWoYHWBp4x1VSA9gEvZ047Lhj+hsWEkPB1AQPIvf3TOlC0qmhW+prP+cyZ2Yv27AFwJV4UPmYN60TQIRze0NiHD/ja0bXNeSNbpwl/SaeWG77rCniF9QWGcSm5O4uJYEHg7qqDF/O4shJ5WKkv
awZILbsvJyHgQl0mPzBNaE06P8skqSmS7OYRH9DlbjEOld5OULYQJEZ+T2arjGJGI2Tq8C+xXc8cL+vE/cEGlSN1qQQ=
p/+j8zTaXSUpSMuljkVodE46P8skqSmS7OYRH9DlbjEOld5OULYQJEZ+T2arjGJGI2Tq8C+xXc8cL+vE/cEGlSN1qQQ=
IA2fszan1nLeGjIjGh98Bkw6P8skqSmS7OYRH9DlbjEOld5OULYQJEZ+T2arjGJGI2Tq8C+xXc8cL+vE/cEGlSN1qQQ=
O5Y1wOMvCd1RHmeRdacMkU47P8skqSmS7OYRH9DlbjEOld5OULYQJEZ+T2arjGJGI2Tq8C+xXc8cL+vE/cEGlSN1qQQ=
3g7TvPhrfds/F1IZOl1uDkw7P8skqSmS7OYRH9DlbjEOld5OULYQJEZ+T2arjGJGI2Tq8C+xXc8cL+vE/cEGlSN1qQQ=
ba32LR9y5dYDgQKyIDf2gKMCD28adnpdb5oJScb6zlIUILI+L7LV9EmgYWdPkbdOUz1zmgFdQknSCiDT/ffKGpAtcqkF
WYkSBAjAi+C0mm82X0bhQKECD28adnpdb5oJScb6zlIUILI+L7LV9EmgYWdPkbdOUz1zmgFdQknSCiDT/ffKGpAtcqkF
m7QApYb5zVp0mNs4qUoAGk865IJ4Ur/yXY90anRlYYYHOSjm4Go6/Pz+YW57TOc8jxfBDTn23aEdem+BDPEcVu6jE6vkIr4xfKkL
P/UWajDVauNbcUrX9k8MhcISFm8adnpdb5oJScb6zlIUILI+L7LV9EmgYWdPkbdOUz1zmgFdQknSCiDT/ffKGpAtcqkF
9RSMGLnsG7rv0w6QEhwdk0865IJ7UK/0Uo90anRlYYYHOSjm4Go6/Pz+YW57TOc8jxfBDTn23aEdem+BDPEcVu6jE6vkIr4xfKkL
30UWjVTXhN0N50Gp99f+FaYCD28adnpdb5oJScb6zlIUILI+L7LV9EmgYWdPkbdOUz1zmgFdQknSCiDT/ffKGpAtcqkF
t7FxBi/ZlNBrqLxmI0CxwE07P8skqSmS7OYRH9DlbjEOld5OULYQJEZ+T2arjGJGI2Tq8C+xXc8cL+vE/cEGlSN1qQQ=
UoY7nSVlWYZd1S4tF0m6axdw7a/PDsAv1g6ODbsytelaErqigLg+vqMqQYS9yP3H8znjnifFP1pNZXYZBmLcs+Hf/iqENX6pCQ==
jAaS8tUAehxLbp2Iz8994xRw7a/PDsAv1g6ODbsytelaErqigLg+vqMqQYS9yP3H8znjnifFP1pNZXYZBmLcs+Hf/iqENX6pCQ==
XFmWcZA3OUmuwJPSKXorn/ctNglVOD0TPIsWSdypi1QRI7M1QvbE406zandPkbdOUz1zmgFdQknSCiDT/ffKGpAtcqkF
uqpQUzypmwzx967YLch40vctNglVOD0TPI8UR9ypi1QRI7M1QvbE406zandPkbdOUz1zmgFdQknSCiDT/ffKGpAtcqkF
XFmWcZA3OUmuwJPSKXorn/ctNglVOD0TPIsWSdypi1QRI7M1QvbE406zandPkbdOUz1zmgFdQknSCiDT/ffKGpAtcqkF
MkrYKvvc9AgKwHKAAfdtDCYziATcsfy14eDQY1E31oqTlEAPOuvCCKCgv1OUcUmK3L7RR2B9Duk+jd5WYG5wvPYmjz6blAKek/xpaJ9pPdcsdyucTVlmTRNtqRw=
CV5I/fhopm/i8Dgn0iq3IdeZf31gS2c+jXImUyzFiBS9r2hTfUSwBlZekalfOHew/5fcXB1rejRXIQYKfuTlXu0sbP30OTvd3pSgoer1rqFupd5+MCbDO2KUzxaLnCLWw1TpwM8hHd88X2s03dHGBUNFqTQ=
ixCY612RcxWyv3x8kyz2ricziATcsfy14eDQY1E31oqTlEAPOuvCCKCgv1OUcUmK3L7RR2B9Duk+jd5WYG5wvPYmjz6blAKek/xpaJ9pPdcsdyucTVlmTRNtqRw=
XYIsY/8jKRw2th2M9mpjmdeZf31gS2c+jXImUyzFiBS9r2hTfUSwBlZekalfOHew/5bcXB1rejRXIQYKfuTlXu0sbP30OTvd3pSgoer1rqFupd5+MCbDO2KUzxaLnCLWw1TpwM8hHd88X2s03dHGBUNFqTQ=
4SOy/jbQz/YXSbUwX+s/os//WQSU2SHXfcbpHTHWhXGF8/NRVxEURoZje1tswsbBBKlz
biiEWC3XzvTJd8XrFBJOzcZQ8VxKed2RaEmNb9kmjcWdZlk5QbI3mQvheJ6iQ58jgNL6yQCpdw==
NOhgtY6n/tT+SdkdBx97IVRGXTNrvdSxdn4l2I2CfisMZJ8zzGVxBALTld3pEwcX8rtySBVf+O8tUEHiDsQfEpos71KJAiuddZXgSVtGaT9eXw9jqRY=
4tSnoNRQHRTPLAoWcZM9bGWudNpLrYZatcxqa/rI+loqQgGHg8DAAFEustA1T4xfpJZWVXNcJo3EvoaEY3W2ypApRV/B5vVV1UZBSak9mqkSATAOGgOHU0hyQhloqR8=
M/ABH0gYxbWbAoBySeY+cGWudNpLrYZatcxqa/rL+loqQgGHg8DAAFEustA1T4xfpJZWVXNcJo3EvoaEY3W2ypApRV/B5vVV1UZBSak8makSATAOGgOHU0hyQhloqR8=
DwERCX4oPVXn9sRhTHagQWWudNpLrYZatcxqa/rK+loqQgGHg8DAAFEustA1T4xfpJZWVXNcJo3EvoaEY3W2ypApRV/B5vVV1UZBSak8mKkSATAOGgOHU0hyQhloqR8=
fP1rvpTdWSc4+noOQl4YaUu062ufJd1bwmO7cGT392My61JYFU/Yv+0g4VKONH+iWnwPQowTS0I1JQA52/bJzx6PL3OpBg==
4s7oFhuzfY9a8FO5tz1EYTEBRS/dzAj9jpZv9fhPKtDABf3mzp6VCPu4+JZjPrEyMsrln517wHwO0YtyYyz806PPufSxs8m9+t7jjL7BFMEWQKPOCESt8+Lx/rWUjpJ8v/XqsoQZkbdNRrk9oRb10VX6pbFoUYSm1uOLexwC1qG0qcM=
PjjIqLJtUZtRR8fWgxdH/bEbzZY1QWlZjUxGU0pfWNMQbxbj9BQ+ajJzWA0VbyqbsOKqlI3zIk7+GMShtNImfONvbIGQ6bq2nGBRNQQuCqE/6yM2tyHvrltN2xNqbUZpivqYk+XnsroYfVqpLQ==
clGtiwhrjXZrQN+xrN0zWrEVw5Y1QWlZjUxGU0pfWNMQbxbj9BQ+ajJzWA0VbyqbsOKqlI3zIk7+GMShtNImfONvbIGQ6bq2nGBRNQQuCqE/6yM2tyHvrltN2xhtbUZpivqYk+XnsroYfVqpLQ==
0ZXQhkXDwC10tsBnKt8qfYnG1A1Ayap2LACBNVTOuuEvy3O2B0Ef7sut6xuczdaputpoE7UHovro3QqpfQ==
MahV1loMPg61lVTYBChT/sZQ8VxKed2RaEmNb9kmjcWdZlk5Qb02mQTheJ6iQ58jgNL6yQCpdw==
GdO7oPmV9ALgHRbnrzVKWGJapxpRjLqL6buLsRWBuf1rHfqtlhpVgYR1lda1gL4KU/iyGusgqTx3YC4zdMvL6MX1FokrcakI
nbdbkipPVHeptMEgpSTpoDkIgqp8/yJiCytCW2HHrZJJCXXPgmfK1JXDQDNdjHm+7tgnDuow1w5NXpMGBglY1bsa0eMugzd/qQo=
GAJQ1kMUJlARIQaqzmwO1BBMOMrNnPfDdPtGKxXRnAc8Hs50e3WuuliJPc9pph1lzaYJGVG7IXldIih+MsPvw/ASiilwqQc=
VFa737z0oHvvUdZJI82pfEN856jIELN72BSOXeh3+6FSW/KmgKg1teBmFrHzk6fW8znjnifFP11PZXMaBmLcs+Hf/iqENX6pCQ==
H+9H/CWpdPoo0brCuplQqBFMOMrNnPfDdPtGKxXRnAc8Hs50e3WuuliJPc9pph1lzaYJGVG6IHldIih+MsPvw/ASiilwqQc=
c7IXTS26U19WkhNlGgn2yEN856jIELN72BSOXeh3+6FSW/KmgKg1teBmFrHzk6fW8znjnifFP19OZXMaBmLcs+Hf/iqENX6pCQ==
Ol/2G96DVt1f0aZiKWxLRhBMOcrNnPfDdPtGKxXRnAc8Hs50e3WuuliJPc9pph1lzaYJGVG5JnldIih+MsPvw/ASiilwqQc=
PsuVaWkJ+QkQNS/W1sQeqA408MVnR6nyEdt6cHQ1MsNJcSCvqG467Pf1IiIsealn1QbBDTn23aEdfWqBCfIcVu6jE6vkIr4xfKkL
Zz+CVLzTNWUMzTVhXcKnumwsIRnxdDnz8UEaxWZiVYmUbbX+hbj+wgMg0vKb2CKx5/iOm8RzC6AVrfbh2wmpAA==
MMH4HfGQ9w9qKNDtekgYYatFnYXYi7lmhzxoNjh+gRwjyfZ/ZLkMhJFSJM7Ybb7+j42ZzqvjLl50ZFNPfDagJBpBqu44BP1TcnGO1eTOwlyP9dqSVNlhV73GKZ1x1sXxRf610RAS1MZGYzvbrMIGQUSpMw==
kTvbDHuLvfGPZmxWKlg+yDdfapLL1k6/oaGHSGnKxzfoetq9lJJ170kfMn+6/W3p0cMwLT/ImdGzGrp36gEp0Rbq7lThQh+uecMjBJI+DwNw6OOsAM+lScN/yXmEWgXAHC2nNTwEowRNruLX+pyqfZwzYfR1HPBE0qQ3K+k/JS1SA0G0vCwi5etz2AgIT/vQ/mTm8lVY60xSzAhzuRp1eCikbFoZUqc9A7aXD/WsKLQ9FtOMcAROWRs86XZLfKL2A/TsZQ8Fnj/8P2vUnbFGJQPlqZQ=
KDXfQy3id6w+pjiS6vlqizdfapLL1k6/oaGHSGnKxzfoetq9lJJ170kfMn+6/W3p0cMwLT/ImdGzGrp36gEp0Rbq7lThQh+uecMjBJI+DwNw6OOsAM+lScN/yXmEWgXAHC2nNTwEowRNruLX+pyqfZwzYfR1HPBE0qQ3K+k/JS1SA0G0vCwi5etz2AgIT/vQ/mTm8lVY60xSzAhzuRp1eCikbFoZUqc9A7aXD/WsKLQ9FtOMcAROWRs86XZLfKL2A/TvZA8Gnj/8P2vUnbFGJQPlqZQ=
MbnNc7Nt3ZIXaqmyJosn+4nG1A1Ayap2LACBNVTOuuEvy3O2B0Ef7sut6xiZzdyqutpoE7UHovro3QqpfQ==
5UcdF+eeoZ/OoiXpuY63tzkeiKxm5SouDCRNCWWO+dAOT2yLxXnD0omASzNdjHm+7tgnDuow1w5NXpMFBglY1bsa0eMugzd/qQo=
Se2Ja9w53rJSsCwBvVGn+7/g0Hla0vy9R1od8auFdLc4EXnaH9rkvwdyno/lAm0RKI/ZXjfRZZp9tN72S/yidgN07OEPh56//L9rVJ0xRqUDZakU
F9nvMtMTW5uMz7qZqGX9H2EVkWsf9/gugNP3sdH9lTQBa/OxA44NEst8d5XMPY1Yq8Lln5GxaXomLHkDmvnnCCYBO8iLCWXT7gY4ekZ3PVZpGlOkzYej7urHrxaoCN2gMhhjPsxIagscWMKNqFijta8ea61CD/yXewn7fo/VR9p2dZ66HhJUc+kPRkrshaap0Q==
mcwgSMCnc2kryq8JlimGpc7RUkHLkaU+ij8oliEVVX1vSIfeqgD3Pk5tszPGWfhFO4oxs+7z1w+peg==
EGrmxms4ZZsKxlhrjWMXLo9d8kREad3BNHTEIZs7jcWdZlk5Qb4wmQjieJ6iQ58jgNL6yQCpdw==
ZlpJ6SIK8aMBw2B/za8aZB+zeuFcYXO7qSFU1IL+N7/9P08j3jWEAqvpSz6fdbfexhWOeu4yBPPZ79YKnCV2qQE=
ETnnBLptsvp2QhFfMzszCmEVkWsf9/gugNP3sdH9lTQBa/OxA44NEst8d5XMPY1Yq8Lln5GxaXomLHkDmvnnCCYBO8iLCWXT7gY4ekZ3PVZpGlOkzYej7urHrxaoCN2gMhhjPsxIagscWMKNqFijta8ea61CD/yXewn7fo/VR9x2dZy7HhRUc+kPRkrshaap0Q==
3yeqxBuElPtyjRMq7SZl9c7RUkHLkaU+ij8oliEVVX1vSIfeqgD3PkJtszHHWf5FO4oxs+7z1w+peg==
2C0yR+fPfk/0QAWnpedVnY9d8kREad3BNHTEIZs7jcWdZlk5QbIwmQrjeJiiQ58jgNL6yQCpdw==
+5Wo9+WT+6Spz8KinFFwDR+zeuFcYXO7qSFU1IL+N7/9P08j3jWEAqvpSz6fdbfSxhWMe+40BPPZ79YKnCV2qQE=
bynFoLPgXs9O5a0LmYTvXGEVkWsf9/gugNP3sdH9lTQBa/OxA44NEst8d5XMPY1Yq8Lln5GxaXomLHkDmvnnCCYBO8iLCWXT7gY4ekZ3PVZpGlOkzYej7urHrxaoCN2gMhhjPsxIagscWMKNqFijta8ea61CD/yXewn7fo/VR9hxdZy7HhRUc+kPRkrshaap0Q==
AfDnKpejZj5lN+OrrM2ZN87RUkHLkaU+ij8oliEVVX1vSIfeqgD3Pk1qszHHWf5FO4oxs+7z1w+peg==
nem3P2cZ5W3sMu4kzMVYAI9d8kREad3BNHTEIZs7jcWdZlk5Qb03mQrjeJiiQ58jgNL6yQCpdw==
/GMrCk/CE/PCN16jTuT7aR+zeuFcYXO7qSFU1IL+N7/9P08j3jWEAqvpSz6fdbfdwRWMe+40BPPZ79YKnCV2qQE=
0NLZdMWhKdN6r7qycXsHyPctNglVOD0TPI8UR9ypi1QRI7M1QvbE406zandPkbdOUz1zmgRdQEvSDCDT/ffKGpAtcqkF
VD4BEOJ1f9t3fyNrfmLzfJpQ2CsEzD9L4O54FTeP5J72ARozUo+my5o+l+D9vkM0L4rfSDF4A6vBQ7s/e0OME8TfyKgngb9uq23LGnyNeCvaHAgTlUdCekgdaqkd
iYQiw1OYyTY2dXNwPpxhmXkrm5h70w5lETAzZVj80r5kQkkjmdbaxy+6U7kP8uWW82+WRRAoXeaPrmFaH1iloX/jJfHQDG+qerR/2gqPuwUXLRYBG45ZR35HH2upHg==
jc8YJYm735YvX1pQX0nwb5pQ2CsEzD5L4O54FTeP5J72ARszUo+my5s+l+D9vkM0L4rfSDJ4A6vBQ7s/e0OME8TfyKgngb9uq23LGnyNeCvaHAgTlUdCekgdaqkd
U3t2fv4x/rgc/qTsXL4dv3WAsKSysZN8NMTEPZ51T3CtRQMYKDacyK2+lAEKH0r/V+9NKj02/4lGXgIIekjri7lzQz8Dc3QzrO8AaG/RV84z/VOa5B3gy3JMwNPdN2qacG1SqSU=
TQt5p3DrnAOZavGGcST5C3WAsKSysZN8NMTEPZ51T3CtRQMYKDadyK2+lAEKH0r/V+9NKj02/4lGXgIIe0jri7lzQz8Dc3QzrO8AaG/RV84z/VOa5B3gy3JMwNPdN2qacG1SqSU=
0LPkYBUGTFmS2C4XJOl/StJ4EyYSiiqIaWNhRrfrZyCI6jCukVAbE1XAq5CLhlxxOX8JU/tU5VAawhie5X2s10A9DyJfCgnun+zNBa8nbYXw+GeuapCX7ko7U6GHqZ71u/oRg65jd1+pKg==
gkhiRgFQLcabSMND7C6rON7mHVsP/TetA4BZMLKYHdmM1v8PZS4P4PirycFFETOi0Tp67OSs/XuoLVAgYwC33F2k3yIRV9eBiR9Ahuss4ibjROrV79Pfb1rP66Q9YYZ1Y1WpJA==
BV2+Ojb9e2O4DcFD7ArLmXWAsKSysZN8NMTEPZ51T3CtRQMYKDafyK2+lAEKH0r/V+9NKj02/4lGXgIIeUjri7lzQz8Dc3QzrO8AaG/RV84z/VOa5B3gy3JMwNPdN2qacG1SqSU=
jvy2WavhgqS2+RBKm4VFOd7mHVsP/TetA4BZMLKYHdmM1v8PZy4P4PirycFFETOi0Tp67OSs/XuoLVAiYwC33F2k3yIRV9eBiR9Ahuss4ibjROrV79Pfb1rP66Q9YYZ1Y1WpJA==
XKJ/OQlY7PI/wMD+mb3xIU47Lhj+hsWEkPB1AQPIvf3TOlC0qmhW+prP+cyZ2Yv27AFwJV4UPmYN60TQIRze0NiHD/ja0bXNeSNbpwl/SaeWG77rCniF9QWGcSm5Oo6JYkPg6KqDF/O4shJ5WKkv
AgwsL3+zHT/RWNYmYw6hdtPMwr7RZH2ou8sk5jis2MeDWRUUyGosWQ16mpnWyYikaCpLM7L8B3z4/C6cCfTM4aMhX3st68+/j+vgQxgHnMgTeYMeh4UfWigllJumpPyzwR+eqmR1Xqkp
izYD8kHUDtaSZGTM7ZrLp0p6IHCJwnqDnwjZr54OohiqVzGtj5y3xZ2Nif2TAwx5bmFb3MDWEq90xw8bwLZaZWoINU8Fs9cvjf/NLxqLQnOuGOFN2Xa9Yf16SkGuc7yQjqPz64SiHnFcqSs=
ITTZNULK1evWBLVFJ3NF3Up6IHCJwnqDnwjZr54OohiqVzGtj5y0xZ2Nif2TAwx5bmBb3MDWEq90xw8bwLZaZWoINU8Fs9cvjf/NLxqLQnOuGOFN2Xa9Yf16SkGuc7yQjqPz64SiHnFcqSs=
0NLZdMWhKdN6r7qycXsHyPctNglVOD0TPI8UR9ypi1QRI7M1QvbE406zandPkbdOUz1zmgRdQEvSDCDT/ffKGpAtcqkF
0LPkYBUGTFmS2C4XJOl/StJ4EyYSiiqIaWNhRrfrZyCI6jCukVAbE1XAq5CLhlxxOX8JU/tU5VAawhie5X2s10A9DyJfCgnun+zNBa8nbYXw+GeuapCX7ko7U6GHqZ71u/oRg65jd1+pKg==
iYQiw1OYyTY2dXNwPpxhmXkrm5h70w5lETAzZVj80r5kQkkjmdbaxy+6U7kP8uWW82+WRRAoXeaPrmFaH1iloX/jJfHQDG+qerR/2gqPuwUXLRYBG45ZR35HH2upHg==
izYD8kHUDtaSZGTM7ZrLp0p6IHCJwnqDnwjZr54OohiqVzGtj5y3xZ2Nif2TAwx5bmFb3MDWEq90xw8bwLZaZWoINU8Fs9cvjf/NLxqLQnOuGOFN2Xa9Yf16SkGuc7yQjqPz64SiHnFcqSs=
ITTZNULK1evWBLVFJ3NF3Up6IHCJwnqDnwjZr54OohiqVzGtj5y0xZ2Nif2TAwx5bmBb3MDWEq90xw8bwLZaZWoINU8Fs9cvjf/NLxqLQnOuGOFN2Xa9Yf16SkGuc7yQjqPz64SiHnFcqSs=
XKJ/OQlY7PI/wMD+mb3xIU47Lhj+hsWEkPB1AQPIvf3TOlC0qmhW+prP+cyZ2Yv27AFwJV4UPmYN60TQIRze0NiHD/ja0bXNeSNbpwl/SaeWG77rCniF9QWGcSm5Oo6JYkPg6KqDF/O4shJ5WKkv
AgwsL3+zHT/RWNYmYw6hdtPMwr7RZH2ou8sk5jis2MeDWRUUyGosWQ16mpnWyYikaCpLM7L8B3z4/C6cCfTM4aMhX3st68+/j+vgQxgHnMgTeYMeh4UfWigllJumpPyzwR+eqmR1Xqkp
jvy2WavhgqS2+RBKm4VFOd7mHVsP/TetA4BZMLKYHdmM1v8PZy4P4PirycFFETOi0Tp67OSs/XuoLVAiYwC33F2k3yIRV9eBiR9Ahuss4ibjROrV79Pfb1rP66Q9YYZ1Y1WpJA==
TQt5p3DrnAOZavGGcST5C3WAsKSysZN8NMTEPZ51T3CtRQMYKDadyK2+lAEKH0r/V+9NKj02/4lGXgIIe0jri7lzQz8Dc3QzrO8AaG/RV84z/VOa5B3gy3JMwNPdN2qacG1SqSU=
gkhiRgFQLcabSMND7C6rON7mHVsP/TetA4BZMLKYHdmM1v8PZS4P4PirycFFETOi0Tp67OSs/XuoLVAgYwC33F2k3yIRV9eBiR9Ahuss4ibjROrV79Pfb1rP66Q9YYZ1Y1WpJA==
U3t2fv4x/rgc/qTsXL4dv3WAsKSysZN8NMTEPZ51T3CtRQMYKDacyK2+lAEKH0r/V+9NKj02/4lGXgIIekjri7lzQz8Dc3QzrO8AaG/RV84z/VOa5B3gy3JMwNPdN2qacG1SqSU=
VD4BEOJ1f9t3fyNrfmLzfJpQ2CsEzD9L4O54FTeP5J72ARozUo+my5o+l+D9vkM0L4rfSDF4A6vBQ7s/e0OME8TfyKgngb9uq23LGnyNeCvaHAgTlUdCekgdaqkd
BV2+Ojb9e2O4DcFD7ArLmXWAsKSysZN8NMTEPZ51T3CtRQMYKDafyK2+lAEKH0r/V+9NKj02/4lGXgIIeUjri7lzQz8Dc3QzrO8AaG/RV84z/VOa5B3gy3JMwNPdN2qacG1SqSU=
jc8YJYm735YvX1pQX0nwb5pQ2CsEzD5L4O54FTeP5J72ARszUo+my5s+l+D9vkM0L4rfSDJ4A6vBQ7s/e0OME8TfyKgngb9uq23LGnyNeCvaHAgTlUdCekgdaqkd
0NLZdMWhKdN6r7qycXsHyPctNglVOD0TPI8UR9ypi1QRI7M1QvbE406zandPkbdOUz1zmgRdQEvSDCDT/ffKGpAtcqkF
XKJ/OQlY7PI/wMD+mb3xIU47Lhj+hsWEkPB1AQPIvf3TOlC0qmhW+prP+cyZ2Yv27AFwJV4UPmYN60TQIRze0NiHD/ja0bXNeSNbpwl/SaeWG77rCniF9QWGcSm5Oo6JYkPg6KqDF/O4shJ5WKkv
U3t2fv4x/rgc/qTsXL4dv3WAsKSysZN8NMTEPZ51T3CtRQMYKDacyK2+lAEKH0r/V+9NKj02/4lGXgIIekjri7lzQz8Dc3QzrO8AaG/RV84z/VOa5B3gy3JMwNPdN2qacG1SqSU=
0LPkYBUGTFmS2C4XJOl/StJ4EyYSiiqIaWNhRrfrZyCI6jCukVAbE1XAq5CLhlxxOX8JU/tU5VAawhie5X2s10A9DyJfCgnun+zNBa8nbYXw+GeuapCX7ko7U6GHqZ71u/oRg65jd1+pKg==
AgwsL3+zHT/RWNYmYw6hdtPMwr7RZH2ou8sk5jis2MeDWRUUyGosWQ16mpnWyYikaCpLM7L8B3z4/C6cCfTM4aMhX3st68+/j+vgQxgHnMgTeYMeh4UfWigllJumpPyzwR+eqmR1Xqkp
ITTZNULK1evWBLVFJ3NF3Up6IHCJwnqDnwjZr54OohiqVzGtj5y0xZ2Nif2TAwx5bmBb3MDWEq90xw8bwLZaZWoINU8Fs9cvjf/NLxqLQnOuGOFN2Xa9Yf16SkGuc7yQjqPz64SiHnFcqSs=
VD4BEOJ1f9t3fyNrfmLzfJpQ2CsEzD9L4O54FTeP5J72ARozUo+my5o+l+D9vkM0L4rfSDF4A6vBQ7s/e0OME8TfyKgngb9uq23LGnyNeCvaHAgTlUdCekgdaqkd
BV2+Ojb9e2O4DcFD7ArLmXWAsKSysZN8NMTEPZ51T3CtRQMYKDafyK2+lAEKH0r/V+9NKj02/4lGXgIIeUjri7lzQz8Dc3QzrO8AaG/RV84z/VOa5B3gy3JMwNPdN2qacG1SqSU=
iYQiw1OYyTY2dXNwPpxhmXkrm5h70w5lETAzZVj80r5kQkkjmdbaxy+6U7kP8uWW82+WRRAoXeaPrmFaH1iloX/jJfHQDG+qerR/2gqPuwUXLRYBG45ZR35HH2upHg==
jc8YJYm735YvX1pQX0nwb5pQ2CsEzD5L4O54FTeP5J72ARszUo+my5s+l+D9vkM0L4rfSDJ4A6vBQ7s/e0OME8TfyKgngb9uq23LGnyNeCvaHAgTlUdCekgdaqkd
TQt5p3DrnAOZavGGcST5C3WAsKSysZN8NMTEPZ51T3CtRQMYKDadyK2+lAEKH0r/V+9NKj02/4lGXgIIe0jri7lzQz8Dc3QzrO8AaG/RV84z/VOa5B3gy3JMwNPdN2qacG1SqSU=
gkhiRgFQLcabSMND7C6rON7mHVsP/TetA4BZMLKYHdmM1v8PZS4P4PirycFFETOi0Tp67OSs/XuoLVAgYwC33F2k3yIRV9eBiR9Ahuss4ibjROrV79Pfb1rP66Q9YYZ1Y1WpJA==
jvy2WavhgqS2+RBKm4VFOd7mHVsP/TetA4BZMLKYHdmM1v8PZy4P4PirycFFETOi0Tp67OSs/XuoLVAiYwC33F2k3yIRV9eBiR9Ahuss4ibjROrV79Pfb1rP66Q9YYZ1Y1WpJA==
izYD8kHUDtaSZGTM7ZrLp0p6IHCJwnqDnwjZr54OohiqVzGtj5y3xZ2Nif2TAwx5bmFb3MDWEq90xw8bwLZaZWoINU8Fs9cvjf/NLxqLQnOuGOFN2Xa9Yf16SkGuc7yQjqPz64SiHnFcqSs=
whyGBlcLn2GQCTmM0Ql7vvctNglVOD0TPI8UR9ypi1QRI7M1QvbE406zandPkbdOUz1zmQRdQEvSDCDT/ffKGpAtcqkF
whyGBlcLn2GQCTmM0Ql7vvctNglVOD0TPI8UR9ypi1QRI7M1QvbE406zandPkbdOUz1zmQRdQEvSDCDT/ffKGpAtcqkF
5ohEVK9P4O2AKlK1wU8HpzthThp2YmkyY/CSwrvIKcEHr08rYuOLUHV9ttH7Galw
Walsa3H6hLOwfS2njLrcqM7RUkHLkaU+ij8oliEVVX1vSIfeqgD3PklrszHHWf5FO4oxs+7z1w+peg==
y+wxFrDjZvHHb7JxsBRXeY9d8kREad3BNHTEIZs7jcWdZlk5Qbk2mQrjeJiiQ58jgNL6yQCpdw==
V1VZWLv8dRGOaTrjN09lufrAoBn2jzM/4JazGXkAHcm/smU4IR0iiWTBSwTja+IzireCFVUsDx/t9RxKWpuQjzSHUa1pNo2B7XlaYV4zzDB+I2NLVGJOEWypGw==
vDl13q/U9URabsLMkwfpjuAhp0FhtEEthJFmFjWV/5iLRUkCE5S3hYRlwqHt6EUzNJ/8B3RZA/TJU6s1WgacQ8bDwrcngb9uq23LGXyNeCvaHAgTlUdCekgdaqkd
p+jn8+HLbNTxO9t2+NQZdckSiGRQhmA3s5FmFjWV/5iLRUkCE5S3hYRlwqHt6EUzNJ/8B3RZA/TJU6s1WgacQ8bDwrcngb9uq23LGXyNeCvaHAgTlUdCekgdaqkd
/CxXaUJc7Mn8OyWbbLHTvCy9lQathGIWMZ3jiGd9LSL3zJt1uC0GYamguYNYR1hn0KGvZFXbL7XejgDTartmV4PZU97XpQ9ZOEVEW/bEbDNxfy5qVBVuqRk=
MMJk4kdSiIX1tYY5up+oxDHe5PvT8cM9bd3TNrhiRmGEUl4WDWXH+KO1gUJbRB/lHPVaIXV43ZNcTzRHPGnr1LFjUzUiNmRjrvMKd2/RV84z/VOZ5B3gy3JMwNPdN2qacG1SqSU=
zTl6p4VzWHsFLplU/Ey+YpyzTw1KpHa8NZdfPKyFLM6+mdZMJwQ87vO+ipIeRCnpyy1xpKqO52G5Gx9lQwDo1E201QNUR4eDlRVfhuss4ibjROnV79Pfb1rP66Q9YYZ1Y1WpJA==
sBRpZw2ak1Y31ds7bEv5NZGTh++VDSi/sMAj8jWL5MeZTjpAn2hSFgF908jXnZ2iZyxLNejNFmG5gGnDCOfI56ABXyQl+9+1rq7wExobltcTeYMeh4UfWSgllJumpPyzwR+eqmR1Xqkp
24V0MKKWE91ZlzpIsGXngmf4ESpei1aH/25/lZyotR7kh7ob1mEEHxXcccrS7RbRjD9kUMyda316FOUS3hCahSSIXR7FU9GLE+9Mm50YtZOG/m9jLYJMIcRF4EHwHuGJVaK6N4Su9xeZuwF6LlA3Vtgy1MFVl39UqbQb30JT5EmYjHTxZc7/9pg9vKDRwgQnFbCjJrOXG6+BFJPAOuPhOS3W8zyrS2FTYDVZzzYfxxRRUzEz7VInKnQ9Q8FfMWeOgx3DmXQ9EIsC7DBTzZe6WiAN4qmV
24V0MKKWE91ZlzpIsGXngmf4ESpei1aH/25/lZyotR7kh7ob1mEEHxXcccrS7RbRjD9kUMyda316FOUS3hCahSSIXR7FU9GLE+9Mm50YtZOG/m9jLYJMIcRF4EHwHuGJVaK6N4Su9xeZuwF6LlA3Vtgy1MFVl39UqbQb30JT5EmYjHTxZc7/9pg9vKDRwgQnFbCjJrOXG6+BFJPAOuPhOS3W8zyrS2FTYDVZzzYfxxRRUzEz7VInKnQ9Q8FfMWeOgx3DmXQ9EIsC7DBTzZe6WiAN4qmV
dZmPcTmUAASmGn2u+PrUHgl+bz9ce25+TeGGoEQFOva3uedQLrXOPFEuKcXx5ApvievfN0sw48mJ2Sxxv2yiBHlox34q4LceSUtzUUf5PmU7anFTblMXb6ka
