fO7ZmhrkSo1zs8xTUk/DaQSCt5QBY2eUjCoXscJHPgJsVW3J2sTxVRiz3o+JPxqd8gbTfL4Of1KjkBKie6gioMfPz0uig4swtR02sTt5qRA=
/KmU+3cBkesAMxZ/u/XDeoV90rCuxreYjtmx2bl0UraF3TI9F4/QcoWCJeNJL+7lJ+msT9c81NKOQLihuZEAZELEzYJut6Lz+rVW7ltj3PMxMZgjDzRJdKcLbFyYbOpNvCNh5FUssLSyNLe7CU/lHXITQaScHOKVC+NYmGi/u+DedObidWirvDJciONZarVICLRsSjliZ03jJheflVxohB0G05xQNA6pe6xp5qsMYsYj5OJ0LzNfTxqv60T9QQYVI/WphA==
P4obo42kQbGCVxU45ryo+4V90rCuxreYjtmx2bl0UraF3TI9F4/QcoWCJeNJL+7lJ+msT9c81NKOQLihuZEAZELEzYJut6Lz+rVW7ltj3PMxMZgjDzRJdKcLbFyYbOpNvCNh5FUssLSyNLe7CU/lHXITQaScHOKVC+NYmGi/u+DedObidWirvDJciONZarVICLRsSjliZ03jJheflVxohB0G05xQNA6pe6xp5qsMYsYj5Ot1LzNfTxqv60T9QQYVI/WphA==
eu7hfxC6NXh4Xn3ykT/emxHwceNAc3KpuDEXxJ2rN7XGfkhz0iuOF6vpSz6fdbfZwBWMe+40BPPZ79YKnCV2qQE=
repdVty/WZz35jVBdFmMA55WJaT8v7Om58HM2aGN/xmoh1/7xOoVcn3Z3A9Jn2R9u+baDI7HnJB4PtVBKN3qneCvE7/IYha0owLZy6jXvZ7f1146Jh9HO0xfabhTDumKK0eiqNvk2J3Zo/ruNHwlZTzSGyAze6U1pQbR6Zk4bkmCwwAoSoP3M1gy8rm4qc8=
FpMCSOiN8PdeYCWl4/ma2c7RUkHLkaU+ij8oliEVVX1vSIfeqgD3PkhrszHHWf5FO4oxs+7z1w+peg==
K/0N4jBVG57xZ5G6aJivU49d8kREad3BNHTEIZs7jcWdZlk5Qbg2mQrjeJiiQ58jgNL6yQCpdw==
vYyLrBA1VDcPxgMEAHBJFBHwceNAc3KpuDEXxJ2rN7XGfkhz0iuOF6vpSz6fdbfYwBWMe+40BPPZ79YKnCV2qQE=
vYyLrBA1VDcPxgMEAHBJFBHwceNAc3KpuDEXxJ2rN7XGfkhz0iuOF6vpSz6fdbfYwBWMe+40BPPZ79YKnCV2qQE=
vYyLrBA1VDcPxgMEAHBJFBHwceNAc3KpuDEXxJ2rN7XGfkhz0iuOF6vpSz6fdbfYwBWMe+40BPPZ79YKnCV2qQE=
KltN9++aJTyPxm1/2K9+QBHwceNAc3KpuDEXxJ2rN7XGfkhz0iuOF6vpSz6fdbffwBWMe+40BPPZ79YKnCV2qQE=
V4asP1zBLcSRmvqlNOSe/vrAoBn2jzM/4JazGXkAHcm/smU4IR0iiWTBSwTja+I3iLmCFVUsDx/t9RxKWpuQjzSHUa1pNo2B7X9aYV4zzDB+I2NLVGJOEWypGw==
e5BXigIP1x+lOOz+RRw5h/ctNglVOD0TPIsWSdypi1QRI7M1QvbE406zandPkbdOUz1znwRdQEvSDCDT/ffKGpAtcqkF
I+tBioYhdmg/pxYcZXjXuPctNglVOD0TPI8UR9ypi1QRI7M1QvbE406zandPkbdOUz1znwRdQEvSDCDT/ffKGpAtcqkF
qRH5di43GYEJwGWDaeMxlU06P8skqSmS7OYRH9DlbjEOld5OULYQJEZ+T2arjGJGI2Tv9S+zX88aL+vE/cEGlSN1qQQ=
mF+tIZYdhAp4iFULidzhSU46P8skqSmS7OYRH9DlbjEOld5OULYQJEZ+T2arjGJGI2Tv9S+zX88aL+vE/cEGlSN1qQQ=
7AAbfcO6/zXEAlS5cC50QEw6P8skqSmS7OYRH9DlbjEOld5OULYQJEZ+T2arjGJGI2Tv9S+zX88aL+vE/cEGlSN1qQQ=
yKZfC4vAH/RKODJwGf9sUE47P8skqSmS7OYRH9DlbjEOld5OULYQJEZ+T2arjGJGI2Tv9S+zX88aL+vE/cEGlSN1qQQ=
Y0+aij17uxy/oTWto9ca6Uw7P8skqSmS7OYRH9DlbjEOld5OULYQJEZ+T2arjGJGI2Tv9S+zX88aL+vE/cEGlSN1qQQ=
9aS2mDfQY5MT1eZPF0zOQqMCD28adnpdb5oJScb6zlIUILI+L7LV9EmgYWdPkbdOUz1znwRdQEvSDCDT/ffKGpAtcqkF
oFiA1z7/b9u71W7tVW67taECD28adnpdb5oJScb6zlIUILI+L7LV9EmgYWdPkbdOUz1znwRdQEvSDCDT/ffKGpAtcqkF
rMMhviDZEyzyD9TQylEdRE865IJ4Ur/yXY90anRlYYYHOSjm4Go6/Pz+YW57TOc8jxfBDTn23aEdf2qBDvMcUO6jE6vkIr4xfKkL
xio2zJ42edYDyGcyPV8zLcISFm8adnpdb5oJScb6zlIUILI+L7LV9EmgYWdPkbdOUz1znwRdQEvSDCDT/ffKGpAtcqkF
HDG1XHuhgh4MK/6iVTwb10865IJ7UK/0Uo90anRlYYYHOSjm4Go6/Pz+YW57TOc8jxfBDTn23aEdf2qBDvMcUO6jE6vkIr4xfKkL
ASU/6c1tQxXy057usms7w6YCD28adnpdb5oJScb6zlIUILI+L7LV9EmgYWdPkbdOUz1znwRdQEvSDCDT/ffKGpAtcqkF
mJJ1ynNf+znWSpEQ/vxvRU07P8skqSmS7OYRH9DlbjEOld5OULYQJEZ+T2arjGJGI2Tv9S+zX88aL+vE/cEGlSN1qQQ=
FZcoQTSn8DrPAC/JTcTW0Bdw7a/PDsAv1g6ODbsytelaErqigLg+vqMqQYS9yP3H8znjnifFP19IZXQbBmTcs+Hf/iqENX6pCQ==
BqjqpsfbpR0wEsKPHCwuZxRw7a/PDsAv1g6ODbsytelaErqigLg+vqMqQYS9yP3H8znjnifFP19IZXQbBmTcs+Hf/iqENX6pCQ==
qRH5di43GYEJwGWDaeMxlU06P8skqSmS7OYRH9DlbjEOld5OULYQJEZ+T2arjGJGI2Tv9S+zX88aL+vE/cEGlSN1qQQ=
mF+tIZYdhAp4iFULidzhSU46P8skqSmS7OYRH9DlbjEOld5OULYQJEZ+T2arjGJGI2Tv9S+zX88aL+vE/cEGlSN1qQQ=
ZwsEns7ZdmCkzxY74yWq/0w6P8skqSmS7OYRH9DlbjEOld5OULYQJEZ+T2arjGJGI2Tu9S+zX88aL+vE/cEGlSN1qQQ=
k35/hTaoY1odGkmLtgM46U47P8skqSmS7OYRH9DlbjEOld5OULYQJEZ+T2arjGJGI2Tu9S+zX88aL+vE/cEGlSN1qQQ=
oh/npH5T0NKPqW2D+lX/hUw7P8skqSmS7OYRH9DlbjEOld5OULYQJEZ+T2arjGJGI2Tu9S+zX88aL+vE/cEGlSN1qQQ=
LVEE9wvzaMYGTIwA8IuT+KMCD28adnpdb5oJScb6zlIUILI+L7LV9EmgYWdPkbdOUz1zngRdQEvSDCDT/ffKGpAtcqkF
/VRsGCyvS6qncBTs5FRriqECD28adnpdb5oJScb6zlIUILI+L7LV9EmgYWdPkbdOUz1zngRdQEvSDCDT/ffKGpAtcqkF
ISHYugYzxc+1LAjHqvMBbk865IJ4Ur/yXY90anRlYYYHOSjm4Go6/Pz+YW57TOc8jxfBDTn23aEdfmqBDvMcUO6jE6vkIr4xfKkL
bjWb4ca6eJKfj5dLZCa8tcISFm8adnpdb5oJScb6zlIUILI+L7LV9EmgYWdPkbdOUz1zngRdQEvSDCDT/ffKGpAtcqkF
bFVwhD1Oalz8F+sR5Ty8CU865IJ7UK/0Uo90anRlYYYHOSjm4Go6/Pz+YW57TOc8jxfBDTn23aEdfmqBDvMcUO6jE6vkIr4xfKkL
+IZANLQ5IyEjSO5BK55y46YCD28adnpdb5oJScb6zlIUILI+L7LV9EmgYWdPkbdOUz1zngRdQEvSDCDT/ffKGpAtcqkF
W+xOYl2PzfbWPQmoglYmOk07P8skqSmS7OYRH9DlbjEOld5OULYQJEZ+T2arjGJGI2Tu9S+zX88aL+vE/cEGlSN1qQQ=
HfnGFXp3WmNMALlSTTIdXxdw7a/PDsAv1g6ODbsytelaErqigLg+vqMqQYS9yP3H8znjnifFP15IZXQbBmTcs+Hf/iqENX6pCQ==
asaY57jzWfcozp4zwrlx4xRw7a/PDsAv1g6ODbsytelaErqigLg+vqMqQYS9yP3H8znjnifFP15IZXQbBmTcs+Hf/iqENX6pCQ==
+IRbGf8Y4xOAJ8klWEvYMiYziATcsfy14eDQY1E31oqTlEAPOuvCCKCgv1OUcUmK3L7RR2B9Duk+jd5WYG5wvPYmjz6blAKek/xubZ9rP9cqdyucTVlmTRNtqRw=
BaR/OefLWqQaw6ImKmvcHScziATcsfy14eDQY1E31oqTlEAPOuvCCKCgv1OUcUmK3L7RR2B9Duk+jd5WYG5wvPYmjz6blAKek/xubZ9rP9cqdyucTVlmTRNtqRw=
xldkR2VDkn6fQ+asNAJYAk06P8skqSmS7OYRH9DlbjEOld5OULYQJEZ+T2arjGJGI2Tu9S+zX88aL+vE/cEGlSN1qQQ=
dxWO1E2J0r+eJgFACPRIb046P8skqSmS7OYRH9DlbjEOld5OULYQJEZ+T2arjGJGI2Tu9S+zX88aL+vE/cEGlSN1qQQ=
ZwsEns7ZdmCkzxY74yWq/0w6P8skqSmS7OYRH9DlbjEOld5OULYQJEZ+T2arjGJGI2Tu9S+zX88aL+vE/cEGlSN1qQQ=
k35/hTaoY1odGkmLtgM46U47P8skqSmS7OYRH9DlbjEOld5OULYQJEZ+T2arjGJGI2Tu9S+zX88aL+vE/cEGlSN1qQQ=
oh/npH5T0NKPqW2D+lX/hUw7P8skqSmS7OYRH9DlbjEOld5OULYQJEZ+T2arjGJGI2Tu9S+zX88aL+vE/cEGlSN1qQQ=
LVEE9wvzaMYGTIwA8IuT+KMCD28adnpdb5oJScb6zlIUILI+L7LV9EmgYWdPkbdOUz1zngRdQEvSDCDT/ffKGpAtcqkF
/VRsGCyvS6qncBTs5FRriqECD28adnpdb5oJScb6zlIUILI+L7LV9EmgYWdPkbdOUz1zngRdQEvSDCDT/ffKGpAtcqkF
ISHYugYzxc+1LAjHqvMBbk865IJ4Ur/yXY90anRlYYYHOSjm4Go6/Pz+YW57TOc8jxfBDTn23aEdfmqBDvMcUO6jE6vkIr4xfKkL
bjWb4ca6eJKfj5dLZCa8tcISFm8adnpdb5oJScb6zlIUILI+L7LV9EmgYWdPkbdOUz1zngRdQEvSDCDT/ffKGpAtcqkF
bFVwhD1Oalz8F+sR5Ty8CU865IJ7UK/0Uo90anRlYYYHOSjm4Go6/Pz+YW57TOc8jxfBDTn23aEdfmqBDvMcUO6jE6vkIr4xfKkL
+IZANLQ5IyEjSO5BK55y46YCD28adnpdb5oJScb6zlIUILI+L7LV9EmgYWdPkbdOUz1zngRdQEvSDCDT/ffKGpAtcqkF
W+xOYl2PzfbWPQmoglYmOk07P8skqSmS7OYRH9DlbjEOld5OULYQJEZ+T2arjGJGI2Tu9S+zX88aL+vE/cEGlSN1qQQ=
HfnGFXp3WmNMALlSTTIdXxdw7a/PDsAv1g6ODbsytelaErqigLg+vqMqQYS9yP3H8znjnifFP15IZXQbBmTcs+Hf/iqENX6pCQ==
asaY57jzWfcozp4zwrlx4xRw7a/PDsAv1g6ODbsytelaErqigLg+vqMqQYS9yP3H8znjnifFP15IZXQbBmTcs+Hf/iqENX6pCQ==
A3dQRf8UCUAvBKsr9rm9yPctNglVOD0TPI8UR9ypi1QRI7M1QvbE406zandPkbdOUz1znQRdQEvSDCDT/ffKGpAtcqkF
4SbP24HyARHaLKbV1j+XX/ctNglVOD0TPIsWSdypi1QRI7M1QvbE406zandPkbdOUz1znQRdQEvSDCDT/ffKGpAtcqkF
J3o9uUg0aGkjgtHe9z4q+dG70I+EsA6KxURPr7Y22NeUzQh2D/EfrTqQ13YKqEeGzdMDmWfxLh370uHbDpsnd6kC
W5nY6OxHMAhaJTzvllfjBpGTh++VDSi/sMAj8jWL5MeZTjpAn2hSFgF908jXnZ2iZyxLNejNFmG5gGnDCOPK6aABXyQl+9+1rq7wExobltcTeYMeh4UfXSgllJumpPyzwR+eqmR1Xqkp
GyOg2aiOR6AAW+m9JzXGepyzTw1KpHa8NZdfPKyFLM6+mdZMJwQ87vO+ipIeRCnpyy1xpKqO52G9GRFlQwDo1E201QNUR4eDlRVfhuss4ibjRO3V79Pfb1rP66Q9YYZ1Y1WpJA==
uPTKotYM1DNC0ophyp24PDHe5PvT8cM9bd3TNrhiRmGEUl4WDWXH+KO1gUJbRB/lHPVaIXV43ZNcSzZJPGnr1LFjUzUiNmRjrvMKd2/RV84z/VOd5B3gy3JMwNPdN2qacG1SqSU=
IrGwv++DJJuqM4q6d5RasSy9lQathGIWMZ3jiGd9LSL3zJt1uC0GYamguYNYQ1pp0KGvZFXbL7XejgDTartmV4PZU97XpQ9dOEVEW/bEbDNxfy5qVBVuqRk=
3JYGVXq/rTl1mloSJJj1B8kSiGRQhmA3s5FmFjWV/5iLRUkCE5S3hYRlwqHt6EUzNJv+CXRZA/TJU6s1WgacQ8bDwrcngb9uq23LHXyNeCvaHAgTlUdCekgdaqkd
4zrfOdAfMS+MSo6XKd85YeAhp0FhtEEthJFmFjWV/5iLRUkCE5S3hYRlwqHt6EUzNJv+CXRZA/TJU6s1WgacQ8bDwrcngb9uq23LHXyNeCvaHAgTlUdCekgdaqkd
I1BF6VNAOB+GakUsycE/yIV90rCuxreYjtmx2bl0UraF3TI9F4/QcoWCJeNJL+7lJ+msT9c81NKOQLihuZEAZELEzYJut6Lz+rVW7ltj3PMxMZgjDzRJdKcLbFyYbOpNvCNh5FUssLSyNLe7CU/lHXITQaScHOKVC+NYmGi/u+DedObidWirvDJciONZarVICLRsSjliZ03jJheflVxohB0G05xQNA6pe6xp5qsMYsYj5O11LzNfTxqv60T9QQYVI/WphA==
QpBnQCFSeuDjusyF9e4CSvctNglVOD0TPI8UR9ypi1QRI7M1QvbE406zandPkbdOUz1zmQBdT0vSDCDT/ffKGpAtcqkF
VHLwwWFzPnacyech/sbjmZpQ2CsEzD5L4O54FTeP5J72ARszUo+my5s+l+D9vkM0L4rfSDJ4A6vBQ7s/e0OME8TfyKgngb9uq23LGXiNdyvaHAgTlUdCekgdaqkd
pXo5aVd/UPDjh2oNO/25XnWAsKSysZN8NMTEPZ51T3CtRQMYKDadyK2+lAEKH0r/V+9NKj02/4lGXgIIe0jri7lzQz8Dc3QzrO8AaG/RV84z/VOZ4B3vy3JMwNPdN2qacG1SqSU=
MHWSAOLWjndjQdOiLpqa+HWAsKSysZN8NMTEPZ51T3CtRQMYKDafyK2+lAEKH0r/V+9NKj02/4lGXgIIeUjri7lzQz8Dc3QzrO8AaG/RV84z/VOZ4B3vy3JMwNPdN2qacG1SqSU=
k0OZgtG0tQEwTvqIKcrJRd7mHVsP/TetA4BZMLKYHdmM1v8PZS4P4PirycFFETOi0Tp67OSs/XuoLVAgYwC33F2k3yIRV9eBiR9Ahuss4ibjROnR79zfb1rP66Q9YYZ1Y1WpJA==
Rc5cyoaZkwCGIKZFcSHBHJpQ2CsEzD9L4O54FTeP5J72ARozUo+my5o+l+D9vkM0L4rfSDF4A6vBQ7s/e0OME8TfyKgngb9uq23LGXiNdyvaHAgTlUdCekgdaqkd
M1i2hp8O1txbcRbNyEb1fN7mHVsP/TetA4BZMLKYHdmM1v8PZy4P4PirycFFETOi0Tp67OSs/XuoLVAiYwC33F2k3yIRV9eBiR9Ahuss4ibjROnR79zfb1rP66Q9YYZ1Y1WpJA==
z7zaLABol++GByGqsCAS43krm5h70w5lETAzZVj80r5kQkkjmdbaxy+6U7kP8uWW82+WRRAoXeaPrmFaH1iloX/jJfHQDG+qerR/2gmLuwoXLRYBG45ZR35HH2upHg==
HrELtZPw4AtN19JsD2hY8nWAsKSysZN8NMTEPZ51T3CtRQMYKDacyK2+lAEKH0r/V+9NKj02/4lGXgIIekjri7lzQz8Dc3QzrO8AaG/RV84z/VOZ4B3vy3JMwNPdN2qacG1SqSU=
w9MRlhXV/D8+89s62dWyWtJ4EyYSiiqIaWNhRrfrZyCI6jCukVAbE1XAq5CLhlxxOX8JU/tU5VAawhie5X2s10A9DyJfCgnun+zNBa8nbYXw+GeuapCX7kk/U66HqZ71u/oRg65jd1+pKg==
Wuoh5ANL5zuySOSB3vvM1tPMwr7RZH2ou8sk5jis2MeDWRUUyGosWQ16mpnWyYikaCpLM7L8B3z4/C6cCfTM4aMhX3st68+/j+vgQxgHnMgTeYMeh4UfWSwlm5umpPyzwR+eqmR1Xqkp
QXhcv8iqDZLIFURAIlvYxkp6IHCJwnqDnwjZr54OohiqVzGtj5y3xZ2Nif2TAwx5bmFb3MDWEq90xw8bwLZaZWoINU8Fs9cvjf/NLxqLQnOuGOFN2Xa9Yf15TkGhc7yQjqPz64SiHnFcqSs=
8qHPYqL1vb4P3nvkHmVaskp6IHCJwnqDnwjZr54OohiqVzGtj5y0xZ2Nif2TAwx5bmBb3MDWEq90xw8bwLZaZWoINU8Fs9cvjf/NLxqLQnOuGOFN2Xa9Yf15TkGhc7yQjqPz64SiHnFcqSs=
OLl3NWHviRpLmOf5/gcC7U47Lhj+hsWEkPB1AQPIvf3TOlC0qmhW+prP+cyZ2Yv27AFwJV4UPmYN60TQIRze0NiHD/ja0bXNeSNbpwl/SaeWG77rCniF9QWGcSm5OYqJbUPg6KqDF/O4shJ5WKkv
QpBnQCFSeuDjusyF9e4CSvctNglVOD0TPI8UR9ypi1QRI7M1QvbE406zandPkbdOUz1zmQBdT0vSDCDT/ffKGpAtcqkF
Rc5cyoaZkwCGIKZFcSHBHJpQ2CsEzD9L4O54FTeP5J72ARozUo+my5o+l+D9vkM0L4rfSDF4A6vBQ7s/e0OME8TfyKgngb9uq23LGXiNdyvaHAgTlUdCekgdaqkd
MHWSAOLWjndjQdOiLpqa+HWAsKSysZN8NMTEPZ51T3CtRQMYKDafyK2+lAEKH0r/V+9NKj02/4lGXgIIeUjri7lzQz8Dc3QzrO8AaG/RV84z/VOZ4B3vy3JMwNPdN2qacG1SqSU=
z7zaLABol++GByGqsCAS43krm5h70w5lETAzZVj80r5kQkkjmdbaxy+6U7kP8uWW82+WRRAoXeaPrmFaH1iloX/jJfHQDG+qerR/2gmLuwoXLRYBG45ZR35HH2upHg==
VHLwwWFzPnacyech/sbjmZpQ2CsEzD5L4O54FTeP5J72ARszUo+my5s+l+D9vkM0L4rfSDJ4A6vBQ7s/e0OME8TfyKgngb9uq23LGXiNdyvaHAgTlUdCekgdaqkd
HrELtZPw4AtN19JsD2hY8nWAsKSysZN8NMTEPZ51T3CtRQMYKDacyK2+lAEKH0r/V+9NKj02/4lGXgIIekjri7lzQz8Dc3QzrO8AaG/RV84z/VOZ4B3vy3JMwNPdN2qacG1SqSU=
pXo5aVd/UPDjh2oNO/25XnWAsKSysZN8NMTEPZ51T3CtRQMYKDadyK2+lAEKH0r/V+9NKj02/4lGXgIIe0jri7lzQz8Dc3QzrO8AaG/RV84z/VOZ4B3vy3JMwNPdN2qacG1SqSU=
k0OZgtG0tQEwTvqIKcrJRd7mHVsP/TetA4BZMLKYHdmM1v8PZS4P4PirycFFETOi0Tp67OSs/XuoLVAgYwC33F2k3yIRV9eBiR9Ahuss4ibjROnR79zfb1rP66Q9YYZ1Y1WpJA==
M1i2hp8O1txbcRbNyEb1fN7mHVsP/TetA4BZMLKYHdmM1v8PZy4P4PirycFFETOi0Tp67OSs/XuoLVAiYwC33F2k3yIRV9eBiR9Ahuss4ibjROnR79zfb1rP66Q9YYZ1Y1WpJA==
w9MRlhXV/D8+89s62dWyWtJ4EyYSiiqIaWNhRrfrZyCI6jCukVAbE1XAq5CLhlxxOX8JU/tU5VAawhie5X2s10A9DyJfCgnun+zNBa8nbYXw+GeuapCX7kk/U66HqZ71u/oRg65jd1+pKg==
QXhcv8iqDZLIFURAIlvYxkp6IHCJwnqDnwjZr54OohiqVzGtj5y3xZ2Nif2TAwx5bmFb3MDWEq90xw8bwLZaZWoINU8Fs9cvjf/NLxqLQnOuGOFN2Xa9Yf15TkGhc7yQjqPz64SiHnFcqSs=
8qHPYqL1vb4P3nvkHmVaskp6IHCJwnqDnwjZr54OohiqVzGtj5y0xZ2Nif2TAwx5bmBb3MDWEq90xw8bwLZaZWoINU8Fs9cvjf/NLxqLQnOuGOFN2Xa9Yf15TkGhc7yQjqPz64SiHnFcqSs=
OLl3NWHviRpLmOf5/gcC7U47Lhj+hsWEkPB1AQPIvf3TOlC0qmhW+prP+cyZ2Yv27AFwJV4UPmYN60TQIRze0NiHD/ja0bXNeSNbpwl/SaeWG77rCniF9QWGcSm5OYqJbUPg6KqDF/O4shJ5WKkv
Wuoh5ANL5zuySOSB3vvM1tPMwr7RZH2ou8sk5jis2MeDWRUUyGosWQ16mpnWyYikaCpLM7L8B3z4/C6cCfTM4aMhX3st68+/j+vgQxgHnMgTeYMeh4UfWSwlm5umpPyzwR+eqmR1Xqkp
QpBnQCFSeuDjusyF9e4CSvctNglVOD0TPI8UR9ypi1QRI7M1QvbE406zandPkbdOUz1zmQBdT0vSDCDT/ffKGpAtcqkF
QpBnQCFSeuDjusyF9e4CSvctNglVOD0TPI8UR9ypi1QRI7M1QvbE406zandPkbdOUz1zmQBdT0vSDCDT/ffKGpAtcqkF
QpBnQCFSeuDjusyF9e4CSvctNglVOD0TPI8UR9ypi1QRI7M1QvbE406zandPkbdOUz1zmQBdT0vSDCDT/ffKGpAtcqkF
nvIiFyPVc8JsvBWLKDEZ9TthThp2YmkyY/CSwrvIKcUHoE8rYuOLUHV9ttH7Galw
Iwm7ldLe/rWpB7mSXdsnaM7RUkHLkaU+ij8oliEVVX1vSIfeqgD3Pklvsz7HWf5FO4oxs+7z1w+peg==
clyIdzYy4BSSLrT/GsW+M49d8kREad3BNHTEIZs7jcWdZlk5QbkymQXjeJiiQ58jgNL6yQCpdw==
IjJda26M6g3D+xERVNrllvrAoBn2jzM/4JazGXkAHcm/smU4IR0iiWTBSwTja+IzireCFVUsDx/t9RxKWpuQjzSHUa1pNo2B7XleYVEzzDB+I2NLVGJOEWypGw==
Xwl+MzRtshmO/MxdOBOuceAhp0FhtEEthJFmFjWV/5iLRUkCE5S3hYRlwqHt6EUzNJ/8B3RZA/TJU6s1WgacQ8bDwrcngb9uq23LGXiNdyvaHAgTlUdCekgdaqkd
vR7DAHd+N3h8oE5kc8OVeckSiGRQhmA3s5FmFjWV/5iLRUkCE5S3hYRlwqHt6EUzNJ/8B3RZA/TJU6s1WgacQ8bDwrcngb9uq23LGXiNdyvaHAgTlUdCekgdaqkd
Q3ic2iOzYeYWwdvfQfzthSy9lQathGIWMZ3jiGd9LSL3zJt1uC0GYamguYNYR1hn0KGvZFXbL7XejgDTartmV4PZU97XpQ9ZPEVLW/bEbDNxfy5qVBVuqRk=
zL+tQAL59QM6qnPpx3dlwDHe5PvT8cM9bd3TNrhiRmGEUl4WDWXH+KO1gUJbRB/lHPVaIXV43ZNcTzRHPGnr1LFjUzUiNmRjrvMKd2/RV84z/VOZ4B3vy3JMwNPdN2qacG1SqSU=
j8Zgqpz+gLjdPURO20Oba5yzTw1KpHa8NZdfPKyFLM6+mdZMJwQ87vO+ipIeRCnpyy1xpKqO52G5Gx9lQwDo1E201QNUR4eDlRVfhuss4ibjROnR79zfb1rP66Q9YYZ1Y1WpJA==
NqNup5Dm3klIDTwJeptcT5GTh++VDSi/sMAj8jWL5MeZTjpAn2hSFgF908jXnZ2iZyxLNejNFmG5gGnDCOfI56ABXyQl+9+1rq7wExobltcTeYMeh4UfWSwlm5umpPyzwR+eqmR1Xqkp
WhHd8oFfHpTm2FNSsHQGYAl+bz9ce25+TeGGoEQFOva3uedQLrXOPFEuKcXx5ApvievfN0sw48mJ2Sxxv2yiBHlox34q4LceSU9zXkf5PmU7anFTblMXb6ka
