VVLwrYn+2cxQKYyR5vtx/ASCt5QBY2eUjCoXscJHPgJsVW3J2sTxVRiz3o+JPxqd8gbTfL4Of1KjkBKie6gipcfLz0ukgIsztR02sTt5sw4=
fOrWGH2Msc5oktzoPthMPYV90rCuxreYjtmx2bl0UraF3TI9F4/QcoWCJeNJL+7lJ+msT9c81NKOQLihuZEAZELEzYJut6Lz+rVW7ltj3PMxMZgjDzRJdKcLbFyYbOpNvCNh5FUssLSyNLe7CU/lHXITQaScHOKVC+NYmGi/u+DedObidWirvDJciONZarVICLRsSjliZ03jJheflVxohB0G05xQNA6pe6xp5qsMYsYj5OJxLzdfTxys60f9QQYVI/Wzmg==
+8QyoGBepikTPK3EmUu0LIV90rCuxreYjtmx2bl0UraF3TI9F4/QcoWCJeNJL+7lJ+msT9c81NKOQLihuZEAZELEzYJut6Lz+rVW7ltj3PMxMZgjDzRJdKcLbFyYbOpNvCNh5FUssLSyNLe7CU/lHXITQaScHOKVC+NYmGi/u+DedObidWirvDJciONZarVICLRsSjliZ03jJheflVxohB0G05xQNA6pe6xp5qsMYsYj5OtyLzdfTxys60f9QQYVI/Wzmg==
mExhLFwYp3wjaU0fldVVrhHwceNAc3KpuDEXxJ2rN7XGfkhz0iuOF6vpSz6fdbfYxxWIe+4yB/Pa79YKnCV2sx8=
vyWBlBGioiCNq5c7nWqvNWEVkWs4+vVPw47sgPaktWYEYfzwFLRZF9pdMpDPIbcWqcHpgZS7STxlY0hGi/32PXQhfteNA1aSiAg9ekV3NlctIkGvwIa479mH0if3BM3uNzZ1P/wUBRQGIYfbpFLqvPtZYqpFHO2Lewn7fo/VR9h3dZi7HhJXc+oPRkrshaazzw==
2Eqqndq7HyLRJcL0cOS3fs7RUkHLkaU+ij8oliEVVX1vSIfeqgD3PkhsszXHWfhGO4kxs+7z1w+zZA==
0DLFYckwXOKs3L2YGCjH3o9d8kREad3BNHTEIZs7jcWdZlk5QbgxmQ7jeJ6hQ5wjgNL6yQCzaQ==
mExhLFwYp3wjaU0fldVVrhHwceNAc3KpuDEXxJ2rN7XGfkhz0iuOF6vpSz6fdbfYxxWIe+4yB/Pa79YKnCV2sx8=
mExhLFwYp3wjaU0fldVVrhHwceNAc3KpuDEXxJ2rN7XGfkhz0iuOF6vpSz6fdbfYxxWIe+4yB/Pa79YKnCV2sx8=
mExhLFwYp3wjaU0fldVVrhHwceNAc3KpuDEXxJ2rN7XGfkhz0iuOF6vpSz6fdbfYxxWIe+4yB/Pa79YKnCV2sx8=
mExhLFwYp3wjaU0fldVVrhHwceNAc3KpuDEXxJ2rN7XGfkhz0iuOF6vpSz6fdbfYxxWIe+4yB/Pa79YKnCV2sx8=
IlEy3l1j+7qmc6hJI6pcjfrAoBn2jzM/4JazGXkAHcm/smU4IR0iiWTBSwTja+I3iLmCFVUsDx/t9RxKWpuQjzSHUa1pNo2B7XhdYVozzDZ9I2BLVGJOEWyzBQ==
bam1tz61vYtNHVPc/OBHsPctNglVOD0TPIsWSdypi1QRI7M1QvbE406zandPkbdOUz1zmANdREvSCiPT/vfKGpAtcrMb
yQzgHCmLTcJZ75uyQht7wfctNglVOD0TPI8UR9ypi1QRI7M1QvbE406zandPkbdOUz1zmANdREvSCiPT/vfKGpAtcrMb
LPu3sX0ITsBYIDRGgS99yE47P8skqSmS7OYRH9DlbjEOld5OULYQJEZ+T2arjGJGI2Tv8i+3X88cLOvH/cEGlSN1sxo=
PBe/5oj2+Z6I/dlC8jdOZkw7P8skqSmS7OYRH9DlbjEOld5OULYQJEZ+T2arjGJGI2Tv8i+3X88cLOvH/cEGlSN1sxo=
YkUFtcVRfkU78Xv5lvAfK6MCD28adnpdb5oJScb6zlIUILI+L7LV9EmgYWdPkbdOUz1znwNdREvSCiPT/vfKGpAtcrMb
DaVy6OijnBWpwJ7R1QimGqECD28adnpdb5oJScb6zlIUILI+L7LV9EmgYWdPkbdOUz1znwNdREvSCiPT/vfKGpAtcrMb
Lb3noIHfKRhxl2ANxaCea007P8skqSmS7OYRH9DlbjEOld5OULYQJEZ+T2arjGJGI2Tv8i+3X88cLOvH/cEGlSN1sxo=
XdooTZts9/lFrDdZWYOrZFw04t5xYL74Zo90anRlYYYHOSjm4Go6/Pz+YW57TOc8jxfBDTn23aEdf22BCvMcVu2jEKvkIr4xfLMV
HMLv2fHPe0R8RzdqIqhQ16ACD28adnpdb5oJScb6zlIUILI+L7LV9EmgYWdPkbdOUz1znwNdREvSCiPT/vfKGpAtcrMb
6l0wEH8qIoRis3Uk1s08WBZw7a/PDsAv1g6ODbsytelaErqigLg+vqMqQYS9yP3H8znjnifFP19PZXAbBmLfs+Lf/iqENX6zFw==
6nTjP1ei6AzP8QWkqJUM6U06P8skqSmS7OYRH9DlbjEOld5OULYQJEZ+T2arjGJGI2Tv8i+3X88cLOvH/cEGlSN1sxo=
sH4IUVlDAyaDrmhzeEJIJk46P8skqSmS7OYRH9DlbjEOld5OULYQJEZ+T2arjGJGI2Tv8i+3X88cLOvH/cEGlSN1sxo=
eTZXiUj0JbPw6OKkEuKSvUw6P8skqSmS7OYRH9DlbjEOld5OULYQJEZ+T2arjGJGI2Tv8i+3X88cLOvH/cEGlSN1sxo=
LPu3sX0ITsBYIDRGgS99yE47P8skqSmS7OYRH9DlbjEOld5OULYQJEZ+T2arjGJGI2Tv8i+3X88cLOvH/cEGlSN1sxo=
PBe/5oj2+Z6I/dlC8jdOZkw7P8skqSmS7OYRH9DlbjEOld5OULYQJEZ+T2arjGJGI2Tv8i+3X88cLOvH/cEGlSN1sxo=
YkUFtcVRfkU78Xv5lvAfK6MCD28adnpdb5oJScb6zlIUILI+L7LV9EmgYWdPkbdOUz1znwNdREvSCiPT/vfKGpAtcrMb
DaVy6OijnBWpwJ7R1QimGqECD28adnpdb5oJScb6zlIUILI+L7LV9EmgYWdPkbdOUz1znwNdREvSCiPT/vfKGpAtcrMb
Lb3noIHfKRhxl2ANxaCea007P8skqSmS7OYRH9DlbjEOld5OULYQJEZ+T2arjGJGI2Tv8i+3X88cLOvH/cEGlSN1sxo=
XdooTZts9/lFrDdZWYOrZFw04t5xYL74Zo90anRlYYYHOSjm4Go6/Pz+YW57TOc8jxfBDTn23aEdf22BCvMcVu2jEKvkIr4xfLMV
HMLv2fHPe0R8RzdqIqhQ16ACD28adnpdb5oJScb6zlIUILI+L7LV9EmgYWdPkbdOUz1znwNdREvSCiPT/vfKGpAtcrMb
6l0wEH8qIoRis3Uk1s08WBZw7a/PDsAv1g6ODbsytelaErqigLg+vqMqQYS9yP3H8znjnifFP19PZXAbBmLfs+Lf/iqENX6zFw==
6nTjP1ei6AzP8QWkqJUM6U06P8skqSmS7OYRH9DlbjEOld5OULYQJEZ+T2arjGJGI2Tv8i+3X88cLOvH/cEGlSN1sxo=
sH4IUVlDAyaDrmhzeEJIJk46P8skqSmS7OYRH9DlbjEOld5OULYQJEZ+T2arjGJGI2Tv8i+3X88cLOvH/cEGlSN1sxo=
eTZXiUj0JbPw6OKkEuKSvUw6P8skqSmS7OYRH9DlbjEOld5OULYQJEZ+T2arjGJGI2Tv8i+3X88cLOvH/cEGlSN1sxo=
LPu3sX0ITsBYIDRGgS99yE47P8skqSmS7OYRH9DlbjEOld5OULYQJEZ+T2arjGJGI2Tv8i+3X88cLOvH/cEGlSN1sxo=
PBe/5oj2+Z6I/dlC8jdOZkw7P8skqSmS7OYRH9DlbjEOld5OULYQJEZ+T2arjGJGI2Tv8i+3X88cLOvH/cEGlSN1sxo=
YkUFtcVRfkU78Xv5lvAfK6MCD28adnpdb5oJScb6zlIUILI+L7LV9EmgYWdPkbdOUz1znwNdREvSCiPT/vfKGpAtcrMb
DaVy6OijnBWpwJ7R1QimGqECD28adnpdb5oJScb6zlIUILI+L7LV9EmgYWdPkbdOUz1znwNdREvSCiPT/vfKGpAtcrMb
Lb3noIHfKRhxl2ANxaCea007P8skqSmS7OYRH9DlbjEOld5OULYQJEZ+T2arjGJGI2Tv8i+3X88cLOvH/cEGlSN1sxo=
XdooTZts9/lFrDdZWYOrZFw04t5xYL74Zo90anRlYYYHOSjm4Go6/Pz+YW57TOc8jxfBDTn23aEdf22BCvMcVu2jEKvkIr4xfLMV
HMLv2fHPe0R8RzdqIqhQ16ACD28adnpdb5oJScb6zlIUILI+L7LV9EmgYWdPkbdOUz1znwNdREvSCiPT/vfKGpAtcrMb
6l0wEH8qIoRis3Uk1s08WBZw7a/PDsAv1g6ODbsytelaErqigLg+vqMqQYS9yP3H8znjnifFP19PZXAbBmLfs+Lf/iqENX6zFw==
6nTjP1ei6AzP8QWkqJUM6U06P8skqSmS7OYRH9DlbjEOld5OULYQJEZ+T2arjGJGI2Tv8i+3X88cLOvH/cEGlSN1sxo=
sH4IUVlDAyaDrmhzeEJIJk46P8skqSmS7OYRH9DlbjEOld5OULYQJEZ+T2arjGJGI2Tv8i+3X88cLOvH/cEGlSN1sxo=
eTZXiUj0JbPw6OKkEuKSvUw6P8skqSmS7OYRH9DlbjEOld5OULYQJEZ+T2arjGJGI2Tv8i+3X88cLOvH/cEGlSN1sxo=
DA0RCxvOQ0bUHnZAy82V2PctNglVOD0TPI8UR9ypi1QRI7M1QvbE406zandPkbdOUz1zngNdREvSCiPT/vfKGpAtcrMb
8yPkI+q+X6YGADMDUJ4FSvctNglVOD0TPIsWSdypi1QRI7M1QvbE406zandPkbdOUz1zngNdREvSCiPT/vfKGpAtcrMb
DA0RCxvOQ0bUHnZAy82V2PctNglVOD0TPI8UR9ypi1QRI7M1QvbE406zandPkbdOUz1zngNdREvSCiPT/vfKGpAtcrMb
FTPzMIPvj0ee/7U1qvcgiU47P8skqSmS7OYRH9DlbjEOld5OULYQJEZ+T2arjGJGI2Tu8i+3X88cLOvH/cEGlSN1sxo=
hXg7+5cBG2iwUEBcUZg01kw7P8skqSmS7OYRH9DlbjEOld5OULYQJEZ+T2arjGJGI2Tu8i+3X88cLOvH/cEGlSN1sxo=
KAzE7VdLeFClRt/cADIUUaMCD28adnpdb5oJScb6zlIUILI+L7LV9EmgYWdPkbdOUz1zngNdREvSCiPT/vfKGpAtcrMb
N/wrgg1mGYGnq4pCeRrEG6ECD28adnpdb5oJScb6zlIUILI+L7LV9EmgYWdPkbdOUz1zngNdREvSCiPT/vfKGpAtcrMb
jGGoQw7AjhiDBxm2oFRlNk07P8skqSmS7OYRH9DlbjEOld5OULYQJEZ+T2arjGJGI2Tu8i+3X88cLOvH/cEGlSN1sxo=
UbxvfyT6azNzbN9uXeaHaVw04t5xYL74Zo90anRlYYYHOSjm4Go6/Pz+YW57TOc8jxfBDTn23aEdfm2BCvMcVu2jEKvkIr4xfLMV
uurE985i7MSuXxuvG6UAhaACD28adnpdb5oJScb6zlIUILI+L7LV9EmgYWdPkbdOUz1zngNdREvSCiPT/vfKGpAtcrMb
+9kF0Pccy8rV3omjnvdbvRZw7a/PDsAv1g6ODbsytelaErqigLg+vqMqQYS9yP3H8znjnifFP15PZXAbBmLfs+Lf/iqENX6zFw==
/1QFx9TkBBIdx/RqtB50c006P8skqSmS7OYRH9DlbjEOld5OULYQJEZ+T2arjGJGI2Tu8i+3X88cLOvH/cEGlSN1sxo=
4EOb0Pro5+EaziIUV83zSE46P8skqSmS7OYRH9DlbjEOld5OULYQJEZ+T2arjGJGI2Tu8i+3X88cLOvH/cEGlSN1sxo=
BDKzST8llJavi6g4zEQ200w6P8skqSmS7OYRH9DlbjEOld5OULYQJEZ+T2arjGJGI2Tu8i+3X88cLOvH/cEGlSN1sxo=
8yPkI+q+X6YGADMDUJ4FSvctNglVOD0TPIsWSdypi1QRI7M1QvbE406zandPkbdOUz1zngNdREvSCiPT/vfKGpAtcrMb
DA0RCxvOQ0bUHnZAy82V2PctNglVOD0TPI8UR9ypi1QRI7M1QvbE406zandPkbdOUz1zngNdREvSCiPT/vfKGpAtcrMb
Vb9hyjWuKIkFs0HXs+OpL97mHVsP/TetA4BZMLKYHdmM1v8PZS4P4PirycFFETOi0Tp67OSs/XuoLVAgYwC33F2k3yIRV9eBiR9Ahuss4ibjRO7S79ffb1zM66c9YYZ1Y1WzOg==
r2GKJUy6RKE7q3Bt3f0dtGaY23SGvlyAx/ESi/yvY02nbCHTltTQZGxIPRzQz6nuvSVj/hn+uqC8eA3HwInwzNt0J0DVIF+uicNn/SH7oCqTmDL6qwCuHjeDr1O06MvLBZWWaWtRszY=
id8rFutAQTrYffti5f801d7mHVsP/TetA4BZMLKYHdmM1v8PZi4P4PirycFFETOi0Tp67OSs/XuoLVAjYwC33F2k3yIRV9eBiR9Ahuss4ibjRO7S79ffb1zM66c9YYZ1Y1WzOg==
XuRjNEUex1JNFAoSizwAaU47Lhj+hsWEkPB1AQPIvf3TOlC0uWZQppD/6MCt2Yv27AFwJV4UPmYN60TQIRze0NiFD/ja0bXNeSNbpwl/SaeWG77rCniF9QWGcSm5PomJZkPg7qmDFPO4shJ5WLMx
c6zxxGL3LO5mwL+okMvvg+VEncJnCC8ZnXRscmgIYoc5dBDxtScWYyATKlkJcmaK+rGshIzyZ0PuNMO8vLRyLeUsaIHHmbPrkWNLPwtjXNN0v3gotyHvrltN2x5rbUxrivqbk+bnsroYfVqzMw==
vG9RY/mF6XoY5jBouRJuH97mHVsP/TetA4BZMLKYHdmM1v8PZy4P4PirycFFETOi0Tp67OSs/XuoLVAiYwC33F2k3yIRV9eBiR9Ahuss4ibjRO7S79ffb1zM66c9YYZ1Y1WzOg==
78UzW7YaFjr4S378FbbDOGaY23SGvl2Ax/ESi/yvY02nbCHTltTQZGxIPRzQz6nuvSVj/hn+uqC8eA3HwInwz9t0J0DVIF+uicNn/SH7oCqTmDL6qwCuHjeDr1O06MvLBZWWaWtRszY=
lfAGUK0dsUsWqCzN3fxvzJpQ2CsEzD9L4O54FTeP5J72ARszUo+my5s+l+D9vkM0L4rfSDF4A6vBQ7s/e0OME8TfyKgngb9uq23LHnuNfCvaGgsTlkdCekgdarMD
sS8gNnM7PtmS30FpR7jQpppQ2CsEzD5L4O54FTeP5J72ARszUo+my5s+l+D9vkM0L4rfSDJ4A6vBQ7s/e0OME8TfyKgngb9uq23LHnuNfCvaGgsTlkdCekgdarMD
Qf15qGeT8olQerXevsm0PmaY23SGvlyAx/ESi/yvY02nbCHTltTQZGxKPRzQz6nuvSVj/hn+uqC8eA3HwInwztt0J0DVIF+uicNn/SH7oCqTmDL6qwCuHjeDr1O06MvLBZWWaWtRszY=
0J2aIchSagZPro2pNdgqcZpQ2CsEzD9L4O54FTeP5J72ARkzUo+my5o+l+D9vkM0L4rfSDJ4A6vBQ7s/e0OME8TfyKgngb9uq23LHnuNfCvaGgsTlkdCekgdarMD
OTGKTttsLGKqZFSzr1fEvE47P8skqSmS7OYRH9DlbjEOld5OULYQJEZ+T2arjGJGI2Tt8i+3X88cLOvH/cEGlSN1sxo=
pdnCcKa5YT1Xd2XSRxVkDUw7P8skqSmS7OYRH9DlbjEOld5OULYQJEZ+T2arjGJGI2Tt8i+3X88cLOvH/cEGlSN1sxo=
r/3Oxa3siDSje92FXEBqbaMCD28adnpdb5oJScb6zlIUILI+L7LV9EmgYWdPkbdOUz1znQNdREvSCiPT/vfKGpAtcrMb
XD4qCWeyfO5/bPchrK/F06ECD28adnpdb5oJScb6zlIUILI+L7LV9EmgYWdPkbdOUz1znQNdREvSCiPT/vfKGpAtcrMb
PI5bvWKqnkApI8dOe5cmCk07P8skqSmS7OYRH9DlbjEOld5OULYQJEZ+T2arjGJGI2Tt8i+3X88cLOvH/cEGlSN1sxo=
u9iEx8oHn6Q3WV3POKVhAVw04t5xYL74Zo90anRlYYYHOSjm4Go6/Pz+YW57TOc8jxfBDTn23aEdfW2BCvMcVu2jEKvkIr4xfLMV
KffjMjtMuQj8uvChgAVq7qACD28adnpdb5oJScb6zlIUILI+L7LV9EmgYWdPkbdOUz1znQNdREvSCiPT/vfKGpAtcrMb
XZs4uo74lsO7j0FINFyazhZw7a/PDsAv1g6ODbsytelaErqigLg+vqMqQYS9yP3H8znjnifFP11PZXAbBmLfs+Lf/iqENX6zFw==
t+RtNtu/134Li6xpn0aB7E06P8skqSmS7OYRH9DlbjEOld5OULYQJEZ+T2arjGJGI2Tt8i+3X88cLOvH/cEGlSN1sxo=
kIR7GcEqJRyZSOIVWFXjbU46P8skqSmS7OYRH9DlbjEOld5OULYQJEZ+T2arjGJGI2Tt8i+3X88cLOvH/cEGlSN1sxo=
BfK8p4t4sAGwTYlWnPipy0w6P8skqSmS7OYRH9DlbjEOld5OULYQJEZ+T2arjGJGI2Tt8i+3X88cLOvH/cEGlSN1sxo=
X3pRa5VOkHPqSsaDmzgO8PctNglVOD0TPIsWSdypi1QRI7M1QvbE406zandPkbdOUz1znQNdREvSCiPT/vfKGpAtcrMb
JVPcX/z2papmEyhgi5qAbPctNglVOD0TPI8UR9ypi1QRI7M1QvbE406zandPkbdOUz1znQNdREvSCiPT/vfKGpAtcrMb
X3pRa5VOkHPqSsaDmzgO8PctNglVOD0TPIsWSdypi1QRI7M1QvbE406zandPkbdOUz1znQNdREvSCiPT/vfKGpAtcrMb
yvmS3XnkiiIQytO9Mw2fDNG70I+EsA6KxURPr7Y22NeUzQh2D/EfrTqQ13YKqEeGzdQDnWfxKB770eHbDpsnd7Mc
CmoGZPZHy5qM4Sry8Hi9rSYziATcsfy14eDQY1E31oqTlEAPOuvCCKCgv1OUcUmK3L7RR2B9Duk+jd5WYG5wvPYmjz6blAKek/xtap9vP9csdCufTVlmTRNtswI=
FvdAtGLcLz1piY2uM4wA7teZf31gS2c+jXImUyzFiBS9r2hTfUSwBlZekalfOHew/5fcXB1rejRXIQYKfuTlXu0sbP30OTvd3pSgoer1rqFupd5+MCbDO2KUzxaLnCLWw1Ttws8nH988XGs33dHGBUNFsyo=
SxyVOnd+2H/QV5ksdZLECycziATcsfy14eDQY1E31oqTlEAPOuvCCKCgv1OUcUmK3L7RR2B9Duk+jd5WYG5wvPYmjz6blAKek/xtap9vP9csdCufTVlmTRNtswI=
Z9CK10z8qwRe89QVdwhCl9eZf31gS2c+jXImUyzFiBS9r2hTfUSwBlZekalfOHew/5bcXB1rejRXIQYKfuTlXu0sbP30OTvd3pSgoer1rqFupd5+MCbDO2KUzxaLnCLWw1Ttws8nH988XGs33dHGBUNFsyo=
zfSm+F99x4aWSnQo8v2S5pGTh++VDSi/sMAj8jWL5MeZTjpAn2hSFgF908jXnZ2iZyxLNejNFmG5gGnDCOPK6aABXyQl+9+1rq7wExobltcTeYMeh4UfXC8lkJumov+zwh+eqmR1XrM3
JnYL7M+rPjWJBRDQWMabZJyzTw1KpHa8NZdfPKyFLM6+mdZMJwQ87vO+ipIeRCnpyy1xpKqO52G9GRFlQwDo1E201QNUR4eDlRVfhuss4ibjROzS79ffb1zM66c9YYZ1Y1WzOg==
2a/2lvhyw3sFsSGdZKEXkTHe5PvT8cM9bd3TNrhiRmGEUl4WDWXH+KO1gUJbRB/lHPVaIXV43ZNcSzZJPGnr1LFjUzUiNmRjrvMKd2/RV84z/VOc4x3ky3JKw9PeN2qacG1Sszs=
geh2arR23B3nHZ9j9Al7OCy9lQathGIWMZ3jiGd9LSL3zJt1uC0GYamguYNYQ1pp0KGvZFXbL7XejgDTartmV4PZU97XpQ9cP0VAW/bCbzNyfy5qVBVuswc=
I8CqvwNMLg2P+ggz9IakL8kSiGRQhmA3s5FmFjWV/5iLRUkCE5S3hYRlwqHt6EUzNJv+CXRZA/TJU6s1WgacQ8bDwrcngb9uq23LHHuNfCvaGgsTlkdCekgdarMD
cGQjX+AP7nN9ggG1APEiI+Ahp0FhtEEthJFmFjWV/5iLRUkCE5S3hYRlwqHt6EUzNJv+CXRZA/TJU6s1WgacQ8bDwrcngb9uq23LHHuNfCvaGgsTlkdCekgdarMD
iOYlqKIgdWpRF01bM8zbD4V90rCuxreYjtmx2bl0UraF3TI9F4/QcoWCJeNJL+7lJ+msT9c81NKOQLihuZEAZELEzYJut6Lz+rVW7ltj3PMxMZgjDzRJdKcLbFyYbOpNvCNh5FUssLSyNLe7CU/lHXITQaScHOKVC+NYmGi/u+DedObidWirvDJciONZarVICLRsSjliZ03jJheflVxohB0G05xQNA6pe6xp5qsMYsYj5OxyLzdfTxys60f9QQYVI/Wzmg==
6YZKvGPd/kOoGGhSQTOEsM7RUkHLkaU+ij8oliEVVX1vSIfeqgD3PkxqszLHWfhGO4kxs+7z1w+zZA==
t/dmw0O5wAjEuB5GSXOk849d8kREad3BNHTEIZs7jcWdZlk5Qbw3mQnjeJ6hQ5wjgNL6yQCzaQ==
okLBlWT87Qol/OmdNJcc2/ctNglVOD0TPI8UR9ypi1QRI7M1QvbE406zandPkbdOUz1zkwRdQ0vSCiPT/vfKGpAtcrMb
B90Ytj9V35IQj7ICUFX3gd7mHVsP/TetA4BZMLKYHdmM1v8PZS4P4PirycFFETOi0Tp67OSs/XuoLVAgYwC33F2k3yIRV9eBiR9Ahuss4ibjROPV79Dfb1zM66c9YYZ1Y1WzOg==
ITUvUVpl78Vu+nuy4FnwQWaY23SGvlyAx/ESi/yvY02nbCHTltTQZGxIPRzQz6nuvSVj/hn+uqC8eA3HwInwzNt0J0DVIF+uicNn/SH7oCqTmDL6qwCjGTeEr1O06MvLBZWWaWtRszY=
aTBcw/5ss/OzehdHS634TZpQ2CsEzD9L4O54FTeP5J72ARszUo+my5s+l+D9vkM0L4rfSDF4A6vBQ7s/e0OME8TfyKgngb9uq23LE3yNeyvaGgsTlkdCekgdarMD
6VKFOGOksydgcKW7rDLZrppQ2CsEzD5L4O54FTeP5J72ARszUo+my5s+l+D9vkM0L4rfSDJ4A6vBQ7s/e0OME8TfyKgngb9uq23LE3yNeyvaGgsTlkdCekgdarMD
IC78H5ShujEASFzIkvkO2maY23SGvlyAx/ESi/yvY02nbCHTltTQZGxKPRzQz6nuvSVj/hn+uqC8eA3HwInwztt0J0DVIF+uicNn/SH7oCqTmDL6qwCjGTeEr1O06MvLBZWWaWtRszY=
TqIX2waKFQIZTaIlc4XDW047Lhj+hsWEkPB1AQPIvf3TOlC0uWZQppD/6MCt2Yv27AFwJV4UPmYN60TQIRze0NiFD/ja0bXNeSNbpwl/SaeWG77rCniF9QWGcSm5M46JYUPg7qmDFPO4shJ5WLMx
C1LNsxfy4yoCisPyaTWMS+VEncJnCC8ZnXRscmgIYoc5dBDxtScWYyATKlkJcmaK+rGshIzyZ0PuNMO8vLRyLeUsaIHHmbPrkWNLPwtjXNN0v3gotyHvrltN2xNsbUtrivqbk+bnsroYfVqzMw==
+hPsJURSLHqZUJciahiYZppQ2CsEzD9L4O54FTeP5J72ARkzUo+my5o+l+D9vkM0L4rfSDJ4A6vBQ7s/e0OME8TfyKgngb9uq23LE3yNeyvaGgsTlkdCekgdarMD
Dv6FGHH6aPxsKGy1y0BhPGaY23SGvl2Ax/ESi/yvY02nbCHTltTQZGxIPRzQz6nuvSVj/hn+uqC8eA3HwInwz9t0J0DVIF+uicNn/SH7oCqTmDL6qwCjGTeEr1O06MvLBZWWaWtRszY=
ZEZr9LSacMQnC/+osGOOSt7mHVsP/TetA4BZMLKYHdmM1v8PZi4P4PirycFFETOi0Tp67OSs/XuoLVAjYwC33F2k3yIRV9eBiR9Ahuss4ibjROPV79Dfb1zM66c9YYZ1Y1WzOg==
InVpD9DweQU1mTYUFOu/fN7mHVsP/TetA4BZMLKYHdmM1v8PZy4P4PirycFFETOi0Tp67OSs/XuoLVAiYwC33F2k3yIRV9eBiR9Ahuss4ibjROPV79Dfb1zM66c9YYZ1Y1WzOg==
0bgdFP7+AGbjFWrRkByrD047P8skqSmS7OYRH9DlbjEOld5OULYQJEZ+T2arjGJGI2Tj9S+wX88cLOvH/cEGlSN1sxo=
zMoslnIbEZlpeF9T64+VyUw7P8skqSmS7OYRH9DlbjEOld5OULYQJEZ+T2arjGJGI2Tj9S+wX88cLOvH/cEGlSN1sxo=
44bxfmlHdGETaXuDEYIOiaMCD28adnpdb5oJScb6zlIUILI+L7LV9EmgYWdPkbdOUz1zkwRdQ0vSCiPT/vfKGpAtcrMb
sA81IxDxxekJv1UpbiP766ECD28adnpdb5oJScb6zlIUILI+L7LV9EmgYWdPkbdOUz1zkwRdQ0vSCiPT/vfKGpAtcrMb
UqF04MyypSqRDUXGM+lYp007P8skqSmS7OYRH9DlbjEOld5OULYQJEZ+T2arjGJGI2Tj9S+wX88cLOvH/cEGlSN1sxo=
6aa9i01CTT67VZDeBJGublw04t5xYL74Zo90anRlYYYHOSjm4Go6/Pz+YW57TOc8jxfBDTn23aEdc2qBDfMcVu2jEKvkIr4xfLMV
dDeZeumPnH8NdjH5aH5Vc6ACD28adnpdb5oJScb6zlIUILI+L7LV9EmgYWdPkbdOUz1zkwRdQ0vSCiPT/vfKGpAtcrMb
SiaVTJd9u7CEahuEYmxhvBZw7a/PDsAv1g6ODbsytelaErqigLg+vqMqQYS9yP3H8znjnifFP1NIZXcbBmLfs+Lf/iqENX6zFw==
C0fT0AnI79JjrhA9FuWtyU06P8skqSmS7OYRH9DlbjEOld5OULYQJEZ+T2arjGJGI2Tj9S+wX88cLOvH/cEGlSN1sxo=
W8lsxZHEkOc3rtQ5xOhDZU46P8skqSmS7OYRH9DlbjEOld5OULYQJEZ+T2arjGJGI2Tj9S+wX88cLOvH/cEGlSN1sxo=
Kx3zLb59KWkxanWzY+mFCEw6P8skqSmS7OYRH9DlbjEOld5OULYQJEZ+T2arjGJGI2Tj9S+wX88cLOvH/cEGlSN1sxo=
s+KozgpHe07YtZG9SnvdKfctNglVOD0TPIsWSdypi1QRI7M1QvbE406zandPkbdOUz1zkwRdQ0vSCiPT/vfKGpAtcrMb
zU+lPphRiEKrZzGV8hdnnPctNglVOD0TPI8UR9ypi1QRI7M1QvbE406zandPkbdOUz1zkgRdQ0vSCiPT/vfKGpAtcrMb
WVxHGAgNDy6QZT6rtsp/At7mHVsP/TetA4BZMLKYHdmM1v8PZS4P4PirycFFETOi0Tp67OSs/XuoLVAgYwC33F2k3yIRV9eBiR9Ahuss4ibjROLV79Dfb1zM66c9YYZ1Y1WzOg==
EetDRNqA9MeldQejaV7yEmaY23SGvlyAx/ESi/yvY02nbCHTltTQZGxIPRzQz6nuvSVj/hn+uqC8eA3HwInwzNt0J0DVIF+uicNn/SH7oCqTmDL6qwCiGTeEr1O06MvLBZWWaWtRszY=
aLB+l4Qj/nMlHxITJD494k47Lhj+hsWEkPB1AQPIvf3TOlC0uWZQppD/6MCt2Yv27AFwJV4UPmYN60TQIRze0NiFD/ja0bXNeSNbpwl/SaeWG77rCniF9QWGcSm5Mo6JYUPg7qmDFPO4shJ5WLMx
yoP/cL7F89ND+3QR87uaYOVEncJnCC8ZnXRscmgIYoc5dBDxtScWYyATKlkJcmaK+rGshIzyZ0PuNMO8vLRyLeUsaIHHmbPrkWNLPwtjXNN0v3gotyHvrltN2xJsbUtrivqbk+bnsroYfVqzMw==
A2M/aCD8LqBwiCRJhY7xA5pQ2CsEzD9L4O54FTeP5J72ARkzUo+my5o+l+D9vkM0L4rfSDJ4A6vBQ7s/e0OME8TfyKgngb9uq23LEnyNeyvaGgsTlkdCekgdarMD
ikkoRlVG+iJhMzBvWMK2UmaY23SGvl2Ax/ESi/yvY02nbCHTltTQZGxIPRzQz6nuvSVj/hn+uqC8eA3HwInwz9t0J0DVIF+uicNn/SH7oCqTmDL6qwCiGTeEr1O06MvLBZWWaWtRszY=
oCSdx6Lpr7YpEZkB7FCqYJpQ2CsEzD9L4O54FTeP5J72ARszUo+my5s+l+D9vkM0L4rfSDF4A6vBQ7s/e0OME8TfyKgngb9uq23LEnyNeyvaGgsTlkdCekgdarMD
QA9fTLG/5MIHwq/wxWH6vJpQ2CsEzD5L4O54FTeP5J72ARszUo+my5s+l+D9vkM0L4rfSDJ4A6vBQ7s/e0OME8TfyKgngb9uq23LEnyNeyvaGgsTlkdCekgdarMD
KQ5UK86p9FvlvUAADSCk2GaY23SGvlyAx/ESi/yvY02nbCHTltTQZGxKPRzQz6nuvSVj/hn+uqC8eA3HwInwztt0J0DVIF+uicNn/SH7oCqTmDL6qwCiGTeEr1O06MvLBZWWaWtRszY=
PSeRvfCrzLFGDfwjMk1hUt7mHVsP/TetA4BZMLKYHdmM1v8PZi4P4PirycFFETOi0Tp67OSs/XuoLVAjYwC33F2k3yIRV9eBiR9Ahuss4ibjROLV79Dfb1zM66c9YYZ1Y1WzOg==
CHDBEWLIWsKWrKGTPS7EAt7mHVsP/TetA4BZMLKYHdmM1v8PZy4P4PirycFFETOi0Tp67OSs/XuoLVAiYwC33F2k3yIRV9eBiR9Ahuss4ibjROLV79Dfb1zM66c9YYZ1Y1WzOg==
AJwUyfIio/SHxjB1jQR/5047P8skqSmS7OYRH9DlbjEOld5OULYQJEZ+T2arjGJGI2Ti9S+wX88cLOvH/cEGlSN1sxo=
wu8562dxW1RoVS0rhcrHKkw7P8skqSmS7OYRH9DlbjEOld5OULYQJEZ+T2arjGJGI2Ti9S+wX88cLOvH/cEGlSN1sxo=
h5X7t81TPUUU3n6xWAZSIqMCD28adnpdb5oJScb6zlIUILI+L7LV9EmgYWdPkbdOUz1zkgRdQ0vSCiPT/vfKGpAtcrMb
FEnYy/FbOK9FaYr/L29qJKECD28adnpdb5oJScb6zlIUILI+L7LV9EmgYWdPkbdOUz1zkgRdQ0vSCiPT/vfKGpAtcrMb
QIfiezNW+yfGgnhsLNVPEE07P8skqSmS7OYRH9DlbjEOld5OULYQJEZ+T2arjGJGI2Ti9S+wX88cLOvH/cEGlSN1sxo=
glSV0eWRTnSTSXdy0x5IuFw04t5xYL74Zo90anRlYYYHOSjm4Go6/Pz+YW57TOc8jxfBDTn23aEdcmqBDfMcVu2jEKvkIr4xfLMV
vXEFErCIY5vTcRKW2iE7eaACD28adnpdb5oJScb6zlIUILI+L7LV9EmgYWdPkbdOUz1zkgRdQ0vSCiPT/vfKGpAtcrMb
Ol6vMeOSGSCvkmU39b/IPhZw7a/PDsAv1g6ODbsytelaErqigLg+vqMqQYS9yP3H8znjnifFP1JIZXcbBmLfs+Lf/iqENX6zFw==
VjkdqTl4y634fxmlIY720E06P8skqSmS7OYRH9DlbjEOld5OULYQJEZ+T2arjGJGI2Ti9S+wX88cLOvH/cEGlSN1sxo=
nQbulLuywgrDnhZjsY8l2046P8skqSmS7OYRH9DlbjEOld5OULYQJEZ+T2arjGJGI2Ti9S+wX88cLOvH/cEGlSN1sxo=
/5gegS9WCgjeQ2IgeRjNBkw6P8skqSmS7OYRH9DlbjEOld5OULYQJEZ+T2arjGJGI2Ti9S+wX88cLOvH/cEGlSN1sxo=
G7ifUEVy8NhNcCXJBF04svctNglVOD0TPIsWSdypi1QRI7M1QvbE406zandPkbdOUz1zkgRdQ0vSCiPT/vfKGpAtcrMb
zU+lPphRiEKrZzGV8hdnnPctNglVOD0TPI8UR9ypi1QRI7M1QvbE406zandPkbdOUz1zkgRdQ0vSCiPT/vfKGpAtcrMb
G7ifUEVy8NhNcCXJBF04svctNglVOD0TPIsWSdypi1QRI7M1QvbE406zandPkbdOUz1zkgRdQ0vSCiPT/vfKGpAtcrMb
V1u2AfFORixL0Ja70eV7eSYziATcsfy14eDQY1E31oqTlEAPOuvCCKCgv1OUcUmK3L7RR2B9Duk+jd5WYG5wvPYmjz6blAKek/xibZ9oP9csdCufTVlmTRNtswI=
S1zplPWSpCOUrcQ2MTfPeNeZf31gS2c+jXImUyzFiBS9r2hTfUSwBlZekalfOHew/5fcXB1rejRXIQYKfuTlXu0sbP30OTvd3pSgoer1rqFupd5+MCbDO2KUzxaLnCLWw1Tixc8gH988XGs33dHGBUNFsyo=
oUdTqVixVnFkwM8BUoDohScziATcsfy14eDQY1E31oqTlEAPOuvCCKCgv1OUcUmK3L7RR2B9Duk+jd5WYG5wvPYmjz6blAKek/xibZ9oP9csdCufTVlmTRNtswI=
+/JAhPXYdUXrvQ71idJ1kNeZf31gS2c+jXImUyzFiBS9r2hTfUSwBlZekalfOHew/5bcXB1rejRXIQYKfuTlXu0sbP30OTvd3pSgoer1rqFupd5+MCbDO2KUzxaLnCLWw1Tixc8gH988XGs33dHGBUNFsyo=
sGUGnY80IKavQeI2eGZ1cfctNglVOD0TPI8UR9ypi1QRI7M1QvbE406zandPkbdOUz1znQFdT0vSCSDT/ffKGpAtcqkF
imij8idRBiZNuEvlKaUuft7mHVsP/TetA4BZMLKYHdmM1v8PZS4P4PirycFFETOi0Tp67OSs/XuoLVAgYwC33F2k3yIRV9eBiR9Ahuss4ibjRO3Q79zfb1/P66Q9YYZ1Y1WpJA==
9JTsTiO2t2OGZo4RsE6ceWaY23SGvlyAx/ESi/yvY02nbCHTltTQZGxIPRzQz6nuvSVj/hn+uqC8eA3HwInwzNt0J0DVIF+uicNn/SH7oCqTmDL6qwCtHDeIr1O368vIBZWWaWtRqSg=
+lawt2gFnbD9QuAMA/k+gt7mHVsP/TetA4BZMLKYHdmM1v8PZi4P4PirycFFETOi0Tp67OSs/XuoLVAjYwC33F2k3yIRV9eBiR9Ahuss4ibjRO3Q79zfb1/P66Q9YYZ1Y1WpJA==
b5yy5ljz+BK5bpT68ejqjuVEncJnCC8ZnXRscmgIYoc5dBDxtScWYyATKlkJcmaK+rGshIzyZ0PuNMO8vLRyLeUsaIHHmbPrkWNLPwtjXNN0v3gotyHvrltN2x1pbUdrivmYk+XnsroYfVqpLQ==
X8bEBcHYaiRw3DEDWQYHLZpQ2CsEzD9L4O54FTeP5J72ARkzUo+my5o+l+D9vkM0L4rfSDJ4A6vBQ7s/e0OME8TfyKgngb9uq23LHXmNdyvaGQgTlUdCekgdaqkd
aei0H32dMV8/pgMvCs1jp5pQ2CsEzD5L4O54FTeP5J72ARszUo+my5s+l+D9vkM0L4rfSDJ4A6vBQ7s/e0OME8TfyKgngb9uq23LHXmNdyvaGQgTlUdCekgdaqkd
QFn09XmW1H1o1AIauiWUdU47Lhj+hsWEkPB1AQPIvf3TOlC0uWZQppD/6MCt2Yv27AFwJV4UPmYN60TQIRze0NiFD/ja0bXNeSNbpwl/SaeWG77rCniF9QWGcSm5PYuJbUPg7aqDF/O4shJ5WKkv
BlQxfClgkH2OSeSTceSQXmaY23SGvl2Ax/ESi/yvY02nbCHTltTQZGxIPRzQz6nuvSVj/hn+uqC8eA3HwInwz9t0J0DVIF+uicNn/SH7oCqTmDL6qwCtHDeIr1O368vIBZWWaWtRqSg=
eMYHCL5nlsKWgeX5wBdtfJpQ2CsEzD9L4O54FTeP5J72ARszUo+my5s+l+D9vkM0L4rfSDF4A6vBQ7s/e0OME8TfyKgngb9uq23LHXmNdyvaGQgTlUdCekgdaqkd
r9opv+wqcIxmbcvMf+Sdid7mHVsP/TetA4BZMLKYHdmM1v8PZy4P4PirycFFETOi0Tp67OSs/XuoLVAiYwC33F2k3yIRV9eBiR9Ahuss4ibjRO3Q79zfb1/P66Q9YYZ1Y1WpJA==
ookURbolcax7qI/YwUyX2GaY23SGvlyAx/ESi/yvY02nbCHTltTQZGxKPRzQz6nuvSVj/hn+uqC8eA3HwInwztt0J0DVIF+uicNn/SH7oCqTmDL6qwCtHDeIr1O368vIBZWWaWtRqSg=
SW/nFmEX0ypZxd5A/dTdGU47P8skqSmS7OYRH9DlbjEOld5OULYQJEZ+T2arjGJGI2Ts8C+8X88fL+vE/cEGlSN1qQQ=
Bj9xZSGCLkA8RxKPAUe850w7P8skqSmS7OYRH9DlbjEOld5OULYQJEZ+T2arjGJGI2Ts8C+8X88fL+vE/cEGlSN1qQQ=
gih7KbXkv+o7qntxLFWH7qMCD28adnpdb5oJScb6zlIUILI+L7LV9EmgYWdPkbdOUz1znAFdT0vSCSDT/ffKGpAtcqkF
N/43t5KjwKoXJ8LS/ZRpfKECD28adnpdb5oJScb6zlIUILI+L7LV9EmgYWdPkbdOUz1znAFdT0vSCSDT/ffKGpAtcqkF
ZE0+IbnOY2B9BdwRrp+CdE07P8skqSmS7OYRH9DlbjEOld5OULYQJEZ+T2arjGJGI2Ts8C+8X88fL+vE/cEGlSN1qQQ=
39cXR1eIsZ9ATN8i/aYMDFw04t5xYL74Zo90anRlYYYHOSjm4Go6/Pz+YW57TOc8jxfBDTn23aEdfG+BAfMcVe6jE6vkIr4xfKkL
lcw9Txiuy0RIm8Szpxn326ACD28adnpdb5oJScb6zlIUILI+L7LV9EmgYWdPkbdOUz1znAFdT0vSCSDT/ffKGpAtcqkF
XLV219pNaHWkg/XH5QnpxRZw7a/PDsAv1g6ODbsytelaErqigLg+vqMqQYS9yP3H8znjnifFP1xNZXsbBmHcs+Hf/iqENX6pCQ==
zTCLHOYorof8ZjY9G3XDlU06P8skqSmS7OYRH9DlbjEOld5OULYQJEZ+T2arjGJGI2Ts8C+8X88fL+vE/cEGlSN1qQQ=
kz4VPT4TU9MBJ2GxOOKju046P8skqSmS7OYRH9DlbjEOld5OULYQJEZ+T2arjGJGI2Ts8C+8X88fL+vE/cEGlSN1qQQ=
ASWS3q6FYVf1emH55BRqmEw6P8skqSmS7OYRH9DlbjEOld5OULYQJEZ+T2arjGJGI2Ts8C+8X88fL+vE/cEGlSN1qQQ=
PmQa8TT+NSaNIY7jW7398/ctNglVOD0TPIsWSdypi1QRI7M1QvbE406zandPkbdOUz1znAFdT0vSCSDT/ffKGpAtcqkF
ClpEL5qeMI8kW78RShGu6vctNglVOD0TPI8UR9ypi1QRI7M1QvbE406zandPkbdOUz1znAFdT0vSCSDT/ffKGpAtcqkF
6pDcuF0f92qJgEoZdb3Q2d7mHVsP/TetA4BZMLKYHdmM1v8PZS4P4PirycFFETOi0Tp67OSs/XuoLVAgYwC33F2k3yIRV9eBiR9Ahuss4ibjROzQ79zfb1/P66Q9YYZ1Y1WpJA==
daDnnvDdHuwGr5GxsiyJrGaY23SGvlyAx/ESi/yvY02nbCHTltTQZGxIPRzQz6nuvSVj/hn+uqC8eA3HwInwzNt0J0DVIF+uicNn/SH7oCqTmDL6qwCsHDeIr1O368vIBZWWaWtRqSg=
wNMA12k7kBp1oJfdcqC4p97mHVsP/TetA4BZMLKYHdmM1v8PZy4P4PirycFFETOi0Tp67OSs/XuoLVAiYwC33F2k3yIRV9eBiR9Ahuss4ibjROzQ79zfb1/P66Q9YYZ1Y1WpJA==
Dc/iqTpYoRXGD+N8sbhl5WaY23SGvlyAx/ESi/yvY02nbCHTltTQZGxKPRzQz6nuvSVj/hn+uqC8eA3HwInwztt0J0DVIF+uicNn/SH7oCqTmDL6qwCsHDeIr1O368vIBZWWaWtRqSg=
mOFALZm8ziZIlYUO6y5VdppQ2CsEzD9L4O54FTeP5J72ARkzUo+my5o+l+D9vkM0L4rfSDJ4A6vBQ7s/e0OME8TfyKgngb9uq23LHHmNdyvaGQgTlUdCekgdaqkd
o7Ih/v9edojhijhXrKSIh2aY23SGvl2Ax/ESi/yvY02nbCHTltTQZGxIPRzQz6nuvSVj/hn+uqC8eA3HwInwz9t0J0DVIF+uicNn/SH7oCqTmDL6qwCsHDeIr1O368vIBZWWaWtRqSg=
Q8aPcD8vD6fssuT8Zg0kxppQ2CsEzD9L4O54FTeP5J72ARszUo+my5s+l+D9vkM0L4rfSDF4A6vBQ7s/e0OME8TfyKgngb9uq23LHHmNdyvaGQgTlUdCekgdaqkd
Lq5kqng8YURHDJMG1Ab4vJpQ2CsEzD5L4O54FTeP5J72ARszUo+my5s+l+D9vkM0L4rfSDJ4A6vBQ7s/e0OME8TfyKgngb9uq23LHHmNdyvaGQgTlUdCekgdaqkd
mtuAB5cP/CwrcODCQix9mt7mHVsP/TetA4BZMLKYHdmM1v8PZi4P4PirycFFETOi0Tp67OSs/XuoLVAjYwC33F2k3yIRV9eBiR9Ahuss4ibjROzQ79zfb1/P66Q9YYZ1Y1WpJA==
KnHVf04ryPbr5kkl7OccYU47Lhj+hsWEkPB1AQPIvf3TOlC0uWZQppD/6MCt2Yv27AFwJV4UPmYN60TQIRze0NiFD/ja0bXNeSNbpwl/SaeWG77rCniF9QWGcSm5PIuJbUPg7aqDF/O4shJ5WKkv
I0yGblpQRPjr0cL0V9Kts+VEncJnCC8ZnXRscmgIYoc5dBDxtScWYyATKlkJcmaK+rGshIzyZ0PuNMO8vLRyLeUsaIHHmbPrkWNLPwtjXNN0v3gotyHvrltN2xxpbUdrivmYk+XnsroYfVqpLQ==
SW/nFmEX0ypZxd5A/dTdGU47P8skqSmS7OYRH9DlbjEOld5OULYQJEZ+T2arjGJGI2Ts8C+8X88fL+vE/cEGlSN1qQQ=
Bj9xZSGCLkA8RxKPAUe850w7P8skqSmS7OYRH9DlbjEOld5OULYQJEZ+T2arjGJGI2Ts8C+8X88fL+vE/cEGlSN1qQQ=
gih7KbXkv+o7qntxLFWH7qMCD28adnpdb5oJScb6zlIUILI+L7LV9EmgYWdPkbdOUz1znAFdT0vSCSDT/ffKGpAtcqkF
N/43t5KjwKoXJ8LS/ZRpfKECD28adnpdb5oJScb6zlIUILI+L7LV9EmgYWdPkbdOUz1znAFdT0vSCSDT/ffKGpAtcqkF
ZE0+IbnOY2B9BdwRrp+CdE07P8skqSmS7OYRH9DlbjEOld5OULYQJEZ+T2arjGJGI2Ts8C+8X88fL+vE/cEGlSN1qQQ=
39cXR1eIsZ9ATN8i/aYMDFw04t5xYL74Zo90anRlYYYHOSjm4Go6/Pz+YW57TOc8jxfBDTn23aEdfG+BAfMcVe6jE6vkIr4xfKkL
lcw9Txiuy0RIm8Szpxn326ACD28adnpdb5oJScb6zlIUILI+L7LV9EmgYWdPkbdOUz1znAFdT0vSCSDT/ffKGpAtcqkF
XLV219pNaHWkg/XH5QnpxRZw7a/PDsAv1g6ODbsytelaErqigLg+vqMqQYS9yP3H8znjnifFP1xNZXsbBmHcs+Hf/iqENX6pCQ==
zTCLHOYorof8ZjY9G3XDlU06P8skqSmS7OYRH9DlbjEOld5OULYQJEZ+T2arjGJGI2Ts8C+8X88fL+vE/cEGlSN1qQQ=
kz4VPT4TU9MBJ2GxOOKju046P8skqSmS7OYRH9DlbjEOld5OULYQJEZ+T2arjGJGI2Ts8C+8X88fL+vE/cEGlSN1qQQ=
ASWS3q6FYVf1emH55BRqmEw6P8skqSmS7OYRH9DlbjEOld5OULYQJEZ+T2arjGJGI2Ts8C+8X88fL+vE/cEGlSN1qQQ=
PmQa8TT+NSaNIY7jW7398/ctNglVOD0TPIsWSdypi1QRI7M1QvbE406zandPkbdOUz1znAFdT0vSCSDT/ffKGpAtcqkF
ClpEL5qeMI8kW78RShGu6vctNglVOD0TPI8UR9ypi1QRI7M1QvbE406zandPkbdOUz1znAFdT0vSCSDT/ffKGpAtcqkF
PmQa8TT+NSaNIY7jW7398/ctNglVOD0TPIsWSdypi1QRI7M1QvbE406zandPkbdOUz1znAFdT0vSCSDT/ffKGpAtcqkF
+QUacuqyJ8n4qp1p4+7XsiYziATcsfy14eDQY1E31oqTlEAPOuvCCKCgv1OUcUmK3L7RR2B9Duk+jd5WYG5wvPYmjz6blAKek/xjaJ9kP9cvdyucTVlmTRNtqRw=
FPhruTO7eXfX2ndigENS4teZf31gS2c+jXImUyzFiBS9r2hTfUSwBlZekalfOHew/5fcXB1rejRXIQYKfuTlXu0sbP30OTvd3pSgoer1rqFupd5+MCbDO2KUzxaLnCLWw1TjwM8sH98/X2s03dHGBUNFqTQ=
8NVA3tqo/IYKH5fR9nAhmycziATcsfy14eDQY1E31oqTlEAPOuvCCKCgv1OUcUmK3L7RR2B9Duk+jd5WYG5wvPYmjz6blAKek/xjaJ9kP9cvdyucTVlmTRNtqRw=
sDikeWKcA60WDD73J5/he9eZf31gS2c+jXImUyzFiBS9r2hTfUSwBlZekalfOHew/5bcXB1rejRXIQYKfuTlXu0sbP30OTvd3pSgoer1rqFupd5+MCbDO2KUzxaLnCLWw1TjwM8sH98/X2s03dHGBUNFqTQ=
SnpdQWbyn/dH8zuoW07ylsRV9VNLf92MaEmNb9kmjcWdZlk5Qbs2mQ3keJ2iQ58jgNL6yQCpdw==
jC2fqt023KanHJUYaJ5OmMZQ8VxKed2RaEmNb9kmjcWdZlk5Qbo2mQ3keJ2iQ58jgNL6yQCpdw==
POqW+pmf/GzyDKLIAVrW77mwsZWPCeKyi+N2WOESVQ0PmPbV/m8jNDfgsvveiW/Zlk7RMALT3rrB509TIh8a/JXrkEv9FAkWLrAXFooIB2bDtsM/4BFrPfuyIXuOe2dXqSI=
ebLz2cvehaEPU9d8ti4Klxng1lYnWsqwq3BGS55ZT6mWvvFgwmO+KkF376NiT/rMldtwG73kqYauIHemSlgnlsPH4++goYuteyKBC06rB2epEg==
WA7phJvHGfyE6hcqqVawajAoIyFN+N6xcnI//I2YPD4YZJQ+2nV1ARPXwcPpEwcX8rtySBVf+O8tUEHiDsQfEpos71KOASubcJXjSVtGaT9eXw9jqRY=
chDMOHlbFaR88KeDJoJewS6LnetQSeT0gRoxVn2ajuxii2Y9MMezYRqLyoZo2C21+JZ+kcvDb5Y7ibt+T1WH2rH12rxekZRzKY8GSqwFZqkR
VozyB+H5gOJ9hkUxXJ2rfYghMdZxal+ycgRVplXxPnqziHJqC1CrTJcS6EOXu0uYJYXW+csBqXg=
REi4KbDcARw9RM6wjdiFrMZQ8VxKed2RaUmNb9gmjcWdZlk5QbszmQ/keJ2iQ58jgNL6yQCpdw==
08vg3GkPnOx4cSg9wmF76LmwsZWPCeKyi+N2WOASVQ0PmPbV/m8jNDfgsvveiW/Zlk7RMALT3rrB509TIh8a/JXrkEr9FAkXLrAXFooIB2bJtMM84BFrPfuyIXuOe2dXqSI=
lrtjhp/9Y5pa8hM3ZNrJ3SOQk+sVAPnzixh2Si6dmOZtxzU+PITzKVzBzoZo2C21+JZ/kcvDbpY7ibt+T1WH27b12bxekZRzKY8GSqwFZqkR
6ekteSj268RWHuvZveOiiTAoIyFN+N6xcnI//I2YPD4YZJQ+2nV1ARPXwcPpEwcX8rtySBVf+O4tUEHjDsQfEpos71KNASuYcJXjSVtGaT9eXw9jqRY=
3T+ss3eqzJmT+LRQJIjw1RntzVgnH4OtrHpEDIIKSL+csb0zwW/9agkxpadiT/rMldtwGr3kqYeuIHemSlgnlsvC4+ygoYuteyKBC06rB2epEg==
478xArl0ctWISkrP/9vqHmwsIRnxdDnz8UEaxWZiVYmUbLX+hbn+wgMg0vKb2C2x5/qIm8dzC6AVrfbh2wmpAA==
gby95hjmVDjW6AfMvT0pTInG1A1Ayap2LACBNVTOu+Evy3K2B0Ef7sut6xyczd2sutloE7UHovro3QqpfQ==
8PnkaO5/fjU6vBLd+w0UKZlc5x3VSa4gof19dZzJTPX56Wk5xRlRNwxGeb1hFrVRlfvnMaJUxCUW48v73AKWIXSpAw==
LQ6V3Ctyyoiptt1lkgP/uSh0d03geSijqUJPlTEsBLaGHMfkjsn8wgMg0vKb2Cqw5/uIm8dzC6AVrfbh2wmpAA==
cHTG1hAl3W3kZwhn8aLDYgX/JKMZNS7w+nMZk8jvc+TXZH8jgWquFKvpSz6fdbffxBWMfO4xBPPZ79YKnCV2qQE=
gsxb7yT19g9rDlbbPv1tNiZnclSYAQLjZCqn/rnY8RJSUGkAzOqqVy5RqBnwTyaw3BjlGT9cQu48Zfr4k6swnYWoxOWRYOGd10MckrDyzPOx1uue2SxHE1F+WFPFvgLsPwBQfMmWJpzYW24MCEVinOH17dqhZYhbjsdJ3RFWpbEl+JSRtpR0BWZjGxtMQuaBpKnT
B4ZlPloT7kOBsEzS0COnts7RUkHLkaU+ij8oliEVVX1vSIfeqgD3Pk9tszHAWftFO4oxs+7z1w+peg==
sdff5L+ZcyrNeHNzVYmeo49d8kREad3BNHTEIZs7jcWdZlk5Qb8wmQrkeJ2iQ58jgNL6yQCpdw==
Ja7mkGEAKxqHBs5SKvQrtB+zeuFcYXO7qSFU1IL+N7/9P08j3jWEAqvpSz6fdbffxhWMfO4xBPPZ79YKnCV2qQE=
h33/ZKJDnvAaNnXov5stsIghMdZxal+ycgZVplXzPnqziHJqC1CqSJcX6EOXu0uYJYXW+csBqXg=
4AF3PSxq1SUfSFxjIHZVkr/g0Hla0vy9R1od8auFdLc4EXnaH9rkvwdyno/lAm0RKI/ZXjfSZZp9t972S/yidgN07OQPg5i//79rVJ0xRqUDZakU
1A1SOdOsNP8ubT1H/FoLRL/g0Hla0vy9R1od8auFdLc4EXnaH9rkvwdyno/lAm0RKI/ZXjfQZZp9td72S/yidgN04+UPg5i//79rVJ0xRqUDZakU
94rG9LcW9lkGiASbz103HWwsIRnxdDnz8UEaxWZiVYmUbbX+hbj+wgMg0vKb2C+15/CIm8dzC6AVrfbh2wmpAA==
bbb4tlk2WiwDKuSuZoYDkonG1A1Ayap2LACBNVTOuuEvy3O2B0Ef7sut6x+YzdesutloE7UHovro3QqpfQ==
cQKNnyvewwatZlwM7N1UVL/g0Hla0vy9R1od8auFdLc4EXnaH9rkvwdyno/lAm0RKI/ZXjfRZZp9tN72S/yidgN06+IPjJi//79rVJ0xRqUDZakU
a8G684C0TGWQzTsANR1OYCZnclSYAQLjZCqn/rnY8RJSUGkAzOqqVy5RqBnwTyaw3BjlGT9cQu48Zfr4k6swnYWoxOWRYOGd10MckrDyzPOx1uue2SxHE1F+WFPFvgLsPwBQfMmWJpzYW24MCEVinOH17dqhZYhbjsdJ3RFWpbEl/pWRuZR0BWZjGxtMQuaBpKnT
kVEj+QdqyIWn74MwXQSNu87RUkHLkaU+ij8oliEVVX1vSIfeqgD3Pk1ssz7AWftFO4oxs+7z1w+peg==
onZQZs2iSYFWMbtDVosWpY9d8kREad3BNHTEIZs7jcWdZlk5Qb0xmQXkeJ2iQ58jgNL6yQCpdw==
YXDUe1hhMCqWIXRzPLwTIB+zeuFcYXO7qSFU1IL+N7/9P08j3jWEAqvpSz6fdbfdxxWDfO4xBPPZ79YKnCV2qQE=
gWkOxkbKD/uSTlaXPyvZRCZnclSYAQLjZCqn/rnY8RJSUGkAzOqqVy5RqBnwTyaw3BjlGT9cQu48Zfr4k6swnYWoxOWRYOGd10MckrDyzPOx1uue2SxHE1F+WFPFvgLsPwBQfMmWJpzYW24MCEVinOH17dqhZYhbjsdJ3RFWpbEl/5ORuZR0BWZjGxtMQuaBpKnT
YmQRaZ6C6KVJCEJua+/KHs7RUkHLkaU+ij8oliEVVX1vSIfeqgD3Pk5qsz7AWftFO4oxs+7z1w+peg==
RPx7P78SzhtkjLAoL6DWvY9d8kREad3BNHTEIZs7jcWdZlk5Qb43mQXkeJ2iQ58jgNL6yQCpdw==
KUgS1P+oUmUoVRUnyp+nJR+zeuFcYXO7qSFU1IL+N7/9P08j3jWEAqvpSz6fdbfewRWDfO4xBPPZ79YKnCV2qQE=
zftIm/Hz5vP9GXAxUVN3IyZnclSYAQLjZCqn/rnY8RJSUGkAzOqqVy5RqBnwTyaw3BjlGT9cQu48Zfr4k6swnYWoxOWRYOGd10MckrDyzPOx1uue2SxHE1F+WFPFvgLsPwBQfMmWJpzYW24MCEVinOH17dqhZYhbjsdJ3RFWpbEl+5KRuZR0BWZjGxtMQuaBpKnT
57Yeo8h1o4ZvF7LNQUSm8c7RUkHLkaU+ij8oliEVVX1vSIfeqgD3Pklrsz7AWftFO4oxs+7z1w+peg==
a6Da6t6ygTB92qdYskaNn49d8kREad3BNHTEIZs7jcWdZlk5Qbk2mQXkeJ2iQ58jgNL6yQCpdw==
H4beUEyZJpyyaneeMDnLhR+zeuFcYXO7qSFU1IL+N7/9P08j3jWEAqvpSz6fdbfZwBWDfO4xBPPZ79YKnCV2qQE=
UfTjKajciiluTkKVMX6NC/ctNglVOD0TPI8UR9ypi1QRI7M1QvbE406zandPkbdOUz1znARdT0zSCSDT/ffKGpAtcqkF
jYbHZ6ehLK0xJtdQn0CIMt7mHVsP/TetA4BZMLKYHdmM1v8PZS4P4PirycFFETOi0Tp67OSs/XuoLVAgYwC33F2k3yIRV9eBiR9Ahuss4ibjROzV79zYb1/P66Q9YYZ1Y1WpJA==
qLy6zYkpndJG8kyP2bE6smaY23SGvlyAx/ESi/yvY02nbCHTltTQZGxIPRzQz6nuvSVj/hn+uqC8eA3HwInwzNt0J0DVIF+uicNn/SH7oCqTmDL6qwCsGTeIqFO368vIBZWWaWtRqSg=
ptSvrbYdoxZUKyvNu/wk9uVEncJnCC8ZnXRscmgIYoc5dBDxtScWYyATKlkJcmaK+rGshIzyZ0PuNMO8vLRyLeUsaIHHmbPrkWNLPwtjXNN0v3gotyHvrltN2xxsbUdsivmYk+XnsroYfVqpLQ==
wIIDggHkVEYfAAjBBuiIfZpQ2CsEzD9L4O54FTeP5J72ARkzUo+my5o+l+D9vkM0L4rfSDJ4A6vBQ7s/e0OME8TfyKgngb9uq23LHHyNdyzaGQgTlUdCekgdaqkd
LZT+UhnhcXRlj+zxox06ZppQ2CsEzD5L4O54FTeP5J72ARszUo+my5s+l+D9vkM0L4rfSDJ4A6vBQ7s/e0OME8TfyKgngb9uq23LHHyNdyzaGQgTlUdCekgdaqkd
8LzEfl0oOgArUgwJYi1AF5pQ2CsEzD9L4O54FTeP5J72ARszUo+my5s+l+D9vkM0L4rfSDF4A6vBQ7s/e0OME8TfyKgngb9uq23LHHyNdyzaGQgTlUdCekgdaqkd
KZtPYuy/rkBChDBrAAsTGWaY23SGvlyAx/ESi/yvY02nbCHTltTQZGxKPRzQz6nuvSVj/hn+uqC8eA3HwInwztt0J0DVIF+uicNn/SH7oCqTmDL6qwCsGTeIqFO368vIBZWWaWtRqSg=
gxZ/bVIYn8k/BvHavhrFht7mHVsP/TetA4BZMLKYHdmM1v8PZi4P4PirycFFETOi0Tp67OSs/XuoLVAjYwC33F2k3yIRV9eBiR9Ahuss4ibjROzV79zYb1/P66Q9YYZ1Y1WpJA==
FiiowUOG3MDleC2S9bzpZmaY23SGvl2Ax/ESi/yvY02nbCHTltTQZGxIPRzQz6nuvSVj/hn+uqC8eA3HwInwz9t0J0DVIF+uicNn/SH7oCqTmDL6qwCsGTeIqFO368vIBZWWaWtRqSg=
ZyBfgXd0Ojz5hy2EfBj9ld7mHVsP/TetA4BZMLKYHdmM1v8PZy4P4PirycFFETOi0Tp67OSs/XuoLVAiYwC33F2k3yIRV9eBiR9Ahuss4ibjROzV79zYb1/P66Q9YYZ1Y1WpJA==
TZryWon+joM4xRY6VuNLek47Lhj+hsWEkPB1AQPIvf3TOlC0uWZQppD/6MCt2Yv27AFwJV4UPmYN60TQIRze0NiFD/ja0bXNeSNbpwl/SaeWG77rCniF9QWGcSm5PI6JbUTg7aqDF/O4shJ5WKkv
UfTjKajciiluTkKVMX6NC/ctNglVOD0TPI8UR9ypi1QRI7M1QvbE406zandPkbdOUz1znARdT0zSCSDT/ffKGpAtcqkF
jYbHZ6ehLK0xJtdQn0CIMt7mHVsP/TetA4BZMLKYHdmM1v8PZS4P4PirycFFETOi0Tp67OSs/XuoLVAgYwC33F2k3yIRV9eBiR9Ahuss4ibjROzV79zYb1/P66Q9YYZ1Y1WpJA==
qLy6zYkpndJG8kyP2bE6smaY23SGvlyAx/ESi/yvY02nbCHTltTQZGxIPRzQz6nuvSVj/hn+uqC8eA3HwInwzNt0J0DVIF+uicNn/SH7oCqTmDL6qwCsGTeIqFO368vIBZWWaWtRqSg=
ZyBfgXd0Ojz5hy2EfBj9ld7mHVsP/TetA4BZMLKYHdmM1v8PZy4P4PirycFFETOi0Tp67OSs/XuoLVAiYwC33F2k3yIRV9eBiR9Ahuss4ibjROzV79zYb1/P66Q9YYZ1Y1WpJA==
KZtPYuy/rkBChDBrAAsTGWaY23SGvlyAx/ESi/yvY02nbCHTltTQZGxKPRzQz6nuvSVj/hn+uqC8eA3HwInwztt0J0DVIF+uicNn/SH7oCqTmDL6qwCsGTeIqFO368vIBZWWaWtRqSg=
ptSvrbYdoxZUKyvNu/wk9uVEncJnCC8ZnXRscmgIYoc5dBDxtScWYyATKlkJcmaK+rGshIzyZ0PuNMO8vLRyLeUsaIHHmbPrkWNLPwtjXNN0v3gotyHvrltN2xxsbUdsivmYk+XnsroYfVqpLQ==
wIIDggHkVEYfAAjBBuiIfZpQ2CsEzD9L4O54FTeP5J72ARkzUo+my5o+l+D9vkM0L4rfSDJ4A6vBQ7s/e0OME8TfyKgngb9uq23LHHyNdyzaGQgTlUdCekgdaqkd
LZT+UhnhcXRlj+zxox06ZppQ2CsEzD5L4O54FTeP5J72ARszUo+my5s+l+D9vkM0L4rfSDJ4A6vBQ7s/e0OME8TfyKgngb9uq23LHHyNdyzaGQgTlUdCekgdaqkd
8LzEfl0oOgArUgwJYi1AF5pQ2CsEzD9L4O54FTeP5J72ARszUo+my5s+l+D9vkM0L4rfSDF4A6vBQ7s/e0OME8TfyKgngb9uq23LHHyNdyzaGQgTlUdCekgdaqkd
TZryWon+joM4xRY6VuNLek47Lhj+hsWEkPB1AQPIvf3TOlC0uWZQppD/6MCt2Yv27AFwJV4UPmYN60TQIRze0NiFD/ja0bXNeSNbpwl/SaeWG77rCniF9QWGcSm5PI6JbUTg7aqDF/O4shJ5WKkv
gxZ/bVIYn8k/BvHavhrFht7mHVsP/TetA4BZMLKYHdmM1v8PZi4P4PirycFFETOi0Tp67OSs/XuoLVAjYwC33F2k3yIRV9eBiR9Ahuss4ibjROzV79zYb1/P66Q9YYZ1Y1WpJA==
FiiowUOG3MDleC2S9bzpZmaY23SGvl2Ax/ESi/yvY02nbCHTltTQZGxIPRzQz6nuvSVj/hn+uqC8eA3HwInwz9t0J0DVIF+uicNn/SH7oCqTmDL6qwCsGTeIqFO368vIBZWWaWtRqSg=
UfTjKajciiluTkKVMX6NC/ctNglVOD0TPI8UR9ypi1QRI7M1QvbE406zandPkbdOUz1znARdT0zSCSDT/ffKGpAtcqkF
jYbHZ6ehLK0xJtdQn0CIMt7mHVsP/TetA4BZMLKYHdmM1v8PZS4P4PirycFFETOi0Tp67OSs/XuoLVAgYwC33F2k3yIRV9eBiR9Ahuss4ibjROzV79zYb1/P66Q9YYZ1Y1WpJA==
qLy6zYkpndJG8kyP2bE6smaY23SGvlyAx/ESi/yvY02nbCHTltTQZGxIPRzQz6nuvSVj/hn+uqC8eA3HwInwzNt0J0DVIF+uicNn/SH7oCqTmDL6qwCsGTeIqFO368vIBZWWaWtRqSg=
TZryWon+joM4xRY6VuNLek47Lhj+hsWEkPB1AQPIvf3TOlC0uWZQppD/6MCt2Yv27AFwJV4UPmYN60TQIRze0NiFD/ja0bXNeSNbpwl/SaeWG77rCniF9QWGcSm5PI6JbUTg7aqDF/O4shJ5WKkv
ptSvrbYdoxZUKyvNu/wk9uVEncJnCC8ZnXRscmgIYoc5dBDxtScWYyATKlkJcmaK+rGshIzyZ0PuNMO8vLRyLeUsaIHHmbPrkWNLPwtjXNN0v3gotyHvrltN2xxsbUdsivmYk+XnsroYfVqpLQ==
gxZ/bVIYn8k/BvHavhrFht7mHVsP/TetA4BZMLKYHdmM1v8PZi4P4PirycFFETOi0Tp67OSs/XuoLVAjYwC33F2k3yIRV9eBiR9Ahuss4ibjROzV79zYb1/P66Q9YYZ1Y1WpJA==
FiiowUOG3MDleC2S9bzpZmaY23SGvl2Ax/ESi/yvY02nbCHTltTQZGxIPRzQz6nuvSVj/hn+uqC8eA3HwInwz9t0J0DVIF+uicNn/SH7oCqTmDL6qwCsGTeIqFO368vIBZWWaWtRqSg=
wIIDggHkVEYfAAjBBuiIfZpQ2CsEzD9L4O54FTeP5J72ARkzUo+my5o+l+D9vkM0L4rfSDJ4A6vBQ7s/e0OME8TfyKgngb9uq23LHHyNdyzaGQgTlUdCekgdaqkd
LZT+UhnhcXRlj+zxox06ZppQ2CsEzD5L4O54FTeP5J72ARszUo+my5s+l+D9vkM0L4rfSDJ4A6vBQ7s/e0OME8TfyKgngb9uq23LHHyNdyzaGQgTlUdCekgdaqkd
8LzEfl0oOgArUgwJYi1AF5pQ2CsEzD9L4O54FTeP5J72ARszUo+my5s+l+D9vkM0L4rfSDF4A6vBQ7s/e0OME8TfyKgngb9uq23LHHyNdyzaGQgTlUdCekgdaqkd
KZtPYuy/rkBChDBrAAsTGWaY23SGvlyAx/ESi/yvY02nbCHTltTQZGxKPRzQz6nuvSVj/hn+uqC8eA3HwInwztt0J0DVIF+uicNn/SH7oCqTmDL6qwCsGTeIqFO368vIBZWWaWtRqSg=
ZyBfgXd0Ojz5hy2EfBj9ld7mHVsP/TetA4BZMLKYHdmM1v8PZy4P4PirycFFETOi0Tp67OSs/XuoLVAiYwC33F2k3yIRV9eBiR9Ahuss4ibjROzV79zYb1/P66Q9YYZ1Y1WpJA==
UfTjKajciiluTkKVMX6NC/ctNglVOD0TPI8UR9ypi1QRI7M1QvbE406zandPkbdOUz1znARdT0zSCSDT/ffKGpAtcqkF
UfTjKajciiluTkKVMX6NC/ctNglVOD0TPI8UR9ypi1QRI7M1QvbE406zandPkbdOUz1znARdT0zSCSDT/ffKGpAtcqkF
L2qjSsYOtUyl9sQWU2xXZDthThp2YmkyY/CSwrvILMEHoEgrZ+OLUHV9ttH7Galw
XuCkGQ4JkiTA3a3Ije0uTs7RUkHLkaU+ij8oliEVVX1vSIfeqgD3Pkxrsz7AWftFO4oxs+7z1w+peg==
W9Wec/tVSgkEqk+MvlLLZI9d8kREad3BNHTEIZs7jcWdZlk5Qbw2mQXkeJ2iQ58jgNL6yQCpdw==
ZrHqp0PfBcBB9iSugqOwOfrAoBn2jzM/4JazGXkAHcm/smU4IR0iiWTBSwTja+IzireCFVUsDx/t9RxKWpuQjzSHUa1pNo2B7XxaYVE0zDV+I2NLVGJOEWypGw==
vpEUuiZJ8zTczb8YfPaEXOAhp0FhtEEthJFmFjWV/5iLRUkCE5S3hYRlwqHt6EUzNJ/8B3RZA/TJU6s1WgacQ8bDwrcngb9uq23LHHyNdyzaGQgTlUdCekgdaqkd
Aa5pYNQU5R98JYYVJXy0JMkSiGRQhmA3s5FmFjWV/5iLRUkCE5S3hYRlwqHt6EUzNJ/8B3RZA/TJU6s1WgacQ8bDwrcngb9uq23LHHyNdyzaGQgTlUdCekgdaqkd
7yfcGTos1v5vkyPESbe8MSy9lQathGIWMZ3jiGd9LSL3zJt1uC0GYamguYNYR1hn0KGvZFXbL7XejgDTartmV4PZU97XpQ9cOEVLXPbBbDNxfy5qVBVuqRk=
nXAJv4OkOiImxq4jR6xQWDHe5PvT8cM9bd3TNrhiRmGEUl4WDWXH+KO1gUJbRB/lHPVaIXV43ZNcTzRHPGnr1LFjUzUiNmRjrvMKd2/RV84z/VOc5B3vzHJJwNPdN2qacG1SqSU=
olcLm9uNKQ0q0948WQsIh5yzTw1KpHa8NZdfPKyFLM6+mdZMJwQ87vO+ipIeRCnpyy1xpKqO52G5Gx9lQwDo1E201QNUR4eDlRVfhuss4ibjROzV79zYb1/P66Q9YYZ1Y1WpJA==
f/RRF6K4sk350VI4IUEfs5GTh++VDSi/sMAj8jWL5MeZTjpAn2hSFgF908jXnZ2iZyxLNejNFmG5gGnDCOfI56ABXyQl+9+1rq7wExobltcTeYMeh4UfXCglm5ymofyzwR+eqmR1Xqkp
3D2kYwVSA0RF28LZBk4qoQl+bz9ce25+TeGGoEQFOva3uedQLrXOPFEuKcXx5ApvievfN0sw48mJ2Sxxv2yiBHlox34q4LceTEtzXkD5O2U7anFTblMXb6ka
