pXiYyEbOjGIadyEkgMVUCwSCt5QBY2eUjCoXscJHPgJsVW3J2sTxVRiz3o+JPxqd8gbTfL4Of1KjkBKie6gooMfBz0ulgIs0tRYnvTtjpw4=
FJzFQm5ifnHJlM5i4q3et4V90rCuxreYjtmx2bl0UraF3TI9F4/QcoWCJeNJL+7lJ+msT9c81NKOQLihuZEAZELEzYJut6Lz+rVW7ltj3PMxMZgjDzRJdKcLbFyYbOpNvCNh5FUssLSyNLe7CU/lHXITQaScHOKVC+NYmGi/u+DedObidWirvDJciONZarVICLRsSjliZ03jJheflVxohB0G05xQNA6pe6xp5qsMYsYj5Oh0Lz1fTx2s60D9ShcZI++nmg==
L0BOrv5SLqZw/D3zRhEM04V90rCuxreYjtmx2bl0UraF3TI9F4/QcoWCJeNJL+7lJ+msT9c81NKOQLihuZEAZELEzYJut6Lz+rVW7ltj3PMxMZgjDzRJdKcLbFyYbOpNvCNh5FUssLSyNLe7CU/lHXITQaScHOKVC+NYmGi/u+DedObidWirvDJciONZarVICLRsSjliZ03jJheflVxohB0G05xQNA6pe6xp5qsMYsYj5O90Lz1fTx2s60D9ShcZI++nmg==
WDEMVXXvJ0P6qkO8kEOIQxHwceNAc3KpuDEXxJ2rN7XGfkhz0iuOF6vpSz6fdbfcwRWCe+4zB/Pd790bkCVspx8=
37K807V3InHOgruHM8KlE5GTh++VDSi/sMAj8jWL5MeZTjpAn2hSFgF908jXnZ2iZyxLNejNFmG5gGnDCOPK6aABXyQl+9+1rq7wExobltcTeYMeh4UfXCklmpumo/+zxR+Vu2h1RKc3
3y0Gk9bFTfY665gt/iBomZyzTw1KpHa8NZdfPKyFLM6+mdZMJwQ87vO+ipIeRCnpyy1xpKqO52G9GRFlQwDo1E201QNUR4eDlRVfhuss4ibjROzU793fb13M66A9apd5Y0+nOg==
NT+L0PsnS4zCtBjQohJGJTHe5PvT8cM9bd3TNrhiRmGEUl4WDWXH+KO1gUJbRB/lHPVaIXV43ZNcSzZJPGnr1LFjUzUiNmRjrvMKd2/RV84z/VOc5R3uy3JLw9PZN2GLfG1Ipzs=
jyiQhmNmOZ/578OMAmOthSy9lQathGIWMZ3jiGd9LSL3zJt1uC0GYamguYNYQ1pp0KGvZFXbL7XejgDTartmV4PZU97XpQ9cOUVKW/bDbzN1fyV7WBV0pwc=
5xb/doi0ozAybhVSM1nyPckSiGRQhmA3s5FmFjWV/5iLRUkCE5S3hYRlwqHt6EUzNJv+CXRZA/TJU6s1WgacQ8bDwrcngb9uq23LHH2NdivaGwsTkUdJa0QdcKcD
A/kXTrK0pNMts3epARU+eeAhp0FhtEEthJFmFjWV/5iLRUkCE5S3hYRlwqHt6EUzNJv+CXRZA/TJU6s1WgacQ8bDwrcngb9uq23LHH2NdivaGwsTkUdJa0QdcKcD
yfIcZaGNLukA1gT4FYAIJfrAoBn2jzM/4JazGXkAHcm/smU4IR0iiWTBSwTja+I3iLmCFVUsDx/t9RxKWpuQjzSHUa1pNo2B7XxbYVAzzDd9I2dLX3NCEXanBQ==
NM9wnE8cWyuMBmqZ5AYXJoV90rCuxreYjtmx2bl0UraF3TI9F4/QcoWCJeNJL+7lJ+msT9c81NKOQLihuZEAZELEzYJut6Lz+rVW7ltj3PMxMZgjDzRJdKcLbFyYbOpNvCNh5FUssLSyNLe7CU/lHXITQaScHOKVC+NYmGi/u+DedObidWirvDJciONZarVICLRsSjliZ03jJheflVxohB0G05xQNA6pe6xp5qsMYsYj5Ox0Lz1fTx2s60D9ShcZI++nmg==
URmHcabfL0mIy5S4NB5UXs7RUkHLkaU+ij8oliEVVX1vSIfeqgD3Pk9uszbAWflGO44xuP//1xWnZA==
GCOpyC37fEfD+/UnkcNroo9d8kREad3BNHTEIZs7jcWdZlk5Qb8zmQ3keJ+hQ5sji8P2yRqnaQ==
oilNz4B6VVE+v7ob32I0/s7RUkHLkaU+ij8oliEVVX1vSIfeqgD3PkNuszbAWflGO44xuP//1xWnZA==
d7IT0nrGseQWSsC5JsBs+o9d8kREad3BNHTEIZs7jcWdZlk5QbMzmQ3keJ+hQ5sji8P2yRqnaQ==
BMrx7AMvohNMfklXEN+ua5qEUF1zyiApTijOtHms1jkMWkxzqEQ0ndEuS6ZxbRcYN2IhL6DG2O+5x7Knl0St7hd21b9cVCUUJmEnWwQSyrzbmcIq5dzNi1vJW/4vFWfTlbV7PP7Tt3MNz63bAEVcpy8=
tGAKrGyaOhJWGWy8YXO0aiYziATcsfy14eDQY1E31oqTlEAPOuvCCKCgv1OUcUmK3L7RR2B9Duk+jd5WYG5wvPYmjz6blAKek/xiaJ9sONctdCuYTVJ3QRN3pwI=
pkEXIMzR+IlVeoL2DFz94WgV3fMmf4Opc490anRlYYYHOSjm4Go6/Pz+YW57TOc8jxfBDTn23aEdcm+BCfQcV+2jF6vvM7IxZqcV
20kG7flbvsKBvdwQtWwiIGgV3fMnf4Opc490anRlYYYHOSjm4Go6/Pz+YW57TOc8jxfBDTn23aEdcm+BCfQcV+2jF6vvM7IxZqcV
snl5qz1VKJY2pGn945t+30Fz57ZRH1PnJQWV75LG0r0XalGJ/qoWMvwwuj4nor0UEXBZJ5fhTy77jfsSia0v7Gq7+5MBpxkrtD1gpxM=
Jk2SCqE5BqXQ/Pssis6Sh0Fz57ZRH1DnJQWV75LG0r0XalGJ/qoWMvwwuj4nor0UEXBZJ5fhTy77jfsSia0v7Gq7+5MBpxkrtD1gpxM=
mlGqxcvrOxUWZ2sVNjH5HkFz57ZRH1HnJQWV75LG0r0XalGJ/qoWMvwwuj4nor0UEXBZJ5fhTy77jfsSia0v7Gq7+5MBpxkrtD1gpxM=
dcfDDifyzpYrAFnufudVqx8dy5hWbO3eYY90anRlYYYHOSjm4Go6/Pz+YW57TOc8jxfBDTn23aEdcm+BCfQcV+2jF6vvM7IxZqcV
mc5ThmsXtVKfIiJv38uLXRwdy5hWbO/eYY90anRlYYYHOSjm4Go6/Pz+YW57TOc8jxfBDTn23aEdcm+BCfQcV+2jF6vvM7IxZqcV
ahmFGc8WdLn4ETXUtme2CR0dy5hWbOneYY90anRlYYYHOSjm4Go6/Pz+YW57TOc8jxfBDTn23aEdcm+BCfQcV+2jF6vvM7IxZqcV
rtnRYcZna0wuBaBggWNpah0dy5pWbOneYY90anRlYYYHOSjm4Go6/Pz+YW57TOc8jxfBDTn23aEdcm+BCfQcV+2jF6vvM7IxZqcV
LV5tupvEewDQ8LfC1TcKz2gV3fMnf4Orc490anRlYYYHOSjm4Go6/Pz+YW57TOc8jxfBDTn23aEdcm+BCfQcV+2jF6vvM7IxZqcV
bM1cQUKUE5qHilOzy6DcrEFz57ZRH1HnJQeV75LG0r0XalGJ/qoWMvwwuj4nor0UEXBZJ5fhTy77jfsSia0v7Gq7+5MBpxkrtD1gpxM=
w+isBjtGRjlQ0oW8pttIhUFz57ZRH1DnJQeV75LG0r0XalGJ/qoWMvwwuj4nor0UEXBZJ5fhTy77jfsSia0v7Gq7+5MBpxkrtD1gpxM=
+yuSsD8InJQCPZD4e6/Nbxwdy5pWbO/eYY90anRlYYYHOSjm4Go6/Pz+YW57TOc8jxfBDTn23aEdcm+BCfQcV+2jF6vvM7IxZqcV
VXZ1gSK9+xdGYnbW+4/B4GgV3fMmf4Orc490anRlYYYHOSjm4Go6/Pz+YW57TOc8jxfBDTn23aEdcm+BCfQcV+2jF6vvM7IxZqcV
XLnq4uOGsFPMoE0mlhKq9UFz57ZRH1PnJQeV75LG0r0XalGJ/qoWMvwwuj4nor0UEXBZJ5fhTy77jfsSia0v7Gq7+5MBpxkrtD1gpxM=
ASf1TNnS8QqrAcm+O+msFR8dy5pWbO3eYY90anRlYYYHOSjm4Go6/Pz+YW57TOc8jxfBDTn23aEdcm+BCfQcV+2jF6vvM7IxZqcV
kYZWw8hnQ0P0dlDUoMQP6Rwdy5tWbO/eYY90anRlYYYHOSjm4Go6/Pz+YW57TOc8jxfBDTn23aEdcm+BCfQcV+2jF6vvM7IxZqcV
m9wBHBmbztolXMCedmcVg0Fz57ZRH1HnJQaV75LG0r0XalGJ/qoWMvwwuj4nor0UEXBZJ5fhTy77jfsSia0v7Gq7+5MBpxkrtD1gpxM=
kX08WFDnT5xodzW4VSDlZx0dy5tWbOneYY90anRlYYYHOSjm4Go6/Pz+YW57TOc8jxfBDTn23aEdcm+BCfQcV+2jF6vvM7IxZqcV
2G8tlcwhF7J/AF5nJNDOeGgV3fMmf4Oqc490anRlYYYHOSjm4Go6/Pz+YW57TOc8jxfBDTn23aEdcm+BCfQcV+2jF6vvM7IxZqcV
Mscidrc6/gehICoSbL/CLkFz57ZRH1DnJQaV75LG0r0XalGJ/qoWMvwwuj4nor0UEXBZJ5fhTy77jfsSia0v7Gq7+5MBpxkrtD1gpxM=
ceUprObS9G6QFkOtfUGYVicziATcsfy14eDQY1E31oqTlEAPOuvCCKCgv1OUcUmK3L7RR2B9Duk+jd5WYG5wvPYmjz6blAKek/xiaJ9sONctdCuYTVJ3QRN3pwI=
GTBjlwGYA2RkISt35CygImgV3fMnf4Oqc490anRlYYYHOSjm4Go6/Pz+YW57TOc8jxfBDTn23aEdcm+BCfQcV+2jF6vvM7IxZqcV
vwqB/8qbx0m/6WVp9qrsqR8dy5tWbO3eYY90anRlYYYHOSjm4Go6/Pz+YW57TOc8jxfBDTn23aEdcm+BCfQcV+2jF6vvM7IxZqcV
102+ri70ei8N1FtqRhidOEFz57ZRH1PnJQaV75LG0r0XalGJ/qoWMvwwuj4nor0UEXBZJ5fhTy77jfsSia0v7Gq7+5MBpxkrtD1gpxM=
h9XFn+dXz0CRy6JFOSfozWgV3fMnf4Ouc490anRlYYYHOSjm4Go6/Pz+YW57TOc8jxfBDTn23aEdcm+BCfQcV+2jF6vvM7IxZqcV
6qb24mLHO7UrkEdFgSrt1UFz57ZRH1PnJQKV75LG0r0XalGJ/qoWMvwwuj4nor0UEXBZJ5fhTy77jfsSia0v7Gq7+5MBpxkrtD1gpxM=
8iQIq0M34+S5RRa3QOmiz0Fz57ZRH1HnJQKV75LG0r0XalGJ/qoWMvwwuj4nor0UEXBZJ5fhTy77jfsSia0v7Gq7+5MBpxkrtD1gpxM=
a3HJXTvIvOWrMdADPtjNh2gV3fMmf4Ouc490anRlYYYHOSjm4Go6/Pz+YW57TOc8jxfBDTn23aEdcm+BCfQcV+2jF6vvM7IxZqcV
Tt06qcJ3XTunePXQK8uPIhwdy59WbO/eYY90anRlYYYHOSjm4Go6/Pz+YW57TOc8jxfBDTn23aEdcm+BCfQcV+2jF6vvM7IxZqcV
jVzUcM7yiM8iosLSkGL4JEFz57ZRH1DnJQKV75LG0r0XalGJ/qoWMvwwuj4nor0UEXBZJ5fhTy77jfsSia0v7Gq7+5MBpxkrtD1gpxM=
c3gC/wg9gzl9GHWJN6nVyB8dy59WbO3eYY90anRlYYYHOSjm4Go6/Pz+YW57TOc8jxfBDTn23aEdcm+BCfQcV+2jF6vvM7IxZqcV
zAAfmqO0kb3SmA26WdiR+h0dy59WbOneYY90anRlYYYHOSjm4Go6/Pz+YW57TOc8jxfBDTn23aEdcm+BCfQcV+2jF6vvM7IxZqcV
Bk+lIuSDrn3ReBai8XBHfkFz57ZRH1HnJQOV75LG0r0XalGJ/qoWMvwwuj4nor0UEXBZJ5fhTy77jfsSia0v7Gq7+5MBpxkrtD1gpxM=
o1cr3o5MkJ/efUJqV0NIj2gV3fMmf4Ovc490anRlYYYHOSjm4Go6/Pz+YW57TOc8jxfBDTn23aEdcm+BCfQcV+2jF6vvM7IxZqcV
BpTYwyAMJ6IeQ3FDHfV5lR8dy55WbO3eYY90anRlYYYHOSjm4Go6/Pz+YW57TOc8jxfBDTn23aEdcm+BCfQcV+2jF6vvM7IxZqcV
2/xaxXSiR878lRAqH6//8x0dy55WbOneYY90anRlYYYHOSjm4Go6/Pz+YW57TOc8jxfBDTn23aEdcm+BCfQcV+2jF6vvM7IxZqcV
djfTP49PxgiEyVTl5QDOvkFz57ZRH1DnJQOV75LG0r0XalGJ/qoWMvwwuj4nor0UEXBZJ5fhTy77jfsSia0v7Gq7+5MBpxkrtD1gpxM=
/oouaH2mCUzMxHo4RoGcUEFz57ZRH1PnJQOV75LG0r0XalGJ/qoWMvwwuj4nor0UEXBZJ5fhTy77jfsSia0v7Gq7+5MBpxkrtD1gpxM=
0/HFvC7Zsw9YtGr/k22AYWgV3fMnf4Ovc490anRlYYYHOSjm4Go6/Pz+YW57TOc8jxfBDTn23aEdcm+BCfQcV+2jF6vvM7IxZqcV
16SOQr7ga9ytL6i0p1k3dCUziATcsfy14eDQY1E31oqTlEAPOuvCCKCgv1OUcUmK3L7RR2B9Duk+jd5WYG5wvPYmjz6blAKek/xiaJ9sONctdCuYTVJ3QRN3pwI=
hCauGgJNPCaEDddqaim2hhwdy55WbO/eYY90anRlYYYHOSjm4Go6/Pz+YW57TOc8jxfBDTn23aEdcm+BCfQcV+2jF6vvM7IxZqcV
3aMroTJhV/xEZmU0GcRY7UFz57ZRH1HnJQCV75LG0r0XalGJ/qoWMvwwuj4nor0UEXBZJ5fhTy77jfsSia0v7Gq7+5MBpxkrtD1gpxM=
Af/10LLkMwoZo1JWsnbXmWgV3fMmf4Osc490anRlYYYHOSjm4Go6/Pz+YW57TOc8jxfBDTn23aEdcm+BCfQcV+2jF6vvM7IxZqcV
jA/d1fMb52jWcYJi4CnlHh8dy51WbO3eYY90anRlYYYHOSjm4Go6/Pz+YW57TOc8jxfBDTn23aEdcm+BCfQcV+2jF6vvM7IxZqcV
Frs7LzGF1tEn5UQoOAG5Qx0dy51WbOneYY90anRlYYYHOSjm4Go6/Pz+YW57TOc8jxfBDTn23aEdcm+BCfQcV+2jF6vvM7IxZqcV
YORPR3QTU5Mv9yBd4+dPHEFz57ZRH1DnJQCV75LG0r0XalGJ/qoWMvwwuj4nor0UEXBZJ5fhTy77jfsSia0v7Gq7+5MBpxkrtD1gpxM=
JrvWUkiZSVjKPQCIpmMt20Fz57ZRH1PnJQCV75LG0r0XalGJ/qoWMvwwuj4nor0UEXBZJ5fhTy77jfsSia0v7Gq7+5MBpxkrtD1gpxM=
JBEJsB5plR/IT4Iy84qCQGgV3fMnf4Osc490anRlYYYHOSjm4Go6/Pz+YW57TOc8jxfBDTn23aEdcm+BCfQcV+2jF6vvM7IxZqcV
vbpyk37NLKDh/Lb3FvQwlRwdy51WbO/eYY90anRlYYYHOSjm4Go6/Pz+YW57TOc8jxfBDTn23aEdcm+BCfQcV+2jF6vvM7IxZqcV
ySZcyEdz/O7GKNqc4QW1WmgV3fMnf4Ooc490anRlYYYHOSjm4Go6/Pz+YW57TOc8jxfBDTn23aEdcm+BCfQcV+2jF6vvM7IxZqcV
rfdIjTYnztdmkk4WVwomJ2gV3fMmf4Ooc490anRlYYYHOSjm4Go6/Pz+YW57TOc8jxfBDTn23aEdcm+BCfQcV+2jF6vvM7IxZqcV
C0B62Bk7IXJUvZh+TyTkpUFz57ZRH1DnJQSV75LG0r0XalGJ/qoWMvwwuj4nor0UEXBZJ5fhTy77jfsSia0v7Gq7+5MBpxkrtD1gpxM=
xYxNyDP0XUYFQIYoJ8JGxkFz57ZRH1HnJQSV75LG0r0XalGJ/qoWMvwwuj4nor0UEXBZJ5fhTy77jfsSia0v7Gq7+5MBpxkrtD1gpxM=
YO2iD7rj7dZ2p2Yys16HNEFz57ZRH1PnJQSV75LG0r0XalGJ/qoWMvwwuj4nor0UEXBZJ5fhTy77jfsSia0v7Gq7+5MBpxkrtD1gpxM=
VFYh9rU9zkYv04da7ZqmXh8dy5lWbO3eYY90anRlYYYHOSjm4Go6/Pz+YW57TOc8jxfBDTn23aEdcm+BCfQcV+2jF6vvM7IxZqcV
PKJ/ZyVTgZxRfgroyRLyTRwdy5lWbO/eYY90anRlYYYHOSjm4Go6/Pz+YW57TOc8jxfBDTn23aEdcm+BCfQcV+2jF6vvM7IxZqcV
KFbtLhKIxg5PI+YzfOM67x0dy5lWbOneYY90anRlYYYHOSjm4Go6/Pz+YW57TOc8jxfBDTn23aEdcm+BCfQcV+2jF6vvM7IxZqcV
iAHs1bMMm1dlx4PoVcJZSiQziATcsfy14eDQY1E31oqTlEAPOuvCCKCgv1OUcUmK3L7RR2B9Duk+jd5WYG5wvPYmjz6blAKek/xiaJ9sONctdCuYTVJ3QRN3pwI=
+ThcZ3IyjXl2rDUCmoaSDh8dy5hWbO7eYY90anRlYYYHOSjm4Go6/Pz+YW57TOc8jxfBDTn23aEdcm+BCfQcV+2jF6vvM7IxZqcV
v3lobhTEWEqhMRwx4f8BpBwdy5hWbOjeYY90anRlYYYHOSjm4Go6/Pz+YW57TOc8jxfBDTn23aEdcm+BCfQcV+2jF6vvM7IxZqcV
NQFsSpMbG3squ9NBsjWdVR0dy5hWbOreYY90anRlYYYHOSjm4Go6/Pz+YW57TOc8jxfBDTn23aEdcm+BCfQcV+2jF6vvM7IxZqcV
hum2JtXIb5F6YAqO1QxJxh8dy59WbO7eYY90anRlYYYHOSjm4Go6/Pz+YW57TOc8jxfBDTn23aEdcm+BCfQcV+2jF6vvM7IxZqcV
+BEKmf/za0lzPDyBH8lemRwdy59WbOjeYY90anRlYYYHOSjm4Go6/Pz+YW57TOc8jxfBDTn23aEdcm+BCfQcV+2jF6vvM7IxZqcV
9S5bCEnRdJGz5xGBbX2n0R0dy59WbOreYY90anRlYYYHOSjm4Go6/Pz+YW57TOc8jxfBDTn23aEdcm+BCfQcV+2jF6vvM7IxZqcV
Um2ocjiDkzrw0ZaQXKol+h0dy55WbOreYY90anRlYYYHOSjm4Go6/Pz+YW57TOc8jxfBDTn23aEdcm+BCfQcV+2jF6vvM7IxZqcV
wi3EbMJgEEhb3fu+VLoVGhwdy55WbOjeYY90anRlYYYHOSjm4Go6/Pz+YW57TOc8jxfBDTn23aEdcm+BCfQcV+2jF6vvM7IxZqcV
benGW/yJBOirA/cxU36hjR8dy55WbO7eYY90anRlYYYHOSjm4Go6/Pz+YW57TOc8jxfBDTn23aEdcm+BCfQcV+2jF6vvM7IxZqcV
IODf8e8+Zv9Uwgm4p8ZdTh8dy51WbO7eYY90anRlYYYHOSjm4Go6/Pz+YW57TOc8jxfBDTn23aEdcm+BCfQcV+2jF6vvM7IxZqcV
FZgRtTOlLPm6ZQnpk2O+Xhwdy51WbOjeYY90anRlYYYHOSjm4Go6/Pz+YW57TOc8jxfBDTn23aEdcm+BCfQcV+2jF6vvM7IxZqcV
hW440Md3mz+ftoIJTmeEqB0dy51WbOreYY90anRlYYYHOSjm4Go6/Pz+YW57TOc8jxfBDTn23aEdcm+BCfQcV+2jF6vvM7IxZqcV
xuFUwNolh8LOQSuY4NwjWB0dy5tWbOreYY90anRlYYYHOSjm4Go6/Pz+YW57TOc8jxfBDTn23aEdcm+BCfQcV+2jF6vvM7IxZqcV
XhE7iQe99sUTy/JHnJ1fohwdy5tWbOjeYY90anRlYYYHOSjm4Go6/Pz+YW57TOc8jxfBDTn23aEdcm+BCfQcV+2jF6vvM7IxZqcV
f6z5vT/x+rPL29k78fYyyR8dy5tWbO7eYY90anRlYYYHOSjm4Go6/Pz+YW57TOc8jxfBDTn23aEdcm+BCfQcV+2jF6vvM7IxZqcV
ll4OA7qIJxhB35VGyT+iWh8dy5pWbO7eYY90anRlYYYHOSjm4Go6/Pz+YW57TOc8jxfBDTn23aEdcm+BCfQcV+2jF6vvM7IxZqcV
u+dz75YYOxvP0ZuDxFl1lhwdy5pWbOjeYY90anRlYYYHOSjm4Go6/Pz+YW57TOc8jxfBDTn23aEdcm+BCfQcV+2jF6vvM7IxZqcV
oyvcQliadJcppti6RZkwJB0dy5pWbOreYY90anRlYYYHOSjm4Go6/Pz+YW57TOc8jxfBDTn23aEdcm+BCfQcV+2jF6vvM7IxZqcV
es1ep+KqXfYAO50NE8b79iIziATcsfy14eDQY1E31oqTlEAPOuvCCKCgv1OUcUmK3L7RR2B9Duk+jd5WYG5wvPYmjz6blAKek/xiaJ9sONctdCuYTVJ3QRN3pwI=
BqFqvdUk8SWZkBW9CTbv/yibhr4OO7T1iwYkHnqHoq9unmZtY4L9KRLCgoJoyCa+u9oppIWYNYc7ibt+T1WH0rX127xek5dzLY8NW6AFfKcP
zkuquQjKWR3sBk72pdra7xy6v5RQJcu0rDdnPlymqK9unmZtY4L9KRLCgoJoyCa+u9oppIWYNYc7ibt+T1WH0rX127xek5dzLY8NW6AFfKcP
HPNDjj52rfM3QN06kZvrMXr1xvseHxaU4EJyhONhfx9MVTmW1Mrxaxi53pWWGV7a+ArAYL4Sb1KjkBKie6gipMfIyEulgIs0tRYnvTtjpw4=
Px+L+ecIaRdvWCexcw3pW3r1xvseHxaV4EJyhONhfx9MVTmW1Mrxaxi53pWWGV7a+ArAYL4Sb1KjkBKie6gipMfIyEulgIs0tRYnvTtjpw4=
haxZjm9achZaC+1ujzwkVXr1xvseHxaW4EJyhONhfx9MVTmW1Mrxaxi53pWWGV7a+ArAYL4Sb1KjkBKie6gipMfIyEulgIs0tRYnvTtjpw4=
gb2c3nVzW7MJr/RGDwD43xy6v5RQJcu0rDdkPlymqK9unmZtY4L9KRLCgoJoyCa+u9oppIWYNYc7ibt+T1WH0rX127xek5dzLY8NW6AFfKcP
6cAHT2JDUwlJP67mrMyx1nr1xvseHxaT4EJyhONhfx9MVTmW1Mrxaxi53pWWGV7a+ArAYL4Sb1KjkBKie6gipMfIyEulgIs0tRYnvTtjpw4=
i42vDjEM4gdvTO7ukKrCaXr1xvseHxaR4EJyhONhfx9MVTmW1Mrxaxi53pWWGV7a+ArAYL4Sb1KjkBKie6gipMfIyEulgIs0tRYnvTtjpw4=
XjG5fR7CwnmfojY9nL8f2nr1xvseHxaQ4EJyhONhfx9MVTmW1Mrxaxi53pWWGV7a+ArAYL4Sb1KjkBKie6gipMfIyEulgIs0tRYnvTtjpw4=
Chor9YvwdygrV/HtseR5AB8dy5lWbO7eYY90anRlYYYHOSjm4Go6/Pz+YW57TOc8jxfBDTn23aEdcm+BCfQcV+2jF6vvM7IxZqcV
rge6XdIRv9DdukqfO7vo8hwdy5lWbOjeYY90anRlYYYHOSjm4Go6/Pz+YW57TOc8jxfBDTn23aEdcm+BCfQcV+2jF6vvM7IxZqcV
IzL2xZsyJIeuAxNoV/mAZh0dy5lWbOreYY90anRlYYYHOSjm4Go6/Pz+YW57TOc8jxfBDTn23aEdcm+BCfQcV+2jF6vvM7IxZqcV
NNIb7rpPGNYtPdrNxvuwTiibhr4OO7TynQ06HnyAvK9unmZtY4L9KRLCgoJoyCa+u9oppIWYNYc7ibt+T1WH0rX127xek5dzLY8NW6AFfKcP
3rhaGMldXnhaCgvTXW4fYiMziATcsfy14eDQY1E31oqTlEAPOuvCCKCgv1OUcUmK3L7RR2B9Duk+jd5WYG5wvPYmjz6blAKek/xiaJ9sONctdCuYTVJ3QRN3pwI=
mc+T30FLDZMXP5ktuV0VwxZo4a/WGN8v1g6ODbsytelaErqigLg+vqMqQYS9yP3H8znjnifFP1JNZXMcBmPfs+Xf9TuINWSnFw==
VsTsMZ6hqqPM3gj+dOt9dPctNglVOD0TPI8UR9ypi1QRI7M1QvbE406zandPkbdOUz1zkgFdR0zSCyPT+ffBC5wtaKcb
VZzFRNCUVxDx0WqIDX/AJ/ctNglVOD0TPIsWSdypi1QRI7M1QvbE406zandPkbdOUz1zkgFdR0zSCyPT+ffBC5wtaKcb
vKUy4SKT9j7T5qH+mDoTbdG70I+EsA6KxURPr7Y22NeUzQh2D/EfrTqQ13YKqEeGwtYDnmDxKR771uHQH5cnbacc
V9tGxSuxE4e6YYy0j+cDZhZq66/TFsEv1g6ODbsytelaErqigLg+vqMqQYS9yP3H8znjnifFP1pPZXMcBmPfs+Xf9TuINWSnFw==
R38QNfGoTlqsBlzHpHdbog6u37kEHeHuvEhsF2uNhOIh2jQoLZL/GlzYgoJoyCa+u9opt4qcL4c7ibt+T1WH2rf127xek5dzLY8NW6AFfKcP
IAkZ8N4qD3a9fwWMkFj6bRdq66/TFsEv1g6ODbsytelaErqigLg+vqMqQYS9yP3H8znjnifFP19PZXMcBmPfs+Xf9TuINWSnFw==
n7xEe1gv3GiZAk6I4kX4kTpqq/MPey6Ns8Bn6VKuVb2krhB6kutOcxbTUlseBITQ6zlOWl98z3o6hJ/KD5jbMtB9sfKbOrkcL7s/YacQ
1N7qxjwAQPDER4NmVNLeXxRq66/TFsEv1g6ODbsytelaErqigLg+vqMqQYS9yP3H8znjnifFP15PZXMcBmPfs+Xf9TuINWSnFw==
NaubxQD3l8w9sucpxFEItTpqqvMPey6Ns8Bn6VKuVr2krhB6kutOcxbTUlseBITQ6zlOWl98z3o6hJ/KDpjbMtB9sfKbOrkcL7s/YacQ
ZU1JHHNjSj0SVOA6SvKcg9t4EyYSimmPaWF2UbbIAiae/wPhohsYTlzNrY2O8RNqbW0WEPxU50cNwzv7oX6i5RBuECJfCgnum+XaAq8nbYXw+GeuapCX7k48U6aAqZn2u/4RiL9vd0WnNA==
t9RcN0UT/r5TPB7XNPTcICk3PAikOEK1ogkexXZpXsrYOpGx0u/+wgMg0vKb2C635/iIm8VwC6QVpuft2xOnHg==
TsgxyobelF9E/5iCoadHmyo3PAikOEK1ogkexXZpXsrYOpGx0u/+wgMg0vKb2C635/iIm8VwC6QVpuft2xOnHg==
NkctWT4eF+2IniJbxPWbSCg3PAikOEK1ogkexXZpXsrYOpGx0u/+wgMg0vKb2C635/iIm8VwC6QVpuft2xOnHg==
kD6JqmpxiwrPPuzCqvMcw5qotTIcPeeVKqxiIhBH5PpxfLOQnOahvJwa1WN1zeXtfLWLPg3jrYLyay7QhYW9Iuw7RdTqJN9DKSkj2vtALcgQdIsfKzMhUqCPkOJvXyOhI30B7wE5XuKX/jPRft+HZCO7K71EKP1mGaQZKOMqbIQdXtLW5oHnc/XcA2BZj6BH7mFySAZRl0qVXlJp3rDT1i7v39QRpgHz0WerAJHQWLcrkUdSAZzZj4t7aiG7n3TLbZzbt4Nz37YtIl7pAZG9pe0madmxvoA5faTIv1HDSwMbg+Zpyqe5
t6RxbwwwNflqFcVCWboxLiU9f2KxeMK1WxZWX4z0rSVjI7/IFEVtdiNoEupb9a/iTHKHJKPB5EEUnoiTxSou2O70Po8LiCTkER9nEe0GtTADFP5M5UMF0w9Ozrd+/kEvLb0tRQ/zDzlQ/pnGPc1wr6l4zYNFoWrI0zp3nPf0zVoiWNNmnIooQSkvu2TNvBf/DpsA2RwUqLE51vvmvPVwwF1KoFdRSJ8mj29f3yWcH6D2K8UpKc6vfHfT5cOE/RXvOhejJJXrTbMR6mMakDVP4ZN5Ax4HhZ9eriUTnCajf7NFHxW76HXEp7c=
CBOV5T2b9wgPxy/ULK4uj4VajE1Zsmvj+TxEg428o1TvacXl1WxiyQYwvbyf4kalfN5h0T832YOCiRQs0ATDLJsgcgnEfiGOzb50gOjEUr8IPom4g1DgNxsdnOTHuitc8YRpgrnfYBB6Tl/lVw4erCe+Cze4bPSu0LS2CJIVLoKyd7BFIQbRknjejuLnCZ0B3Qce1aEmOMKKn9eV6AockaOaEtJmQLEWo5ZOyhiRjWTNkqQyzIhdfE8Hf5BnTaEysD6R4BP+VApGQ8f6udS/wtpcz6KOcQtqsMVBWttSCeSP42/Jp7g=
55cSykD5TUol7snxrVExxwa+5o4C+Ym0xRZz4TB7DjAmayfjaC4q9ONR5h4/LW9cKj/UOMWzX5klKdrfjMkAU5OYROY2S4Sw/cS1iKBS2Lp+ZeAY7ZqjvtxdAwto1tekJ6b5gm2AudF8GkK4S/cnMPK2D9gv1VhCiIQIYoJ6wsviuPoxdIfhSI1YgGjasFf3MVu1ofp3AUiEKBIJoyd4lJDrKxyWUObOLZwb4NpY6C/h/mV0AFCsJqHWF1HLYrcT7Yh4+NWiUzCIQD51EyiJqpMYMnqrgK6fNwCo07Voy0wFHofla8untg==
dIc9DTruuoJA8Zoq+RapmFcfeXpUcs7/+wkz+9vRj/f3x/LxtiCLtrdgLtcglaWYq5GZSlm7f364oZWXJCjRlbCCUcsprOqFRPK5An1S7CyIaIpTuHLRdEOcuHsr8UTIp5YzsMGIcY6503gcSqJHyTcixkAX8lP7eKCs4mBYbqTyubZuAvsoyaGKSR7IMhZOh6VF7W1LRhlh6mCOunMPuYgmBH2TlgreZkypGpN6VuZ4vVWI/d78/gxEBTD/66c8B+E53gCyCWyTcsyG9q9fVtl4Zy5qEJduTr1TJoApmXa7fhEIv+93xae0
D3rsG/P07mT9KmTGF76rewa+5o4C+Ym0xRZz4TB7DjAmayfjaC4q9ONR5h4/LW9cKj/UOMWzX5klKdrfoN4ARJKXWeY2S4Sw/cS1iKBS2Lp+ZeAY7ZqjvtxdAwto1tekJ6b5gm2AudF8GkK4S/cnMPK2D9gv1VhCiIQIYoJ6wsviuPoxdIfhSI1YgGjasFf3MVu1ofp3AUiEKBIJoyd4lJDrKxyWUObOLZwb4NpY6C/h/mV0AFCsJqHWF1HLYrcT7Yh4+NWiUzCIQD51EyiJqpMYMnqrgK6fNwCo07Voy0wFHofla8untg==
VZoeOGAF/B+N+Gi9MUJmI1cfeXpUcs7/+wkz+9vRj/f3x/LxtiCLsLdgLtcmlaWYq5GZSlm7f364oZWXNS7TgLSWUcsprOqFRPK5An1S7CyIaIpTuHLRdEOcuHsr8UTIp5YzsMGIcY6503gcSqJHyTcixkAX8lP7eKCs4mBYbqTyubZuAvsoyaGKSR7IMhZOh6VF7W1LRhlh6mCOunMPuYgmBH2TlgreZkypGpN6VuZ4vVWI/d78/gxEBTD/66c8B+E53gCyCWyTcsyG9q9fVtl4Zy5qEJduTr1TJoApmXa7fhEIv+93xae0
jYNym6c0z1xIkWkdXEt7kZqotTIcPeeVKqxiIhBH5PpxfLOQnOahuo1CjXNjxrGye7aeF0uA6sDlMzmQgbe6NPkmRdTqJN9DKSkj2vtALcgQdIsfKzMhUqCPkOJvXyOhI30B7wE5XuKX/jPRft+HZCO7K71EKP1mGaQZKOMqbIQdXtLW5oHnc/XcA2BZj6BH7mFySAZRl0qVXlJp3rDT1i7v39QRpgHz0WerAJHQWLcrkUdSAZzZj4t7aiG7n3TLbZzbt4Nz37YtIl7pAZG9pe0madmxvoA5faTIv1HDSwMbg+Zpyqe5
RkgWabMMl5FZAiwWpIIe95qotTIcPeeVKqxiIhBH5PpxfLOQnOahuo1CjXNjxrGye7aeF0uA6sDlMzmQiKSwKfkkRdTqJN9DKSkj2vtALcgQdIsfKzMhUqCPkOJvXyOhI30B7wE5XuKX/jPRft+HZCO7K71EKP1mGaQZKOMqbIQdXtLW5oHnc/XcA2BZj6BH7mFySAZRl0qVXlJp3rDT1i7v39QRpgHz0WerAJHQWLcrkUdSAZzZj4t7aiG7n3TLbZzbt4Nz37YtIl7pAZG9pe0madmxvoA5faTIv1HDSwMbg+Zpyqe5
YGh/vcRZvW0RHkaOCdyP9YrYZ6zggYmsj0eGIY3fGXe6ewBMLh7Fh4pNPWYxKe7wI9KMwb2D7Te4UzTBU4vfPyvdgLSOQswYtwCgZJWX24GBvlHQp0yS/DmLwZNLBhJHUqYlDwlFAVVz+ws5VPbl1hE1VI/NIOFzmekuiBfyqyybrGm6xuC/9iACrMGtpwf0IQRzn6pD7GlAXOxx/R6nlpAtlOB5MoxHrUCbJotno88J5DuAEvPpWXUGa7wzm7lzaCWxj16vT7QpY8kzlWLfivyNqwE3IW+u201bHuptz2wK+xuTYec5q5R9wKez
HV7gFw2RMPNAZLW9mxB4EhVq66/TFsEv1g6ODbsytelaErqigLg+vqMqQYS9yP3H8znjnifFP1xOZXMcBmPfs+Xf9TuINWSnFw==
xSsL5kX+wQVUHrAXe9auFjZGkOlaEwtqi4/yDPNTzHSsLGKZms1OGR6d3kZAniMDEqwPrvskwu6z7Gx7vxz4Z03kqwit4jexM2enEg==
cYpmvi3m9w5f1HVgv3cvBis3PAikOEK1ogkexXZpXsrYOpGx0u/+wgMg0vKb2Cy35/iIm8VwC6QVpuft2xOnHg==
ziM8e2mi6AZNnzHpr+g6oBJq66/TFsEv1g6ODbsytelaErqigLg+vqMqQYS9yP3H8znjnifFP1JOZXMcBmPfs+Xf9TuINWSnFw==
MCPE8KPlnMLdbQZpm+U65zZGkOlaEwtqi4/yDPRTzHSsLGKZms1OGR6d3kZAniMDEqwPrvskwu6z7GJ7vxz4Z03kqwit4jexM2enEg==
7wL0UPFhV+z6I8J9Rca/JL4sbI5KS53MzXCB1P2Rn+JQ5AL95N3GIYsHYoyuPMj1WjEPDV4GcWtJ1P7Tz7jejhaSbgmFJK70Oq2Y98n4m8uJk1M/ExNE81xPsOj/cYcO490jmtH9NQwiK1NTKdfRywxNWKcr
tSIU7deGyYv8PZIoXctsdRUEv+8aUqaorM+Sonia2v6zjNl9wKIq+56KBvlxa8n2Bw9MpPfMzRNdBh8YekV7KloxEr8k/Zn4rilwuzMTD1xqJGcQ9TBfvqmTJ62BayC6M8hyqosQqgwX0ugDFXhLXKXOxzVLW6cm
GPPzk7ZaR/2+q6R/72LjNU47Lhj+hsXfxOpiChnZkP3le1DQglwUmKqdyIWVjcSz4wMrcEQDNXwcxkTmNCmf0Lz8OKji5/PceSNbpwl/SaeWG77rCniF9QWGcSm5OouJZ0Tg76mDE/Ozox55Qqcx
CBmrDR4C1SLmQx8j+O6dKLmG9bzDmiLI4gcWv6Z/yteeiBx8WfseoS6Q13YKqEeGytYDnGDxKR771uHQH5cnbacc
20ArzYcOHZHEvi5wzO8+lnfv7ipaqOEZ1ou9/RvJMG4WaGokoE9Um86x1CaUDYJhQPf31B0mXA0XQBgOQS0pNR+a//xf3mM724VpPs5FRFd1UA+7/Qvfu5actwPI5wxIoxnzXrdl71wZBeHcFgMPM1W/xfs4VVSnJw==
UdDKEDEvtzkYUmPnsKWVKIC9kSVKcKei11N8k8jzkH/sW5bhvsUJVk954JbISiIM5P55HmNsz8zH1wld0VZlMWX61xHylLSHpWNfmwdTqgF+pw0=
7nR7Bfvqbe8tlKTsSaGTZtnD8EB44q7SF0Ado4y1TshtS1PrQfvp4gx2kY+wFS4BLoXeXnCGUNQm7s/2S/yidgN06eAPh5i//bxrUJ06V6kDf6cK
1wF6En8VkheM6Nex3arvh4C9kSVKD7TMpDEziJyV4ETWY7y/rsUJVk954JbISiIM5P55HmNsz8zH1wld0VZlMWX51xHylLSHpWNfmwdTqgF+pw0=
acnDLZMSS1mqtpu4pXm4FJqu3oKfs13H0kJYr6pEnIi87DFGHdgs9T6Q13YKqEeGzdYDnWDxKR771uHQH5cnbacc
+t0TvaOvvQLZ9tEP5EzbKhtT9ahUO2vD/8Bx81jnAqGuuUU2sq4AYxroBAQ8YKnqrRR0GV58z3o6hJ/KDZrbMdB9sfKbOrkcL7s/YacQ
wCXIXhSIaaAWjnG1mojklEZDWl4L0e/yVTou1JifKiwQZdM9lnF9AQ/d1oXyVlBL+oA0HDx4mYJNPCThHsQfEpos71KNAiuZcJXhSltCaTRPUw95pwg=
X2GpYCvlBJlyCsHthLzEmRfTBAVhpeB5P5ff6Nj+D9qfvsj/S2J9L/PlovXMML0K8EmdwX+NJdf7xwwaQljZesvc7RMJ+V2SLlaZ/QGWFRF1/cfxwtRkZzXjrzt3k3phTqc9
l9s4L937JbiIpC7Ck1pczk4lKhXshMDFx7AyUVmczb+Oazis/TII5sydqtaJnJbmqFJ/ZUNRcz0O6h3yPAnR+ZudId/n5/DSBih94kdcYYutCZnaUnaF9QWGcSm5M4qJZkTg76mDE/Ozox55Qqcx
2yWIfk/sDgvggkgCTNECz9bdEV10qTJ0HnmZyGzth3xTAxATphBjwpZaUuU0ahccCFo2KuHZ3aHtgZCSg06i6Q9FxeV/YzkXLm5YUCNemZy/t/Nxx+aMhlvJW/4vFWfZl7V4PP7Tt3MNz63bAEVcpy8=
+7hZrz4tBuiEGvamZMYwo9amLx0qg5aofR4egem5bCLvxkYpK03pFcMbvffqNkRAzxb9HFt/n2HbPsjm3zHnjgMdQ5nzPZSMguuzU0mXMUusDXinCw==
WSbNrFA2scsOhOxOd+cV9wNb46QZaifRtohk71ngC6zpnCFcn/k4SUT4BAQ8YKnqrRR0GV58z3o6hJ/KC5rbNtB9sfKbOrkcL7s/YacQ
DeuVdM/sRGscQiUZtmiNoxV6egFJZithVv7Y71cVO/G5re8TbOjMOxk0I8j5mClIv63wDRQcrJC89AEO/VC8TX5ox34q4LceSU9zUkD5OWY7bnFYf18XdacE
S3y1L9zSyWZqxCeW0Ay/e7Wx5opPksBsEzV4mgMv3hdzW7lt8Lp90DwCUfjH0MtUC2Vqak9QYOCL29kMhCkvMxCxsUq1zs8XNCMMHoBmfJ6VkBXiwGtucuMwkgI7iCuGh2xI6+WgixT1tqcde0OnLg==
pDsBsB71rSn2EtNrZ14WVCgIsSTNBEYIFgmHdROxG9Co4wCYhpWZ81J2E0VRmM+tpo3HRvCfVI4EPckPX6eo4u7IRfJPXGmblWnx6oq2PaVtJunZMb0BOfmkSL/Rw8sDm4NmaUqnOQ==
hc4RKP6Kp5YMMSMnERA6cHc1ko5j0QZqUnp1e1zmjahZBltSkN7HgXH6ALtP/eybqUyBLB9JWJmEiCQUPHCJmm3EFKneDG+qerR/2g+JuwYQLRECG4pZTG9LH3GnAA==
W+YJ1b1V1FPqk4He41MckEjY98EPcGDAy3tZrMQJLxNQETHq9e7PN3SDjL7ARny+1TCVQoBLblKjkBKie6gip8fMyEulgIs0tRYnvTtjpw4=
RkhyhSPpnd3YShhH9GiKwhnp0UUnXMaprHpES4xQXLOZvLNwmUCZAH9lgNU0ZLyYvPwRdt2IzIW+IHemSlgnlsnC4+qgoYmueyaBAF+nB32nDA==
jzHJkmHxc9+rreNKHpdqFF/sLDqriq4XcnPkrLBUTFH/0VWipIlJqVN9Ga/PJ1hCnoi10j9cmbvlqQFK+jatBT3mOfkhuBdZqWSY30FDe2MrQ1YJeqcJ
fbcfVcFuYPOXkTAeZ1xVd7izrYuRH+StlfF/R/BICVpO3b2J530qPzzxo7SdhHzDmUyTIFnw+ZD/9SAldDRcqLzM8SadeGwVPrAXFooIB2bDssM64BFpPvu2IXCfd2dNpzw=
on+qMKeXXzZuT/8b5GhMyFcz578QAvlfgvKI8vXkzl85D2/3prGsYzciBR7gXTkuN8bxmlV+T4eU08xO4FZ8jrXgVTIg2+7iQ8BSUlu4I5SnHQg7BRALhFVGZ00bc6c+
mLeAKspRwZXJSHiZgvd7MlMz578QAvlfgvKI8vXkzl85D2/3prGsYzciBR7gXTkuN8bxmlV+T4eU08xO4FZ8jrXgVTIg2+7iQ8BSUlu4K5WnHQg7BRALhFVGZ00bc6c+
2padzE8rc0EyRFs77BFHJm9i2ME2kks5DXB3fFi1z7UXQVID3M3biG24BP9Z8OucqUyBLB9JWJmEiCQUPHCJmm3EFKneDG+qerR/2g+LuwcQLRECG4pZTG9LH3GnAA==
kDXzubL+XAjvnEcV+4q7hkNTpNPFdhHvowLB1fC+u2zPvuiKmMlyy786CGhjGdZTTuHSQ01chqLfjZXEgob7mbull+2i0+p5qPB6Mru0Kdyfn9LjtfOnT5371NjtS/LT3phx7Qm2bUHNeTwh/LRsdx0jR4v/8yJRVqcl
S6UuVGjHHEOkRCcHueq1snYhz4R25fDev+47I3AxcnYHzlFBivHt++ZcqYREZozy7xNzExaNhMb5iO6xjZTqlp3MVJf4VhKDqE3Hwd/iJn4vVrFyG3liXt97VVkQ5F+yGoyvMorm6z/wNSFqWyKp1M8zT1mnKA==
nLajq0yCAVvp7mJhhfTHaGIby7oUTEcx3qzAHYJ++0WeB3WZmu5pOTfJ9jkVuQgnMJoJrvskwu6z7Gp9vxn4Z03kqwit4jexM2enEg==
Z58FsUpXw7QIJModDXhBdu7J5uj68dxnDCzd+bhibwGdxveIJvCAyepS60GGOxVt0qKZXY9Vdq291dhjaGYpmvMo8srLMKopV7Vo49VYS3xlLkdVC3unBg==
tocw3NtWNDUl5KKz8F06Gy0Rr2CGUgJcUE/7MECiOIS47xPTgJyY/F0zVEwV2M6qr4CAFJGwBqQ/R8oMUr26lPe9To1EVnLjiAT48v+xPaVtJunZMboGOfikSL/Rw8sDm4NmaUqnOQ==
M3myUpm8kejObvAza8eHCcy4OBx+1de9NFwXyKz+ZSjqkGMQdGDVb8AYsO34QF01xGn2FkAHggzSJr3h3zHnjgMdQ5n0PZKMguuzU0mXMUusDXinCw==
xDZXm0+Ku9F0ksQgplDbPi0RrmCGUgJcUE/7MECiOIS47xPTgJyY/F0zVEwV2M6qr4CAFJGwBqQ/R8oMUr26lPe9To1EVnLjiAT48v+xPaVtJunZMbkGOfikSL/Rw8sDm4NmaUqnOQ==
n34FatY/k/gAF8C1RDMNM3QkzJJj/PPfuq9sYzdhKCJzlBIS4uGZkZ8xurtoMry25AZzUVCd04rxk6a+kLfwkJyFArLgRxaYs1eyycXzXhhRe4s3NkMhf6BVfHQZ5F+yGoyvMoLn6z/wNSFqWyKp1M8zT1mnKA==
hyYlXjGGWxDF5k3Z+SCohj6Ql+tCQObkmh05CSOOgulvhSVlH6PZF06uuNBDnnmc3/cT8aembIY7ibt+T1WH2bX13bxek5dzLY8NW6AFfKcP
C889PQdZ4+AGWHmHcN3zrzafnKIMG/H1zg0kDmmAjeFuiWZuH6PZF06uuNBDnnmc3/cT8aembIY7ibt+T1WH2bX13bxek5dzLY8NW6AFfKcP
FKcBEpEizv8ZhGmTRJq9/BbTBAVhpeB5P5ff6Nj+D9qfvsj/S2J9L/PlovXMML0K8EmdwX+NJdf7xwwaQljZesvc7RMJ+V2SLlaZ/QGWFRF1+cfxx9RkZzXjrzt3k3phTqc9
84TF4fwucP9ukxrzBgDPyNPSw6jBZnjp7IVkrWDqs4PCFmMG3FoPHBBq3srZiZXhJXFIMuveGmn31W2FJ9Px1+Y+IHALroGcp8fbUT82xMYTeYMeh4UfXy0llZymo/+zxR+Vu2h1RKc3
l9nUKo6dSWUwkauhrkO2iEw+LQ7rn8fewKs1Sl6JyqmSdSam5TMU+sWeqtaJnJbmqFJ/ZUNRcz0O6h3yPAnR+ZudId/n5/DSBih94kdcYYutCZnaUnaF9QWGcSm5MouJY0Tg76mDE/Ozox55Qqcx
cp9sVYxEEBYtxeS/id4KxNamLx0qg5aofR4egem5bCLvxkYpK03pFcMbvffqNkRAzxb9HFt/n2HbPsjm3zHnjgMdQ5LxPZGMguuzU0mXMUusDXinCw==
AoUjKR5hji2kusuLDZaFPANb46QZaifRtohk71ngC6zpnCFcn/k4SUT4BAQ8YKnqrRR0GV58z3o6hJ/KDpjbO9B9sfKbOrkcL7s/YacQ
InkKfRUWPbdlo2e1acc2VOzJ5N7u7pljTyHLrK9iKQCchfSCcNW5lsdukUKFNg9/pLvsVvBefLbFyLVqcBMumvMo8srLMKsvV7lo49VYS3xlLkdVC3unBg==
McTbaG+m+HKYPWRJJLckZ8IBhUxdjS8Iv644WSaF/p+FUUFBHY7yyIN2zqmjvUF1G6vFNzJmfKDnBvUcU2+3AePukKYngb9uq23LE3qNdizaGwsTkUdJa0QdcKcD
a9qpHGtwToiV4zGM7DSM5xV6egFJZithVv7Y71cVO/G5re8TbOjMOxk0I8j5mClIv63wDRQcrJC89AEO/VC8TX5ox34q4LceQk9zVkH5OWY7bnFYf18XdacE
77UtAW+5Nhxakzgequg73tbdEV10qTJ0HnmZyGzth3xeBw8NuAZtxYlGWe0lOQ8LFUkmLq+Jl6ipwZCVwUrm/wJCwuV/YzkXLm5YUCNemZy/t/Nxx+aMhlvJW/4vFWfZlrV7Pf7Tt3MNz63bAEVcpy8=
v3tM9+GlxtwvE9sGljf0bm+a22KWvFSZxqtF3L/qeVyWbSfD2sfVVi0fClifmKC4+3N59BShr6ugWVHy5YaPz8QLLGaQbnyGpfh12hCjriqTmDL6qwCjHzeAqVO16MvMBZ6HZWtLpzY=
dIKDYQQwsavd+wh4+Y8Iync1ko5j0QZqUnp1e1zmjahZBltSkN7HgXH6ALtP/eybqUyBLB9JWJmEiCQUPHCJmm3EFKneDG+qerR/2gmOuwIRLRECG4pZTG9LH3GnAA==
PJ9Rquh4+ruKh4WPXQtd7UjY98EPcGDAy3tZrMQJLxNQETHq9e7PN3SDjL7ARny+1TCVQoBLblKjkBKie6gtoMfIyUulgIs0tRYnvTtjpw4=
z/lUXg6Pw28jVaHG5M7GWxfTBAVhpeB5P5ff6Nj+D9qfvsj/S2J9L/PlovXMML0K8EmdwX+NJdf7xwwaQljZesvc7RMJ+V2SLlaZ/QGWFRF1+8LxwdVkZzXjrzt3k3phTqc9
WXRc6H0U3fji+9mJ5dkXve5/eGsq2wTHl8XA2Kc7WES1p9KlT9lK2gpdlJ+hcyhWXMuc8+auk5T51l9tRrQc05lccxAZoFlgf0VAdbTEfLi83NHWXSgMpb5At0bKOOd2z6OjDiHByU57BsGg3wdHXacs
M9/20HEuhk3Mn9jZa+nTaQNb46QZaifRtohk71ngC6zpnCFcn/k4SUT4BAQ8YKnqrRR0GV58z3o6hJ/KCZnbM9F9sfKbOrkcL7s/YacQ
OwDiQIWHR0CFL75Vm1YabBXTBAVhpeB5P5ff6Nj+D9qfvsj/S2J9L/PlovXMML0K8EmdwX+NJdf7xwwaQljZesvc7RMJ+V2SLlaZ/QGWFRF1+cTxwNVkZzXjrzt3k3phTqc9
uJhO1FSCS/77LE+mYWklUEw+LQ7rn8fewKs1Sl6JyqmVdSam5TMU+sWeqtaJnJbmqFJ/ZUNRcz0O6h3yPAnR+ZudId/n5/DSBih94kdcYYutCZnaUnaF9QWGcSm5M4iJZEXg76mDE/Ozox55Qqcx
VCXOFdZhj8aduJuTgm/xGEw+LQ7rn8fewKs1Sl6JyqmVdSam5TMU+sWeqtaJnJbmqFJ/ZUNRcz0O6h3yPAnR+ZudId/n5/DSBih94kdcYYutCZnaUnaF9QWGcSm5O4+JZEXg76mDE/Ozox55Qqcx
QCm6PimqlbQOP5A3PJPN6damLx0qg5aofR4egem5bCLvxkYpK03pFcMbvffqNkRAzxb9HFt/n2HbPsjm3zHnjgMdQ5v1PZaNguuzU0mXMUusDXinCw==
gbVV0k/q5g5UPdBUKT/CyQ8Z30M3L8FcTL7JJmWTSEdLPzzhKAoXdXEruBZ7yO2Hgn7SWhKjuUAFXJWwnpya0Jmb+7CugqHy+IUkuHpew+kdN8hJe2o9fSljK8cZf1lHZttuS7r4FZV1xiEJiT14abWBUE86A2KT4+MuWUizIQ==
ii1CMWRFmUjTL55261U94w8Z30M3L8FcTL7JJmWTSEdLPzzhKAoXdXEruBZ7yO2Hgn7SWhKjuUAFXJWwnpya0Jmb+7CugqHy+IUkuHpew+kdN8hJe2o9fSljK8cZf1lHZttuS7r4FZV1xiEJiT1/abWBUE86A2KT4+MuWUizIQ==
TRO+0d4BqmitBU/pyH9xJXwBhKJh9Gt8SghzSlT8wvJAVVqmqFGd9qWVKl4+6RHD/9gnDuow1w5KXZMEBQlZ1bsf0eg/jzd/sxQ=
cFofls1DV3ywLHDfslbUqGxmfWhU79W3N385zJ6YODEQbtM9ilRLViTg+u6gCWJ62I0laiUJkoJONSmfH8QfEpos71KKASuYdZXhSVtDaTRPUw9jswg=
baDfspB+yDZWqqJhyQtAsXWftuj389A2bMTkJ59xYSSNUhEfHHPa9eTxwwhdWRzlXeIXehcdi7hncAcIclyP/IInewVaVE8igtMmZ2/RV84z/VOa4h3lyXJLwNPYN2GLfG1Sszs=
hXH568ROdkUkrvGXDD2AU7+DoR/8jjIpr9mgAzBAGsu3/GMlIh1jnimaKWG1QNkMufjMIDEEPFvFxWQocdq8rxiXUa1pNo2B7XlcYVsxzDd+I2ZLX3NCEWyzBQ==
hRlcLcaTl3F9vGYHSqU4l04lLw7rn8fewKs1RFqSyKeQdSag+iNVp5De7sGb2ZTr7BB2c0NcN30O7V/2fVr9ycnwNdTtmPjYHVRg8zFFEICtCpDXLHeF9QWGcSm5PYuJYUHg76qDEvOzox55WLMx
K5EUNv2wd0tmSeP+AFViralDnoXfjrlmhz9rNjR7gRwm0vR/ZKUSiJZDeY+ELvr5h9mI0/jgYltvPFtVOj2rLkEagZF9IME8QTiUsInk9AutxYz4OboEP8DXKZ1x1sXxRf620RUR1MdGYz7bp9MKQUSzLQ==
Ouv3abJbpQzOiYhZoXQNrhVseTpEfmN+Gf7G7wRfNfy0uu9VIa7IekoYE5qUjCJCwKX6FmgBvealhQoO/lmxM39ox34q4LceTU9zUkX5OWU7b3FYf18Xb7ME
Q7k6RQgvYHYrWdpgMPKQG6lDnoXfjrlmhz9rNjR7gRwm0vR/ZKUSiJZDeY+ELvr5h9mI0/jgYltvPFtVOj2rLkEagZF9IME8QTiUsInk9AutxYz4OboEP8DXKZ1x1sXxRfq10RUR1MdGYz7bp9MKQUSzLQ==
Cq3DWbmKOVm+MQlGrBcYBg8Z30M3L8FcTb7JJmWTSEdLPzzhKAoXdXEruBZ7yO2Hgn7SWhKjuUAFXJWynpya0Jmb+7CugqHy+IUkuHpew+kdN8hKe2o9fSljK8cZf1lHZttuS7r4FZV1xiEJiTt7abCBUE86A2KT4+MuWUizIQ==
1Zuwc8BdWx89/ARTELGzOg8Z30M3L8FcTb7JJmWTSEdLPzzhKAoXdXEruBZ7yO2Hgn7SWhKjuUAFXJWynpya0Jmb+7CugqHy+IUkuHpew+kdN8hKe2o9fSljK8cZf1lHZttuS7r4FZV1xiEJiTt6abCBUE86A2KT4+MuWUizIQ==
DEy0+s03X6VHYrqUmRk3TDcZ9RpZyf/W+riNoQ698Oc6UemxnyYalskptZP73KUKU/iyGusgqT53ZS0zdcvL7cX+B4UrcbMW
KnKn8chI/3+ZlMUxmNhcO/Pm13ZZz/rkF0ob9q2YYfkwGz+XAty9rQZJ0NviFTkdN7KaCnGNRd8z6MX2S/yidgN06eIPgZ2//b9rUZ06V6kDZbMK
7AV9EoG35nXiWeCdJPdaYRfTBQVhpeB5P5ff6ML9KJ2Tmon8WmZvM/+x77WLevID9kzb3HnRFvzguAQkeB3uNaO63T84uXS5cV2Z/QGWFRF1+cXxxNFkZzbjrjt3k3phVLM9
fFFY0DYnf3KNOUwyDNmDzeVanNRyES0YmDU7PCtDOt1MLkmn5WAMV2VTHB0HJjbS9aLxh4utZUL8H9is9YA3afggTsiKuPalgGltehNjVoF6pX8ttyHvrltN2x5rbUppivuYk+DnuasUfVqzMw==
2wNT5H+1Qg0nG6Lb/gCP39zaEl10qTJ0HnmZyGzth3xXGw4NuAZlx4lIGKdxawAdGx4iIuGKneenhZGSyEek7ElYw7lMSCJoJlBiFRQR8fqPm8Ix7s3TjVvJW/4vFWfSl7V+Of7TtHMMz63bAEVGsy8=
3B++GVI858ozgbCT/RjzeOzf5+Xj9tFgDCbBrPwibwbfwr7NedO80NpozXGuLXB3moGpYb82Gobp+fVDW0wlmvMo8srLMKIuV7Vt49VbS31lLkdVC2GzBg==
jp7rr1arhSJjEhzBOfNiaS6Xiq5BSr3nh0UxEmiHhOwpmCM5LIjCaEaQgpV00RH679sisY6NM407ibt+T1WH3Lb13rlek5RzLI8NW6AFZrMP
3KDmppVTZJp+tjRFtGnwAhfTBQVhpeB5P5ff6ML9KJ2Tmon8WmZvM/+x77WLevID9kzb3HnRFvzguAQkeB3uNaO63T84uXS5cV2Z/QGWFRF1/MTxxNFkZzbjrjt3k3phVLM9
JdRAEWYRmOKM2eT+XvLhGdamLx0qg5aofVJZx6O9bSKkz0AsbVDvSfAwpojiCH4F+FmVemtTriHyFZft3zHnjgMdQ5PyPZKJguuwU0iXMUusDWKzCw==
HzNX3XKC9Gd9ZuW+KUwc42D4kAepuygdM876gmk6ZSf/lZly8DcMbKHou5lEWHoonqDqdUzBGfrnyxrRZr1rTYPZU97XpQ9aOUVGWfbDbDN0fyV7WBVuswc=
q0eAtKSl8yk+XA8HMpWJoGD4kAepuygdM876gmk6ZSf/lZly8DcMbKHou5lEWHoonqDqdUzBGfrnyxrRZr1rTYPZU97XpQ9YOUVGWfbDbDN0fyV7WBVuswc=
QwqZlpX6E+h7YEqA2Yp7Ly6Xiq5BSr3nh0UxEmiHhOwpmCM5LIjCaEaQgpV00RH679sisY6NM407ibt+T1WH2LH13rlek5RzLI8NW6AFZrMP
ZV5rH971TqrkvgrkqDX8zhfTAAVhpeB5P5ff6ML9KJ2Tmon8WmZvM/+x77WLevID9kzb3HnRFvzguAQkeB3uNaO63T84uXS5cV2Z/QGWFRF1+MPxxNFkZzbjrjt3k3phVLM9
AmKXRH0Eug0KPZi2x2phsOVanNRyES0YmDU7PChDOt1MLkmn5WAMV2VTHB0HJjbS9aLxh4utZUL8H9is9YA3afggTsiKuPalgGltehNjVoF6pX8ttyHvrltN2x1tbUppivuYk+DnuasUfVqzMw==
yS+qzctT2CW2UYSJ/SRSK9zaEl10qTJ0HnmZyGzth3xUGw4NuAZlx4lIGKdxawAdGx4iIuGKneenhZGSyEek7ElYw7lMSCJoJlBiFRQR8fqPm8Ix7s3TjVvJW/4vFWfZkLV+Of7TtHMMz63bAEVGsy8=
5qixBxWfT607N8P1qGAkPezf5+Xj9tFgDCbBrPwibwbfwr7NedO80NpozXGuLXB3moGpYb82Gobp+fVDW0wlmvMo8srLMKkpV7Vt49VbS31lLkdVC2GzBg==
GGmNP46ElqW0xuw0xVjm7F+vNrNvQ0mX/g5okLP+aZzPF2Mx9wbcBqvpSz6fdbfcxBWNee4zBPPc790bkCV2sx8=
ZMT7VywDt/DZoL0yQhfOCazi6t3RSLGxy7YyBLFXCBVewL6JqD0uKjfsuLWa2zvTj02fY1Lw+ZD/9SAldDRcqLzM8SadeGwVPrAXFooIB2bJtMM45RFpPfu3IXCfd2dXszw=
a0QZZhN7rpnUgPeoMMx6J7KQoB9YYMKbjzw7ldq9y26hGqHR3aBhfGE4tPDpZBRLzcVsOFk65P/g1wld0VZlMWXz0hH3kbSHpmNemwdTqgFksw0=
phwvXg9vMmqiQXLpPjg3mHqQ5e7z+cwycMOBJ595SymbQhUaDXeO6+TxwwhdWRzlXeIXehcdi7hncAcIclyP/IInewVaVE8igtMmZ2/RV84z/VOb4B3gyXJLwNPYN2GLfG1Sszs=
bIJY1XVAcQ0nVzL9zg2SeHSQ5e7z+cwycMOBJ595SymbQhUaDXeO6+TxwwhdWRzlXeIXehcdi7hncAcIclyP/IInewVaVE8igtMmZ2/RV84z/VOT4B3gyXJLwNPYN2GLfG1Sszs=
SRCjANHQa5rU5np9Y46Rpz8nMChV/tGtOn4/ytSWNzkRYpA2ilRLViTg+u6gCWJ62I0laiUJkoJONSmfH8QfEpos71KNASuddZXhSVtDaTRPUw9jswg=
gR1fnl7d32m7LfFwVjk5Iin1J9QP6tsG4Jx6ZuOVtwNyXkvBydyHHV4tr9ZtWu0p+bBldB0YaLitlLDTQUXgoP1KIDe89/VV1UZBSak8nqkSATAPGgOCU0NjThloswE=
5g4H5kAXASG4bBhUNKWhszSxmxHs6mUVMY/kxi1tP2zx0Zh1+TpLOsvF76hjeGsonpTLTGafB4Wm7CuSRptKR4PZU97XpQ9aPUVLWfbDbDN0fyV7WBVuswc=
iFP+qnNpLVBfR2dwu4HV93/4jxujuWwNM4CqmyA5b2jx0Zh1+TpLOsvF76hjeGsonpTLTGafB4Wm7CuSRptKR4PZU97XpQ9cPEVLWfbDbDN0fyV7WBVuswc=
sOCbmbVuXgH+AvUb6Ikmtjz3KYQk+ttU6YM1NeqNtQw8A0aVmdiHHV4tr9ZtWu0p+bBldB0YaLitlLDTQUXgoP1KIDe89/VV1UZBSak5makdATAPGgOCU0NjThloswE=
a4+MF2HYrgbjiOU/Q7CM7mm5zgyX+JoKZShXe4tJVA0LcIL7+OknKDlh4NURqtO6U1VHSNsIo+jWxBNsDq//hd7cw7IeS4IHyynrvn81l9yn1SP5DnMk87wvfZtwZVazPw==
GpQ6KDIEHu4WaD/0tteIX2n1ggyX+JoKZShXe4tJVA0LcIL7+OknKDlh4NURqtO6U1VHSNsIo+jWxBNsDq//hd7cw7IeS4IHyynrvn81l9um1SP5DnMk87wvfZtwZVazPw==
ttYys/AsmP6NqshiWTjqY0dxuOJObbIckqzH9verzUoyQT+9r+DgcCsrGVzkHGoCB5Scjl50MI+eyLBT8SBl/77gVjstpe/iQ8BSUlu4LJenEA07BRMLhVVGZ00babM+
/21uZiflkT/Xy6sBoRacpEVqI2aZwHuCn0iN4YAEpRywWi/spdPp3d6NgeTgUwotbXgThdLdE745mjkBhYBpbAl4XEBhxOx7tcWUCCGabE+IF+FN2Xa9Yf1zSkGhcbyXjqP264+zEnFcszU=
RaSkxVRUl8pfOipSngr1pr7rK1Btrd/evoHN3zUs0ENokGTmwX8ewJFYpLViNTPMK2pDJjlA20K/SG0hYIRF3JBaD6wFU4mdvo3hpIDTqm1NeDNFMl3zftmaGcElAMksaXg8AAFETDuVxbTIgRqMj2gXAY159h0h3XouAcDx3Neuo9YrLzPysbyz1Q==
4qOxwZuOLxewEYOqSseKJbLFdRC4pCUdihuOPe/UDwTgUhBQX9+1h7kjCwpQBpfp0RKwxooka6ZksFp+IJmCqpi9xVolOXKyDuXJD59Uv0La3M8iifAL47VFQdnb0wlkj2NvU7M4
PJYl9IrulmtBvCGInJrR/Fg9p/hRQKxcwbPN+uTqmVs1QWz96arkcCsrGVzkHGoCB5Scjl50MI+eyLBT8SBl/77gVjstpe/iQ8BSUlu4KZenEQ07BRMLhVVGZ00babM+
/T0bpHGiWKhI6OlINxY9QZqjQ0Me8XesCZxMeKmfPc6c1plfPU186fG2xJQDRymo3GAqxs/YzFqGKFArdmTA5wmc5Xs2bMavtTlPhuss4ibjRO7T793db13P66E9apd5Y1WzOg==
VqGr2S3WJF7uE5e2cMqEnbKQoB9YYMKbjzw7ldq9y26hGqHR3aBhfGE4tPDpZBRLzcVsOFk65P/g1wld0VZlMWX91BH4kbSHpmNemwdTqgFksw0=
exFCJD4W40sMPqxN8SXQSmIR4hRb7/+H/P3Z7gSCsbNoUf6thhFewsgioJju2q8KU/iyGusgrjl3YC4zdcvL7cX+B4UrcbMW
IlpugYFc/dkgVhoubKKtpjjj0rF/HhyX6Dn8MBEAMnaoUfI0ovsCZFz6tnR4fuXm989UoHF3ZbVlBpFp2T6uycXCQK+KgzKzEyO+OXizEQ==
Q/IgKduElPM88eZX/K8raw+J/EefaYAXgTiwMGHtpCs260JTHgyU6NhuugifNH+iWnwPQowTS0s2JQE52/PJxA+DL3OzGA==
CNEjqV21MdJB3bRThfotUEA+981xcfynXcp/cTlla7cFEWb84Go6/Pz+YW57X+g4lRfBDTn23aEdfG6BCPIcV+6jFqvvM7IxfLMV
G4bxmJzzk7nyULzk4jACEVgRIpQSe5KELDrmVEh+1cYnjarI9ubVFTXG4YnJOr/p9IKQz3oDohOj4+7ZCLNh
ptt/MtdldJYDVps2uI4BBs37wyFA0OZyLBCKPheC7cVgnCS2B0Ef7sut6xqdzd6quttoE7AHqevk3QqzYw==
owsTDZRmS5kH0rhqJJQw1kjY98EPcGDAy3tZrMQMajJnRFz+/uSwP36Y8KPRMGXP3jCWS401b1KjkBKie6gupcfMzkulg4s1tRYnvTt5sw4=
UTBcukJXLqvK0FL2e0ee0wu3iBk3AJPp6DVRBcYJG/nKkIMi9FSSCgBtis5Iea3upY0adt6Bwfu/IHemSlgnlsLH4+qmoYmteyeBAF+nB2ezDA==
WisTgpBrhQirgHiYaq6kqgu3iBk3AJPp6DVRBcYJG/nKkIMi9FSSCgBtis5Iea3upY0adt6Bwfu/IHemSlgnls/E4+qmoYmteyeBAF+nB2ezDA==
Kil1P4XiKnigF1KSZgAOFm/PpbsyPqDTWjhk9DyQyTrtpNSN3uwvCvrUv/oIqfvmlo3RYRurGazv698Ls2A=
IK4XQr4MOVLiSTlQae+L4ytD1u0/v3t2TmpLFXjerZISCmiXilyMgLzkIV494By5/tgnDuow1w5MXZMCBglZ1bsf0eg/jzd/sxQ=
MaTUCOdN/JdZLl4UFEYtt1G4szCKRKsG5FCaHiC5wgoY3QV6JRmy0o5FiS+fNH+iWnwPQoIWS00wJQE52/PJxA+DL3OzGA==
BADXevW0OSWPIFQiaE+db34EgK1g8mthSghzSlT8wvJAVVqmqFGd9qWVKl4+6RHD/9gnDuow1w5LW5MBAAlZ1bsf0eg/jzd/sxQ=
zbDTSa9SLqDijiol1j9UfiLJpCWG9h7Ok+sWkf3qf0qLdGXChNbaQC1ZH1WfmKC4+3N59BSk6oqXDDzm7ozwx84QUHuBGGX3rvh20x3dryqTmDL6qwCuHDeIqFO168vNBZ6HZWtRszY=
+u2LO/R3NLOP4QYy8HV01in1J9QP6tsG4Jx6ZuOVtwNyXkvBydyHHV4tr9ZtWu0p+bBldB0YaLitlLDTQUXgoP1KIDe89/VV1UZBSak7mqkdBDAPGgOCU0NjThloswE=
irSnS+vAM7oiwRcNJU7kyDSxmxHs6mUVMY/kxi1tP2zx0Zh1+TpLOsvF76hjeGsonpTLTGafB4Wm7CuSRptKR4PZU97XpQ9ePEVLXPbDbDN0fyV7WBVuswc=
lxmtPqUiguzSoF0wr9zwp7LFdRC4pCUdihuOPe/UDwTgUhBQX9+1h7kjCwpQBpfp0RKwxooka6ZksFp+IJmCqpi9xVolOXKyDuXJD59Uv0La3M8ijfYL6rFFQdnb0wlkj2NvU7M4
I8caVgY6AtRRB9vDsLtL6G9+zskoi0slAGtiZxnlyfsUSx0YlN7HgXH6AL4K3NvOxFiKJmBBUoL4lTViJQGCmm7NGdffDG+qerR/2guPuwIRLREBG4tZTG9LH2uzAA==
MC69UEitTBvKAFSWb0mpX7KQoB9YYMKbjzw7ldq9y26hGqHR3aBhfGE4tPDpZBRLzcVsOFk65P/g1wld0VZlMWX50hHxlbSHpmNemwdTqgFksw0=
pnMWmgvXf9uHgB1Va4dr1LLFdhC4pCUdihuOPe/UDwTgUhBQX9+1h7kjCwpQBpfp0RKwxooka6ZksFp+IJmCqpi9xVolOXKyDuXJD59Uv0La3M8igvcL6rFFQdnb0wlkj2NvU7M4
j439atBCF11nWIAhiL23eskJjXpXjmZEpKAmWSaPttiMR0FMFYm0hcVyj/qPjRMYD6DPSDpsZ9z6F4MFImS3Aurj7qcngb9uq23LGXmNfi3aGwgTkEdJa0QdarMD
r7ZuZOBtr08TFIyVnFrvW3Mygh7EvZjh7uGZZ011nNGBjgQsc//JEKzYqn6/YCzi9pCQEwZcIN95pOVDRlQml8UBjz6blAKek/xvaJ9tOdctdyuZTVJ3QRNtswI=
S1KhlNl3S53MkWiDfxTkjbKQoB9YYMKbjzw7ldq9y26hGqHR3aBhfGE4tPDpZBRLzcVsOFk65P/g1wld0VZlMWX91xHwlbSHpmNemwdTqgFksw0=
pMuDHeG4/G0rDZVxT6cGYrLFdxC4pCUdihuOPe/UDwTgUhBQX9+1h7kjCwpQBpfp0RKwxooka6ZksFp+IJmCqpi9xVolOXKyDuXJD59Uv0La3M8ijfML67FFQdnb0wlkj2NvU7M4
1oszdQjajCn4MjuEfVuHJ3Mygh7EvZjh7uGZZ011nNGBjgQsc//JEKzYqn6/YCzi9pCQEwZcIN95pOVDRlQml8UBjz6blAKek/xjaZ9tOdctdyuZTVJ3QRNtswI=
suzW1EqZcpcZCAFuJUsturKQoB9YYMKbjzw7ldq9y26hGqHR3aBhfGE4tPDpZBRLzcVsOFk65P/g1wld0VZlMWX61RHwlbSHpmNemwdTqgFksw0=
NO7UqOOP1XTyHYEMaCkcQLLFdBC4pCUdihuOPe/UDwTgUhBQX9+1h7kjCwpQBpfp0RKwxooka6ZksFp+IJmCqpi9xVolOXKyDuXJD59Uv0La3M8ijvAL67FFQdnb0wlkj2NvU7M4
Ywo6ov7/KiTBONstpV8t4YwFjXpXjmZEpKAmWSaPttiMR0FMFYm0hcVyj/qPjRMYD6DPSDpsZ9z6F4MFImS3Aurj7qcngb9uq23LE3uNfi3aGwgTkEdJa0QdarMD
0BFAVks15Ot4H4yzVJj0qbKQoB9YYMKbjzw7ldq9y26hGqHR3aBhfGE4tPDpZBRLzcVsOFk65P/g1wld0VZlMWXy1RHwlbSHpmNemwdTqgFksw0=
ycbxV/uJwmeAWiDPa4UfHLLFcxC4pCUdihuOPe/UDwTgUhBQX9+1h7kjCwpQBpfp0RKwxooka6ZksFp+IJmCqpi9xVolOXKyDuXJD59Uv0La3M8iivYL67FFQdnb0wlkj2NvU7M4
G2GaC5PCz0t0n6VpcI88k3Mygh7EvZjh7uGZZ011nNGBjgQsc//JEKzYqn6/YCzi9pCQEwZcIN95pOVDRlQml8UBjz6blAKek/xobJ9tOdctdyuZTVJ3QRNtswI=
beWvfWcoeDIWxia2JX+PQ7KQoB9YYMKbjzw7ldq9y26hGqHR3aBhfGE4tPDpZBRLzcVsOFk65P/g1wld0VZlMWX+0xHwlbSHpmNemwdTqgFksw0=
kwKSGsyEkOjDMDhALMYBV7LFehC4pCUdihuOPe/UDwTgUhBQX9+1h7kjCwpQBpfp0RKwxooka6ZksFp+IJmCqpi9xVolOXKyDuXJD59Uv0La3M8iifcL67FFQdnb0wlkj2NvU7M4
llnvao0pHlgE8l3BYRx02XMygh7EvZjh7uGZZ011nNGBjgQsc//JEKzYqn6/YCzi9pCQEwZcIN95pOVDRlQml8UBjz6blAKek/xubZ9tOdctdyuZTVJ3QRNtswI=
C8OqXicXGXaxSl5OYE9wWbKQoB9YYMKbjzw7ldq9y26hGqHR3aBhfGE4tPDpZBRLzcVsOFk65P/g1wld0VZlMWX90hHwlbSHpmNemwdTqgFksw0=
wXscdu4ioO6TPRCCWihK7cISFm8adnpdb5oJScb6zlIUILI+L7LV9EmgYWdPkbdOUz1zkgRdRE3SCyDT+PfBC5wtcrMb
HriiaXnYmYZduwzUuZg7v2NBr0oXlrON7LKU9DG8mf1yUf6thhFewsgis5fqwK8KU/iyGusgojl3YykzdcvL7cX+B4UrcbMW
oxM3rb6HyJk2Y5CNQfKg2RRw7a/PDsAv1g6ODbsytelaErqigLg+vqMqQYS9yP3H8znjnifFP1JIZXAdBmPcs+Tf9TuINX6zFw==
oi7SiTz71GFYlQGgmIA+RQ6qxvlMWaK43EhsF2uNhOIh2C4uLY7nG1zYgoJoyCa+u9opt4qcL4c7ibt+T1WH0rD12L1ek5RzLI8NW6AFZrMP
qPt9u9IouoTSWDEwmNQgYRdw7a/PDsAv1g6ODbsytelaErqigLg+vqMqQYS9yP3H8znjnifFP1JIZXAdBmPcs+Tf9TuINX6zFw==
iNcArsciRGfTiCBcCMVq5Q6qxvlMWaK43EhsF2uNhOIh2y4uLY7nG1zYgoJoyCa+u9opt4qcL4c7ibt+T1WH0rD12L1ek5RzLI8NW6AFZrMP
n+bxysw/1ZIdSRbt/dni+E865IJ7UK/0Uo90anRlYYYHOSjm4Go6/Pz+YW57TOc8jxfBDTn23aEdcmqBCvUcV+6jFqvvM7IxfLMV
/IqxyiIMejPv0vrtuRXi6ZKp9QgdNZmYtTFmkNm3y2CpToj+wopQQEt7rozISiIM5P55HmN/wMjd1wld0VZlMWXy0hHylbSHpmNemwdTqgFksw0=
7+h97DIYmB5COaV/Nf2ausISFm8adnpdb5oJScb6zlIUILI+L7LV9EmgYWdPkbdOUz1zmgFdQ03SCyDT+PfBC5wtcrMb
TKZA2a24DdzAJDxN3XEXGwdgvPxHevzyRY9LTR1lYYYHOSjm4Go6/Pz+YW57TOc8jxfBDTn23aEdem+BDfUcV+6jFqvvM7IxfLMV
NfAYxHaacbNJtbzcOJel8x9lrJ00CbD4VcB2Pn10c7M5EWb84Go6/Pz+YW57X+g4lRfBDTn23aEdem+BDfUcV+6jFqvvM7IxfLMV
T/vzsDtlznJ6hDrebEf7kRRw7a/PDsAv1g6ODbsytelaErqigLg+vqMqQYS9yP3H8znjnifFP1pNZXcdBmPcs+Tf9TuINX6zFw==
uGrE54Fxc1iVan8Izx7+j+/I8EgQIJ+UkUJ8k8jzlmXqW4r5v8UJVk954JbISiIM5P55HmNsz8zH1wld0VZlMWX61xH1lbSHpmNemwdTqgFksw0=
CRpR5NcEWTSNHmrCJxDYKMvTjS0ZjampBQ9T76+VaPp/US6cQtGqrABso8GqFS4BLoXeXnCGQ9si9M/2S/yidgN06uAPgJm//b9rUZ06V6kDZbMK
/25JbyGeS8gFd1kAXeQCJxdw7a/PDsAv1g6ODbsytelaErqigLg+vqMqQYS9yP3H8znjnifFP1pNZXcdBmPcs+Tf9TuINX6zFw==
4uUcfajs9N05LLq4fnxOs+/I8EsQIJ+UkUJ8k8jzlWXqW4r5v8UJVk954JbISiIM5P55HmNsz8zH1wld0VZlMWX61xH1lbSHpmNemwdTqgFksw0=
NTtUwf85ykaSOjM5PAiThsvTjS0ZjampBQ9T76+VaPp/US6cQdGqrABso8GqFS4BLoXeXnCGQ9si9M/2S/yidgN06uAPgJm//b9rUZ06V6kDZbMK
aTbXTlS3JxLhpLCO11hWsU865IJ7UK/0Uo90anRlYYYHOSjm4Go6/Pz+YW57TOc8jxfBDTn23aEdem+BDfUcV+6jFqvvM7IxfLMV
cftddxxPmIeutkOdGAXq+kT9ajSpifIdZyCu5uJeTATxyAjrooxUr1N1ZY7rGQQupNqehGB+/Zbf/CN0ozetBT3mOfkhuhNZqWWY30JDemMrQ1YJYLMJ
fxZVPVkzxi2SyooItFnSZVRXPnNc68KmRDpx1ZyVMTJfJMI23n1kSQ7RxsTjEx5b9rtiQx4ctLgLER6iH8QfEpos71KKAiuecZXhSVtDaTRPUw9jswg=
Cn6aALajqT4IgaEofEmzJKECD28adnpdb5oJScb6zlIUILI+L7LV9EmgYWdPkbdOUz1znQFdQ03SCyDT+PfBC5wtcrMb
b8IPZCQDcPDNaaYcl+fOtXJIo5j2Walj3B7BQKFkm9gUCLqigLg+vqMqQZeyzOfH8znjnifFP11NZXcdBmPcs+Tf9TuINX6zFw==
5wnaKoPlV9Qz8+fLmcIFIEqw4Ck6nY5J/u3eNqDO4V26C54eW/SCPtMcbonfyLm37VcruQ2y9+HTDbNi
sgsNQomiFjoXY2eWGPPt5b4sbI5KS5yXmGqW3+eAsuJm8Te8i8zacr8gH7z/A/6nOH4UWUwZbi9Y3+LEwqTvvxGASW+MU8KPDfygwY/pm8uJk1M/ExNE81xPsOj/cYcO490jktP9Mg0iK1BTKNfRywxNQrMr
HjJGAFJtwee1bWGp6JkAtg8Z30M3L8FcTb7JJmWTSEdLPzzhKAoXdXEruBZ7yO2Hgn7SWhKjuUAFXJWynpya0Jmb+7CugqHy+IUkuHpew+kdN8hKe2o9fSljK8cZf1lHZttuS7r4FZV1xiEJiT9+abCFUE86A2KT4+MuWUizIQ==
mZ3h/w44s+UsCYoKPd+3ZQ8Z30M3L8FcTb7JJmWTSEdLPzzhKAoXdXEruBZ7yO2Hgn7SWhKjuUAFXJWynpya0Jmb+7CugqHy+IUkuHpew+kdN8hKe2o9fSljK8cZf1lHZttuS7r4FZV1xiEJiTx7abOFUE86A2KT4+MuWUizIQ==
/qT/MjXlo8fWZvfISh5uyA8Z30M3L8FcTb7JJmWTSEdLPzzhKAoXdXEruBZ7yO2Hgn7SWhKjuUAFXJWynpya0Jmb+7CugqHy+IUkuHpew+kdN8hKe2o9fSljK8cZf1lHZttuS7r4FZV1xiEJiTx6abOFUE86A2KT4+MuWUizIQ==
SdbPxOrluzbs/9ws4IJQ+w8Z30M3L8FcTb7JJmWTSEdLPzzhKAoXdXEruBZ7yO2Hgn7SWhKjuUAFXJWynpya0Jmb+7CugqHy+IUkuHpew+kdN8hKe2o9fSljK8cZf1lHZttuS7r4FZV1xiEJiTh5abOFUE86A2KT4+MuWUizIQ==
bc2M/SyhfFEMDsxqLONkvg8Z30M3L8FcTb7JJmWTSEdLPzzhKAoXdXEruBZ7yO2Hgn7SWhKjuUAFXJWynpya0Jmb+7CugqHy+IUkuHpew+kdN8hKe2o9fSljK8cZe1BQYdtuS7r4FZV1xiEJiTJ5abOFUE86A2KT4+MuWUizIQ==
SFKyBxsWXR1Ejv1u1aQaML4sbI5KS5yXmGqW3+eAsuJm8Te8i8zacr8gH7z/A/6nOH4UWUwZbi9Y3+LEwqTvvxGASW+MU8KPDfygwY/pm8uJk1M/ExNE81xPsOj/cYcO490jmdT9MQ0iK1BTKNfRywxNQrMr
Z4A2RCr8dFXstvHnATVyeLtwdy4ecnQSNowNS4jgzlIUILI+L7LV5UisbHZPkbdOUz1zmQRdQU3SCyDT+PfBC5wtcrMb
eFjptFpkgPgZbTtjQth1jNXMwr7RZH3z7opm7zGx79ajGANntQkTDUI+lZmVmJWzYwsOHYL0LD7V5TvvPqb92psxX3st68+7hvznQxgHnMgTeYMeh4UfXCwllJ2mo/yzxB+Vu2h1XrM3
dUI6B1ZxYOHV7ZEI7Sfljr8sbI5KS5zMzXCB1P2Rn+JQ5AL95N20V5kPAJ/DRdWbKVQyNj0WMS8dgb+Q3rXEuQeJewqFJK70OqyY98z4m8uJk1M7GgRD81xPsOj/cYcO490jndP9NwgiKlBTKNfRywxNQrMr
Gmsjokau6YjB5aovpb2CJL8sbI5KS5zMzXCB1P2Rn+JQ5AL95N20V5kPAJ/DRdWbKVQyNj0WMS8dgb+Q3rXEuQeJewqFJK70OqyY98z4m8uJk1M/ExNE81xPsOj/cYcO490jnNP9NwgiKlBTKNfRywxNQrMr
rGniyZtqK116cNLkKrCJh3BuYSFL+MS2eGhrmtCWNzkRYpA2ilRLViTg+u6gCWJ62I0laiUJkoJONSmfH8QfEpos71KOBiubdJXgSVtDaTRPUw9jswg=
yPu8V6J9GfS/tujUcLtZ4N74HE0f/zftV85AJ7WbLMiRl5oGJggrtfitxJQDRymo3GAqxs/YzFqGKFArdmTA5wmc5Xs2bMavtTlPhuss4ibjRO/V79Xcb1zP66E9apd5Y1WzOg==
teS2wy04iPxAKK8dGCgqKOH+DeC3i0vk4z1dA1lZdk1jmbNed+UvWl2FJNhWgkwzlD+F+/jVDrNn
VncBegIPLD2QRhasAmKB4f4gMSYYcD8JdZoWXc+zzV8SNfd5X4X5sx2RWm1PkbdOUz1zmgFdQEjSCiDT+PfBC5wtcrMb
9RN7tw/TViSTleyZ7+rAhuIoLW8HZy4IOo1EC4G9wlcTObRyX4X5sx2RWm1PkbdOUz1zmgFdQEjSCiDT+PfBC5wtcrMb
OSM4IvQAhtywk0UhoLnYRPYvOm9WKygYIYoLWoW9wlcTObRyX4X5sx2RWm1PkbdOUz1zmQFdQEjSCiDT+PfBC5wtcrMb
B3lK5MHxh4oWo6xPPAV4Lf4gMSYYcD8JdZoWXc+zzV8SNfd5X4X5sx2RWm1PkbdOUz1zmQFdQEjSCiDT+PfBC5wtcrMb
c+thXOnJqO/h0uWHtsZQSK+oiWtR0+31X1ss97mQQbc6G37SAty9tgA708j3GSsGN4OSLkeqF4AX1cX2S/yidgN07+APg5y//L9rUZ06V6kDZbMK
nTXXYqf/F3y+6NwFc3OVB4urxIbR9VSfyQpLs6N409HS+CtQD64jlzWQ13YKqEeGztYDmWTxKB371+HQH5cnd7Mc
lHw/SHCrKxAA8wM/Av2G7q6oiWtR0+31X1ss97mQQbc6G37SAty9tgA708j3GSsGN4OSLkeqF4AX1cX2S/yidgN07uAPg5y//L9rUZ06V6kDZbMK
HScEFa7kofahR1VnVU9MS4urxIbR9VSfyQpLs6N409HS+CtQD64jlzWQ13YKqEeGzdYDmWTxKB371+HQH5cnd7Mc
SaxLiBasOoCe9Mg7tZT2uK+oiWtR0+31X1ss97mQQbc6G37SAty9tgA708j3GSsGN4OSLkeqF4AX1cX2S/yidgN07eAPg5y//L9rUZ06V6kDZbMK
gMK7L4j66K9Fxk3iOk6ZqYurxIbR9VSfyQpLs6N409HS+CtQD64jlzWQ13YKqEeGy9cDmWTxKB371+HQH5cnd7Mc
i4tZSsnjVfmuWIOcDBzvNq6oiWtR0+31X1ss97mQQbc6G37SAty9tgA708j3GSsGN4OSLkeqF4AX1cX2S/yidgN06+EPg5y//L9rUZ06V6kDZbMK
TWIcbogXtjgd21ZEIedMwIurxIbR9VSfyQpLs6N409HS+CtQD64jlzWQ13YKqEeGytQDmWTxKB371+HQH5cnd7Mc
YEG4dsW56/jTA1akeu6+9Qyev4sfPyjO0Hhk48JHPhZKEG3C2IezLF+125KPHxKqzyaHNI8pZVKjkBKie6gqpsfPzEukg4s1tRYnvTt5sw4=
xItoMHHIY/JFpc176qViRk47Lhj+hsWEkPB1AQPIvf3TOlC0qmhW+prP+cyZ2Yv27AFwJV4UPmYN60TQIRze0NiHD/ja0bXNeSNbpwl/SaeWG77rCniF9QWGcSm5OY+JbUDg7qqDEvOzox55WLMx
wxz1W+lIcORjtm3cNpO19J6pzM2etQ6QwwcWv6Z/yteeiBx8WfseoS6Q13YKqEeGydIDlmTxKB371+HQH5cnd7Mc
e0MJVLeU8Lm1wHqZUS/bFk865IJ7UK/0Uo90anRlYYYHOSjm4Go6/Pz+YW57TOc8jxfBDTn23aEdeGuBAfAcVu6jFqvvM7IxfLMV
6Mrezf8hAs39sLTip17TnpKp9QgdNZmYtTFmkNm3y2CpToj+wopQQEt7rozISiIM5P55HmN/wMjd1wld0VZlMWX40xH5kLSGpmNemwdTqgFksw0=
wjP9AdOqSxoHJcmUilSGRU07Lhj+hsWEkPB1AQPIvf3TOlC0qmhW+prP+cyZ2Yv27AFwJV4UPmYN60TQIRze0NiHD/ja0bXNeSNbpwl7QLCRG77rCniF9QWGcSm5OI+JbUDg7qqDEvOzox55WLMx
1uImvDIR1W1NM5Ypn7889N7fEUthsDF1GzjOiCu93SgjQU1Czgh8wpBZA7dgcBMqWlEma/GGhPWrxoSexl2O+xJL4O0QFlgYT2snWwUb17+Xm8hj4NfUiFvJW/4vFWfdkLVzOP7StHMMz63bAEVGsy8=
yJO78uWxjX5DWQyCr0kEcJAeu1/URvc6pcs+LJiKUuz0/ml+kz0eYFpGeb1hFrVRlf3iMalQxCYW48771xOaIXSzHQ==
/GYlaRAKHViNTbpKnIBIH0p6IHCJwnqDnwjZr54OohiqVzGtj5y3xZ2Nif2TAwx5bmFb3MDWEq90xw8bwLZaZWoINU8Fs9cvjf/NLxqLQnOuGOFN2Xa9Yf18SkGhcLyWjqP264+zEnFcszU=
7aPuOJ6zNfUpLGM1uI1LXyktOgi4IEO1ogkexXZpXsrYOpGx0u/+wgMg0vKb2Cyx5/CMm8RzC6UVpuft2wmzHg==
kut3KGgT3MQdyuB0GeTH8N7fEUthsDF1GzjOiCu93SgjQU1Czgh8wpBaA7dgcBMqWlEma/CGhPWrxoSexl2O+xJL4O0QFlgYT2snWwUb17+Xm8hj4NfUiFvJW/4vFWfTkLVzOP7StHMMz63bAEVGsy8=
xnscKnuGIaiuTio1XOd2i0FEf6stcZKELDrmVEh+1cYnjarI9ubVFTXG4YnJM77p/YCQznoDohOj4+7ZCLNh
3sp21wEJIgVZj+Fwp05HYpAeu1zURvc6pcs+LJiKUuz0/ml+kz0eYFpGeb1hFrVRlfPiMalQxCYW48771xOaIXSzHQ==
qv8vnh1zxRE00KO4xHwa6kp6IHCJwnqDnwjZr54OohiqVzGtj5y0xZ2Nif2TAwx5bmBb3MDWEq90xw8bwLZaZWoINU8Fs9cvjf/NLxqLQnOuGOFN2Xa9Yf1ySkGhcLyWjqP264+zEnFcszU=
4jdfJfC0AzC7ZB0nseSjA9XMwr7RZH3z7opm7zGx79ajGANntQkTDUI+lZmVmJWzYwsOHYL0LD7V5TvvPqb92psxX3st68+/j+vgQxgHnMgTeYMeh4UfUiglm5imovyzxB+Vu2h1XrM3
MAQgvOF9foLuRAmJTERoaimg+Sk6nY5J/u3eNqDO4V26C54eW/SCPtMcYo3fxLy37FcruQ2y9+HTDbNi
EzXejKUlHWCg0eF7mcVNWE47Lhj+hsWEkPB1AQPIvf3TOlC0qmhW+prP+cyZ2Yv27AFwJV4UPmYN60TQIRze0NiHD/ja0bXNeSNbpwl/SaeWG77rCniF9QWGcSm5Mo6JbUDg7qqDEvOzox55WLMx
sJk24199htDLoxM20m90jyotOgi4IEO1ogkexXZpXsrYOpGx0u/+wgMg0vKb2CKx5/CMm8RzC6UVpuft2wmzHg==
YDGjVmSGMjWLiMN92oG1h56pzM2etQ6QwwcWv6Z/yteeiBx8WfseoS6Q13YKqEeGy9QDl2TxKB371+HQH5cnd7Mc
efGnKZ4i82lIZeY/KaBHVtwPrRzZUfY8gLgkZJidTvXDuj1/mDkUeVFdeb1hFrVRlfPlMahQxCYW48771xOaIXSzHQ==
tsUbFwBs/I0rB2nrhM35oxENP5oi7H3d5tlQS4LleS0XopoaUb0FL1N4RWarjGJGI2Ti8i+9XM8cL+vB/coXmSN1sxo=
Z+V04YdWolA7cgCEZ8a5bGXX6Pr88sF+dMXVIY1kVCSPWBYXAXWD/OO4jk9PQlryQu5cb3Yw34lAUBYIcmiuxah5ZXobc35hovUHbW/RV84z/VOf4h3uyHJKwNPYN2GLfG1Sszs=
atzDaCESByhQ0gP11YFbNe8d3IXY7as71248SiE60Fl9k7YBdOdD0s4lKo6EKO38q9aL3rmsJ1NxfngTZT6iLB8AsLwpFsZcOFuOzKjFwlzB9c2aAeUoG+7HKZ1x1sXxRfK00RgQ1MZGYz7bp9MKQUSzLQ==
EFxpKqpozQcLL8OKekP2/s7RUkHLkaU+ij8oliEVVX1vSIfeqgD3PkJtsz/EWfhFO48xuP//1w+zZA==
hz6JhJBnOPM+dhEPJQ6jH49d8kREad3BNHTEIZs7jcWdZlk5QbIwmQTgeJ6iQ5oji8P2yQCzaQ==
t+e5uHFITwJ5+H+Ujsc2SB+zeuFcYXO7qSFU1IL+N7/9P08j3jWEAqvpSz6fdbfSxhWCeO4yBPPc790bkCV2sx8=
Ino1K/dgYsWrAJiMbcRk3mRpdiEatMKmY28ky9SWNzkRYpA2ilRLViTg+u6gCWJ62I0laiUJkoJONSmfH8QfEpos71KNBiuTdJXgSVtDaTRPUw9jswg=
g147SBnZ1Cu4ENDmF482JGxmfWhU79W3N385zJ6YODEQbtM9ilRLViTg+u6gCWJ62I0laiUJkoJONSmfH8QfEpos71KNBiuTdJXgSVtDaTRPUw9jswg=
P6gURQPFZKSIHDdFxYcoWHWfsOj389A2bMTkJ59xYSSNUhEfHHPa9eTxwwhdWRzlXeIXehcdi7hncAcIclyP/IInewVaVE8igtMmZ2/RV84z/VOd5R3uyHJKwNPYN2GLfG1Sszs=
RE2dRiXeQ8G9NYKHJ9ygJRVseTpEfmN+Gf7G7wRfNfy0uu9VIa7IekoYE5qUjCJCwKX6FmgBvealhQoO/lmxM39ox34q4LceSktzX0T5OGU7b3FYf18Xb7ME
DBPqmp7DKsY5/MV9aZ3uOJqu3oKfs13H0kJYr6pEnIi87DFGHdgs8T6Q13YKqEeGw9MDl2TxKB371+HQH5cnd7Mc
hPuGgnMKra4psMyc4zgiuxtT9ahUO2vD/8Bx81jnAqGuuUU2sq4AYxroBAQ8YKnqrRR0HV58z3o6hJ/KA5/bO9R9sPGbO7kcL7s/e7MQ
vpKGOZOSaYb8EMzpWM2Z/3D30gCppz4cOprPyyx6LSfk3Yp1/3lAJu7zuINeVAB6wab6bmuOcZzX5yuRT5YwRoPZU97XpQ9TOEVKWPbCbDN0fyV7WBVuswc=
defvZHeg9hs4Ky9UGoacf1fu11NzW8uu+XpYS4xQXbPStbV132m+YVIyuP9qdLyYvPwRdt2IzIG+IHemSlgnlsLD4+ekoYiteyeBAF+nB2ezDA==
4wvt2vsyGhoicfi18DYdMr4sbI5KS5zMzHCB1P2Rn+JQsDfY66LAX4tlc/PzBLf0NyAUHBBEOzNJ9OTSy5aKjSasUH7pPd//Oq6R+rf5m8uJk1M/ExNE81xPsOj/cYcO490jntP9NwkiKlBTKNfRywxNQrMr
K7ajYjw7pmbfqA1I+JGeyL4sbI5KS5/MzHCB1P2Rn+JQsDfY66LAX4tlc/PzBLf0NyAUHBBEOzNJ9OTSy5aKjSasUH7pPd//Oq6R+rf5m8uJk1M7GgRD81xPsOj/cYcO490jnNP9NwkiKlBTKNfRywxNQrMr
iAqQ8SihZnS3B/Mhgp13Mlo47Mk0EPX7WIJ8dzIrNIBCKiOy8GYBqqPcBUNBGcUC0hbBDTn23aEde2yBCfEcVu6jFqvvM7IxfLMV
PhJu1qlZWI0Jdz/iYiqz+nP30gCppz4cOprPyyx6LSfk3Yp1/3lAJu7zuINeVAB6wab6bmuOcZzX5yuRT5YwRoPZU97XpQ9bPkVDWfbCbDN0fyV7WBVuswc=
k/ZvhBDpVxK4+FdOwEY3xFfu11NzW8uu+XpYS4xQXbPStbV132m+YVIyuP9qdLyYvPwRdt2IzIG+IHemSlgnlsrF4+6loYiteyeBAF+nB2ezDA==
h0DO24yXJD+r8odxbo0IzVo47Mk0EPX7WIJ8dzIrNIBCKiOy8GYBqqPcBUNBGcUC0hbBDTn23aEdeGyBCfEcVu6jFqvvM7IxfLMV
R/JZyghKMs1sBxymmGoTSXH30gCppz4cOprPyyx6LSfk3Yp1/3lAJu7zuINeVAB6wab6bmuOcZzX5yuRT5YwRoPZU97XpQ9YPkVDWfbCbDN0fyV7WBVuswc=
rf4Tzt/S4/7F+Vv537P+E1o47Mk0EPX7WIJ8dzIrNIBCKiOy8GYBqqPcBUNBGcUC0hbBDTn23aEdf2yBCfEcVu6jFqvvM7IxfLMV
PX6j7+AU4mQd5IfkJimQD3D30gCppz4cOprPyyx6LSfk3Yp1/3lAJu7zuINeVAB6wab6bmuOcZzX5yuRT5YwRoPZU97XpQ9fPkVDWfbCbDN0fyV7WBVuswc=
9/FOXgddRdJWeeNdPLUhn1o47Mk0EPX7WIJ8dzIrNIBCKiOy8GYBqqPcBUNBGcUC0hbBDTn23aEdfWyBCfEcVu6jFqvvM7IxfLMV
4swgBpKKKLtrA5vxL+kBRnP30gCppz4cOprPyyx6LSfk3Yp1/3lAJu7zuINeVAB6wab6bmuOcZzX5yuRT5YwRoPZU97XpQ9dPkVDWfbCbDN0fyV7WBVuswc=
Gm4xKNWRW60T+8MjDyv5hwLEkLF+BBin6CC5MxxCOD/+W+g45spHKkz2jSInXIHLzYl5mjZ2ZbVlBpFp2TyoycXBQK6KgzKzEyO+OXizEQ==
VqIAg0Dzoav9JB8cQIqjbFo47Mk0EPX7WIJ8dzIrNIBCKiOy8GYBqqPcBUNBGcUC0hbBDTn23aEdc2yBCfEcVu6jFqvvM7IxfLMV
za0li1q204LykknsrtT273D30gCppz4cOprPyyx6LSfk3Yp1/3lAJu7zuINeVAB6wab6bmuOcZzX5yuRT5YwRoPZU97XpQ9TPkVDWfbCbDN0fyV7WBVuswc=
EiuGRwGVc3NJvkrUE5UFKFo47Mk0EPX7WIJ8dzIrNIBCKiOy8GYBqqPcBUNBGcUC0hbBDTn23aEdcmyBCfEcVu6jFqvvM7IxfLMV
AQQP61Kw/sJvmysDHXHXb3H30gCppz4cOprPyyx6LSfk3Yp1/3lAJu7zuINeVAB6wab6bmuOcZzX5yuRT5YwRoPZU97XpQ9SPkVDWfbCbDN0fyV7WBVuswc=
WS5ukUNTvF/H9OVjzfJMDVo47Mk0EPX7WIJ8dzIrNIBCKiOy8GYBqqPcBUNBGcUC0hbBDTn23aEdemuBCfEcVu6jFqvvM7IxfLMV
NXzDZNuzkP2VPIZGXHQuTHL30gCppz4cOprPyyx6LSfk3Yp1/3lAJu7zuINeVAB6wab6bmuOcZzX5yuRT5YwRoPZU97XpQ9aOUVDWfbCbDN0fyV7WBVuswc=
0huiW5RqrYmkNHylfBHzn1o47Mk0EPX7WIJ8dzIrNIBCKiOy8GYBqqPcBUNBGcUC0hbBDTn23aEdeGuBCfEcVu6jFqvvM7IxfLMV
xKlxKNk5izpXtotFmar++HD30gCppz4cOprPyyx6LSfk3Yp1/3lAJu7zuINeVAB6wab6bmuOcZzX5yuRT5YwRoPZU97XpQ9YOUVDWfbCbDN0fyV7WBVuswc=
cMCMm8rmeXKJEbZwcQFvJL4sbI5KS5/MzHCB1P2Rn+JQsDfY66LAX4tlc/PzBLf0NyAUHBBEOzNJ9OTSy5aKjSasUH7pPd//Oq6R+rf5m8uJk1M/ExNE81xPsOj/cYcO490jntT9NwkiKlBTKNfRywxNQrMr
KRutLZMOUmY3LUf/zU4Qa74sbI5KS5zMzHCB1P2Rn+JQsDfY66LAX4tlc/PzBLf0NyAUHBBEOzNJ9OTSy5aKjSasUH7pPd//Oq6R+rf5m8uJk1M7GgRD81xPsOj/cYcO490jndT9NwkiKlBTKNfRywxNQrMr
DYtjYClvAAIB2l+E92iNF+8d3IXY7as71248SiE60Fl9k7YBdOdD0s4lKo6EKO38q9aL3rmsJ1NxfngTZT6iLB8AsLwpFsZcOFuOzKjFwlzB9c2aAeUoG+7HKZ1x1sXxRf2y0RAR1MZGYz7bp9MKQUSzLQ==
7HdtnKfkQE9v12FqI8+LNM7RUkHLkaU+ij8oliEVVX1vSIfeqgD3Pk1rszfFWfhFO48xuP//1w+zZA==
jXRJqGVw4D9JH14BzjBNf49d8kREad3BNHTEIZs7jcWdZlk5Qb02mQzheJ6iQ5oji8P2yQCzaQ==
1I5w1W7jXw8OsW3IqIJYeR+zeuFcYXO7qSFU1IL+N7/9P08j3jWEAqvpSz6fdbfdwBWKee4yBPPc790bkCV2sx8=
94KZxmk7aNXY3wNJDKsdSe8d3IXY7as71248SiE60Fl9k7YBdOdD0s4lKo6EKO38q9aL3rmsJ1NxfngTZT6iLB8AsLwpFsZcOFuOzKjFwlzB9c2aAeUoG+7HKZ1x1sXxRfOy0RAR1MZGYz7bp9MKQUSzLQ==
mVvHHbk7HBx6hBjT5Ri+5c7RUkHLkaU+ij8oliEVVX1vSIfeqgD3PkJrszfFWfhFO48xuP//1w+zZA==
Q9hEW37vPM1jD/xj20la9I9d8kREad3BNHTEIZs7jcWdZlk5QbI2mQzheJ6iQ5oji8P2yQCzaQ==
acjGUx00ar4ADxcaLgCs+B+zeuFcYXO7qSFU1IL+N7/9P08j3jWEAqvpSz6fdbfSwBWKee4yBPPc790bkCV2sx8=
YbC6HoffYyQoMAL5YKW7u/ctNglVOD0TPI8UR9ypi1QRI7M1QvbE406zandPkbdOUz1znwFdRUnSCiDT+PfBC5wtcrMb
3d66cNsEBLOfkTQBm9YNSDthThp2YmkyY/CSwrvIL8QHqk0rZOOLVXV2p937GbNu
hL6A/xrsPg0qsWHe+PsdZs7RUkHLkaU+ij8oliEVVX1vSIfeqgD3Pk9uszTFWfhFO48xuP//1w+zZA==
CvrD9WAjz93RHfgiTH1JS49d8kREad3BNHTEIZs7jcWdZlk5Qb8zmQ/heJ6iQ5oji8P2yQCzaQ==
NExD5HhTMJns7TvLNW8sUfrAoBn2jzM/4JazGXkAHcm/smU4IR0iiWTBSwTja+IzireCFVUsDx/t9RxKWpuQjzSHUa1pNo2B7X9fYVsxzDZ+I2ZLX3NCEWyzBQ==
5hs4lXHieuRAyYtx+9k5QOAhp0FhtEEthJFmFjWV/5iLRUkCE5S3hYRlwqHt6EUzNJ/8B3RZA/TJU6s1WgacQ8bDwrcngb9uq23LH3mNfSnaGggTkEdJa0QdarMD
PVzVGQPjMhHKczfMiXuq6MkSiGRQhmA3s5FmFjWV/5iLRUkCE5S3hYRlwqHt6EUzNJ/8B3RZA/TJU6s1WgacQ8bDwrcngb9uq23LH3mNfSnaGggTkEdJa0QdarMD
TXAisltY1STrDDYAIsClBCy9lQathGIWMZ3jiGd9LSL3zJt1uC0GYamguYNYR1hn0KGvZFXbL7XejgDTartmV4PZU97XpQ9fPUVBWfbCbDN0fyV7WBVuswc=
TND1gWgBOOH4HbX0FpR42zHe5PvT8cM9bd3TNrhiRmGEUl4WDWXH+KO1gUJbRB/lHPVaIXV43ZNcTzRHPGnr1LFjUzUiNmRjrvMKd2/RV84z/VOf4R3lyXJKwNPYN2GLfG1Sszs=
nfj0ygkpJQ8a5yYgQXUOQpyzTw1KpHa8NZdfPKyFLM6+mdZMJwQ87vO+ipIeRCnpyy1xpKqO52G5Gx9lQwDo1E201QNUR4eDlRVfhuss4ibjRO/Q79bdb1zP66E9apd5Y1WzOg==
BWDRojxbn8dGCMRz7mU13pGTh++VDSi/sMAj8jWL5MeZTjpAn2hSFgF908jXnZ2iZyxLNejNFmG5gGnDCOfI56ABXyQl+9+1rq7wExobltcTeYMeh4UfXi0lkZmmovyzxB+Vu2h1XrM3
tD2N7sx3QSGU5w1Zf9SDWwl+bz9ce25+TeGGoEQFOva3uedQLrXOPFEuKcXx5ApvievfN0sw48mJ2Sxxv2yiBHlox34q4LceTk5zVEX5OGU7b3FYf18Xb7ME
