mz0OXAuX5O0QPl4uL0JXdASCt5QBY2eUjCoXscJHPgJsVW3J2sTxVRiz3o+JPxqd8gbTfL4Of1KjkBKie6gup8fMyUuhg4sytRYnvTt5qRA=
/Nd2BQdlKl6A71fLog0qeIV90rCuxreYjtmx2bl0UraF3TI9F4/QcoWCJeNJL+7lJ+msT9c81NKOQLihuZEAZELEzYJut6Lz+rVW7ltj3PMxMZgjDzRJdKcLbFyYbOpNvCNh5FUssLSyNLe7CU/lHXITQaScHOKVC+NYmGi/u+DedObidWirvDJciONZarVICLRsSjliZ03jJheflVxohB0G05xQNA6pe6xp5qsMYsYj5O5zLzBZTxmv60b9ShcZI/WphA==
mUw1xoK4zMlULnrCkRjZNYV90rCuxreYjtmx2bl0UraF3TI9F4/QcoWCJeNJL+7lJ+msT9c81NKOQLihuZEAZELEzYJut6Lz+rVW7ltj3PMxMZgjDzRJdKcLbFyYbOpNvCNh5FUssLSyNLe7CU/lHXITQaScHOKVC+NYmGi/u+DedObidWirvDJciONZarVICLRsSjliZ03jJheflVxohB0G05xQNA6pe6xp5qsMYsYj5O1zLzBZTxmv60b9ShcZI/WphA==
m1Zx8G/N6Gx2OjLExlhnCxHwceNAc3KpuDEXxJ2rN7XGfkhz0iuOF6vpSz6fdbfTxhWPfe43BPPb790bkCV2qQE=
9cpH0U2qRKYZKyaFZcMN2Cy9lPZjzZKNGDv1PgzTg62JcsdoGhWYVm+M+Nj/DeMAAmFHVjugqMKJPsOLcxmH9PNAQsp7WHrTXQ3elc+UsQyoFA1ndsiurBdYxd0TGqD5mrnX8VvGq2g3JhkgdAMNXOOr+W5Epv3UNFWZ0tMPvaBPTnUSfxe2gJdEVDWtkw7WSPzZXUji74i/22kdsdYFcQXzdFHVFZRDBmP5W+fTSsGEqfM=
+CbB4LVnvG/HPeH2rz4QKs7RUkHLkaU+ij8oliEVVX1vSIfeqgD3PkJtszLBWf1FO4gxuP//1w+peg==
ZP+8CqS4haZ/MadpgRBb0o9d8kREad3BNHTEIZs7jcWdZlk5QbIwmQnleJuiQ50ji8P2yQCpdw==
/m/9WlRuevmDWbAyE3igPRHwceNAc3KpuDEXxJ2rN7XGfkhz0iuOF6vpSz6fdbfSxhWPfe43BPPb790bkCV2qQE=
/m/9WlRuevmDWbAyE3igPRHwceNAc3KpuDEXxJ2rN7XGfkhz0iuOF6vpSz6fdbfSxhWPfe43BPPb790bkCV2qQE=
/m/9WlRuevmDWbAyE3igPRHwceNAc3KpuDEXxJ2rN7XGfkhz0iuOF6vpSz6fdbfSxhWPfe43BPPb790bkCV2qQE=
/m/9WlRuevmDWbAyE3igPRHwceNAc3KpuDEXxJ2rN7XGfkhz0iuOF6vpSz6fdbfSxhWPfe43BPPb790bkCV2qQE=
MFV5JQUJRO8vzSVI4T5gkvrAoBn2jzM/4JazGXkAHcm/smU4IR0iiWTBSwTja+I3iLmCFVUsDx/t9RxKWpuQjzSHUa1pNo2B7XJcYV01zDN+I2FLX3NCEWypGw==
6x0GsFcLDzEsxnofJaAyW/ctNglVOD0TPIsWSdypi1QRI7M1QvbE406zandPkbdOUz1zkgJdQ03SDyDT//fBC5wtcqkF
x0TjFxtx7tRsjuJmJYvqwvctNglVOD0TPI8UR9ypi1QRI7M1QvbE406zandPkbdOUz1zkgJdQ03SDyDT//fBC5wtcqkF
fvkJqaTnJyjJRGtGwGUs/k06P8skqSmS7OYRH9DlbjEOld5OULYQJEZ+T2arjGJGI2Tr9C+wWc8ZL+vG/coXmSN1qQQ=
ruLSqg3Ziwpvn9HBk4V+uU46P8skqSmS7OYRH9DlbjEOld5OULYQJEZ+T2arjGJGI2Tr9C+wWc8ZL+vG/coXmSN1qQQ=
Vg60h+FyH054btjHFwbdVEw6P8skqSmS7OYRH9DlbjEOld5OULYQJEZ+T2arjGJGI2Tr9C+wWc8ZL+vG/coXmSN1qQQ=
YL36WT8oHU/0FL42EKwqPU47P8skqSmS7OYRH9DlbjEOld5OULYQJEZ+T2arjGJGI2Tr9C+wWc8ZL+vG/coXmSN1qQQ=
n7E8pqDP7Efn260w2NRXgUw7P8skqSmS7OYRH9DlbjEOld5OULYQJEZ+T2arjGJGI2Tr9C+wWc8ZL+vG/coXmSN1qQQ=
HFcUUhSFV5uW8UaVGuoBYaMCD28adnpdb5oJScb6zlIUILI+L7LV9EmgYWdPkbdOUz1zmwVdQ03SDyDT//fBC5wtcqkF
PmYiRgjR4mpSoRN7vK717KECD28adnpdb5oJScb6zlIUILI+L7LV9EmgYWdPkbdOUz1zmwVdQ03SDyDT//fBC5wtcqkF
2dAW3/QtgoBdqh8NvoznWk865IJ4Ur/yXY90anRlYYYHOSjm4Go6/Pz+YW57TOc8jxfBDTn23aEde2uBDfUcU+6jEavvM7IxfKkL
G74btSdEZYpyL9HovngsDsISFm8adnpdb5oJScb6zlIUILI+L7LV9EmgYWdPkbdOUz1zmwVdQ03SDyDT//fBC5wtcqkF
l+D6m3Mqm7sv6VZpW4Om6k865IJ7UK/0Uo90anRlYYYHOSjm4Go6/Pz+YW57TOc8jxfBDTn23aEde2uBDfUcU+6jEavvM7IxfKkL
DFMRb98vyI1ITBz7PN/m/aYCD28adnpdb5oJScb6zlIUILI+L7LV9EmgYWdPkbdOUz1zmwVdQ03SDyDT//fBC5wtcqkF
Z8/5OSXk4aOfQJesaSBryU07P8skqSmS7OYRH9DlbjEOld5OULYQJEZ+T2arjGJGI2Tr9C+wWc8ZL+vG/coXmSN1qQQ=
zY8GBQ0+sSZbPlJRppc4xxdw7a/PDsAv1g6ODbsytelaErqigLg+vqMqQYS9yP3H8znjnifFP1tJZXcdBmfcs+Pf9TuINX6pCQ==
2eSVwtPLqjNu7EMYZVnvOhRw7a/PDsAv1g6ODbsytelaErqigLg+vqMqQYS9yP3H8znjnifFP1tJZXcdBmfcs+Pf9TuINX6pCQ==
fvkJqaTnJyjJRGtGwGUs/k06P8skqSmS7OYRH9DlbjEOld5OULYQJEZ+T2arjGJGI2Tr9C+wWc8ZL+vG/coXmSN1qQQ=
ruLSqg3Ziwpvn9HBk4V+uU46P8skqSmS7OYRH9DlbjEOld5OULYQJEZ+T2arjGJGI2Tr9C+wWc8ZL+vG/coXmSN1qQQ=
Vg60h+FyH054btjHFwbdVEw6P8skqSmS7OYRH9DlbjEOld5OULYQJEZ+T2arjGJGI2Tr9C+wWc8ZL+vG/coXmSN1qQQ=
YL36WT8oHU/0FL42EKwqPU47P8skqSmS7OYRH9DlbjEOld5OULYQJEZ+T2arjGJGI2Tr9C+wWc8ZL+vG/coXmSN1qQQ=
n7E8pqDP7Efn260w2NRXgUw7P8skqSmS7OYRH9DlbjEOld5OULYQJEZ+T2arjGJGI2Tr9C+wWc8ZL+vG/coXmSN1qQQ=
HFcUUhSFV5uW8UaVGuoBYaMCD28adnpdb5oJScb6zlIUILI+L7LV9EmgYWdPkbdOUz1zmwVdQ03SDyDT//fBC5wtcqkF
PmYiRgjR4mpSoRN7vK717KECD28adnpdb5oJScb6zlIUILI+L7LV9EmgYWdPkbdOUz1zmwVdQ03SDyDT//fBC5wtcqkF
2dAW3/QtgoBdqh8NvoznWk865IJ4Ur/yXY90anRlYYYHOSjm4Go6/Pz+YW57TOc8jxfBDTn23aEde2uBDfUcU+6jEavvM7IxfKkL
G74btSdEZYpyL9HovngsDsISFm8adnpdb5oJScb6zlIUILI+L7LV9EmgYWdPkbdOUz1zmwVdQ03SDyDT//fBC5wtcqkF
l+D6m3Mqm7sv6VZpW4Om6k865IJ7UK/0Uo90anRlYYYHOSjm4Go6/Pz+YW57TOc8jxfBDTn23aEde2uBDfUcU+6jEavvM7IxfKkL
DFMRb98vyI1ITBz7PN/m/aYCD28adnpdb5oJScb6zlIUILI+L7LV9EmgYWdPkbdOUz1zmwVdQ03SDyDT//fBC5wtcqkF
Z8/5OSXk4aOfQJesaSBryU07P8skqSmS7OYRH9DlbjEOld5OULYQJEZ+T2arjGJGI2Tr9C+wWc8ZL+vG/coXmSN1qQQ=
zY8GBQ0+sSZbPlJRppc4xxdw7a/PDsAv1g6ODbsytelaErqigLg+vqMqQYS9yP3H8znjnifFP1tJZXcdBmfcs+Pf9TuINX6pCQ==
2eSVwtPLqjNu7EMYZVnvOhRw7a/PDsAv1g6ODbsytelaErqigLg+vqMqQYS9yP3H8znjnifFP1tJZXcdBmfcs+Pf9TuINX6pCQ==
3OyE6XKnxJNS8hSkvzgoBCYziATcsfy14eDQY1E31oqTlEAPOuvCCKCgv1OUcUmK3L7RR2B9Duk+jd5WYG5wvPYmjz6blAKek/xrbJ9oOdcpdyueTVJ3QRNtqRw=
qFRVN4qJojhWygn3DH0hjycziATcsfy14eDQY1E31oqTlEAPOuvCCKCgv1OUcUmK3L7RR2B9Duk+jd5WYG5wvPYmjz6blAKek/xrbJ9oOdcpdyueTVJ3QRNtqRw=
MCJjMQM2tNDyedbSsOb68E06P8skqSmS7OYRH9DlbjEOld5OULYQJEZ+T2arjGJGI2Tq9C+wWc8ZL+vG/coXmSN1qQQ=
xq1L/7efNaZ8CjmOQIfEyE46P8skqSmS7OYRH9DlbjEOld5OULYQJEZ+T2arjGJGI2Tq9C+wWc8ZL+vG/coXmSN1qQQ=
RfjKqY07rCezG/n8k72/Zkw6P8skqSmS7OYRH9DlbjEOld5OULYQJEZ+T2arjGJGI2Tq9C+wWc8ZL+vG/coXmSN1qQQ=
KzrRMB8UnDpFMxxTOQYAqU47P8skqSmS7OYRH9DlbjEOld5OULYQJEZ+T2arjGJGI2Tq9C+wWc8ZL+vG/coXmSN1qQQ=
kzkyyF+fF0/u0baPUEQE2kw7P8skqSmS7OYRH9DlbjEOld5OULYQJEZ+T2arjGJGI2Tq9C+wWc8ZL+vG/coXmSN1qQQ=
5vgVI/KTt92SZ87C8YXR2aMCD28adnpdb5oJScb6zlIUILI+L7LV9EmgYWdPkbdOUz1zmgVdQ03SDyDT//fBC5wtcqkF
vp3O/zCFVeKLlhdE1dE9saECD28adnpdb5oJScb6zlIUILI+L7LV9EmgYWdPkbdOUz1zmgVdQ03SDyDT//fBC5wtcqkF
Z6G8rzMW8Dgyj4snBOjejU865IJ4Ur/yXY90anRlYYYHOSjm4Go6/Pz+YW57TOc8jxfBDTn23aEdemuBDfUcU+6jEavvM7IxfKkL
ulNLxmhJwUiPA6FOesVH/8ISFm8adnpdb5oJScb6zlIUILI+L7LV9EmgYWdPkbdOUz1zmgVdQ03SDyDT//fBC5wtcqkF
qfVT9WNE62nK/M9b+fiVnE865IJ7UK/0Uo90anRlYYYHOSjm4Go6/Pz+YW57TOc8jxfBDTn23aEdemuBDfUcU+6jEavvM7IxfKkL
w8y0j01juvyRvokXPSNxx6YCD28adnpdb5oJScb6zlIUILI+L7LV9EmgYWdPkbdOUz1zmgVdQ03SDyDT//fBC5wtcqkF
1OP774vDJtHPEaENrTK6hE07P8skqSmS7OYRH9DlbjEOld5OULYQJEZ+T2arjGJGI2Tq9C+wWc8ZL+vG/coXmSN1qQQ=
/eGQBGYQkZNjfoi5hfjpBBdw7a/PDsAv1g6ODbsytelaErqigLg+vqMqQYS9yP3H8znjnifFP1pJZXcdBmfcs+Pf9TuINX6pCQ==
y1z1fonApAqj53gR1vuV/RRw7a/PDsAv1g6ODbsytelaErqigLg+vqMqQYS9yP3H8znjnifFP1pJZXcdBmfcs+Pf9TuINX6pCQ==
4ZMOKmBhNB65S8/PgITeyvctNglVOD0TPI8UR9ypi1QRI7M1QvbE406zandPkbdOUz1zmgVdQ03SDyDT//fBC5wtcqkF
KLiiHhhLzsLg7Ioknn+PzPctNglVOD0TPIsWSdypi1QRI7M1QvbE406zandPkbdOUz1zmgVdQ03SDyDT//fBC5wtcqkF
TVz2F17rZychZzbNWWOLgtG70I+EsA6KxURPr7Y22NeUzQh2D/EfrTqQ13YKqEeGytIDmmHxLR370OHQH5cnd6kC
OwirG1mF4kZDCfanWfMUGZGTh++VDSi/sMAj8jWL5MeZTjpAn2hSFgF908jXnZ2iZyxLNejNFmG5gGnDCOPK6aABXyQl+9+1rq7wExobltcTeYMeh4UfWSkll52mp/yzwx+Vu2h1Xqkp
e9pMMlyizXK/9PBIls1Ou5yzTw1KpHa8NZdfPKyFLM6+mdZMJwQ87vO+ipIeRCnpyy1xpKqO52G9GRFlQwDo1E201QNUR4eDlRVfhuss4ibjROnU79DZb1nP66Y9apd5Y1WpJA==
h4kdd76dGsAx2MNaxrCMMjHe5PvT8cM9bd3TNrhiRmGEUl4WDWXH+KO1gUJbRB/lHPVaIXV43ZNcSzZJPGnr1LFjUzUiNmRjrvMKd2/RV84z/VOZ5R3jzXJPwNPfN2GLfG1SqSU=
SY/YLDhBg95KfcUs8H361Cy9lQathGIWMZ3jiGd9LSL3zJt1uC0GYamguYNYQ1pp0KGvZFXbL7XejgDTartmV4PZU97XpQ9ZOUVHXfbHbDNzfyV7WBVuqRk=
TI3RrSm2Q+9O9cNBDbzu4ckSiGRQhmA3s5FmFjWV/5iLRUkCE5S3hYRlwqHt6EUzNJv+CXRZA/TJU6s1WgacQ8bDwrcngb9uq23LGX2Ney3aHwgTl0dJa0Qdaqkd
MW5uiDoh/dGvN7AX/3+sDuAhp0FhtEEthJFmFjWV/5iLRUkCE5S3hYRlwqHt6EUzNJv+CXRZA/TJU6s1WgacQ8bDwrcngb9uq23LGX2Ney3aHwgTl0dJa0Qdaqkd
7a+JbGZSv8Qj8CwHsG9rkIV90rCuxreYjtmx2bl0UraF3TI9F4/QcoWCJeNJL+7lJ+msT9c81NKOQLihuZEAZELEzYJut6Lz+rVW7ltj3PMxMZgjDzRJdKcLbFyYbOpNvCNh5FUssLSyNLe7CU/lHXITQaScHOKVC+NYmGi/u+DedObidWirvDJciONZarVICLRsSjliZ03jJheflVxohB0G05xQNA6pe6xp5qsMYsYj5Ol0LzBZTxmv60b9ShcZI/WphA==
PlyIaBhqeaB+4yhOlrd8UfctNglVOD0TPI8UR9ypi1QRI7M1QvbE406zandPkbdOUz1zkgBdTkjSDiDT//fBC5wtcqkF
AWbFvqe5f7CY2sguL70v+3WAsKSysZN8NMTEPZ51T3CtRQMYKDacyK2+lAEKH0r/V+9NKj02/4lGXgIIekjri7lzQz8Dc3QzrO8AaG/RV84z/VOS4B3uyHJOwNPfN2GLfG1SqSU=
0NlGHxYkB1pHC1Cxol6WYtJ4EyYSiiqIaWNhRrfrZyCI6jCukVAbE1XAq5CLhlxxOX8JU/tU5VAawhie5X2s10A9DyJfCgnun+zNBa8nbYXw+GeuapCX7kI/U6+EqZz1u/gRiL9vd1+pKg==
Jkwqs0lDx6YzhIokgJcizUp6IHCJwnqDnwjZr54OohiqVzGtj5y0xZ2Nif2TAwx5bmBb3MDWEq90xw8bwLZaZWoINU8Fs9cvjf/NLxqLQnOuGOFN2Xa9Yf1yTkGgcLySjqPx64+zEnFcqSs=
GKwXYpriBn6vTqpSCAt1QE47Lhj+hsWEkPB1AQPIvf3TOlC0qmhW+prP+cyZ2Yv27AFwJV4UPmYN60TQIRze0NiHD/ja0bXNeSNbpwl/SaeWG77rCniF9QWGcSm5MoqJbEDg6qqDFfOzox55WKkv
W0JyVXecQv49Ymnhb+fRKkp6IHCJwnqDnwjZr54OohiqVzGtj5y3xZ2Nif2TAwx5bmFb3MDWEq90xw8bwLZaZWoINU8Fs9cvjf/NLxqLQnOuGOFN2Xa9Yf1yTkGgcLySjqPx64+zEnFcqSs=
QeAVrXiX6NUC8KlbA0Qgq9PMwr7RZH2ou8sk5jis2MeDWRUUyGosWQ16mpnWyYikaCpLM7L8B3z4/C6cCfTM4aMhX3st68+/j+vgQxgHnMgTeYMeh4UfUiwlmpimpvyzwx+Vu2h1Xqkp
vlRDPdpvbEla0Xjb8qSP/XWAsKSysZN8NMTEPZ51T3CtRQMYKDadyK2+lAEKH0r/V+9NKj02/4lGXgIIe0jri7lzQz8Dc3QzrO8AaG/RV84z/VOS4B3uyHJOwNPfN2GLfG1SqSU=
HC9VuW6ok4KLbqnPiqZJ8t7mHVsP/TetA4BZMLKYHdmM1v8PZy4P4PirycFFETOi0Tp67OSs/XuoLVAiYwC33F2k3yIRV9eBiR9Ahuss4ibjROLR793cb1jP66Y9apd5Y1WpJA==
yVHd9cj093x8MyJjnyRK1ZpQ2CsEzD9L4O54FTeP5J72ARozUo+my5o+l+D9vkM0L4rfSDF4A6vBQ7s/e0OME8TfyKgngb9uq23LEniNdijaHggTl0dJa0Qdaqkd
8XOQCAy9fyWl8jtiSNm7K3WAsKSysZN8NMTEPZ51T3CtRQMYKDafyK2+lAEKH0r/V+9NKj02/4lGXgIIeUjri7lzQz8Dc3QzrO8AaG/RV84z/VOS4B3uyHJOwNPfN2GLfG1SqSU=
NMpuLqJgE6M34PHMVGaro3krm5h70w5lETAzZVj80r5kQkkjmdbaxy+6U7kP8uWW82+WRRAoXeaPrmFaH1iloX/jJfHQDG+qerR/2gKLuwsULRQBG4xZTG9LH2upHg==
KsPhtLVRqQRJwdlczl8AzJpQ2CsEzD5L4O54FTeP5J72ARszUo+my5s+l+D9vkM0L4rfSDJ4A6vBQ7s/e0OME8TfyKgngb9uq23LEniNdijaHggTl0dJa0Qdaqkd
ius/4dUS3qp6tmwZyyzB/t7mHVsP/TetA4BZMLKYHdmM1v8PZS4P4PirycFFETOi0Tp67OSs/XuoLVAgYwC33F2k3yIRV9eBiR9Ahuss4ibjROLR793cb1jP66Y9apd5Y1WpJA==
PlyIaBhqeaB+4yhOlrd8UfctNglVOD0TPI8UR9ypi1QRI7M1QvbE406zandPkbdOUz1zkgBdTkjSDiDT//fBC5wtcqkF
KsPhtLVRqQRJwdlczl8AzJpQ2CsEzD5L4O54FTeP5J72ARszUo+my5s+l+D9vkM0L4rfSDJ4A6vBQ7s/e0OME8TfyKgngb9uq23LEniNdijaHggTl0dJa0Qdaqkd
vlRDPdpvbEla0Xjb8qSP/XWAsKSysZN8NMTEPZ51T3CtRQMYKDadyK2+lAEKH0r/V+9NKj02/4lGXgIIe0jri7lzQz8Dc3QzrO8AaG/RV84z/VOS4B3uyHJOwNPfN2GLfG1SqSU=
yVHd9cj093x8MyJjnyRK1ZpQ2CsEzD9L4O54FTeP5J72ARozUo+my5o+l+D9vkM0L4rfSDF4A6vBQ7s/e0OME8TfyKgngb9uq23LEniNdijaHggTl0dJa0Qdaqkd
8XOQCAy9fyWl8jtiSNm7K3WAsKSysZN8NMTEPZ51T3CtRQMYKDafyK2+lAEKH0r/V+9NKj02/4lGXgIIeUjri7lzQz8Dc3QzrO8AaG/RV84z/VOS4B3uyHJOwNPfN2GLfG1SqSU=
NMpuLqJgE6M34PHMVGaro3krm5h70w5lETAzZVj80r5kQkkjmdbaxy+6U7kP8uWW82+WRRAoXeaPrmFaH1iloX/jJfHQDG+qerR/2gKLuwsULRQBG4xZTG9LH2upHg==
AWbFvqe5f7CY2sguL70v+3WAsKSysZN8NMTEPZ51T3CtRQMYKDacyK2+lAEKH0r/V+9NKj02/4lGXgIIekjri7lzQz8Dc3QzrO8AaG/RV84z/VOS4B3uyHJOwNPfN2GLfG1SqSU=
ius/4dUS3qp6tmwZyyzB/t7mHVsP/TetA4BZMLKYHdmM1v8PZS4P4PirycFFETOi0Tp67OSs/XuoLVAgYwC33F2k3yIRV9eBiR9Ahuss4ibjROLR793cb1jP66Y9apd5Y1WpJA==
HC9VuW6ok4KLbqnPiqZJ8t7mHVsP/TetA4BZMLKYHdmM1v8PZy4P4PirycFFETOi0Tp67OSs/XuoLVAiYwC33F2k3yIRV9eBiR9Ahuss4ibjROLR793cb1jP66Y9apd5Y1WpJA==
GKwXYpriBn6vTqpSCAt1QE47Lhj+hsWEkPB1AQPIvf3TOlC0qmhW+prP+cyZ2Yv27AFwJV4UPmYN60TQIRze0NiHD/ja0bXNeSNbpwl/SaeWG77rCniF9QWGcSm5MoqJbEDg6qqDFfOzox55WKkv
0NlGHxYkB1pHC1Cxol6WYtJ4EyYSiiqIaWNhRrfrZyCI6jCukVAbE1XAq5CLhlxxOX8JU/tU5VAawhie5X2s10A9DyJfCgnun+zNBa8nbYXw+GeuapCX7kI/U6+EqZz1u/gRiL9vd1+pKg==
W0JyVXecQv49Ymnhb+fRKkp6IHCJwnqDnwjZr54OohiqVzGtj5y3xZ2Nif2TAwx5bmFb3MDWEq90xw8bwLZaZWoINU8Fs9cvjf/NLxqLQnOuGOFN2Xa9Yf1yTkGgcLySjqPx64+zEnFcqSs=
Jkwqs0lDx6YzhIokgJcizUp6IHCJwnqDnwjZr54OohiqVzGtj5y0xZ2Nif2TAwx5bmBb3MDWEq90xw8bwLZaZWoINU8Fs9cvjf/NLxqLQnOuGOFN2Xa9Yf1yTkGgcLySjqPx64+zEnFcqSs=
QeAVrXiX6NUC8KlbA0Qgq9PMwr7RZH2ou8sk5jis2MeDWRUUyGosWQ16mpnWyYikaCpLM7L8B3z4/C6cCfTM4aMhX3st68+/j+vgQxgHnMgTeYMeh4UfUiwlmpimpvyzwx+Vu2h1Xqkp
PlyIaBhqeaB+4yhOlrd8UfctNglVOD0TPI8UR9ypi1QRI7M1QvbE406zandPkbdOUz1zkgBdTkjSDiDT//fBC5wtcqkF
PlyIaBhqeaB+4yhOlrd8UfctNglVOD0TPI8UR9ypi1QRI7M1QvbE406zandPkbdOUz1zkgBdTkjSDiDT//fBC5wtcqkF
wH5+5pC13f9vqriL2j7Of/ctNglVOD0TPI8UR9ypi1QRI7M1QvbE406zandPkbdOUz1zmwNdTkjSDiDT//fBC5wtcqkF
e/p/HcedyRtI1SrvZOyfZjthThp2YmkyY/CSwrvIK8YHoUwrYOOLUnV2p937Galw
56I5br8zu1QwVyWfs1w0q87RUkHLkaU+ij8oliEVVX1vSIfeqgD3Pktssz/EWfxFO4gxuP//1w+peg==
OcDWfBDQmUkbzKFJ6qJHg49d8kREad3BNHTEIZs7jcWdZlk5QbsxmQTgeJqiQ50ji8P2yQCpdw==
D9HaKO5ddyRDBNIbG/ZA2/rAoBn2jzM/4JazGXkAHcm/smU4IR0iiWTBSwTja+IzireCFVUsDx/t9RxKWpuQjzSHUa1pNo2B7XtdYVAwzDJ+I2FLX3NCEWypGw==
OigJZzgXkNeuAqBthW9XmeAhp0FhtEEthJFmFjWV/5iLRUkCE5S3hYRlwqHt6EUzNJ/8B3RZA/TJU6s1WgacQ8bDwrcngb9uq23LG3uNdijaHggTl0dJa0Qdaqkd
rNtVeCzdiAzKwxjsoc7m2MkSiGRQhmA3s5FmFjWV/5iLRUkCE5S3hYRlwqHt6EUzNJ/8B3RZA/TJU6s1WgacQ8bDwrcngb9uq23LG3uNdijaHggTl0dJa0Qdaqkd
ArFoBebbfKYTM8+nFiPkvyy9lQathGIWMZ3jiGd9LSL3zJt1uC0GYamguYNYR1hn0KGvZFXbL7XejgDTartmV4PZU97XpQ9bP0VKWPbGbDNzfyV7WBVuqRk=
wpObyPSon0BTlum3PPQ1MDHe5PvT8cM9bd3TNrhiRmGEUl4WDWXH+KO1gUJbRB/lHPVaIXV43ZNcTzRHPGnr1LFjUzUiNmRjrvMKd2/RV84z/VOb4x3uyHJOwNPfN2GLfG1SqSU=
T1ynYlrhCQAQsk+baJ7qwJyzTw1KpHa8NZdfPKyFLM6+mdZMJwQ87vO+ipIeRCnpyy1xpKqO52G5Gx9lQwDo1E201QNUR4eDlRVfhuss4ibjROvS793cb1jP66Y9apd5Y1WpJA==
TzMP8IDESMoPvd8KPfnOVpGTh++VDSi/sMAj8jWL5MeZTjpAn2hSFgF908jXnZ2iZyxLNejNFmG5gGnDCOfI56ABXyQl+9+1rq7wExobltcTeYMeh4UfWy8lmpimpvyzwx+Vu2h1Xqkp
fj7vR891L1FDIHuQX/Mz8gl+bz9ce25+TeGGoEQFOva3uedQLrXOPFEuKcXx5ApvievfN0sw48mJ2Sxxv2yiBHlox34q4LceS0xzX0T5PGU7aHFYf18Xb6ka
