mNRvtr3iVw+R2ak9yWG27GLNyvtPWbqywF92CWuKiv1VyjIoMoTxGFyNhJJo/WO99dc4sYqNDuQhg7l8TUeV3r/23rJUkIVjLI8GSqwFfa4I
DwbxrVOOExtaaNOElg9Hkvlwwgb8JdZY4irifMFq1PMIPn9Y03kB8ZihUpYeo5RTaaQ7EjFkC0FJCdIpfj4XnI/QUFtu/y4sdWZS3nSMpkWAz3k3oYSSxMIWqv3Oy++U8NXa6Sr0i1cdO1FX2OcYO3mVTPsBcOe/CR0yfj4jZKlpko8Ur7M6R8jyIVGpmyhkZR2sIZxptBi/0oNGTYZObZggPijrsUnw+/vsBNWbNUzRL+Cei17CQlgIscN490oaEC3prpw=
7QdTwvan/jqrtmmpCCtJl/lwwgb8JdZY4irifMFq1PMIPn9Y03kB8ZihUpYeo5RTaaQ7EjFkC0FJCdIpfj4XnI/QUFtu/y4sdWZS3nSMpkWAz3k3oYSSxMIWqv3Oy++U8NXa6Sr0i1cdO1FX2OcYO3mVTPsBcOe/CR0yfj4jZKlpko8Ur7M6R8jyIVGpmyhkZR2sIZxptBi/0oNGTYZObZggPijrsUnw+/vsBNWbNUzRL+eei17CQlgIscN490oaEC3prpw=
+1Joqav/rfhePPRs4NaG4t/4242Yog+Y1FQMv6lj2N23iAxpRuYQl1yK3XQIqlWQztwAm277Kgzr1+HbDpsnbK4b
xcZzSfwbAk43LrS1tzPlFaImOWstuBaax5SXpLJ6CQHm+pHbX5sTglI1htT1JyhEdOWL8+bhj5OumjJXFvQd24lubwFUlUh1GjQsEODqNeTa//bgAQEj29xavUTIOvVhzqygCy7LylxrB8GrzgtHXK4r
h3tw/JKn8rZLerI2pbg6GpwFinpShUtEvq4hDSOE/4nRUkElUpK3nMVBh6C58gJnOILtBiBPQPjTQ6t6c0OPXc7Z4sQ9i71sqX/cHnOOeiLQGBkDkEdCekgdca4E
TyM3wcjyVH4QbsOGVXsRL0Ez4IRIZTg7rcDwWOABk2W0Il6ZxctEBg2cmgJBnDkDH51stPEmwOyh+25yvBn2bU72uwmt6Sa9M2auFQ==
/BUs15mGplShCzyVd8iQ7EEz4IRJZTg7rcDwWOABk2W0Il6ZxctEBg2cmgJBnDkDH51stPEmwOyh+25yvBn2bU72uwmt6Sa9M2auFQ==
NHa6T6I2xgGNGFhk13vDdEMAxJZqFj/7gJFBplD6RO/7vwh0rusRdRzMQVpaQIXS8TlDazxmxXg4ho3dDpDYN953suCLO7kXPrc/YK4X
lAoKXD6BDpGUiCM8cjtmwUMAxJZqFjz7gJFBplD6RO/7vwh0rusRdRzMQVpaQIXS8TlDazxmxXg4ho3dDpDYN953suCLO7kXPrc/YK4X
4QWOUjAEbotDKhngutlUl0MAxJZqFj37gJFBplD6RO/7vwh0rusRdRzMQVpaQIXS8TlDazxmxXg4ho3dDpDYN953suCLO7kXPrc/YK4X
sY5xorl3xe3Qyz3APzDbFjY79u84dlZMv8DwWOABk2W0Il6ZxctEBg2cmgJBnDkDH51stPEmwOyh+25yvBn2bU72uwmt6Sa9M2auFQ==
rQWQS4VCdtIqyvxAXDkJ2DU79u84dlRMv8DwWOABk2W0Il6ZxctEBg2cmgJBnDkDH51stPEmwOyh+25yvBn2bU72uwmt6Sa9M2auFQ==
WUcMmgB6o4i8EHoALMdxnTQ79u84dlJMv8DwWOABk2W0Il6ZxctEBg2cmgJBnDkDH51stPEmwOyh+25yvBn2bU72uwmt6Sa9M2auFQ==
3CSzQdzHJu2gzn6kk4dtLDQ79u04dlJMv8DwWOABk2W0Il6ZxctEBg2cmgJBnDkDH51stPEmwOyh+25yvBn2bU72uwmt6Sa9M2auFQ==
K4nSxjr6qv63AuqtYkaEQkEz4IRJZTg5rcDwWOABk2W0Il6ZxctEBg2cmgJBnDkDH51stPEmwOyh+25yvBn2bU72uwmt6Sa9M2auFQ==
Y/LhnjETQUpaaX0QxZoA2UMAxJZqFj37gJNBplD6RO/7vwh0rusRdRzMQVpaQIXS8TlDazxmxXg4ho3dDpDYN953suCLO7kXPrc/YK4X
l/KAfs5Si+siL16fhMpwU0MAxJZqFjz7gJNBplD6RO/7vwh0rusRdRzMQVpaQIXS8TlDazxmxXg4ho3dDpDYN953suCLO7kXPrc/YK4X
gMii9oPvEbxHb7unvebeYTU79u04dlRMv8DwWOABk2W0Il6ZxctEBg2cmgJBnDkDH51stPEmwOyh+25yvBn2bU72uwmt6Sa9M2auFQ==
iX47MQne+UhairddR8MS1EEz4IRIZTg5rcDwWOABk2W0Il6ZxctEBg2cmgJBnDkDH51stPEmwOyh+25yvBn2bU72uwmt6Sa9M2auFQ==
s9SjSdhuqfMRS92Eb2tcmkMAxJZqFj/7gJNBplD6RO/7vwh0rusRdRzMQVpaQIXS8TlDazxmxXg4ho3dDpDYN953suCLO7kXPrc/YK4X
ulwNeNpjFjNT6hE5Ns1pcjY79u04dlZMv8DwWOABk2W0Il6ZxctEBg2cmgJBnDkDH51stPEmwOyh+25yvBn2bU72uwmt6Sa9M2auFQ==
g/i9ekGkdYJHbyAy583XlTU79uw4dlRMv8DwWOABk2W0Il6ZxctEBg2cmgJBnDkDH51stPEmwOyh+25yvBn2bU72uwmt6Sa9M2auFQ==
+q6Kj8uqhL/PTDLs4aadYUMAxJZqFj37gJJBplD6RO/7vwh0rusRdRzMQVpaQIXS8TlDazxmxXg4ho3dDpDYN953suCLO7kXPrc/YK4X
14fk80x2ynWqEegzjNgyTzQ79uw4dlJMv8DwWOABk2W0Il6ZxctEBg2cmgJBnDkDH51stPEmwOyh+25yvBn2bU72uwmt6Sa9M2auFQ==
nqQSPnbRdpPE3xTLfPXHKkEz4IRIZTg4rcDwWOABk2W0Il6ZxctEBg2cmgJBnDkDH51stPEmwOyh+25yvBn2bU72uwmt6Sa9M2auFQ==
+QAtsvoNwsmkYAx2/Xn9vUMAxJZqFjz7gJJBplD6RO/7vwh0rusRdRzMQVpaQIXS8TlDazxmxXg4ho3dDpDYN953suCLO7kXPrc/YK4X
2HE/mpqIAJntMY+e9cY7950FinpShUtEvq4hDSOE/4nRUkElUpK3nMVBh6C58gJnOILtBiBPQPjTQ6t6c0OPXc7Z4sQ9i71sqX/cHnOOeiLQGBkDkEdCekgdca4E
X1IYKiKtKt/zlFMN2s1CqkEz4IRJZTg4rcDwWOABk2W0Il6ZxctEBg2cmgJBnDkDH51stPEmwOyh+25yvBn2bU72uwmt6Sa9M2auFQ==
4B/c8FptJaqPHQOPs9FCgzY79uw4dlZMv8DwWOABk2W0Il6ZxctEBg2cmgJBnDkDH51stPEmwOyh+25yvBn2bU72uwmt6Sa9M2auFQ==
eV5myM/3J8UUGt/nMezNjEMAxJZqFj/7gJJBplD6RO/7vwh0rusRdRzMQVpaQIXS8TlDazxmxXg4ho3dDpDYN953suCLO7kXPrc/YK4X
tH5GKQdcGQYv1CPm1vgE6EEz4IRJZTg8rcDwWOABk2W0Il6ZxctEBg2cmgJBnDkDH51stPEmwOyh+25yvBn2bU72uwmt6Sa9M2auFQ==
VaftM6kfvSBech9+1yoY2kMAxJZqFj/7gJZBplD6RO/7vwh0rusRdRzMQVpaQIXS8TlDazxmxXg4ho3dDpDYN953suCLO7kXPrc/YK4X
/Gvn0N/90/NcFBAIu2GocUMAxJZqFj37gJZBplD6RO/7vwh0rusRdRzMQVpaQIXS8TlDazxmxXg4ho3dDpDYN953suCLO7kXPrc/YK4X
4U4VupKNWzyH1IpEMjBYcUEz4IRIZTg8rcDwWOABk2W0Il6ZxctEBg2cmgJBnDkDH51stPEmwOyh+25yvBn2bU72uwmt6Sa9M2auFQ==
H6Xwavn5msi+krrrZqyjeTU79ug4dlRMv8DwWOABk2W0Il6ZxctEBg2cmgJBnDkDH51stPEmwOyh+25yvBn2bU72uwmt6Sa9M2auFQ==
O9dl0Hpy7qDtcZuTKlBtBEMAxJZqFjz7gJZBplD6RO/7vwh0rusRdRzMQVpaQIXS8TlDazxmxXg4ho3dDpDYN953suCLO7kXPrc/YK4X
UAySzyMyawedTIv7daFI6TY79ug4dlZMv8DwWOABk2W0Il6ZxctEBg2cmgJBnDkDH51stPEmwOyh+25yvBn2bU72uwmt6Sa9M2auFQ==
tvZGJNcF+y+DBvAP4UjG8TQ79ug4dlJMv8DwWOABk2W0Il6ZxctEBg2cmgJBnDkDH51stPEmwOyh+25yvBn2bU72uwmt6Sa9M2auFQ==
DJycCRL1wKg8X08WNHVQyUMAxJZqFj37gJdBplD6RO/7vwh0rusRdRzMQVpaQIXS8TlDazxmxXg4ho3dDpDYN953suCLO7kXPrc/YK4X
2yvhI6WI3pKGZsVRy9HlwkEz4IRIZTg9rcDwWOABk2W0Il6ZxctEBg2cmgJBnDkDH51stPEmwOyh+25yvBn2bU72uwmt6Sa9M2auFQ==
LdYDDjGH9kBElLlrGlrLuzY79uk4dlZMv8DwWOABk2W0Il6ZxctEBg2cmgJBnDkDH51stPEmwOyh+25yvBn2bU72uwmt6Sa9M2auFQ==
iGgVCZf/DQGPEoROAhTmITQ79uk4dlJMv8DwWOABk2W0Il6ZxctEBg2cmgJBnDkDH51stPEmwOyh+25yvBn2bU72uwmt6Sa9M2auFQ==
4GOPhEeVHmA+hl074RVJJ0MAxJZqFjz7gJdBplD6RO/7vwh0rusRdRzMQVpaQIXS8TlDazxmxXg4ho3dDpDYN953suCLO7kXPrc/YK4X
LXeCEyUu8RjL/wRbSTCQGEMAxJZqFj/7gJdBplD6RO/7vwh0rusRdRzMQVpaQIXS8TlDazxmxXg4ho3dDpDYN953suCLO7kXPrc/YK4X
I1HvmUbdJF5NGg7UQxv1TkEz4IRJZTg9rcDwWOABk2W0Il6ZxctEBg2cmgJBnDkDH51stPEmwOyh+25yvBn2bU72uwmt6Sa9M2auFQ==
p3Fs0kiGLVEvG62EexmZBJ8FinpShUtEvq4hDSOE/4nRUkElUpK3nMVBh6C58gJnOILtBiBPQPjTQ6t6c0OPXc7Z4sQ9i71sqX/cHnOOeiLQGBkDkEdCekgdca4E
vx1UrbqUHISGf3Mjn1h+XzU79uk4dlRMv8DwWOABk2W0Il6ZxctEBg2cmgJBnDkDH51stPEmwOyh+25yvBn2bU72uwmt6Sa9M2auFQ==
Veiy4vLQy1CFpljO66qsekMAxJZqFj37gJRBplD6RO/7vwh0rusRdRzMQVpaQIXS8TlDazxmxXg4ho3dDpDYN953suCLO7kXPrc/YK4X
GwM03ya26p6ym0t0NblLtUEz4IRIZTg+rcDwWOABk2W0Il6ZxctEBg2cmgJBnDkDH51stPEmwOyh+25yvBn2bU72uwmt6Sa9M2auFQ==
XoB/xQxhzT0UOf+QeToZdDY79uo4dlZMv8DwWOABk2W0Il6ZxctEBg2cmgJBnDkDH51stPEmwOyh+25yvBn2bU72uwmt6Sa9M2auFQ==
tTzE7YWV/oMwSzFtRRjvlzQ79uo4dlJMv8DwWOABk2W0Il6ZxctEBg2cmgJBnDkDH51stPEmwOyh+25yvBn2bU72uwmt6Sa9M2auFQ==
pelz6fAhUPZ2LpDL2hYR60MAxJZqFjz7gJRBplD6RO/7vwh0rusRdRzMQVpaQIXS8TlDazxmxXg4ho3dDpDYN953suCLO7kXPrc/YK4X
VebdbMmrOD0svB0lQkrK7EMAxJZqFj/7gJRBplD6RO/7vwh0rusRdRzMQVpaQIXS8TlDazxmxXg4ho3SDpDYN953suCLO7kXPrc/YK4X
MoUMWl8WH+qKyX6IOu2hz0Ez4IRJZTg+rcDwWOABk2W0Il6ZxctEBg2cmgJBnDkDH51stPEmwOyh9G5yvBn2bU72uwmt6Sa9M2auFQ==
6TglFupueUlUFOOaNdRI8TU79uo4dlRMv8DwWOABk2W0Il6ZxctEBg2cmgJBnDkDH51stPEmwOyh9G5yvBn2bU72uwmt6Sa9M2auFQ==
kkf1rFz5mhs2jW6VoDTROEEz4IRJZTg6rcDwWOABk2W0Il6ZxctEBg2cmgJBnDkDH51stPEmwOyh9G5yvBn2bU72uwmt6Sa9M2auFQ==
bkJ+dWnAngj1e9nLXJAjsEEz4IRIZTg6rcDwWOABk2W0Il6ZxctEBg2cmgJBnDkDH51stPEmwOyh9G5yvBn2bU72uwmt6Sa9M2auFQ==
zrPA6DmEkg4srg1hd2oEZEMAxJZqFjz7gJBBplD6RO/7vwh0rusRdRzMQVpaQIXS8TlDazxmxXg4ho3SDpDYN953suCLO7kXPrc/YK4X
4wGkWT3Sl2dJmMZ2MvzQIEMAxJZqFj37gJBBplD6RO/7vwh0rusRdRzMQVpaQIXS8TlDazxmxXg4ho3SDpDYN953suCLO7kXPrc/YK4X
GCBhK3691gLraOBnAW+0o0MAxJZqFj/7gJBBplD6RO/7vwh0rusRdRzMQVpaQIXS8TlDazxmxXg4ho3SDpDYN953suCLO7kXPrc/YK4X
wa3k6DG4tKFZjfR9Ed003TY79u44dlZMv8DwWOABk2W0Il6ZxctEBg2cmgJBnDkDH51stPEmwOyh9G5yvBn2bU72uwmt6Sa9M2auFQ==
HRtrciE4olb7dRpZQy9UrDU79u44dlRMv8DwWOABk2W0Il6ZxctEBg2cmgJBnDkDH51stPEmwOyh9G5yvBn2bU72uwmt6Sa9M2auFQ==
uXERosVWq8s7s2ML8zaJdzQ79u44dlJMv8DwWOABk2W0Il6ZxctEBg2cmgJBnDkDH51stPEmwOyh9G5yvBn2bU72uwmt6Sa9M2auFQ==
WI62fmJ4q8dbn6DPRqhEzJ4FinpShUtEvq4hDSOE/4nRUkElUpK3nMVBh6C58gJnOILtBiBPQPjTQ6t6c0OPXc7Z4sQ9i71sqX/THnOOeiLQGBkDkEdCekgdca4E
QjVJ+MmKoeIONrzUuaxrIjY79u84dlVMv8DwWOABk2W0Il6ZxctEBg2cmgJBnDkDH51stPEmwOyh9G5yvBn2bU72uwmt6Sa9M2auFQ==
zitH7MWf1UO8f+JrcPkwwzU79u84dlNMv8DwWOABk2W0Il6ZxctEBg2cmgJBnDkDH51stPEmwOyh9G5yvBn2bU72uwmt6Sa9M2auFQ==
3x/P6zPL1d+HO8c+11W3tzQ79u84dlFMv8DwWOABk2W0Il6ZxctEBg2cmgJBnDkDH51stPEmwOyh9G5yvBn2bU72uwmt6Sa9M2auFQ==
m2jgEVB6uY/WXE3Chxs2jjY79ug4dlVMv8DwWOABk2W0Il6ZxctEBg2cmgJBnDkDH51stPEmwOyh9G5yvBn2bU72uwmt6Sa9M2auFQ==
/HF2VzPY1ag88Rqv8zjJvTU79ug4dlNMv8DwWOABk2W0Il6ZxctEBg2cmgJBnDkDH51stPEmwOyh9G5yvBn2bU72uwmt6Sa9M2auFQ==
ZFdRvlpawSY9CmRePvAl5TQ79ug4dlFMv8DwWOABk2W0Il6ZxctEBg2cmgJBnDkDH51stPEmwOyh9G5yvBn2bU72uwmt6Sa9M2auFQ==
soGTfS5VYOVlXElkiEpyXjQ79uk4dlFMv8DwWOABk2W0Il6ZxctEBg2cmgJBnDkDH51stPEmwOyh9G5yvBn2bU72uwmt6Sa9M2auFQ==
FlBDxgHQRcfY+xLcqeEINjU79uk4dlNMv8DwWOABk2W0Il6ZxctEBg2cmgJBnDkDH51stPEmwOyh9G5yvBn2bU72uwmt6Sa9M2auFQ==
THeGw7aQ3baW0qSQdRNEsTY79uk4dlVMv8DwWOABk2W0Il6ZxctEBg2cmgJBnDkDH51stPEmwOyh9G5yvBn2bU72uwmt6Sa9M2auFQ==
BrUTk4rZYE/LgrZu9xKjqjY79uo4dlVMv8DwWOABk2W0Il6ZxctEBg2cmgJBnDkDH51stPEmwOyh9G5yvBn2bU72uwmt6Sa9M2auFQ==
x9iPR0NWj1EHhDgYhfNCuzU79uo4dlNMv8DwWOABk2W0Il6ZxctEBg2cmgJBnDkDH51stPEmwOyh9G5yvBn2bU72uwmt6Sa9M2auFQ==
XPV84xAsoPeKCMQrLbLH7TQ79uo4dlFMv8DwWOABk2W0Il6ZxctEBg2cmgJBnDkDH51stPEmwOyh9G5yvBn2bU72uwmt6Sa9M2auFQ==
IpEUY/uUAvRUD1rp+mf2LjQ79uw4dlFMv8DwWOABk2W0Il6ZxctEBg2cmgJBnDkDH51stPEmwOyh9G5yvBn2bU72uwmt6Sa9M2auFQ==
HlKJi0mjjHSaR5AuYLSM0jU79uw4dlNMv8DwWOABk2W0Il6ZxctEBg2cmgJBnDkDH51stPEmwOyh9G5yvBn2bU72uwmt6Sa9M2auFQ==
3cZ4vdefn4iwU7y75onVtzY79uw4dlVMv8DwWOABk2W0Il6ZxctEBg2cmgJBnDkDH51stPEmwOyh9G5yvBn2bU72uwmt6Sa9M2auFQ==
Jgw0A+0J4aQPg8NgdkAhQTY79u04dlVMv8DwWOABk2W0Il6ZxctEBg2cmgJBnDkDH51stPEmwOyh9G5yvBn2bU72uwmt6Sa9M2auFQ==
scRk1i7aE6Rfk0/O0m7ibzU79u04dlNMv8DwWOABk2W0Il6ZxctEBg2cmgJBnDkDH51stPEmwOyh9G5yvBn2bU72uwmt6Sa9M2auFQ==
mbNMDL/DmB+7eizXaXhN1TQ79u04dlFMv8DwWOABk2W0Il6ZxctEBg2cmgJBnDkDH51stPEmwOyh9G5yvBn2bU72uwmt6Sa9M2auFQ==
T4uUWKzMBIG193gIQg9pipgFinpShUtEvq4hDSOE/4nRUkElUpK3nMVBh6C58gJnOILtBiBPQPjTQ6t6c0OPXc7Z4sQ9i71sqX/THnOOeiLQGBkDkEdCekgdca4E
iLH1Gy4754pchj8VwnT/zkv8zEJofIOpvHtEDtsXcvqQpvwzi2OwKE53qelsUPnG2tw9ToGl+/fcOn2kSFo1js7M4Ouuq4q8ayeBC06rB3yuCw==
rHsPEQ0eZZ3iksyS85ZJuH/d9Wg2Yvzom0oHLv02ePqQpvwzi2OwKE53qelsUPnG2tw9ToGl+/fcOn2kSFo1js7M4Ouuq4q8ayeBC06rB3yuCw==
sPEew8lIVX62BYlILqNdxBy6u5RQJcuyrDcTPEqsy+B1ymZ3PIrxJlyHhIh32yf6/9srrYqRHuQhg7l8TUef3r/23rJUkIVjLI8GSqwFfa4I
GqTxQEvfkbSPdvW+1aAHSxy6u5RQJcuzrDcTPEqsy+B1ymZ3PIrxJlyHhIh32yf6/9srrYqRHuQhg7l8TUef3r/23rJUkIVjLI8GSqwFfa4I
sT+DH5e4m/F47jsMF123Oxy6u5RQJcuwrDcTPEqsy+B1ymZ3PIrxJlyHhIh32yf6/9srrYqRHuQhg7l8TUef3r/23rJUkIVjLI8GSqwFfa4I
PvXi15IWMbs7oNux01Hj53/d9Wg2Yvzom0oELv02ePqQpvwzi2OwKE53qelsUPnG2tw9ToGl+/fcOn2kSFo1js7M4Ouuq4q8ayeBC06rB3yuCw==
wKwFS1ajtfgG+V9TKfqXIhy6u5RQJcu1rDcTPEqsy+B1ymZ3PIrxJlyHhIh32yf6/9srrYqRHuQhg7l8TUef3r/23rJUkIVjLI8GSqwFfa4I
wwSPAhkMagP5lI3KzOZX4hy6u5RQJcu3rDcTPEqsy+B1ymZ3PIrxJlyHhIh32yf6/9srrYqRHuQhg7l8TUef3r/23rJUkIVjLI8GSqwFfa4I
bqcTmQxBjFAYtUBKaYASmxy6u5RQJcu2rDcTPEqsy+B1ymZ3PIrxJlyHhIh32yf6/9srrYqRHuQhg7l8TUef3r/23rJUkIVjLI8GSqwFfa4I
yatdPNN+32BthnMchDx+TzY79u44dlVMv8DwWOABk2W0Il6ZxctEBg2cmgJBnDkDH51stPEmwOyh9G5yvBn2bU72uwmt6Sa9M2auFQ==
2hYOStWa5uItwsdchyE4hDU79u44dlNMv8DwWOABk2W0Il6ZxctEBg2cmgJBnDkDH51stPEmwOyh9G5yvBn2bU72uwmt6Sa9M2auFQ==
FrdFbCi7vQ1u0uP31DjO5DQ79u44dlFMv8DwWOABk2W0Il6ZxctEBg2cmgJBnDkDH51stPEmwOyh9G5yvBn2bU72uwmt6Sa9M2auFQ==
aSXBz9WF3ocIttwtJ5TdSxdRS7XdgKOGIK9KZleW2gtyENF3cTqp9w21fJ0Y1Advz6QLC0m+KXpYKiJ8I9Pqw/ASiilrrh4=
HvSJjUg9QiCmh8ktgPiyBkv8zEJofIOuqnBaDt0QbPqQpvwzi2OwKE53qelsUPnG2tw9ToGl+/fcOn2kSFo1js7M4Ouuq4q8ayeBC06rB3yuCw==
pVlTBYfl7nDI0cBn5inYWFqx+kifPJNZyHKlMnTwpCs591BZNwyE/dZyuDP8LnWgWH4dWo4YSE8+LwIoy/PJzx6PL2iuHw==
wT25alD8psWAIY8lvMQyz1qx+kifPJNZyHanPHTwpCs591BZNwyE/dZyuDP8LnWgWH4dWo4YSE8+LwIoy/PJzx6PL2iuHw==
nJINSxOlOZxa2hFqRPpNwZdW/wLJQ/Agt/t9Y47JX////zl11i4dZHk0Y7djFLdDjf7tMqRaziQH88773AKWIW+uGg==
DBkf/0pNMDCqu1LSkEzN3ZAnVndW43+fYmhmUrrMWyCS/R/6k3pFUlrSoZzJwlJmeDlDDaFF7kxfkAu1+Hq/8BR8fGcJGwj1t6DcEeY+YL+c4m2saJKF9040UKOOo5rkq/8Rg65jd0SuMw==
zz4V74K/UdtOXMuN4iuMvjfV4vL36NM2V8nVOpp5U2epHx8aHX/Ntemwg0BOVRSlRuRRb28l1JRBTSVcOzqu3ahyWBdPYmB6teI6BHXbVcwx70qe6x7iwnhI0cPYN2qacG1Jrjw=
IX//4vppmF0X/164bnv0TPaEJ1eNrSoBhh6IHc/VDwesVF1eWt65kPkuSkoYFZvhkQm2gJ9cU/lIlmdcdNDki7mXkHk3LESdVtL4E/xOtUDY3t07jvgI775PQsjL0wlvnm9vSK4/
RqyAgUc4StLKlMInE5ByvRd+YCxRRiViWuLBrAkSMvb4qeNdYbXOPF9gK8W4qh9glOycN0kr6MW3kDwhpm6ALxxyzXwo4qUHTkRwU07zOnQrb3FTblMXdK4D
A9WlTnnD/3zyVzeqGJ4p+Cppy9cvmVEZQ08tZlrmybgZBhoS2M3LiTHhBvgfpOOR6H63BDQINKPZv2BBNxS0tTb6KMu8FmWoeLZtww6AuAceJxIQC4tZR35HH3CuBw==
M9HbZHWF543TbvhVwVAHkQNa5PIeq3ADdE8tZlrmybgZBhoS2M3LiTHhBvgfpOOR6H63BDQINKPZv2BBNxS0tTb6KMu8FmWoeLZtww6AuAceJxIQC4tZR35HH3CuBw==
UJcAgMHuUoRqsQEy98kVvXM1mRjFp93noeDaZE02kZyGhEg/f/eJC6qevwaHPwDEy7LEWmB9AfUsh/dWcHt+oPQd7CSRlgCcgeVuYpxpNt0uZjuZTVlmTRN2rgU=
SWudZzWkL3cCjQMDstpAcPlwwgb8JdZY4irifMFq1PMIPn9Y03kB8ZihUpYeo5RTaaQ7EjFkC0FJCdIpfj4XnI/QUFtu/y4sdWZS3nSMpkWAz3k3oYSSxMIWqv3Oy++U8NXa6Sr0i1cdO1FX2OcYO3mVTPsBcOe/CR0yfj4jZKlpko8Ur7M6R8jyIVGpmyhkZR2sIZxptBi/0oNGTYZObZggPijrsUnw+/vsBNWbNUzRL+qei17CQlgIscN490oaEC3prpw=
6xJtS2yQkMr19bpHr7cGzzcZ9RpZyf/W+riNoQ698OcOcNSbwThl1e4YgrHL98wQWfqwGPk5rzZ0ZSY/dtrb7cX1Fokraq4R
eN3TxDHzr+MU6yQ7S9ZmdPPm13ZZz/rkF0ob9q2YYfkwGz+XAty9rQZJ0NvWNAQ3aazlSVa8cv0Dw6zsQf6gdBFt7+oMgZaz/q57UZ0xRqUDfq4N
q78uzp5gf6qPS9/aIEtm7RCRpzzJxJpESld+U6B8VBwHf8z/4qZsIX0h4dIYp5TsOXgTefwosujWxBNoDq//hdzcw8YcXYhk0SPpvH0nhN6v1i7yAnA147wvdop8ZU2uOA==
9XKDlk6lbmX+Fu2VjzUTUWY/mU3Ysczg4P2ZNA0y1p6JiEpjXN3uIP68wAuiDiz3/ZaQEwZcJN95pOVBRlRSldML7CSRlgCcgehuYpxpNtsuZjuZTVlmTRN2rgU=
nuxrweGMo0kD0ClAY77y37DKLF+lsjkKmVOKEemHTUuyUgdEVt/9lL4sRUYaSbjL9iLiouBRdshkpVF4IJmCqpy9xVolO3KyeuffBfxOtUDY3t0yi/gB6r5IQsjL0wlvnm9vSK4/
T4h9MIEMrklhPSdLj1im/L6l7dTWVKD5zeNlX6JGD0BW2/WArjhtIjqtkJ+m9irmoBW+HDTx+ZyA/So+DClN3qW/+ibqc3dhXKodFIgKFXTLvMk+7hxqLOu3IXuOe2dMrjs=
s0yo1XNiXe3wE6nd7+TxeU9CoEV0AnKc03zggX1psKVg3D5VtU+9k5IqF0xW1+3snvS1jloBCBMWmnIqYNnmcAT94bDg0fLyvEXVUiUzYkpav69NPIYFGLhmTbMOcJFSXpDygIsb+be+F39Arjc=
2PlVC9AGIePO4VrTFBVkEcOFgeecJTiv88oi9jH48t3QG3pGmV0JFhAj3cKfl5OiLh5qEpmIP1Cu+FHoJtP9qO40OwgWv/eF1MzbJjQtsKQJc4EchZcNWycuk5KroO2jxB+eqmR1Ra4w
e5v5fe71XOaRh5n6K/48ltgJkXYEwyYWtbU9FiTL8ZLDT0cCWqaWovUg65D6kH0YGqvJSDpsZ9j6F4MFIGS3duj15MQ9i71sqX/YG3OGfyLXGBkDkEdCekgdca4E
kcdQlcdX5y1XRr2C9rbDzENTpNPFdhHvowLB1fC+u2zPvvKJv44vvsArH34NZ8U7PYOdWBlMmb2anJ7YlYvnqIqihcrEteh0vp4HIdPHNMadnNOGr62mXoz21M6uAPfU+/Rr5wu0b1PcfzUq+bphdA8zRov04i5RV64i
iM5d4w1l/0OiSXnndd6f8ga+5o4C+Ym0xRZz4TB7DjAmayfjaC4q8vIJvg4pJjsDLTzBEYPQGNsycc2ftfULUZG2c6pqSpms/MOD5PtUy/R/Ze4CpYe/v9trYAZl1ritL6GKkXaHpIl8CQ/9TvgkIO+qDt856mpDioQKbr1P3tnZ0Phpc5nJJ45cw2z1il/9JXeHkMN/C1zaYBtI4zkmy5H7ZVCUbNTCKY0z2dxa+Sz553hsK3+xIaPTHF6MKL4Y1LFBwca9SCaLXiRKdXfMsJkaMHi5ka+WPACm3rZ6200FFZbpa8qusQ==
geP6oBwE+ng0qk5jIBM8XFcfeXpUcs7/+wkz+9vRj/f3x/LxtiCLsKY4dsc2nvHHrJKMYx/YODyv+YLXIAPchqapWewL4LaEWe64BUs+tyqbJotTtmiZaV+dv01I/EnIyJ87t7Kbaomki3gPB+dCxjQy21wW9UXESqGu4mJUUZHuq40GAKMv14nlShqLNjl0j69RwV96fxFr/j7GszJPp9Z5BW3d2gjiVECtC7tDUORpvk2R4MbX0RFDBzX05OB2DuoA5zmLGnOIZM+Y7JA5CZxibSxoEoV/T7RYJo4kmmSrfxEDruN3xK6z
qlyKVQwK+LCdrLP2lcFbipqotTIcPeeVKqxiIhBH5PpxfLOQnOahvpwa1WF1zeXtfLWLPg3jrZrxaz7dgaO9KN8XCYjrOcNCLh9Pgf1TY8kQepFXNi8gVZbsne9vMCqpJA4S9AYkBuKEs3bUcdyXeT+6LKt7GvxkGaYVF9Y2fr91XIrR+KmIcPGfB09jh6pTwlNDcQ5bgxTdVxMpwO6M1z6hk9YtlA33wE+SBpPBW68yjF95LoHejY5wZWbxln/yVKXipJxoybUzOGGPXtSnr+8ka8ugv4kyfarFvEPTSgMQkuppy66+
9sOz5t6IFqiAOk+Hr0bnNCU9f2KxeMK1WxZWX4z0rSVjI7/IFEVtcDIwSvpN/vu9S3GSDeWiowMDxp/T/BYv2u/6Bq9H1CX5DR5gJ4FdsyNNFf5C/wsYzw5J+NRz80FAJLUqNhzoCCQI/oqLeMh/rLll0YJCt1X60jh3nvvL+EYwY7tkxI02aUYsvyfJky33BI8s6y0toLstiLPv/bVungJLsBkdSqMUg2tO9xyaHbH1M9w0MeWAYXDR4MiLul/mMS6aHaz4UqgH6X0Ar1MQpIlzARwFl45fpy4TkiugbaNEHx6q5HXFrrA=
3NFAuqfES68YPboddhwo3rpu3PtPHHv0MgorOez9BVLW8JHbDAkR1/Lm+bR+Y8EBHXI+xh3MGaWG+fV6M/aXoN0pS4tJZ70QZ7lP2prv2ymB878hpCrF7/rvbC3CPGnHM1AWQTA+ZuwKJAr68INiPE28y1HLanjTN9ow3E32of8KlgIX4aw+SXQpBOhF75Pnnyf2O3aDl8lCG0/sCQdnARwOsL8qkWfOIZQB7zR/hm6vIYeHRtyLgeLBkjVaoNEOrTaDWsDVVjwQ6EUth8j1JyJ0e0dbdD9zbH/FSil6MZQfs3brBKKecceusg==
Rbr8gii6Xuru3Q7TaxLnbSU9f2KxeMK1WxZWX4z0rSVjI7/IFEVtcDIwSvpN/vu9S3GSDeWiowMDxp/T0AEvze71G69H1CX5DR5gJ4FdsyNNFf5C/wsYzw5J+NRz80FAJLUqNhzoCCQI/oqLeMh/rLll0YJCt1X60jh3nvvL+EYwY7tkxI02aUYsvyfJky33BI8s6y0toLstiLPv/bVungJLsBkdSqMUg2tO9xyaHbH1M9w0MeWAYXDR4MiLul/mMS6aHaz4UqgH6X0Ar1MQpIlzARwFl45fpy4TkiugbaNEHx6q5HXFrrA=
aOCWMlzN6Cbw4zdXbYqW7rpu3PtPHHv0MgorOez9BVLW8JHbDAkR0fLm+bR4Y8EBHXI+xh3MGaWG+fV6IvCVtdk9S4tJZ70QZ7lP2prv2ymB878hpCrF7/rvbC3CPGnHM1AWQTA+ZuwKJAr68INiPE28y1HLanjTN9ow3E32of8KlgIX4aw+SXQpBOhF75Pnnyf2O3aDl8lCG0/sCQdnARwOsL8qkWfOIZQB7zR/hm6vIYeHRtyLgeLBkjVaoNEOrTaDWsDVVjwQ6EUth8j1JyJ0e0dbdD9zbH/FSil6MZQfs3brBKKecceusg==
SZCIk7XhvaKcif/z2ev8bwa+5o4C+Ym0xRZz4TB7DjAmayfjaC4q9ONR5h4/LW9cKj/UOMWzX5klKdrfsccMR4Src6pqSpms/MOD5PtUy/R/Ze4CpYe/v9trYAZl1ritL6GKkXaHpIl8CQ/9TvgkIO+qDt856mpDioQKbr1P3tnZ0Phpc5nJJ45cw2z1il/9JXeHkMN/C1zaYBtI4zkmy5H7ZVCUbNTCKY0z2dxa+Sz553hsK3+xIaPTHF6MKL4Y1LFBwca9SCaLXiRKdXfMsJkaMHi5ka+WPACm3rZ6200FFZbpa8qusQ==
dSVTC5312Br7u2aJSg08oAa+5o4C+Ym0xRZz4TB7DjAmayfjaC4q9ONR5h4/LW9cKj/UOMWzX5klKdrfuNQGWoSpc6pqSpms/MOD5PtUy/R/Ze4CpYe/v9trYAZl1ritL6GKkXaHpIl8CQ/9TvgkIO+qDt856mpDioQKbr1P3tnZ0Phpc5nJJ45cw2z1il/9JXeHkMN/C1zaYBtI4zkmy5H7ZVCUbNTCKY0z2dxa+Sz553hsK3+xIaPTHF6MKL4Y1LFBwca9SCaLXiRKdXfMsJkaMHi5ka+WPACm3rZ6200FFZbpa8qusQ==
RyCfoYsg/t3ancntQdn+UJ68uFaWHwuw5vEG76lM6FcRsq7avmZMmsRU16SwdX65cvUeIJnfojSIduQ47OBBP/KYvu4CQ69fm5Q+ANlqMHHbil/OO0Lj52acUS0f2Xe5mMghrOh704Oi72KNpI9wexfTqiIUVrNoxgGNgArlZhay4Dn1Tk9lspDXp1MJYcJuG4LRkC/LOXWPjrdVK7r2MmMGJ8P2ne1Zza4A5lREpX+rd7gASdolpTAyH5VRB8/BJFCIEq4O6FOp/5L3COBH7Hwk0e08BgWYuOZNOw/wkNJeEPIAi5v5N76Xf8Cutw==
xKJdWPc4ydV/E5rrogkcdV9duAEnQjjPiiaXzCUrurBm7GpVuA74yIU7DVAZhunsnvS1jloBCBMWmnIqYNnmcAT94bDg0fLyvEXVUiUzYkpav69NPIYFGLhmTbwLcJNSXpDygIsb+be+F39Arjc=
VGPtM0i2CcdGL/bi/T6kYikfg7d6/hliED4MWyvL4NAOT3mBjHjJ3trEDWZhzSvPnMItDOgyxR5JVJoGDgRaxKsf0eMugzdkrhM=
xdOdwoXRm18yBdZ6+4oqvw2CvJB9AACHmHFSp8hJf0BKEG3Z3vWwP12/1IqFGBqe+RvGa605DEipkhCgabgprs7Ixkamkps1tR02sTtirgk=
JXaVyflxAYLfK3qa6AV5Wigfg7d6/hliED4MWyvL4NAOT3mBjHjJ3trEDWZhzSvPnMItDOgyxRhIVJoGDgRaxKsf0eMugzdkrhM=
Ygdc+xJLTyx1tzRQJ1RsWkRwgdMieg7OHl6678zAl+lYYG7Iqu8QOOMju3pjo6wSGmNyRI3rTSz5n+0Yg6Qv4me46YMApxI6uD1hrhQ=
hz9gpHW4Xc0jsix3urN0+ysfg7d6/hliED4MWyvL4NAOT3mBjHjJ3trEDWZhzSvPnMItDOgyxR5PVJoGDgRaxKsf0eMugzdkrhM=
IgFzAIInp+Oz696asgRVH5kFinpShUtEvq4hDSOE/4nRUkElUpK3nMVBh6C58gJnOILtBiBPQPjTQ6t6c0OPXc7Z4sQ9i71sqX/bH3OEfyLXGBkDkEdCekgdca4E
RZOciMmNhoI+tkNtyNaL+ut/NMAPI4yNkm2Qz+2dheJm+TW80JiFfIRwC7/5FPipOCQFGhdAOx8d3//I3qXIohCVfCbhQpjYEvCEiMLf2Jibk0N6GxNUslJTmoTle4UM4c8zn9v0NwIvKEFDKNfa2gBNWa4s
YGLSElpvbE3YZoJoKaRay0R1gdAieg7OHl6678/Al+lYYG7Iqu8QOOMju3pjo6wSGmNyRI3rTSz5n+sfg6Qv4me46YMApxI6uD1hrhQ=
ZGTrphd9R7z71tgDP6i6Cyofg7d6/hliED4MWyvL4NAOT3mBjHjJ3trEDWZhzSvPnMItDOgyxRdLVJ0GDgRaxKsf0eMugzdkrhM=
sozaNV5V0RDe3ElTuOha5UR1gNAieg7OHl66787Al+lYYG7Iqu8QOOMju3pjo6wSGmNyRI3rTSz5n+Ibg6Mv4me46YMApxI6uD1hrhQ=
3V63r4xo+/YRXO4Cmy0N2S0fg7d6/hliED4MWyvL4NAOT3mBjHjJ3trEDWZhzSvPnMItDOgyxRhKVJ0GDgRaxKsf0eMugzdkrhM=
XkmluAoF8qiI1hNqofQiAQ2DvJB9AACHmHFSp8hJf0RKEG3Z3vWwP12/1IqFGBqe+RvGa605DEipkhCgab4qrsnIxkamkps1tR02sTtirgk=
Der+dOXDMlfkg8EHqXKw08aRZiU3WWcjh383dG7YmQWkqV4jL02mB284i7dfKGu8kojKWxVycx4AIC1MM/zhVul3bObVahyXk7jQu7X8pK44r85+My3eLGa1rAyBniDU0UzvysEkFtI+Tnsx3dHGBUNeri0=
8s5nKkpg4aIFr+or7ewGvzT2+FW7pmre2fVRTaACL1wk9Ctny7Qv0xR/da85uqH0TzOGC7Ti7tEXrmI=
RDLL4LjdhEsCO8SZajdV7YYgOMJxdxrhIlhu8h+NTGC5inBoGUmvRpkQ5k6WqludJYXW+csarmE=
0sqNdj27zyWmYZ8uJabp8dG70I+EsA6KxURPr7Y22NeMyQs5SvgaglyK3XQIqlWfz9wNnm78Kgzr1+HbDpsnbK4b
8s5nKkpg4aIFr+or7ewGvzT2+FW7pmre2fVRTaACL1wk9Ctny7Qv0xR/da85uqH0TzOGC7Ti7tEXrmI=
RDLL4LjdhEsCO8SZajdV7YYgOMJxdxrhIlhu8h+NTGC5inBoGUmvRpkQ5k6WqludJYXW+csarmE=
0x0KEhPBWROn34WBsMqhNmI9m0PItdTn6vvKdmkJzJ2RhloXafzDGp2s7F6VOR3Z/o+KbGAiCOwhjpoRamJ5t+cB7CSRlgCcgeVvYpFsNtouZjuZTVlmTRN2rgU=
4ol9H1F/Sjr2MwBd9+Gn0RVSS7XdgKOGIK9KZleW2gtyENF3cTqp9w21fJ0Y1Advz6QLC0i/KXddKiV8I9Pqw/ASiilrrh4=
MNevkKLQTLUuUuXfxH0uShZSS7XdgKOGIK9KZleW2gtyENF3cTqp9w21fJ0Y1Advz6QLC0i/KXddKiV8I9Pqw/ASiilrrh4=
DBCWLF8b5UyV7h5WQ4p+mCBhxPV/Fj/Qu8lBplD6RO/7vwh0rusRdRzMQVpaQIXS8TlDazxmxXg4ho3TD5DVMt5wsuCLO7kXPrc/YK4X
hsRRCCr44Pez9VhEapPMgZwFinpShUtEvq4hDSOE/4nRUkElUpK3nMVBh6C58gJnOILtBiBPQPjTQ6t6c0OPXc7Z4sQ9i71sqX/SH3ODfyLXGBkDkEdCekgdca4E
RNesqs93o95qdnX7J7cAGiBhxPR/Fj/Qu8lBplD6RO/7vwh0rusRdRzMQVpaQIXS8TlDazxmxXg4ho3TD5DVMt5wsuCLO7kXPrc/YK4X
FBDuK7pM9kDG4cI+3TLxcBoXy51zV7DfEcBvPnR/Po4LNmaj5mAl7/26JW95Reg1pHTbBzv037MEf2WPCfoRVP+zFqvkIr4xZ64S
jG6pp+TlfpISsGzZucoFeRsXy51zV7DfEcBvPnR/Po4LNmaj5mAl7/26JW95Reg1pHTbBzv037MEf2WPCfoRVP+zFqvkIr4xZ64S
qAO7KAvPigLjFgaDyLyowO3izWpb78D1UEss3PuWY/sdWHDAUJnzvQR6nsH1EyQePYSaGnGEWdsvxazsQf6gdBFt7+oBhJay/q57UZ0xRqUDfq4N
d+pNqqHn5owrPhRMShIauh0Xy51zV7DfEcBvPnR/Po4LNmaj5mAl7/26JW95Reg1pHTbBzv037MEf2WPCfoRVP+zFqvkIr4xZ64S
8/3AGMyQqz3THLY5ZGwOPyBhxPJ/Fj/Qu8lBplD6RO/7vwh0rusRdRzMQVpaQIXS8TlDazxmxXg4ho3TD5DVMt5wsuCLO7kXPrc/YK4X
mn0HClVsS62wgKOu2YvO+RRSS7XdgKOGIK9KZleW2gtyENF3cTqp9w21fJ0Y1Advz6QLC0i/KXddKiV8I9Pqw/ASiilrrh4=
4xTOyJr1VKy+8KE/FSwNDR8Xy51zV7DfEcBvPnR/Po4LNmaj5mAl7/26JW95Reg1pHTbBzv037MEf2WPCfoRVP+zFqvkIr4xZ64S
meLxOYuTq4ubCNCY6pjMZiBhxPB/Fj/Qu8lBplD6RO/7vwh0rusRdRzMQVpaQIXS8TlDazxmxXg4ho3TD5DVMt5wsuCLO7kXPrc/YK4X
WtWWPTHCluPT9aQxCML1bBFSS7XdgKOGIK9KZleW2gtyENF3cTqp9w21fJ0Y1Advz6QLC0i/KXddKiV8I9Pqw/ASiilrrh4=
nngkPW8AWwgu08LPPSNGYxwXy51zV7DfEcBvPnR/Po4LNmaj5mAl7/26JW95Reg1pHTbBzv037MEf2WPCfoRVP+zFqvkIr4xZ64S
E32I7ShcYlxQNyvmCrpY5CBhxPN/Fj/Qu8lBplD6RO/7vwh0rusRdRzMQVpaQIXS8TlDazxmxXg4ho3TD5DVMt5wsuCLO7kXPrc/YK4X
svEJOD5iadFYDL3wlsi0rBJSS7XdgKOGIK9KZleW2gtyENF3cTqp9w21fJ0Y1Advz6QLC0i/KXddKiV8I9Pqw/ASiilrrh4=
L4a1ODFThgcmfqQPU0snJRNSS7XdgKOGIK9KZleW2gtyENF3cTqp9w21fJ0Y1Advz6QLC0i/KXddKiV8I9Pqw/ASiilrrh4=
qUfOyl1Ys9Jax3QNukKEphdSS7XdgKOGIK9KZleW2gtyENF3cTqp9w21fJ0Y1Advz6QLC0i/KXddKiV8I9Pqw/ASiilrrh4=
Qf9Si3Q31HGfhdYww8qjgwckzJRtEj3lO2b3oImS0qdIYl2GsO8QOOMju3pjo78dHnlyRI3rTSz5n+Ifg6Mv4me46YMApxI6uD1hrhQ=
4dNq8fPn7Z5UM00MCFdLE0v8zEJofIOpvHtEDtsXcvqQpvwzi2OwKE53qelsUPnG2tw9ToGl+/fcOn2kSFo1j8/M7e6urIq8ayeBC06rB3yuCw==
S7Qihgx/6kkw/wFabzSYAp0FinpShUtEvq4hDSOE/4nRUkElUpK3nMVBh6C58gJnOILtBiBPQPjTQ6t6c0OPXc7Z4sQ9i71sqX/SH3ODfyLXGBkDkEdCekgdca4E
OBfrhmq6nC+YIRKAySK0GCBhxPN/FjzQu8lBplD6RO/7vwh0rusRdRzMQVpaQIXS8TlDazxmxXg4ho3TD5DVMt5wsuCLO7kXPrc/YK4X
BRYr/rEprnjTXdYXQNs/3x8Xy55zV7DfEcBvPnR/Po4LNmaj5mAl7/26JW95Reg1pHTbBzv037MEf2WPCfoRVP+zFqvkIr4xZ64S
pga8QvsJZ+AM6l/9bhTxPBFRS7XdgKOGIK9KZleW2gtyENF3cTqp9w21fJ0Y1Advz6QLC0i/KXddKiV8I9Pqw/ASiilrrh4=
SIqrwxiumJeZsO4R9LDm4CBhxPB/FjzQu8lBplD6RO/7vwh0rusRdRzMQVpaQIXS8TlDazxmxXg4ho3TD5DVMt5wsuCLO7kXPrc/YK4X
4PlmqkEh/i5ISFV4yOE55xJRS7XdgKOGIK9KZleW2gtyENF3cTqp9w21fJ0Y1Advz6QLC0i/KXddKiV8I9Pqw/ASiilrrh4=
Dug2HPRRNPEVRONfqL+NnxRRS7XdgKOGIK9KZleW2gtyENF3cTqp9w21fJ0Y1Advz6QLC0i/KXddKiV8I9Pqw/ASiilrrh4=
9IFwwLyE8FS5KOXHtkL3+RNRS7XdgKOGIK9KZleW2gtyENF3cTqp9w21fJ0Y1Advz6QLC0i/KXddKiV8I9Pqw/ASiilrrh4=
Ktu+2d0PUcqPB1B9trGbHRwXy55zV7DfEcBvPnR/Po4LNmaj5mAl7/26JW95Reg1pHTbBzv037MEf2WPCfoRVP+zFqvkIr4xZ64S
5UWI1uzRx24WErkuI4LUPO3izWpb78D1UEss3PiWY/sdWHDAUJnzvQR6nsH1EyQePYSaGnGEWdsvxazsQf6gdBFt7+oBhJay/q57UZ0xRqUDfq4N
j+mCc7I0i05CzlZj7x9y+Vqx+kifPJNZyHKlMnTwpCs591BZNwyE/dZyuDP8LnWgWH4dW48YRUo+KAIoy/PJzx6PL2iuHw==
cryZuM+mWb5XsogPPsIyKnYhz4R25fDev+47I3AxcnYHzlFBivGfjfBUyZcpG5Hmwkc8VRmN35Pjn+WrnLnquoveUrifMBCOviC50rSRRGRxV6BjFnl0HZR+Unx8/lWwGI69K4/o5Tr+OCJ4SyOp394/T1iuLw==
NqQ5kBWOVJBb7X1Hr5ywD4LKJzMlI3ckh3UgQybYvxS9p2pTPW2YXUQhmIZqfHep/5WWDwB4cQISJx0mfuLmcb9sLcvnShaK5aTEw/Cqqa1spdY7MGPcNG6qrAyBniDU0U3vysEkFtI+Tnsx3dHGBUNeri0=
txMVPGbxcXyF6X1C4u85pILKJzMlI3ckh3UgQybYvxS9p2pTPW2YXUQhn4ZqfHep/5SWDwB4cQISJx0mfuLmcb9sLcvnShaK5aTEw/Cqqa1spdY7MGPcNG6qrAyBniDU0U3vysEkFtI+Tnsx3dHGBUNeri0=
FbRpgisWWcTK1jBRa5PmtXfv7ipaqOAZ1ou9/RvJMG4WaHAnhwh7mKfalA+/TK8TD+yjxAM4GBwcXA8DXRwYMhe+vt1y0Bw+pYUKL84yT0wBMhXl/BrOtpaK9EjN4CkkuRPxXLV39l8XC+PSGwAdI1S/zuo0VVWuIA==
CruMZ1Jg/evOpf4LvDPIcENTpNPFdhHvowLB1fC+u2zPvvKJv44vvsArH34NZ8U4PYOdWBlMmb2anJ7YlYvnqIqihcrEteh0vp4HIdDHNMadnNOGr62mXoz21M6uAPfU+/Rr5wu0b1PUfzUv+bphdA8zRov04i5RV64i
yva+8hTni5XpVi7oJSK2QILKJzMlI3ckh3UgQybYvxS9p2pTPm2YXUQhmoZqfHep/5WWDwB4cQISJx0mfuLmcb9sLcvnShaJ5aTEw/Cqqa1spdY7MGPcNG6qrAyBniDU0U3vysEkFtI+Tnsx3dHGBUNeri0=
JhyBh1cxVhVputObTymSHILKJzMlI3ckh3UgQybYvxS9p2pTPm2YXUQhmYZqfHep/5SWDwB4cQISJx0mfuLmcb9sLcvnShaJ5aTEw/Cqqa1spdY7MGPcNG6qrAyBniDU0U3vysEkFtI+Tnsx3dHGBUNeri0=
S++rRtUpXfYJTZcsYJb4qnYhz4R25fDev+47I3AxcnYHzlFBivGfjfBUyZcoG5Hmwkc8VRmN35Pjn+WrnLnquoveUrifMBCOviG50rSRRGRxV6BjFnl0HZR+Unx8/lWwGI69K4/o5Tr+OCJ4SyOp394/T1iuLw==
Ss9pk71dDzY4IOqIOFDcZonq+jKtpA5smoZzbWdCDwz3J3sMf2Mzj34I6LLAuCueYnS0yC0wfdWg25kGSwVLPUl1TEMufFPsbpa/WmT4tiO17ISLoIKJhXyt1jMgS/wcPuLsRNE2gHxBxW9CUYy2em4GO3mN+eYtU1auJQ==
odd0cVgHvEIC382WcdxcA4LKJzMlI3ckh3UgQybYvxS9p2pTPG2YWEQhnYZqfHep/5SWDwB4cQISJx0mfuLmcb9sLcvnShaL5aTBw/Cqqa1spdY7MGPcNG6qrAyBniDU0U3vysEkFtI+Tnsx3dHGBUNeri0=
U/DlW6qLW8wvQtkahgc0c4LKJzMlI3ckh3UgQybYvxS9p2pTPm2YXkQhmYZqfHep/5SWDwB4cQISJx0mfuLmcb9sLcvnShaJ5aTHw/Cqqa1spdY7MGPcNG6qrAyBniDU0U3vysEkFtI+Tnsx3dHGBUNeri0=
pZSdyZv57QBIODkXY+f+UYLKJzMlI3ckh3UgQybYvxS9p2pTPW2YXkQhn4ZqfHep/5SWDwB4cQISJx0mfuLmcb9sLcvnShaK5aTHw/Cqqa1spdY7MGPcNG6qrAyBniDU0U3vysEkFtI+Tnsx3dHGBUNeri0=
B3l2cZfeDP9Q21nMPq8mdoLKJzMlI3ckh3UgQybYvxS9p2pTPG2YXkQhnYZqfHep/5SWDwB4cQISJx0mfuLmcb9sLcvnShaL5aTHw/Cqqa1spdY7MGPcNG6qrAyBniDU0U3vysEkFtI+Tnsx3dHGBUNeri0=
RtnLeH1xT7q/V8wMph8KDoLKJzMlI3ckh3UgQybYvxS9p2pTPm2YWEQhmYZqfHep/5SWDwB4cQISJx0mfuLmcb9sLcvnShaJ5aTBw/Cqqa1spdY7MGPcNG6qrAyBniDU0U3vysEkFtI+Tnsx3dHGBUNeri0=
WPJuXmnZN89Q4zf8ubTPMYLKJzMlI3ckh3UgQybYvxS9p2pTPW2YX0Qhn4ZqfHep/5SWDwB4cQISJx0mfuLmcb9sLcvnShaK5aTGw/Cqqa1spdY7MGPcNG6qrAyBniDU0U3vysEkFtI+Tnsx3dHGBUNeri0=
T2+hM2z0sY2IA/67jEdfwILKJzMlI3ckh3UgQybYvxS9p2pTPG2YW0QhnYZqfHep/5SWDwB4cQISJx0mfuLmcb9sLcvnShaL5aTCw/Cqqa1spdY7MGPcNG6qrAyBniDU0U3vysEkFtI+Tnsx3dHGBUNeri0=
GGWqCgWo5HtWsrVjGCn/gYLKJzMlI3ckh3UgQybYvxS9p2pTPW2YWEQhn4ZqfHep/5SWDwB4cQISJx0mfuLmcb9sLcvnShaK5aTBw/Cqqa1spdY7MGPcNG6qrAyBniDU0U3vysEkFtI+Tnsx3dHGBUNeri0=
A+RcXVblRgd1lwYvKFTieoLKJzMlI3ckh3UgQybYvxS9p2pTPm2YX0QhmYZqfHep/5SWDwB4cQISJx0mfuLmcb9sLcvnShaJ5aTGw/Cqqa1spdY7MGPcNG6qrAyBniDU0U3vysEkFtI+Tnsx3dHGBUNeri0=
Xu5aFayMp9qypi9eaoZPsoLKJzMlI3ckh3UgQybYvxS9p2pTPG2YX0QhnYZqfHep/5SWDwB4cQISJx0mfuLmcb9sLcvnShaL5aTGw/Cqqa1spdY7MGPcNG6qrAyBniDU0U3vysEkFtI+Tnsx3dHGBUNeri0=
E4P6D+4wFe2P1gUycMUbAoLKJzMlI3ckh3UgQybYvxS9p2pTPW2YW0Qhn4ZqfHep/5SWDwB4cQISJx0mfuLmcb9sLcvnShaK5aTCw/Cqqa1spdY7MGPcNG6qrAyBniDU0U3vysEkFtI+Tnsx3dHGBUNeri0=
8IPQjlE3qd2yJ18eyp6YaYLKJzMlI3ckh3UgQybYvxS9p2pTPm2YW0QhmYZqfHep/5SWDwB4cQISJx0mfuLmcb9sLcvnShaJ5aTCw/Cqqa1spdY7MGPcNG6qrAyBniDU0U3vysEkFtI+Tnsx3dHGBUNeri0=
EvNZpwPt9nNFX9Of33uxAILKJzMlI3ckh3UgQybYvxS9p2pTPG2YXUQhnoZqfHep/5WWDwB4cQISJx0mfuLmcb9sLcvnShaL5aTEw/Cqqa1spdY7MGPcNG6qrAyBniDU0U3vysEkFtI+Tnsx3dHGBUNeri0=
prARsqJUz6ztjzicn6MD3ILKJzMlI3ckh3UgQybYvxS9p2pTPG2YXUQhnYZqfHep/5SWDwB4cQISJx0mfuLmcb9sLcvnShaL5aTEw/Cqqa1spdY7MGPcNG6qrAyBniDU0U3vysEkFtI+Tnsx3dHGBUNeri0=
L/JEhcKMFNcETsrKwLTScHYhz4R25fDev+47I3AxcnYHzlFBivGfjfBUyZcoG5Hkwkc8VRmN35Pjn+WrnLnquoveUrifMBCOviG50raRRGRxV6BjFnl0HZR+Unx8/lWwGI69K4/o5Tr+OCJ4SyOp394/T1iuLw==
3Wy7h9dOIb7xQWwj9idQJ4nq+jKtpA5slIZzbWdCDwz3J3sMf2Mzj34I6LLAuCueYHS0yC0wfdWg25kGSwVLPUl1TEMufFPsbpa/WmT4tiO17IaLoIKJhXyt1jMgS/wcPuLsRNE2gHxBxW9CUYy2em4GO3mN+eYtU1auJQ==
3r9QZmo6j9Ls+6Q/iyCvGoLKJzMlI3ckh3UgQybYvxS9p2pTPG2YX0QhnoZqfHep/5WWDwB4cQISJx0mfuLmcb9sLcvnShaL5aTGw/Cqqa1spdY7MGPcNG6qrAyBniDU0U3vysEkFtI+Tnsx3dHGBUNeri0=
gykJVwdIYkJOLdEZdBHZVoLKJzMlI3ckh3UgQybYvxS9p2pTPW2YXkQhmIZqfHep/5WWDwB4cQISJx0mfuLmcb9sLcvnShaK5aTHw/Cqqa1spdY7MGPcNG6qrAyBniDU0U3vysEkFtI+Tnsx3dHGBUNeri0=
aIQpmoWNC7yQWXxTS1gK6Hfv7ipaqOAZ1ou9/RvJMG4WaHAnhwh7mKfalA+/Tq8TD+yjxAM4GBwcXA8DXRwYMhe+vt1y0Bw+pYUIL84yT0wBMhXl/BrOtpaK9EjN4CkkuRPxXLV39l8XC+PSGwAdI1S/zuo0VVWuIA==
8Qu+/ilFhOeLmC7M2r5FQnYhz4R25fDev+47I3AxcnYHzlFBivGfjfBUyZcpG5Hkwkc8VRmN35Pjn+WrnLnquoveUrifMBCOviC50raRRGRxV6BjFnl0HZR+Unx8/lWwGI69K4/o5Tr+OCJ4SyOp394/T1iuLw==
JLd9T6arw9Lkn1YB83jhVYLKJzMlI3ckh3UgQybYvxS9p2pTPW2YX0QhmIZqfHep/5WWDwB4cQISJx0mfuLmcb9sLcvnShaK5aTGw/Cqqa1spdY7MGPcNG6qrAyBniDU0U3vysEkFtI+Tnsx3dHGBUNeri0=
AW1Stl1MrPqpZ+9vJC0KO0NTpNPFdhHvowLB1fC+u2zPvvKJv44vvsArH34NZ8U6PYOdWBlMmb2anJ7YlYvnqIqihcrEteh0vp4HIdLHNMadnNOGr62mXoz21M6uAPfU+/Rr5wu0b1PUfzUv+bphdA8zRov04i5RV64i
qLvoPk3MxpqzzZlrlGanJYLKJzMlI3ckh3UgQybYvxS9p2pTPm2YX0QhmoZqfHep/5WWDwB4cQISJx0mfuLmcb9sLcvnShaJ5aTGw/Cqqa1spdY7MGPcNG6qrAyBniDU0U3vysEkFtI+Tnsx3dHGBUNeri0=
DlZ18wbD1H2FpPUe5gHg9XYhz4R25fDev+47I3AxcnYHzlFBivGfjfBUyZcpG5Hlwkc8VRmN35Pjn+WrnLnquoveUrifMBCOviC50reRRGRxV6BjFnl0HZR+Unx8/lWwGI69K4/o5Tr+OCJ4SyOp394/T1iuLw==
ZXhzz1rfPWjriTM25AjZzHYhz4R25fDev+47I3AxcnYHzlFBivGfjfBUyZcoG5Hlwkc8VRmN35Pjn+WrnLnquoveUrifMBCOviG50reRRGRxV6BjFnl0HZR+Unx8/lWwGI69Io7o5Tr+OCJ4SyOp394/T1iuLw==
YItsnQmk271ueye+WILIzInq+jKtpA5slIZzbWdCDwz3J3sMf2Mzj34I6LLAuCueYXS0yC0wfdWg25kGSwVLPUl1TEMufFPsbpa/WmT4tiO17IeLoIKJhXyt1jMgS/wcPuLsRNE2gHxBzG5CUYy2em4GO3mN+eYtU1auJQ==
we657Wg7iOv9vRSK89v9noLKJzMlI3ckh3UgQybYvxS9p2pTPG2YXkQhnoZqfHep/5WWDwB4cQISJx0mfuLmcb9sLcvnShaL5aTHw/Cqqa1spdY7MGPcNG6qrAyBniDU0UTuysEkFtI+Tnsx3dHGBUNeri0=
k8zKfyKGeHuAkNk6viS0I4LKJzMlI3ckh3UgQybYvxS9p2pTPm2YXkQhmoZqfHep/5WWDwB4cQISJx0mfuLmcb9sLcvnShaJ5aTHw/Cqqa1spdY7MGPcNG6qrAyBniDU0UTuysEkFtI+Tnsx3dHGBUNeri0=
Q+dkXg6/ACRQO6O+HmlhZkNTpNPFdhHvowLB1fC+u2zPvvKJv44vvsArH34NZ8U7PYOdWBlMmb2anJ7YlYvnqIqihcrEteh0vp4HIdPHNMadnNOGr62mXoz21M6uAPfU+/Rr5wu0b1PdfjUv+bphdA8zRov04i5RV64i
Lc0Vnm1QjKcHjJYnDixfYnfv7ipaqOAZ1ou9/RvJMG4WaHAnhwh7mKfalA+/T68TD+yjxAM4GBwcXA8DXRwYMhe+vt1y0Bw+pYUJL84yT0wBMhXl/BrOtpaK9EjN4CkkuRPxXLV3/14XC+PSGwAdI1S/zuo0VVWuIA==
fhCU1avlofLCZC5lXB4x5XYhz4R25fDev+47I3AxcnYHzlFBivGfjfBUyZcoG5Hhwkc8VRmN35Pjn+WrnLnquoveUrifMBCOviG50rORRGRxV6BjFnl0HZR+Unx8/lWwGI69Io7o5Tr+OCJ4SyOp394/T1iuLw==
/51p8HG+Q2x7F83p16ZB8b2z5pxai8JtF3Qv2kR/hEMCTdEZl915rU0DKumIz5kKUyF7YQEBLO+W+MMQhkJ/Fjycxj+92KNnWEZZOdQ5Vr+470zA9hYMaOkykAApmC6OiWhG5uaymxX1vbYRe0KuKQ==
eIQ1YddMLiti1z0DFdmWAnfv7ipaqOAZ1ou9/RvJMG4WaHAnhwh7mKfalA+/S68TD+yjxAM4GBwcXA8DXRwYMhe+vt1y0Bw+pYUNL84yT0wBMhXl/BrOtpaK9EjN4CkkuRPxXLV3/14XC+PSGwAdI1S/zuo0VVWuIA==
ffPO7Ps9Z0sBooSIjBNXUnYhz4R25fDev+47I3AxcnYHzlFBivGfjfBUyZcpG5Hhwkc8VRmN35Pjn+WrnLnquoveUrifMBCOviC50rORRGRxV6BjFnl0HZR+Unx8/lWwGI69Io7o5Tr+OCJ4SyOp394/T1iuLw==
NSjeJcBhxFg4xCD+BehJPYLKJzMlI3ckh3UgQybYvxS9p2pTPG2YWkQhnoZqfHep/5WWDwB4cQISJx0mfuLmcb9sLcvnShaL5aTDw/Cqqa1spdY7MGPcNG6qrAyBniDU0UTuysEkFtI+Tnsx3dHGBUNeri0=
1TWeqsN1xG+k6Qleyt1k6oLKJzMlI3ckh3UgQybYvxS9p2pTPG2YWkQhnYZqfHep/5SWDwB4cQISJx0mfuLmcb9sLcvnShaL5aTDw/Cqqa1spdY7MGPcNG6qrAyBniDU0UTuysEkFtI+Tnsx3dHGBUNeri0=
z/1B5sDzLoy/LxA4nwn/XILKJzMlI3ckh3UgQybYvxS9p2pTPW2YWkQhmIZqfHep/5WWDwB4cQISJx0mfuLmcb9sLcvnShaK5aTDw/Cqqa1spdY7MGPcNG6qrAyBniDU0UTuysEkFtI+Tnsx3dHGBUNeri0=
3VLPiqt+2ANBaG5SkpEgx4LKJzMlI3ckh3UgQybYvxS9p2pTPW2YWkQhn4ZqfHep/5SWDwB4cQISJx0mfuLmcb9sLcvnShaK5aTDw/Cqqa1spdY7MGPcNG6qrAyBniDU0UTuysEkFtI+Tnsx3dHGBUNeri0=
G5uQ5DIVY3WNBdUDvz7jAILKJzMlI3ckh3UgQybYvxS9p2pTPm2YWkQhmoZqfHep/5WWDwB4cQISJx0mfuLmcb9sLcvnShaJ5aTDw/Cqqa1spdY7MGPcNG6qrAyBniDU0UTuysEkFtI+Tnsx3dHGBUNeri0=
Un3NJYDB3nV6JxTX4wKNX4LKJzMlI3ckh3UgQybYvxS9p2pTPm2YWkQhmYZqfHep/5SWDwB4cQISJx0mfuLmcb9sLcvnShaJ5aTDw/Cqqa1spdY7MGPcNG6qrAyBniDU0UTuysEkFtI+Tnsx3dHGBUNeri0=
iIfqDhPqI5uc0A6dbCAJaUNTpNPFdhDvowLB1fC+u2zPvvKJv45dyNYjfW1jGNhTOuS2aRkTwq3f1sDelY3hiJalofiXkuod1Z0UKbfaWs+F69SGr62mXoz21M6uAPfU+/Rr5wu0b1PdfjUv+bphdA8zRov04i5RV64i
pvzckoD/YKSONwNCcxutW3fv7ipaqOAZ1ou9/RvJMG4WaHAnhwh7mKfalA+/Sq8TD+yjxAM4GBwcXA8DXRwYMhe+vt1y0Bw+pYUML84yT0wBMhXl/BrOtpaK9EjN4CkkuRPxXLV3/14XC+PSGwAdI1S/zuo0VVWuIA==
GBiWb+qEaHsSw+Ws3Se/tr2z5pxai8JtF3Qv2kR/hEMCTdEZl915rU0CKumIz5kKUyF7YQEBLO+W+MMQhkJ/Fjycxj+92KJnWEZZOdQ5Vr+470zA9hYMaOkykAApmC6OiWhG5uaymxX1vbYRe0KuKQ==
Q2K9dfODHyMp3y2UMmHUDXYhz4R25fDev+47I3AxcnYHzlFBivGfjfBUyZcpG5Hgwkc8VRmN35Pjn+WrnLnquoveUrifMBCOviC50rKRRGRxV6BjFnl0HZR+Unx8/lWwGI69Io7o5Tr+OCJ4SyOp394/T1iuLw==
H1iYv45+u0XvOmS94KZawYLKJzMlI3ckh3UgQybYvxS9p2pTPG2YW0QhnoZqfHep/5WWDwB4cQISJx0mfuLmcb9sLcvnShaL5aTCw/Cqqa1spdY7MGPcNG6qrAyBniDU0UTuysEkFtI+Tnsx3dHGBUNeri0=
+inx9SyTHkI2jF7yd5UehILKJzMlI3ckh3UgQybYvxS9p2pTPW2YW0QhmIZqfHep/5WWDwB4cQISJx0mfuLmcb9sLcvnShaK5aTCw/Cqqa1spdY7MGPcNG6qrAyBniDU0UTuysEkFtI+Tnsx3dHGBUNeri0=
f1PTmbqBvpqDwl0vYl/3Q3Yhz4R25fDev+47I3AxcnYHzlFBivGfjfBUyZcoG5Hgwkc8VRmN35Pjn+WrnLnquoveUrifMBCOviG50rKRRGRxV6BjFnl0HZR+Unx8/lWwGI69Io7o5Tr+OCJ4SyOp394/T1iuLw==
Cd5QxoJ391KgZ8YxlgOsXILKJzMlI3ckh3UgQybYvxS9p2pTPm2YW0QhmoZqfHep/5WWDwB4cQISJx0mfuLmcb9sLcvnShaJ5aTCw/Cqqa1spdY7MGPcNG6qrAyBniDU0UTuysEkFtI+Tnsx3dHGBUNeri0=
e5LrFPSrk7PjSmIzLDBjL4LKJzMlI3ckh3UgQybYvxS9p2pTPm2YWEQhmoZqfHep/5WWDwB4cQISJx0mfuLmcb9sLcvnShaJ5aTBw/Cqqa1spdY7MGPcNG6qrAyBniDU0UTuysEkFtI+Tnsx3dHGBUNeri0=
p4u38yoN1LawgYz1Wld5BHYhz4R25fDev+47I3AxcnYHzlFBivGfjfBUyZcoG5Hjwkc8VRmN35Pjn+WrnLnquoveUrifMBCOviG50rGRRGRxV6BjFnl0HZR+Unx8/lWwGI69Io7o5Tr+OCJ4SyOp394/T1iuLw==
gF2owFZEd2OwPOb0umr4JoLKJzMlI3ckh3UgQybYvxS9p2pTPG2YWEQhnoZqfHep/5WWDwB4cQISJx0mfuLmcb9sLcvnShaL5aTBw/Cqqa1spdY7MGPcNG6qrAyBniDU0UTuysEkFtI+Tnsx3dHGBUNeri0=
pi0UBLqBO79X9jGNjSw7kkNTpNPFdhDvowLB1fC+u2zPvvKJv45dyNYjfW1jGdhTOuS2aRkTwq3f1sDelY3hiJalofiXkuod1Z0UKbfaWs+F6tSGr62mXoz21M6uAPfU+/Rr5wu0b1PdfjUv+bphdA8zRov04i5RV64i
kUYUKydu5C+SY4MkBtxxsL2z5pxai8JtF3Qv2kR/hEMCTdEZl915rU0BKumIz5kKUyF7YQEBLO+W+MMQhkJ/Fjycxj+92KFnWEZZOdQ5Vr+470zA9hYMaOkykAApmC6OiWhG5uaymxX1vbYRe0KuKQ==
j88yMzZ4eyQEC/CJoLu0PnYhz4R25fDev+47I3AxcnYHzlFBivGfjfBUyZcpG5Hjwkc8VRmN35Pjn+WrnLnquoveUrifMBCOviC50rGRRGRxV6BjFnl0HZR+Unx8/lWwGI69Io7o5Tr+OCJ4SyOp394/T1iuLw==
IfR52MHYfVtNurvsIz7aFHfv7ipaqOEZ14u9/RvJMG4WaHAnhwh7mKfalw+/Sa9sJd/HsQxmGFlDAVofTDceJB6M2+9F+AUvr553MqM7VzkGMhXl/BrOtpaK9EjN4CkkuRPxXLV3/14XC+PSGwAdI1S/zuo0VVWuIA==
GGnnPdttc2XuvZj772LAb4LKJzMlI3ckh3UgQybYvxS9p2pTPW2YWEQhmIZqfHep/5WWDwB4cQISJx0mfuLmcb9sLcvnShaK5aTBw/Cqqa1spdY7MGPcNG6qrAyBniDU0UTuysEkFtI+Tnsx3dHGBUNeri0=
G3MSyXZmiDqjgxRgZit51L2z5pxai8NtFnQv2kR/hEMCGeQ8mKINpVtvW4W4jvsbE2UvNUBCPeKMz9ILk0F/Fjycxj692KVnWEZZOdQ5Vr+470zA9hYMaOkykAApmC6OiWhG5uaymxX1vbYRe0KuKQ==
1I1o0Kj7qPJSJVZGbFFlbHYhz4R25fDev+47I3AxcnYHzlFBivGfjfBUyZcoG5Hnwkc8VRmN35Pjn+WrnLnquoveUrifMBCOviG50rWRRGRxV6BjFnl0HZR+Unx8/lWwGI69Io7o5Tr+OCJ4SyOp394/T1iuLw==
zLEOPLQRB9D7k+EF2kSv5ENTpNPFdhDvowLB1fC+u2zPvvKJv45dyNYjfW1jGthTOuS2aRkTwq3f1sDelY3hiJalofiXkuod1Z0UKbfaWs+F6dSGr62mXoz21M6uAPfU+/Rr5wu0b1PdfjUv+bphdA8zRov04i5RV64i
rL+T5LiwYkKh+1W/0T6zSSvMQHrWsVcf5jE8E01TrlUnTDHPtFa8qEVCQT/AGoCEFE/2zp9aP0hXw43H05Pnxvj75pWLLLQDM+W5SQ6M6LOv/NzIwds475b17JEk0soQHJINHKhCZe5OJD32zhR6FCtPsfPuM1dUriM=
2rDBcWcBHjInFiVynErwOXYhz4R25fHevu47I3AxcnYHmmRkhY6Z8/A22Oh0I+7ir1YnRFfPlcvjv/+qmJe+ubvgbM/zKWGFviOw38+QRGRxV6BjFnl0HZR+Unx8/lWwGI69Io7o5Tr+OCJ4SyOp394/T1iuLw==
ZEKp99hZngNtNAf0Cv1lWHYhz4R25fDev+47I3AxcnYHzlFBivGfjfBUyZcpG5Hnwkc8VRmN35Pjn+WrnLnquoveUrifMBCOviC50rWRRGRxV6BjFnl0HZR+Unx8/lWwGI69Io7o5Tr+OCJ4SyOp394/T1iuLw==
qLvu62uDcqP3ZJFF+oEfjILKJzMlI3ckh3UgQybYvxS9p2pTPG2YXEQhnoZqfHep/5WWDwB4cQISJx0mfuLmcb9sLcvnShaL5aTFw/Cqqa1spdY7MGPcNG6qrAyBniDU0UTuysEkFtI+Tnsx3dHGBUNeri0=
/fTQgf8t0rukrqhCC9Zfi4LKJzMlI3ckh3UgQybYvxS9p2pTPG2YXEQhnYZqfHep/5SWDwB4cQISJx0mfuLmcb9sLcvnShaL5aTFw/Cqqa1spdY7MGPcNG6qrAyBniDU0UTuysEkFtI+Tnsx3dHGBUNeri0=
RsnlyU1mRj0d7efn05kznYnq+jKtpA9skoZzbWdCDwz3J2EPWCRu+gEZ/6SuxTj0FBaE+UpEF8W7ytdFAV1LHVN0SG16f2PSUOHTQxXztiK84f+KoIKJhXyt1jMgS/wcPuLsRNE2gHxBzG5CUYy2em4GO3mN+eYtU1auJQ==
l8NoyrUiWkljCt70chDgZ4LKJzMlI3ckh3UgQybYvxS9p2pTPm2YXEQhmoZqfHep/5WWDwB4cQISJx0mfuLmcb9sLcvnShaJ5aTFw/Cqqa1spdY7MGPcNG6qrAyBniDU0UTuysEkFtI+Tnsx3dHGBUNeri0=
0hJUCfeuNvJAcyTOuVMj9ILKJzMlI3ckh3UgQybYvxS9p2pTPm2YXEQhmYZqfHep/5SWDwB4cQISJx0mfuLmcb9sLcvnShaJ5aTFw/Cqqa1spdY7MGPcNG6qrAyBniDU0UTuysEkFtI+Tnsx3dHGBUNeri0=
kYl7sM1Zbd4LDWuS8TvWbYLKJzMlI3ckh3UgQybYvxS9p2pTPW2YXEQhmIZqfHep/5WWDwB4cQISJx0mfuLmcb9sLcvnShaK5aTFw/Cqqa1spdY7MGPcNG6qrAyBniDU0UTuysEkFtI+Tnsx3dHGBUNeri0=
aH2Gghz/lsy70AnwWvokqILKJzMlI3ckh3UgQybYvxS9p2pTPW2YXEQhn4ZqfHep/5SWDwB4cQISJx0mfuLmcb9sLcvnShaK5aTFw/Cqqa1spdY7MGPcNG6qrAyBniDU0UTuysEkFtI+Tnsx3dHGBUNeri0=
BlPDCAyGVOnYD+iw86ydYg8Z30M3L8FcTr7JJmWTSEdLPzzhKAojVEgB5ggEicq2wl70exijuUAFXJWxnpya0Jmb+7CugqHy+IUkvHpew+keN8g+eXw3HjM9KtYIdlBGIpBrTJ+UD593xCMbmT5xZ7WKXUwrE2KT6PIiWVOuJg==
/BJl1OR25DcMDWZ+4qZXqg8Z30M3L8FcTb7JJmWTSEdLPzzhKAojVEwB5ggEjcq2tVzicXvsohQVQ4zxj5eGx5SHyoGpkIaUnoctqhQj0INqKqY+bHcxHjM9KtYIdlBGIpBrTJ+UD593xCMbmT5xZ7WKXUwrE2KT6PIiWVOuJg==
F7pTaT6iQe55BFuSKcqWOQ8Z30M3L8FcT77JJmWTSEdLPzzhKAojVEgB5ggEicq2wl70exijuUAFXJWxnpya0Jmb+7CugqHy+IUkvHpew+kcN8g+eXw3HjM9KtYIdlBGIpBrTJ+UD593xCMbmT5xZ7WKXUwrE2KT6PIiWVOuJg==
bGbKU4YjC7p9HVWYe2HoyvUfdGuDCwKikmk7xAcfMEYlplkOQiv91g6TnHBPPzPkLM+9M3SPmJBVbxocHlIzD2wDKQY7Z1ItjhjY/mFNtp9iaissZUp5dWCSSjYSAmjYIRjNxF3LXewJP7seU0OfondYOQNwh+L6KF1RriQ=
o/ensUNVCprZqjR01pPNuQ8Z30M3L8FcTb7JJmWTSEdLPzzhKAojVEwB5ggEj8q2tVzicXvsohQVQ47xj5eGx5SHyoGpkIaUnoctqhQj0INqKqY+bHcxHjM9KtYIdlBGIpBrTJ+UD593xCMbmT5xZ7WKXUwrE2KT6PIiWVOuJg==
Odug35oktDbeuW8IJNaCrg8Z30M3L8FcTb7JJmWTSEdLPzzhKAojVEwB5ggEjsq2tVzicXvsohQVQ4/xj5eGx5SHyoGpkIaUnoctqhQj0INqKqY+bHcxHjM9KtYIdlBGIpBrTJ+UD593xCMbmT5xZ7WKXUwrE2KT6PIiWVOuJg==
F4scwRKJTfRgeXm+TMusooRhdL0xUlu5IWjLoVgT/gsoJ2R1nBcAVzIlZdY2fomp1dgjgzcypOVSUAfOs87Xufmpu/G7kKixoquzHpglE/+tRwaNFEVfFjgWGQn0KVZPWD+McFaGjBiJYtAwCYgufmm4hlZGIhtlle32IVtSrtk=
IDwmeCbY4k2j6P0P0CSB74RhdL0xUlu5IWjLoVgT/gsoJ2R1nBc0dgsPO8hJP66YlfgFoj0ypOVSUAfBs87Xufmpu/G7kKixoquzHpglE/+tRwaNFEVfFjgWGQn0KVZPWD+McFaGjBiJYtAwCYgufmm4hlZGIhtlle32IVtSrtk=
VCM9gWL18u3W02x19kA0AQ8Z30M3L8FcQb7JJmWTSEdLPzzhKAojVEgB5ggEicq2wl70exijuUAFXJWxnpya0Jmb+7CugqHy+IUkvHpew+kfN8g+eXw3HjM9KtYIdlBGIpBrTJ+UD593xCMbmT5xZ7WKXUwrE2KT6PIiWVOuJg==
KmodjRWMXchPYHapbJr/RoRhdL0xUlu5IGjLoVgT/gsoJ2R1nBcAVzIlZdY2fomp1dgjgzcypOVSUAfMs87Xufmpu/G7kKixoquzHpglE/+tRwaOFEVfFjgWGQn0KVZPWD+McFaGjBiJYtAwCYgufmm4hlZGIhtlle32IVtSrtk=
ADNKzgtupXtW1DsGUnqF3Fqx+kifPJNZyHanPHTwpCs591BZNwyE/dZyuDP8LnWgWH4dUo4YRUo+KAIoy/PJzx6PL2iuHw==
kVwG2WHuUaZnL01qYFuihZdW/wLJQ/Agt/t9Y47JX////zl11i4dZHk0Y7djFLdDhf7tP6FaySQH88773AKWIW+uGg==
7ZDbGD8MQQL/WHkBZBFCClqx+kifPJNZyHKlMnTwpCs591BZNwyE/dZyuDP8LnWgWH4dUYsYREo+KAIoy/PJzx6PL2iuHw==
+Wk5Ob2CQ2fX/0FFOwVbS9wQhTciQTjkAUMZ/O2Hs9vfOrsyM1DlY0xPZsrMxR2uaA==
f1eN6OW5G6SEc8z73A1+0jT2+FW7pmre2fVRTaACL1wk9Ctny7Qv0xl7da45uqH0TzOGC7Ti7tEXrmI=
EMpLLDOo2yvcXk0F5i7DeoYgOMJxdxrhIlhu8h+NTGC5inBoGUSrRpgQ5k6WqludJYXW+csarmE=
7zJnSDnKPdGPuVPBFRS9FXM1mRjFp93noeDaZE02kZyGhEg/f/eJC6qevwaHPwDAybzEWmB9AfUsh/dWcHt+oPQd7CSRlgCcgehrYpBsNtouZjuZTVlmTRN2rgU=
IQ09ph28NZpukw1WQ4fT5gNa5PIeq3ADdE8tZlrmybgZBhoS2M3LiTHhBvgfpOOR6Hq1CjQINKPZv2BBNxS0tTb6KMu8FmWoeLZtzguAtAIeIBIQC4tZR35HH3CuBw==
UZjcNB2xAUurx5I8D5aaySppy9cvmVEZQ08tZlrmybgZBhoS2M3LiTHhBvgfpOOR6Hq1CjQINKPZv2BBNxS0tTb6KMu8FmWoeLZtzguAtAIeIBIQC4tZR35HH3CuBw==
HG/zJWicMaKIbs4SdLmTZBd+YCxRRiViWuLBrAkSMvb4qeNdYbXOPF9gK8W4rh1ulOycN0kr6MW3kDwhpm6ALxxyzXwo4qUKS0R8Vk70OnQrb3FTblMXdK4D
/Y3/OqxXotZiQp1bgmL9wPaEJ1eNrSoBhh6IHc/VDwesVF1eWt65kPkuSkoYFZvhkQm2gJ9cU/lIkmVSdNDki7mXkHk3LESdVtL4E/xOtUDY3t02i/gE6r5IQsjL0wlvnm9vSK4/
ZPtJYsdG9aa6svLStg6pojfV4vL36NM2V8nVOpp5U2epHx8aHX/Ntemwg0BOVRSlRuRRb28l1JRFTytcOzqu3ahyWBdPYmB6teI6BHXbVcwx70eb6xLnwn9I0cPYN2qacG1Jrjw=
G7d5S4C4G2KKx9ZNFn9zQZAnVndW43+fYmhmUrrMWyCS/R/6k3pFUlrSoZzJwlJmeDlDDaFF7kxfkAu1+H69/hR8fGcJGwj1t6DcEeY+YL+c4m2saJKF+ks0XKaOpJrkq/8Rg65jd0SuMw==
69QVwBGbuijxdtTIYzivWe3Gqw31jDM+uon+BXMQWs7wtWUvJQdpky/bDlCkP+wtk6yVAxsnDAn68zVKXpu4hRL0S6drNI+T+XtVblk6wTRvM2ZLVGJOEXeuAg==
