3TI2f1vPM/ER2eKdFzlG9QSCt5QBY2eUjCoXscJHPgJsVW3J2sTxVRiz3o+JPxqd8gbTfL4Of1KjkBKie6groMfNyUumg4swtR02sTt5qRA=
0zV62nrBMNqJp5T4MvhxfYV90rCuxreYjtmx2bl0UraF3TI9F4/QcoWCJeNJL+7lJ+msT9c81NKOQLihuZEAZELEzYJut6Lz+rVW7ltj3PMxMZgjDzRJdKcLbFyYbOpNvCNh5FUssLSyNLe7CU/lHXITQaScHOKVC+NYmGi/u+DedObidWirvDJciONZarVICLRsSjliZ03jJheflVxohB0G05xQNA6pe6xp5qsMYsYj5Op0LzFZTx6v60T9QQYVI/WphA==
KUByoIsAuRQAxcYopxU1ZoV90rCuxreYjtmx2bl0UraF3TI9F4/QcoWCJeNJL+7lJ+msT9c81NKOQLihuZEAZELEzYJut6Lz+rVW7ltj3PMxMZgjDzRJdKcLbFyYbOpNvCNh5FUssLSyNLe7CU/lHXITQaScHOKVC+NYmGi/u+DedObidWirvDJciONZarVICLRsSjliZ03jJheflVxohB0G05xQNA6pe6xp5qsMYsYj5Ol0LzFZTx6v60T9QQYVI/WphA==
HVra+YxegvqgAOkVo51NSxHwceNAc3KpuDEXxJ2rN7XGfkhz0iuOF6vpSz6fdbfYwRWOfe4wBPPZ79YKnCV2qQE=
8HwKuBKDyNqmfLtvT82VLZ0JseBDfcUrECUqYkN+4Kb2BWu0BV3LYtDBD1Hq4fgGPxYwLdwpneHGzeomk5mNpdOtY9h1ASpR8ufGGAlpl+zgguuFwP8nEE0Za7pKgj7G5EZriUIyzP/7vIfZDNVcGntBziA6ymOSI9AS4vtoKGBHjckLJkOL8DVdNvG7uanQ
jetb9lex3saUQTW2Dl2kss7RUkHLkaU+ij8oliEVVX1vSIfeqgD3PkhqszPBWfpFO4oxs+7z1w+peg==
n9DEMdvcsSgszuRA7rtQBY9d8kREad3BNHTEIZs7jcWdZlk5Qb83mQjleJyiQ58jgNL6yQCpdw==
QOR73ylkBvzYYq+KoUbTtRHwceNAc3KpuDEXxJ2rN7XGfkhz0iuOF6vpSz6fdbffwRWOfe4wBPPZ79YKnCV2qQE=
QOR73ylkBvzYYq+KoUbTtRHwceNAc3KpuDEXxJ2rN7XGfkhz0iuOF6vpSz6fdbffwRWOfe4wBPPZ79YKnCV2qQE=
QOR73ylkBvzYYq+KoUbTtRHwceNAc3KpuDEXxJ2rN7XGfkhz0iuOF6vpSz6fdbffwRWOfe4wBPPZ79YKnCV2qQE=
QOR73ylkBvzYYq+KoUbTtRHwceNAc3KpuDEXxJ2rN7XGfkhz0iuOF6vpSz6fdbffwRWOfe4wBPPZ79YKnCV2qQE=
+hA9sV3lrlDHAdTkSOIDX/rAoBn2jzM/4JazGXkAHcm/smU4IR0iiWTBSwTja+I3iLmCFVUsDx/t9RxKWpuQjzSHUa1pNo2B7X9bYVw1zDR+I2NLVGJOEWypGw==
FFzmgsE2QJySunnpPJUcDvctNglVOD0TPIsWSdypi1QRI7M1QvbE406zandPkbdOUz1znwVdQk3SCCDT/ffKGpAtcqkF
Ht5c1oVsEtMZioMQ7I06D/ctNglVOD0TPI8UR9ypi1QRI7M1QvbE406zandPkbdOUz1znwVdQk3SCCDT/ffKGpAtcqkF
Xu5sH/L02loVhnUcs1TTl046P8skqSmS7OYRH9DlbjEOld5OULYQJEZ+T2arjGJGI2Tv9C+xWc8eL+vE/cEGlSN1qQQ=
dFnb1hLh+/HlHevd442tUqICD28adnpdb5oJScb6zlIUILI+L7LV9EmgYWdPkbdOUz1znwVdQk3SCCDT/ffKGpAtcqkF
4S1Jx1wT31VpxdejZgQ8fhdw7a/PDsAv1g6ODbsytelaErqigLg+vqMqQYS9yP3H8znjnifFP19JZXYdBmDcs+Hf/iqENX6pCQ==
VlI1H/BpSV3EZkn3/oOg7wckzpNnE0LOFliR75LG0r0XalGJ/qoWMvwwuj4nor0UEXBZJ5fhTy77jfsfja0q7Wq4+JMFpxI6uD16qQ0=
npOXICfc+niufmrHRXJdKnUS36kfekdtire/Q7QBiTq8LlHXgM1OGR6d3kZAnjAMFrYPrvskwu6z7G98vxn5Z07nqwyt6Sa9M32pDA==
ZJ+9wTg3u15fCMnEoRca7BZw7a/PDsAv1g6ODbsytelaErqigLg+vqMqQYS9yP3H8znjnifFP19JZXYdBmDcs+Hf/iqENX6pCQ==
9q/n/F5jsy04CqMP+xrRHKMCD28adnpdb5oJScb6zlIUILI+L7LV9EmgYWdPkbdOUz1znwVdQk3SCCDT/ffKGpAtcqkF
pB9NhnTngK+jS6EqWeApJaACD28adnpdb5oJScb6zlIUILI+L7LV9EmgYWdPkbdOUz1znwVdQk3SCCDT/ffKGpAtcqkF
fYclBZnfl5lqxYm+x3l6jBRw7a/PDsAv1g6ODbsytelaErqigLg+vqMqQYS9yP3H8znjnifFP19JZXYdBmDcs+Hf/iqENX6pCQ==
pDu1OogUu89trC7SBmjAthVw7a/PDsAv1g6ODbsytelaErqigLg+vqMqQYS9yP3H8znjnifFP19JZXYdBmDcs+Hf/iqENX6pCQ==
Xu5sH/L02loVhnUcs1TTl046P8skqSmS7OYRH9DlbjEOld5OULYQJEZ+T2arjGJGI2Tv9C+xWc8eL+vE/cEGlSN1qQQ=
dFnb1hLh+/HlHevd442tUqICD28adnpdb5oJScb6zlIUILI+L7LV9EmgYWdPkbdOUz1znwVdQk3SCCDT/ffKGpAtcqkF
4S1Jx1wT31VpxdejZgQ8fhdw7a/PDsAv1g6ODbsytelaErqigLg+vqMqQYS9yP3H8znjnifFP19JZXYdBmDcs+Hf/iqENX6pCQ==
VlI1H/BpSV3EZkn3/oOg7wckzpNnE0LOFliR75LG0r0XalGJ/qoWMvwwuj4nor0UEXBZJ5fhTy77jfsfja0q7Wq4+JMFpxI6uD16qQ0=
npOXICfc+niufmrHRXJdKnUS36kfekdtire/Q7QBiTq8LlHXgM1OGR6d3kZAnjAMFrYPrvskwu6z7G98vxn5Z07nqwyt6Sa9M32pDA==
ZJ+9wTg3u15fCMnEoRca7BZw7a/PDsAv1g6ODbsytelaErqigLg+vqMqQYS9yP3H8znjnifFP19JZXYdBmDcs+Hf/iqENX6pCQ==
9q/n/F5jsy04CqMP+xrRHKMCD28adnpdb5oJScb6zlIUILI+L7LV9EmgYWdPkbdOUz1znwVdQk3SCCDT/ffKGpAtcqkF
pB9NhnTngK+jS6EqWeApJaACD28adnpdb5oJScb6zlIUILI+L7LV9EmgYWdPkbdOUz1znwVdQk3SCCDT/ffKGpAtcqkF
fYclBZnfl5lqxYm+x3l6jBRw7a/PDsAv1g6ODbsytelaErqigLg+vqMqQYS9yP3H8znjnifFP19JZXYdBmDcs+Hf/iqENX6pCQ==
pDu1OogUu89trC7SBmjAthVw7a/PDsAv1g6ODbsytelaErqigLg+vqMqQYS9yP3H8znjnifFP19JZXYdBmDcs+Hf/iqENX6pCQ==
6l3SFoKyld6ZaiB6aP9JTCYziATcsfy14eDQY1E31oqTlEAPOuvCCKCgv1OUcUmK3L7RR2B9Duk+jd5WYG5wvPYmjz6blAKek/xvbJ9pOdcudyucTVlmTRNtqRw=
Xu5sH/L02loVhnUcs1TTl046P8skqSmS7OYRH9DlbjEOld5OULYQJEZ+T2arjGJGI2Tv9C+xWc8eL+vE/cEGlSN1qQQ=
dFnb1hLh+/HlHevd442tUqICD28adnpdb5oJScb6zlIUILI+L7LV9EmgYWdPkbdOUz1znwVdQk3SCCDT/ffKGpAtcqkF
4S1Jx1wT31VpxdejZgQ8fhdw7a/PDsAv1g6ODbsytelaErqigLg+vqMqQYS9yP3H8znjnifFP19JZXYdBmDcs+Hf/iqENX6pCQ==
VlI1H/BpSV3EZkn3/oOg7wckzpNnE0LOFliR75LG0r0XalGJ/qoWMvwwuj4nor0UEXBZJ5fhTy77jfsfja0q7Wq4+JMFpxI6uD16qQ0=
npOXICfc+niufmrHRXJdKnUS36kfekdtire/Q7QBiTq8LlHXgM1OGR6d3kZAnjAMFrYPrvskwu6z7G98vxn5Z07nqwyt6Sa9M32pDA==
ZJ+9wTg3u15fCMnEoRca7BZw7a/PDsAv1g6ODbsytelaErqigLg+vqMqQYS9yP3H8znjnifFP19JZXYdBmDcs+Hf/iqENX6pCQ==
9q/n/F5jsy04CqMP+xrRHKMCD28adnpdb5oJScb6zlIUILI+L7LV9EmgYWdPkbdOUz1znwVdQk3SCCDT/ffKGpAtcqkF
pB9NhnTngK+jS6EqWeApJaACD28adnpdb5oJScb6zlIUILI+L7LV9EmgYWdPkbdOUz1znwVdQk3SCCDT/ffKGpAtcqkF
fYclBZnfl5lqxYm+x3l6jBRw7a/PDsAv1g6ODbsytelaErqigLg+vqMqQYS9yP3H8znjnifFP19JZXYdBmDcs+Hf/iqENX6pCQ==
pDu1OogUu89trC7SBmjAthVw7a/PDsAv1g6ODbsytelaErqigLg+vqMqQYS9yP3H8znjnifFP19JZXYdBmDcs+Hf/iqENX6pCQ==
JLA+BjIhUGm7p5yXIwYGFPctNglVOD0TPI8UR9ypi1QRI7M1QvbE406zandPkbdOUz1zngVdQk3SCCDT/ffKGpAtcqkF
Ne58edC5O4/dU3Xrut1atPctNglVOD0TPIsWSdypi1QRI7M1QvbE406zandPkbdOUz1zngVdQk3SCCDT/ffKGpAtcqkF
cqSCgb2fyVZ0aQSPiwm3/9G70I+EsA6KxURPr7Y22NeUzQh2D/EfrTqQ13YKqEeGztIDm2HxKh370uHbDpsnd6kC
9ygvO1zDBARSiNwWmvA6CZGTh++VDSi/sMAj8jWL5MeZTjpAn2hSFgF908jXnZ2iZyxLNejNFmG5gGnDCOPK6aABXyQl+9+1rq7wExobltcTeYMeh4UfXikllp2moPyzwR+eqmR1Xqkp
Trcss1677BrCovZj7ShrGJyzTw1KpHa8NZdfPKyFLM6+mdZMJwQ87vO+ipIeRCnpyy1xpKqO52G9GRFlQwDo1E201QNUR4eDlRVfhuss4ibjRO7U79HZb17P66Q9YYZ1Y1WpJA==
pvrohugZIQkB9JFc4jHn9THe5PvT8cM9bd3TNrhiRmGEUl4WDWXH+KO1gUJbRB/lHPVaIXV43ZNcSzZJPGnr1LFjUzUiNmRjrvMKd2/RV84z/VOe5R3izXJIwNPdN2qacG1SqSU=
NUL+t/Y7DP7PgDEUm8D3zCy9lQathGIWMZ3jiGd9LSL3zJt1uC0GYamguYNYQ1pp0KGvZFXbL7XejgDTartmV4PZU97XpQ9eOUVGXfbAbDNxfy5qVBVuqRk=
V1+ZmOVz3W8mpcL3r3KKtskSiGRQhmA3s5FmFjWV/5iLRUkCE5S3hYRlwqHt6EUzNJv+CXRZA/TJU6s1WgacQ8bDwrcngb9uq23LHn2Nei3aGAgTlUdCekgdaqkd
HRJHgGhzuS9+rWOth9NhBuAhp0FhtEEthJFmFjWV/5iLRUkCE5S3hYRlwqHt6EUzNJv+CXRZA/TJU6s1WgacQ8bDwrcngb9uq23LHn2Nei3aGAgTlUdCekgdaqkd
3/2IW4lWknoXQIiXTmBKJoV90rCuxreYjtmx2bl0UraF3TI9F4/QcoWCJeNJL+7lJ+msT9c81NKOQLihuZEAZELEzYJut6Lz+rVW7ltj3PMxMZgjDzRJdKcLbFyYbOpNvCNh5FUssLSyNLe7CU/lHXITQaScHOKVC+NYmGi/u+DedObidWirvDJciONZarVICLRsSjliZ03jJheflVxohB0G05xQNA6pe6xp5qsMYsYj5O50LzFZTx6v60T9QQYVI/WphA==
VvKTiZTUCLJW3M+Zxlsyk/ctNglVOD0TPI8UR9ypi1QRI7M1QvbE406zandPkbdOUz1zkgRdQk3SCCDT/ffKGpAtcqkF
fN8MNKGk0E5lyS4/LvdxPtJ4EyYSiivTPHl2Ta36SiC+/wXvthtZVVrVoYi0hlxxOX0JU/tU5VAawhie5X2s10A+DiJfCgnun+zNBa8nbYXw+GeuapCX7kI7U6OBqZr1u/oRg65jd1+pKg==
R+Um+kK4/lAKgQ7hYLpBwNJ4EyYSiivTPHl2Ta36SiC+/wXvthtYVVrVoYi0hlxxOXwJU/tU5VAawhie5X2s10A+DiJfCgnun+zNBa8nbYXw+GeuapCX7kI7U6OBqZr1u/oRg65jd1+pKg==
p5B3vVi8kYkzexFMIuBSUWaY23SGvl6Ax/ESi/yvY02nbDvQsZOJSy8NBkvsm+arsiU4q1i8q62mTxzc1YrwzNp0J0DVIF+uicNn/SH7oCqTmDL6qwCiGTeFqVO268vIBZWWaWtRqSg=
jodWt4RQUjlXuMmgjUwFcGaY23SGvl+Ax/ESi/yvY02nbDvQsZOISy8NBkvsm+arsiU4qli8q62mTxzc1YrwzNp0J0DVIF+uicNn/SH7oCqTmDL6qwCiGTeFqVO268vIBZWWaWtRqSg=
NpAihdONwYXZ8XOs0jyhv9PMwr7RZHzz7tEz7SK99ce1TCBVuglNEQF609yq2ZO1JmhaPqjLFmft/3reANGYuJciX3st68+/j+vgQxgHnMgTeYMeh4UfUigllp2moPyzwR+eqmR1Xqkp
5ccDBw6DDSOJsspaqvF3/dPMwr7RZH/z7tEz7SK99ce1TCBVuglNEQF609yq2ZO1JmhaPqjLFmft/3reANGYuZciX3st68+/j+vgQxgHnMgTeYMeh4UfUigllp2moPyzwR+eqmR1Xqkp
6oByIrKMcL73KohDmtQqRL2z5pxai8I2Q2440V5uqUM0DNF9rOc9k3djSKuC7JlUCDE9K18HLOmQ2N8XonAsMT71q2SS8/lSK1wHOMUoX7a5qwfF8TNgcuMwkgI7iCKBh21J6+ajixD1vbYRe1mpMA==
fI1NE8zX/nBGyTjXCiyDFdPMwr7RZHzz7tEz7SK99ce1TCBVuglMEQF609yq2ZO1JmhaPqjLFmft/3reANGYupciX3st68+/j+vgQxgHnMgTeYMeh4UfUigllp2moPyzwR+eqmR1Xqkp
qdiyizLUCQan7PB1BG2rs97fEUthsDAuTiLZgzGs8CgVVHgD+k0jgd07S7F4cCJZFUpyee6ZwOSg2pOT2my//ABshv5RRAQha3EnWwUb17+Xm8hj4NfUiFvJW/4vFWfSkLV+Pf7QtHMJz6bKDEVGqTE=
VvKTiZTUCLJW3M+Zxlsyk/ctNglVOD0TPI8UR9ypi1QRI7M1QvbE406zandPkbdOUz1zkgRdQk3SCCDT/ffKGpAtcqkF
fN8MNKGk0E5lyS4/LvdxPtJ4EyYSiivTPHl2Ta36SiC+/wXvthtZVVrVoYi0hlxxOX0JU/tU5VAawhie5X2s10A+DiJfCgnun+zNBa8nbYXw+GeuapCX7kI7U6OBqZr1u/oRg65jd1+pKg==
R+Um+kK4/lAKgQ7hYLpBwNJ4EyYSiivTPHl2Ta36SiC+/wXvthtYVVrVoYi0hlxxOXwJU/tU5VAawhie5X2s10A+DiJfCgnun+zNBa8nbYXw+GeuapCX7kI7U6OBqZr1u/oRg65jd1+pKg==
p5B3vVi8kYkzexFMIuBSUWaY23SGvl6Ax/ESi/yvY02nbDvQsZOJSy8NBkvsm+arsiU4q1i8q62mTxzc1YrwzNp0J0DVIF+uicNn/SH7oCqTmDL6qwCiGTeFqVO268vIBZWWaWtRqSg=
jodWt4RQUjlXuMmgjUwFcGaY23SGvl+Ax/ESi/yvY02nbDvQsZOISy8NBkvsm+arsiU4qli8q62mTxzc1YrwzNp0J0DVIF+uicNn/SH7oCqTmDL6qwCiGTeFqVO268vIBZWWaWtRqSg=
fI1NE8zX/nBGyTjXCiyDFdPMwr7RZHzz7tEz7SK99ce1TCBVuglMEQF609yq2ZO1JmhaPqjLFmft/3reANGYupciX3st68+/j+vgQxgHnMgTeYMeh4UfUigllp2moPyzwR+eqmR1Xqkp
5ccDBw6DDSOJsspaqvF3/dPMwr7RZH/z7tEz7SK99ce1TCBVuglNEQF609yq2ZO1JmhaPqjLFmft/3reANGYuZciX3st68+/j+vgQxgHnMgTeYMeh4UfUigllp2moPyzwR+eqmR1Xqkp
6oByIrKMcL73KohDmtQqRL2z5pxai8I2Q2440V5uqUM0DNF9rOc9k3djSKuC7JlUCDE9K18HLOmQ2N8XonAsMT71q2SS8/lSK1wHOMUoX7a5qwfF8TNgcuMwkgI7iCKBh21J6+ajixD1vbYRe1mpMA==
NpAihdONwYXZ8XOs0jyhv9PMwr7RZHzz7tEz7SK99ce1TCBVuglNEQF609yq2ZO1JmhaPqjLFmft/3reANGYuJciX3st68+/j+vgQxgHnMgTeYMeh4UfUigllp2moPyzwR+eqmR1Xqkp
qdiyizLUCQan7PB1BG2rs97fEUthsDAuTiLZgzGs8CgVVHgD+k0jgd07S7F4cCJZFUpyee6ZwOSg2pOT2my//ABshv5RRAQha3EnWwUb17+Xm8hj4NfUiFvJW/4vFWfSkLV+Pf7QtHMJz6bKDEVGqTE=
VvKTiZTUCLJW3M+Zxlsyk/ctNglVOD0TPI8UR9ypi1QRI7M1QvbE406zandPkbdOUz1zkgRdQk3SCCDT/ffKGpAtcqkF
VvKTiZTUCLJW3M+Zxlsyk/ctNglVOD0TPI8UR9ypi1QRI7M1QvbE406zandPkbdOUz1zkgRdQk3SCCDT/ffKGpAtcqkF
VvKTiZTUCLJW3M+Zxlsyk/ctNglVOD0TPI8UR9ypi1QRI7M1QvbE406zandPkbdOUz1zkgRdQk3SCCDT/ffKGpAtcqkF
ucGbZuzxGDLQvrIM1QBnUjthThp2YmkyY/CSwrvIIsEHrUkrZuOLUHV9ttH7Galw
GzGnFje8KHv2UcmVbbkKHc7RUkHLkaU+ij8oliEVVX1vSIfeqgD3PkJrszPBWfpFO4oxs+7z1w+peg==
Cxwy+fh2COvwoqcpJjCIO49d8kREad3BNHTEIZs7jcWdZlk5QbI2mQjleJyiQ58jgNL6yQCpdw==
ll5ZwVWG62sBiJVbBKF8evrAoBn2jzM/4JazGXkAHcm/smU4IR0iiWTBSwTja+IzireCFVUsDx/t9RxKWpuQjzSHUa1pNo2B7XJaYVw1zDR+I2NLVGJOEWypGw==
+edozO8e86MLRKMgpHNdGOAhp0FhtEEthJFmFjWV/5iLRUkCE5S3hYRlwqHt6EUzNJ/8B3RZA/TJU6s1WgacQ8bDwrcngb9uq23LEnyNei3aGAgTlUdCekgdaqkd
qGCo/OKybS02cW2z5yj9QMkSiGRQhmA3s5FmFjWV/5iLRUkCE5S3hYRlwqHt6EUzNJ/8B3RZA/TJU6s1WgacQ8bDwrcngb9uq23LEnyNei3aGAgTlUdCekgdaqkd
IZXZ8wRlP2xeHYE9Lo0pXCy9lQathGIWMZ3jiGd9LSL3zJt1uC0GYamguYNYR1hn0KGvZFXbL7XejgDTartmV4PZU97XpQ9SOEVGXfbAbDNxfy5qVBVuqRk=
pMqi4HIkv/p+mb4c03iRDjHe5PvT8cM9bd3TNrhiRmGEUl4WDWXH+KO1gUJbRB/lHPVaIXV43ZNcTzRHPGnr1LFjUzUiNmRjrvMKd2/RV84z/VOS5B3izXJIwNPdN2qacG1SqSU=
bZ9oZiZkdaY/HRab1EQrG5yzTw1KpHa8NZdfPKyFLM6+mdZMJwQ87vO+ipIeRCnpyy1xpKqO52G5Gx9lQwDo1E201QNUR4eDlRVfhuss4ibjROLV79HZb17P66Q9YYZ1Y1WpJA==
F1gjSisBxqbNf0hEfIW/0pGTh++VDSi/sMAj8jWL5MeZTjpAn2hSFgF908jXnZ2iZyxLNejNFmG5gGnDCOfI56ABXyQl+9+1rq7wExobltcTeYMeh4UfUigllp2moPyzwR+eqmR1Xqkp
wKIL3tvUPEgjabW6XWLhWwl+bz9ce25+TeGGoEQFOva3uedQLrXOPFEuKcXx5ApvievfN0sw48mJ2Sxxv2yiBHlox34q4LceQktzU0H5OmU7anFTblMXb6ka
