V5na1G6sOEzk9Yr3IMQ1vmLNyvtPWbqywF92CWuKiv1VyjIoMoTxGFyNhJJo/WO99dc4sYqNDuQhg7l8TUeQ37/32LJUk4VqLY8GW6AFZrMP
pdm484ZMURevSLT4HpHBR/lwwgb8JdZY4irifMFq1PMIPn9Y03kB8ZihUpYeo5RTaaQ7EjFkC0FJCdIpfj4XnI/QUFtu/y4sdWZS3nSMpkWAz3k3oYSSxMIWqv3Oy++U8NXa6Sr0i1cdO1FX2OcYO3mVTPsBcOe/CR0yfj4jZKlpko8Ur7M6R8jyIVGpmyhkZR2sIZxptBi/0oNGTYZObZggPijrsUnw+/vsBNWbNUzRL+ufi1/EQlgLscp590oLHC3ys5s=
d6OIM/b/yQaWk+EMwl+Ntvlwwgb8JdZY4irifMFq1PMIPn9Y03kB8ZihUpYeo5RTaaQ7EjFkC0FJCdIpfj4XnI/QUFtu/y4sdWZS3nSMpkWAz3k3oYSSxMIWqv3Oy++U8NXa6Sr0i1cdO1FX2OcYO3mVTPsBcOe/CR0yfj4jZKlpko8Ur7M6R8jyIVGpmyhkZR2sIZxptBi/0oNGTYZObZggPijrsUnw+/vsBNWbNUzRL+qfi1/EQlgLscp590oLHC3ys5s=
GQ76+Koy0awiKEpvikHR9d/4242Yog+Y1FQMv6lj2N23iAxpRuYQl1yK3XQIqlWWztwBnW77KQzi1uHbH5cnd7Mc
NZeqnB+K8NFbMQARHqhT2aVENX3GQF3nimA03iFXKmxsoF0IUCHbmDTAinBGJDHgLI3pYSHDzpZkIRwcHUUXKyVTZlB8FFxeliLjrkJ+7KpSazBSZEp5dGmPSXoQCCHdKgHOxF3LXewJP7seU0+conBbOQpxh+LrJF1KsyM=
eGYSnt3iovqX2yY+g/LiFjT2+FW7pmre2fVRTaACL1wk9Ctny7Qv0x1+daM6uqb3TzqHC7Tz4tEMs2U=
RY9bRatBr8EmDUFa4NMCWIYgOMJxdxrhIlhu8h+NTGC5inBoGUCuRpUT5kmVqlKcJYXH9csBs2Y=
GQ76+Koy0awiKEpvikHR9d/4242Yog+Y1FQMv6lj2N23iAxpRuYQl1yK3XQIqlWWztwBnW77KQzi1uHbH5cnd7Mc
GQ76+Koy0awiKEpvikHR9d/4242Yog+Y1FQMv6lj2N23iAxpRuYQl1yK3XQIqlWWztwBnW77KQzi1uHbH5cnd7Mc
GQ76+Koy0awiKEpvikHR9d/4242Yog+Y1FQMv6lj2N23iAxpRuYQl1yK3XQIqlWWztwBnW77KQzi1uHbH5cnd7Mc
rKDPL6P2kvfqz5wa9xIxdN/4242Yog+Y1FQMv6lj2N23iAxpRuYQl1yK3XQIqlWXztwBnW77KQzi1uHbH5cnd7Mc
EIVQBu3F0/IEFIxhKZpuXXM1mRjFp93noeDaZE02kZyGhEg/f/eJC6qevwaHPwDEy7LEWmB9AfUsh/dWcHt+oPQd7CSRlgCcge1uYp1vNt0tZjKYTVl3QRNtswI=
8hEBLWDqEDZ6T9u5AP6NCFqx+kifPJNZyHanPHTwpCs591BZNwyE/dZyuDP8LnWgWH4dU44YSUk+LwEowvLJzw+DL3OzGA==
0ugH6VoWeo2mDCSdXizGPlqx+kifPJNZyHKlMnTwpCs591BZNwyE/dZyuDP8LnWgWH4dU44YSUk+LwEowvLJzw+DL3OzGA==
iOxiTjaBqJdsDu9Ri2azcqMSfyABInpHMJIFRoi/yFgLM7N6a7PX/UapSgRVm7VMUS9ingtfRELYCzHK+ffKC5wtcrMb
cEI3t3pzoVJSBZVle1RY0w6ewy7QctQXm2e4PG6j4S089FFSWkiV6tFhsyP8LnWgWH4dU44YSUk+LwEowvLJzw+DL3OzGA==
1EKWGVVxt/M6TGxffQKaPgyewy7QctQXm2e4PG6j4S089FFSWkiV6tFhsyP8LnWgWH4dU44YSUk+LwEowvLJzw+DL3OzGA==
XJ4Rf09WzHsbE6YOSeRxSw2ewy7QctQXm2e4PG6j4S089FFSWkiV6tFhsyP8LnWgWH4dU44YSUk+LwEowvLJzw+DL3OzGA==
e1mPPNDGk67uXgUkNCI/NWYc2fUVShRmjMDwWOABk2W0Il6ZxctEBg2cmgJBnDkDH51stPEmwOyh/W5yvR/2bU32sgit6TexM32zEg==
E5+KfT622+Z3fS0RPQk9L6MTfyABInpHMJIFRoi/yFgLM7N6a7PX/UapSgRVm7VMUS9ingtfRELYCzHK+ffKC5wtcrMb
3qHoqoQxP8g2dJsOEmCYES1IcNBwqTPN5OoeUZXjZC4dlJoKUbQZK09VLHyhjmBEMXXu+i23VsUdPvLA/cEXmSN1sxo=
266mr0NsTaHOTixD6ORmcBE8X7bdgKOGIK9KZleW2gtyENF3cTqp9w21fJ0Y1Advz6QLC0C+KXteKiJ/I9rrw/ADhilwsxk=
EDxawAOXnDR/6hRwsqR82BI8X7bdgKOGIK9KZleW2gtyENF3cTqp9w21fJ0Y1Advz6QLC0C+KXteKiJ/I9rrw/ADhilwsxk=
iOxiTjaBqJdsDu9Ri2azcqMSfyABInpHMJIFRoi/yFgLM7N6a7PX/UapSgRVm7VMUS9ingtfRELYCzHK+ffKC5wtcrMb
cEI3t3pzoVJSBZVle1RY0w6ewy7QctQXm2e4PG6j4S089FFSWkiV6tFhsyP8LnWgWH4dU44YSUk+LwEowvLJzw+DL3OzGA==
1EKWGVVxt/M6TGxffQKaPgyewy7QctQXm2e4PG6j4S089FFSWkiV6tFhsyP8LnWgWH4dU44YSUk+LwEowvLJzw+DL3OzGA==
XJ4Rf09WzHsbE6YOSeRxSw2ewy7QctQXm2e4PG6j4S089FFSWkiV6tFhsyP8LnWgWH4dU44YSUk+LwEowvLJzw+DL3OzGA==
e1mPPNDGk67uXgUkNCI/NWYc2fUVShRmjMDwWOABk2W0Il6ZxctEBg2cmgJBnDkDH51stPEmwOyh/W5yvR/2bU32sgit6TexM32zEg==
E5+KfT622+Z3fS0RPQk9L6MTfyABInpHMJIFRoi/yFgLM7N6a7PX/UapSgRVm7VMUS9ingtfRELYCzHK+ffKC5wtcrMb
3qHoqoQxP8g2dJsOEmCYES1IcNBwqTPN5OoeUZXjZC4dlJoKUbQZK09VLHyhjmBEMXXu+i23VsUdPvLA/cEXmSN1sxo=
266mr0NsTaHOTixD6ORmcBE8X7bdgKOGIK9KZleW2gtyENF3cTqp9w21fJ0Y1Advz6QLC0C+KXteKiJ/I9rrw/ADhilwsxk=
EDxawAOXnDR/6hRwsqR82BI8X7bdgKOGIK9KZleW2gtyENF3cTqp9w21fJ0Y1Advz6QLC0C+KXteKiJ/I9rrw/ADhilwsxk=
iOxiTjaBqJdsDu9Ri2azcqMSfyABInpHMJIFRoi/yFgLM7N6a7PX/UapSgRVm7VMUS9ingtfRELYCzHK+ffKC5wtcrMb
cEI3t3pzoVJSBZVle1RY0w6ewy7QctQXm2e4PG6j4S089FFSWkiV6tFhsyP8LnWgWH4dU44YSUk+LwEowvLJzw+DL3OzGA==
1EKWGVVxt/M6TGxffQKaPgyewy7QctQXm2e4PG6j4S089FFSWkiV6tFhsyP8LnWgWH4dU44YSUk+LwEowvLJzw+DL3OzGA==
XJ4Rf09WzHsbE6YOSeRxSw2ewy7QctQXm2e4PG6j4S089FFSWkiV6tFhsyP8LnWgWH4dU44YSUk+LwEowvLJzw+DL3OzGA==
e1mPPNDGk67uXgUkNCI/NWYc2fUVShRmjMDwWOABk2W0Il6ZxctEBg2cmgJBnDkDH51stPEmwOyh/W5yvR/2bU32sgit6TexM32zEg==
E5+KfT622+Z3fS0RPQk9L6MTfyABInpHMJIFRoi/yFgLM7N6a7PX/UapSgRVm7VMUS9ingtfRELYCzHK+ffKC5wtcrMb
3qHoqoQxP8g2dJsOEmCYES1IcNBwqTPN5OoeUZXjZC4dlJoKUbQZK09VLHyhjmBEMXXu+i23VsUdPvLA/cEXmSN1sxo=
266mr0NsTaHOTixD6ORmcBE8X7bdgKOGIK9KZleW2gtyENF3cTqp9w21fJ0Y1Advz6QLC0C+KXteKiJ/I9rrw/ADhilwsxk=
EDxawAOXnDR/6hRwsqR82BI8X7bdgKOGIK9KZleW2gtyENF3cTqp9w21fJ0Y1Advz6QLC0C+KXteKiJ/I9rrw/ADhilwsxk=
0ugH6VoWeo2mDCSdXizGPlqx+kifPJNZyHKlMnTwpCs591BZNwyE/dZyuDP8LnWgWH4dU44YSUk+LwEowvLJzw+DL3OzGA==
8hEBLWDqEDZ6T9u5AP6NCFqx+kifPJNZyHanPHTwpCs591BZNwyE/dZyuDP8LnWgWH4dU44YSUk+LwEowvLJzw+DL3OzGA==
0ugH6VoWeo2mDCSdXizGPlqx+kifPJNZyHKlMnTwpCs591BZNwyE/dZyuDP8LnWgWH4dU44YSUk+LwEowvLJzw+DL3OzGA==
iOxiTjaBqJdsDu9Ri2azcqMSfyABInpHMJIFRoi/yFgLM7N6a7PX/UapSgRVm7VMUS9ingtfRELYCzHK+ffKC5wtcrMb
cEI3t3pzoVJSBZVle1RY0w6ewy7QctQXm2e4PG6j4S089FFSWkiV6tFhsyP8LnWgWH4dU44YSUk+LwEowvLJzw+DL3OzGA==
fWu0RnTWwLDcTS4yMBiBgQyewy7QctQXm2e4PG6j4S089FFSWkiV6tFhsyP8LnWgWH4dUI4YSUk+LwEowvLJzw+DL3OzGA==
c1325mVPSzeIoMvPL4zycQ2ewy7QctQXm2e4PG6j4S089FFSWkiV6tFhsyP8LnWgWH4dUI4YSUk+LwEowvLJzw+DL3OzGA==
Q9TuWQs3yOzg8/dRXHJ7Y2Yc2fUVShRmjMDwWOABk2W0Il6ZxctEBg2cmgJBnDkDH51stPEmwOyh/m5yvR/2bU32sgit6TexM32zEg==
Md70yXOHbzUMRoPHzkDKfqMTfyABInpHMJIFRoi/yFgLM7N6a7PX/UapSgRVm7VMUS9hngtfRELYCzHK+ffKC5wtcrMb
8yRyPUxs5l7FkM+adxukbS1IcNBwqTPN5OoeUZXjZC4dlJoKUbQZK09VLHyhjmBEMXbu+i23VsUdPvLA/cEXmSN1sxo=
JTr6cCgk5lCD6L2dxH+neBE8X7bdgKOGIK9KZleW2gtyENF3cTqp9w21fJ0Y1Advz6QLC0O+KXteKiJ/I9rrw/ADhilwsxk=
UfSb/ofNM9Ze5Kt4dzfApRI8X7bdgKOGIK9KZleW2gtyENF3cTqp9w21fJ0Y1Advz6QLC0O+KXteKiJ/I9rrw/ADhilwsxk=
K0bvFCIUQcVHOyCJmIlyX1qx+kifPJNZyHanPHTwpCs591BZNwyE/dZyuDP8LnWgWH4dUI4YSUk+LwEowvLJzw+DL3OzGA==
LM7CasB+xt0We+Ao2OX4aVqx+kifPJNZyHKlMnTwpCs591BZNwyE/dZyuDP8LnWgWH4dUI4YSUk+LwEowvLJzw+DL3OzGA==
qnBHxpc8FBvOdLAG+PBJ67Lacwjs7Xsbih2IHfPTKxazVjURC+6A07g+CxFITs772hOhi9cSceNSg1MdMfDk1LGHgHMWaVTNVM7yDPxOtUDY3t0wjvgJ6b5PQcjC0glvj2NvU7M4
MVmjLvK6sMQK1o3td9NNHHWAsKSysZR8NMTEPZ51T3CtRQMYKDafyK2+lAEKRB/lQORXOxA2yZxzH3drGDrx1bhiUjYKcjB4qeglBHXbVcwx70Ge6x/kwnhL0crZN2qLfG1Sszs=
26B12Pw64TzgbCGbcUW2iOVEncJnCC9CyG57eXIZT4cPYT+ztSsPCm9CCxAFJinP9bD30ZblbFn/GcOKqYEzW619Q7/j6qm1kHJaNgJiGJhxuF1ErSvtrFlfyR5jb0xigPuJiuHnsqsUfVqzMw==
5GER9iJZplUQ+2MX9nnx5uVEncJnCC4ZnXRscmgIYoc5dBDxtScWYyBzWBYSJneU5fW9j5Dlal/fBd6tvJU7Wq1+Q7/j6qm1kHJaNgJiGJhxuF1ErSvtrFlfyR5jb0xigPuJiuHnsqsUfVqzMw==
nCoCSSNmo+23ODQiwPB2GuVEncJnCC4ZnXRscmgIYoc5dBDxtScWYyATJy41JinP9bH30ZblbFn/GcOKqZswfOomW8ji6qm1kHJaNgJiGJhxuF1ErSvtrFlfyR5jb0xigPuJiuHnsqsUfVqzMw==
FA6JpllNQ66c+MOAn1g5vl9Cv01iAHiF0ia31j4ss6NK3yNSugj3/cB+PG5qha//16L00U1MICU6rTcjS4fGTibT4tXxuZSMkX+QexZhRDV0loJEPIYFGLhmTbgOcJlRXpfxgIIa+bevG39bszA=
TlCZBgOePA1jn4IZ2JSLmuLzo8be2KvXTirJhc3cz0Xz0gJ/a2MRgs+O6gcrcV8ZaKfd3tS7gsdbhetlYuBOiV4DAQvA8sm1XL3WIwB7vGxecmzUMcZATGHeblJ9v3aNjZay6O2JtxFzXbMy
2mZRfIhNX2s1KDaziF79NrLacwjs7XpewEOOHfXVCwq0cgdCWOvwwoRqRF1ZUYrq0Q+2hssjQORApDUMQ/Pk1LGHgHMWaVTNVM7yDPxOtUDY3t0wjvgJ6b5PQcjC0glvj2NvU7M4
VbF1SxugQ9hXpnfkftKMPKMSfyABInpHMJIFRoi/yFgLM7N6a7PX/UapSgRVm7VMUS9hngtfRELYCzHK+ffKC5wtcrMb
lhhxb0B9gE3FhxicgjZ+Uw6ewy7QctQXm2e4PG6j4S089FFSWkiV6tFhsyP8LnWgWH4dUI4YSUk+LwEowvLJzw+DL3OzGA==
fWu0RnTWwLDcTS4yMBiBgQyewy7QctQXm2e4PG6j4S089FFSWkiV6tFhsyP8LnWgWH4dUI4YSUk+LwEowvLJzw+DL3OzGA==
c1325mVPSzeIoMvPL4zycQ2ewy7QctQXm2e4PG6j4S089FFSWkiV6tFhsyP8LnWgWH4dUI4YSUk+LwEowvLJzw+DL3OzGA==
Q9TuWQs3yOzg8/dRXHJ7Y2Yc2fUVShRmjMDwWOABk2W0Il6ZxctEBg2cmgJBnDkDH51stPEmwOyh/m5yvR/2bU32sgit6TexM32zEg==
Md70yXOHbzUMRoPHzkDKfqMTfyABInpHMJIFRoi/yFgLM7N6a7PX/UapSgRVm7VMUS9hngtfRELYCzHK+ffKC5wtcrMb
8yRyPUxs5l7FkM+adxukbS1IcNBwqTPN5OoeUZXjZC4dlJoKUbQZK09VLHyhjmBEMXbu+i23VsUdPvLA/cEXmSN1sxo=
JTr6cCgk5lCD6L2dxH+neBE8X7bdgKOGIK9KZleW2gtyENF3cTqp9w21fJ0Y1Advz6QLC0O+KXteKiJ/I9rrw/ADhilwsxk=
UfSb/ofNM9Ze5Kt4dzfApRI8X7bdgKOGIK9KZleW2gtyENF3cTqp9w21fJ0Y1Advz6QLC0O+KXteKiJ/I9rrw/ADhilwsxk=
K0bvFCIUQcVHOyCJmIlyX1qx+kifPJNZyHanPHTwpCs591BZNwyE/dZyuDP8LnWgWH4dUI4YSUk+LwEowvLJzw+DL3OzGA==
LM7CasB+xt0We+Ao2OX4aVqx+kifPJNZyHKlMnTwpCs591BZNwyE/dZyuDP8LnWgWH4dUI4YSUk+LwEowvLJzw+DL3OzGA==
K0bvFCIUQcVHOyCJmIlyX1qx+kifPJNZyHanPHTwpCs591BZNwyE/dZyuDP8LnWgWH4dUI4YSUk+LwEowvLJzw+DL3OzGA==
Cy6HCn/fI3+JP6GDh736vZdW/wLJQ/Agt/t9Y47JX////zl11i4dZHk0Y7djFLdDh/7tM6JazicH+s/73BOaIXSzHQ==
0dLAB7TilEgk8dMdfNPITJwFinpShUtEvq4hDSOE/4nRUkElUpK3nMVBh6C58gJnOILtBiBPQPjTQ6t6c0OPXc7Z4sQ9i71sqX/ZHnOPfCLQGxkKkUdCa0QdarMD
cYVWW6xdRj2iztU2Fc4lT+t/NMAPI4yNkm2Qz+2dheJm+TW80JiFfIRwC7/5FPipOCEFGhdAOx8d3//I3qXIohCVfCbhQpjYEvCEiMLf2Jibk0N6GxNUslJTmoTle4UM4c8xntv/NAIoK0FKKdfaywxNQrMr
i1ZKxT3HC+7RWvgPJZzZM5AnVndW43+fYmhmUrrMWyCS/R/6k3pFUlrSoZzJwlJmeDlDDaFF7kxfkAu1+Hq/8BR8fGcJGwj1t6DcEeY+YL+c4m2saJKF/E40UaWOo5nkov4Rg79vd1+zNA==
QgwPbpgYkz18sWxNnPinJDfV4vL36NM2V8nVOpp5U2epHx8aHX/Ntemwg0BOVRSlRuRRb28l1JRBTSVcOzqu3ahyWBdPYmB6teI6BHXbVcwx70Ge6x/kwnhL0crZN2qLfG1Sszs=
5ziNUoo+S6Gwoyvrk4CIMfaEJ1eNrSoBhh6IHc/VDwesVF1eWt65kPkuSkoYFZvhkQm2gJ9cU/lIlmdcdNDki7mXkHk3LESdVtL4E/xOtUDY3t0wjvgJ6b5PQcjC0glvj2NvU7M4
EkYOVJ1YM728F2fZ05/+qhd+YCxRRiViWuLBrAkSMvb4qeNdYbXOPF9gK8W4qh9glOycN0kr6MW3kDwhpm6ALxxyzXwo4qUMTkRxVU7zOXQibnFTf18Xb7ME
O7xueF9bCP3KJG6fvFbdNCppy9cvmVEZQ08tZlrmybgZBhoS2M3LiTHhBvgfpOOR6H63BDQINKPZv2BBNxS0tTb6KMu8FmWoeLZtyA6AuQEeJxEQAopZR29LH2uzAA==
YNR1UyjesXaHZePVK5WUNwNa5PIeq3ADdE8tZlrmybgZBhoS2M3LiTHhBvgfpOOR6H63BDQINKPZv2BBNxS0tTb6KMu8FmWoeLZtyA6AuQEeJxEQAopZR29LH2uzAA==
x1EJZ8zTwM/twVpKGJpIiflwwgb8JdZY4irifMFq1PMIPn9Y03kB8ZihUpYeo5RTaaQ7EjFkC0FJCdIpfj4XnI/QUFtu/y4sdWZS3nSMpkWAz3k3oYSSxMIWqv3Oy++U8NXa6Sr0i1cdO1FX2OcYO3mVTPsBcOe/CR0yfj4jZKlpko8Ur7M6R8jyIVGpmyhkZR2sIZxptBi/0oNGTYZObZggPijrsUnw+/vsBNWbNUzRL+Cei1/EQlgLscp590oLHC3ys5s=
8ib0naWAAMTPNPvKQDyoOfblmiDl0ZcgtvSszAFeIJRRhO8KTGcWFb2OcnBdkdfJwwWzag==
FsyO/wgkqvDuhSfmq7bCdJTfG1vDkKMp2nM5o29GEk4cUo3cqALlLk9ksDXOU/lUIo4xs///1w+zZA==
q8NN2L8wDf7kZgMKy/epWRdotMJ1X6q9VMx6eCYgL40DeGXv4mA15Pb5aTtMC7NstXTbBzv037MNf2WCCvoWV/+6F6vkM7IxfLMV
Y33xMXY99/KM9FmbZglxsbyrto6NCeepie1zQ+IDSwQXkOHJ8G8tf2609qiczGnOm0PcMxiWnvDGrkEdLBAS/ZmgiSuPDgJ2XKodFIgKFXbPvMA97htpLOK2IXufd2dXszw=
b7mTumBEp3ufnC6YelYQgzwC+B9D2bebqLKX9ELGtrRlU/SinhtZyp0V58y+4MwQWfqwGPkwrzZ0YyY5ddrS7MX1B4UrcbMW
wX66sW1tuUfLRdKHV7Mqbq6N61W3y2dj/M7hSmkCRMiqsGNhMB95nGfKDx70bKtg076fSxIgBQTm+XlbfMvDzAX0S6drNI+T/H9VYlo6xjdvOmdLVHNCEWyzBQ==
m9DYS1+CKW6S9kj2Zs1zRwH7NuNIa3bo72tQyJewPLmjb24jgWi/ZLHjSTydZ6bbzx+PcuQzFerd79YbkCV2sx8=
byXSHSDV/ijbUvstN6iL8GERyK8pBh57g5X8TYYBzG24LRCaic9EFgaX2U4VqXdYRoxstPEmwOyh/WtytRj2bU32sgit6TexM32zEg==
99uTkjVagKZBKXW9MwyCPAH4NuNIa3bo72tQyJewPLmjb24jgWi/ZLHjSTydZ6bbzx+PcuQzFerd79YbkCV2sx8=
IiUfnfldGG1fuOl6Q2f5JVMXZoCZmqP1IPBCaljY2Ud2EMF8ennlozj7J8QJ1Advz6QLC0C7KXNZKiJ/I9rrw/ADhilwsxk=
j55tQBOXTOG2GTkOrGBBJwH5NuNIa3bo72tQyJewPLmjb24jgWi/ZLHjSTydZ6bbzx+PcuQzFerd79YbkCV2sx8=
q8+a2XNHVpx2rjuO5x8WLFw11JRjJgfvUkWkqoj10vhAblLIs6MUOPMosDkv94pTRSBjRI3rTSz5n+obg6cr4mC76YoBpxIrtD16sxM=
rSadVgvSXo5NvlhsH+NXtwnyNuNIa3bo72tQyJewPLmjb24jgWi/ZLHjSTydZ6bbzx+PcuQzFerd79YbkCV2sx8=
bBhGEo8M8VDcEenOaUB9ovc3NjsUTHoYOJ4KCIvzzFgbOLg5J+fisx3wWwRVm7VMUS9imwtXQ0LYCzHK+ffKC5wtcrMb
dCj0Zmt8U1E29KbLQNgwaAjzNuNIa3bo72tQyJewPLmjb24jgWi/ZLHjSTydZ6bbzx+PcuQzFerd79YbkCV2sx8=
08peIYAx/nrt+43mn51Cz1J267bDHvJh2DeOSOw2tqgXG7ioj6A0uat/dsPpmMek6TPhnCXXLltHb3cSDGPNquXf/juINX6zFw==
7yWEknoF9TlgESJw6Xo86I/gYFR+x8/0bRAWga/3ZCqwgUosJET4WPExnYj7U3wY61ioOTcHknOtUKuExTvljAEPUpv7N5OCiOuhSkmXOkusDWKzCw==
1QLzrQSNHBauFEbZl2kBI0/C6sdMMmnCxnJa49NWMABQFm3FxtSwJhG71JqOE1nSrT2HNO4oDEipkhCgabkrrs3MxkGlkpI0tR0nvTt5sw4=
OrVvqefplje/JWy4H1VjPfbI+BQZL53dlWI5n9+yhHn7QJPmj5FaRFE4rZ/KQC0U7vlxS1Qrm5z9tBNX01RnI3T73Rv1mr6Ht3pfmwxTqgFksw0=
0BR4m8E2JCCrAqNLYmgNZozjYFR+zs/0bRAWga/3ZCqwgUosJET4WPExnYj7U3wY61ioOTcHknOtUKuExTvljAEPUpv7N5OCiOuhSkmXOkusDWKzCw==
1QLzrQSNHBauFEbZl2kBI0/C6sdMMmnCxnJa49NWMABQFm3FxtSwJhG71JqOE1nSrT2HNO4oDEipkhCgabkrrs3MxkGlkpI0tR0nvTt5sw4=
NC5Xi2qjuXuhnfvPavkQyvbL+BQZL53dlWI5n9+yhHn7QJPmj5FaRFE4rZ/KQC0U7vlxS1Qrm5z9tBNX01RnI3T73Rv1mr6Ht3pfmwxTqgFksw0=
nkGPJlS/IPm759sW+exQRa+2mTIUi7CgVklJ5q2fZuV/HXzVFsusrAdy0MK5FyQONo/ZViWxF4B21KzsQf6gdBFl6+oFgJa1/a5yUJ0xV6kDZbMK
1QLzrQSNHBauFEbZl2kBI0/C6sdMMmnCxnJa49NWMABQFm3FxtSwJhG71JqOE1nSrT2HNO4oDEipkhCgabkrrs3MxkGlkpI0tR0nvTt5sw4=
ytgeExMp0zPMTN/Ab1LoAPbK+BQZL53dlWI5n9+yhHn7QJPmj5FaRFE4rZ/KQC0U7vlxS1Qrm5z9tBNX01RnI3T73Rv1mr6Ht3pfmwxTqgFksw0=
Qp1KYXg/hv33dvlG+A2P3mNapxwXybyJ7q+coA+G8P5hU/SinhtZyp0V58y+4MwQWfqwGPkxqzZ9ZCY5ddrS7MX1B4UrcbMW
VoRd9fvs0ATVYmcsQcv41VL3zUVzDsa5tngWH90WS7KcprVkwib+YEY+4e1sQPLNmZBpe8/+oubcOn2kSFo1h8vM6equq4m8YiaBC1+nB2ezDA==
ck28RbO2+2teBYOuuLEmRi9vywPLuM616vnQY0U7n5OJkls/Ou3VEL+Y/EiJJhqQmvrWQG1/BOYmh9leNVk36KYc7CSRlgCcge1rYpVoNt0tZjKYTVl3QRNtswI=
ChFuNjmNtnl2+xPPIEHybp5P2HQEzC9R8OxoSHnW952FRE8PE5Lyjslwwb2opkw0fcylDmkHRPjDSKA5Pxe6E5WA88Q9i71sqX/aG3OHeyLQGxkKkUdCa0QdarMD
4cR+LlSNav8XoNRXfgHOk5G104eFoxWKgAQFvaxw0t2ZgElLD65CllyK3XQIqlWXy9wJmm77KQzi1uHbH5cnd7Mc
/iSkZJMw60ybhj1j/OmQ65q21ZGG9hKdgAQFvaxw0t2ZgElLD65CllyK3XQIqlWTytwJmm77KQzi1uHbH5cnd7Mc
aGIMiOhsPNv8iu/+1H1nlwH7NuNIa3bo72tQyJewPLmjb24jgWi/ZLHjSTydZ6bZzx+PcuQzFerd79YbkCV2sx8=
iEA5+3R3vtkG44g5MayDu1qx+kifPJNZyHKlMnTwpCs591BZNwyE/dZyuDP8LnWgWH4dVYgYQU4+LwEowvLJzw+DL3OzGA==
qa4QmqcYIRsh1vLdLwK8J19Cv01iAHiF0ia31j4ss6NK3yNSugj3/cB+PG5qha//16L00U1MICU6rTcjS4fGTibT4tXxuZSMkX+QexZhRDV0loJEPIYFGLhmTb0IcJFWXpfxgIIa+bevG39bszA=
IPk1RFxECMV8EqNmt78ReOLzo8be2KvXTirJhc3cz0Xz0gJ/a2MRgs+O6gcrcV8ZaKfd3tS7gsdbhetlYuBOiV4DAQvA8sm1XL3WIwB7vGxecmzUMcZATGHbaFJ1uHaNjZay6O2JtxFzXbMy
4W3XmWMJP+hgn/vSWoh6+OVEncJnCC4ZnXRscmgIYoc5dBDxtScWYyBzWBYSJneU5fW9j5Dlal/fBd6tvJU7Wq1+Q7/j6qm1kHJaNgJiGJhxuF1ErSvtrFlfzBhjZ0tigPuJiuHnsqsUfVqzMw==
NeK68B779tCr2SDdw6+Y8uVEncJnCC4ZnXRscmgIYoc5dBDxtScWYyATJy41JinP9bH30ZblbFn/GcOKqZswfOomW8ji6qm1kHJaNgJiGJhxuF1ErSvtrFlfzBhjZ0tigPuJiuHnsqsUfVqzMw==
0T1wBFlkp6P36TkzxiWcKeVEncJnCC9CyG57eXIZT4cPYT+ztSsPCm9CCxAFJinP9bD30ZblbFn/GcOKqYEzW619Q7/j6qm1kHJaNgJiGJhxuF1ErSvtrFlfzBhjZ0tigPuJiuHnsqsUfVqzMw==
w8u0hJCGPg4ljwubxUAzVbLacwjs7XpewEOOHfXVCwq0cgdCWOvwwoRqRF1ZUYrq0Q+2hssjQORApDUMQ/Pk1LGHgHMWaVTNVM7yDPxOtUDY3t01iPgB7r5PQcjC0glvj2NvU7M4
Kw3m0iGk7poBBUoWz9J44XWAsKSysZR8NMTEPZ51T3CtRQMYKDafyK2+lAEKRB/lQORXOxA2yZxzH3drGDrx1bhiUjYKcjB4qeglBHXbVcwx70SY6xfjwnhL0crZN2qLfG1Sszs=
Sc490yNKB5npN04cIoxjs7Lacwjs7Xsbih2IHfPTKxazVjURC+6A07g+CxFITs772hOhi9cSceNSg1MdMfDk1LGHgHMWaVTNVM7yDPxOtUDY3t01iPgB7r5PQcjC0glvj2NvU7M4
eVhaMJ6wd0N+GP+GVe7CoKMSfyABInpHMJIFRoi/yFgLM7N6a7PX/UapSgRVm7VMUS9kmAtXQ0LYCzHK+ffKC5wtcrMb
uKs55Cg38Qhx9HWCvLso6w6ewy7QctQXm2e4PG6j4S089FFSWkiV6tFhsyP8LnWgWH4dVYgYQU4+LwEowvLJzw+DL3OzGA==
J0cIE3TiAeKFcBBpUagpbAyewy7QctQXm2e4PG6j4S089FFSWkiV6tFhsyP8LnWgWH4dVYgYQU4+LwEowvLJzw+DL3OzGA==
2Rnr8WU9D6Cyz4VWBlbDVQ2ewy7QctQXm2e4PG6j4S089FFSWkiV6tFhsyP8LnWgWH4dVYgYQU4+LwEowvLJzw+DL3OzGA==
pzSOcT2LxvCdWGPFFafrfGYc2fUVShRmjMDwWOABk2W0Il6ZxctEBg2cmgJBnDkDH51stPEmwOyh+2hytRj2bU32sgit6TexM32zEg==
Hr1aAESHoFlORc7YnWUJWqMTfyABInpHMJIFRoi/yFgLM7N6a7PX/UapSgRVm7VMUS9kmAtXQ0LYCzHK+ffKC5wtcrMb
iUpfOD8HeSpUFw6EuBAOmS1IcNBwqTPN5OoeUZXjZC4dlJoKUbQZK09VLHyhjmBEMXPo+iWwVsUdPvLA/cEXmSN1sxo=
Dg/eNDHVAvIJRWa9y9tVDBE8X7bdgKOGIK9KZleW2gtyENF3cTqp9w21fJ0Y1Advz6QLC0a4KXNZKiJ/I9rrw/ADhilwsxk=
bfOZHPwmCK8DpaL2tSnxeBI8X7bdgKOGIK9KZleW2gtyENF3cTqp9w21fJ0Y1Advz6QLC0a4KXNZKiJ/I9rrw/ADhilwsxk=
ry+Fqq8vd2/U118ErwmW2Fqx+kifPJNZyHanPHTwpCs591BZNwyE/dZyuDP8LnWgWH4dVYgYQU4+LwEowvLJzw+DL3OzGA==
iEA5+3R3vtkG44g5MayDu1qx+kifPJNZyHKlMnTwpCs591BZNwyE/dZyuDP8LnWgWH4dVYgYQU4+LwEowvLJzw+DL3OzGA==
w8u0hJCGPg4ljwubxUAzVbLacwjs7XpewEOOHfXVCwq0cgdCWOvwwoRqRF1ZUYrq0Q+2hssjQORApDUMQ/Pk1LGHgHMWaVTNVM7yDPxOtUDY3t01iPgB7r5PQcjC0glvj2NvU7M4
Kw3m0iGk7poBBUoWz9J44XWAsKSysZR8NMTEPZ51T3CtRQMYKDafyK2+lAEKRB/lQORXOxA2yZxzH3drGDrx1bhiUjYKcjB4qeglBHXbVcwx70SY6xfjwnhL0crZN2qLfG1Sszs=
IPk1RFxECMV8EqNmt78ReOLzo8be2KvXTirJhc3cz0Xz0gJ/a2MRgs+O6gcrcV8ZaKfd3tS7gsdbhetlYuBOiV4DAQvA8sm1XL3WIwB7vGxecmzUMcZATGHbaFJ1uHaNjZay6O2JtxFzXbMy
Sc490yNKB5npN04cIoxjs7Lacwjs7Xsbih2IHfPTKxazVjURC+6A07g+CxFITs772hOhi9cSceNSg1MdMfDk1LGHgHMWaVTNVM7yDPxOtUDY3t01iPgB7r5PQcjC0glvj2NvU7M4
qa4QmqcYIRsh1vLdLwK8J19Cv01iAHiF0ia31j4ss6NK3yNSugj3/cB+PG5qha//16L00U1MICU6rTcjS4fGTibT4tXxuZSMkX+QexZhRDV0loJEPIYFGLhmTb0IcJFWXpfxgIIa+bevG39bszA=
4W3XmWMJP+hgn/vSWoh6+OVEncJnCC4ZnXRscmgIYoc5dBDxtScWYyBzWBYSJneU5fW9j5Dlal/fBd6tvJU7Wq1+Q7/j6qm1kHJaNgJiGJhxuF1ErSvtrFlfzBhjZ0tigPuJiuHnsqsUfVqzMw==
NeK68B779tCr2SDdw6+Y8uVEncJnCC4ZnXRscmgIYoc5dBDxtScWYyATJy41JinP9bH30ZblbFn/GcOKqZswfOomW8ji6qm1kHJaNgJiGJhxuF1ErSvtrFlfzBhjZ0tigPuJiuHnsqsUfVqzMw==
0T1wBFlkp6P36TkzxiWcKeVEncJnCC9CyG57eXIZT4cPYT+ztSsPCm9CCxAFJinP9bD30ZblbFn/GcOKqYEzW619Q7/j6qm1kHJaNgJiGJhxuF1ErSvtrFlfzBhjZ0tigPuJiuHnsqsUfVqzMw==
eVhaMJ6wd0N+GP+GVe7CoKMSfyABInpHMJIFRoi/yFgLM7N6a7PX/UapSgRVm7VMUS9kmAtXQ0LYCzHK+ffKC5wtcrMb
uKs55Cg38Qhx9HWCvLso6w6ewy7QctQXm2e4PG6j4S089FFSWkiV6tFhsyP8LnWgWH4dVYgYQU4+LwEowvLJzw+DL3OzGA==
J0cIE3TiAeKFcBBpUagpbAyewy7QctQXm2e4PG6j4S089FFSWkiV6tFhsyP8LnWgWH4dVYgYQU4+LwEowvLJzw+DL3OzGA==
2Rnr8WU9D6Cyz4VWBlbDVQ2ewy7QctQXm2e4PG6j4S089FFSWkiV6tFhsyP8LnWgWH4dVYgYQU4+LwEowvLJzw+DL3OzGA==
pzSOcT2LxvCdWGPFFafrfGYc2fUVShRmjMDwWOABk2W0Il6ZxctEBg2cmgJBnDkDH51stPEmwOyh+2hytRj2bU32sgit6TexM32zEg==
Hr1aAESHoFlORc7YnWUJWqMTfyABInpHMJIFRoi/yFgLM7N6a7PX/UapSgRVm7VMUS9kmAtXQ0LYCzHK+ffKC5wtcrMb
iUpfOD8HeSpUFw6EuBAOmS1IcNBwqTPN5OoeUZXjZC4dlJoKUbQZK09VLHyhjmBEMXPo+iWwVsUdPvLA/cEXmSN1sxo=
Dg/eNDHVAvIJRWa9y9tVDBE8X7bdgKOGIK9KZleW2gtyENF3cTqp9w21fJ0Y1Advz6QLC0a4KXNZKiJ/I9rrw/ADhilwsxk=
bfOZHPwmCK8DpaL2tSnxeBI8X7bdgKOGIK9KZleW2gtyENF3cTqp9w21fJ0Y1Advz6QLC0a4KXNZKiJ/I9rrw/ADhilwsxk=
ry+Fqq8vd2/U118ErwmW2Fqx+kifPJNZyHanPHTwpCs591BZNwyE/dZyuDP8LnWgWH4dVYgYQU4+LwEowvLJzw+DL3OzGA==
iEA5+3R3vtkG44g5MayDu1qx+kifPJNZyHKlMnTwpCs591BZNwyE/dZyuDP8LnWgWH4dVYgYQU4+LwEowvLJzw+DL3OzGA==
ry+Fqq8vd2/U118ErwmW2Fqx+kifPJNZyHanPHTwpCs591BZNwyE/dZyuDP8LnWgWH4dVYgYQU4+LwEowvLJzw+DL3OzGA==
z1agDkkZAE1YpWqHI5o7MZwFinpShUtEvq4hDSOE/4nRUkElUpK3nMVBh6C58gJnOILtBiBPQPjTQ6t6c0OPXc7Z4sQ9i71sqX/TGHOHeyLQGxkKkUdCa0QdarMD
3OdBiKfjxQuo1cImHXUguOt/NMAPI4yNkm2Qz+2dheJm+TW80JiFfIRwC7/5FPipOCEFGhdAOx8d3//I3qXIohCVfCbhQpjYEvCEiMLf2Jibk0N6GxNUslJTmoTle4UM4c87mNv3MwIoK0FKKdfaywxNQrMr
GHtmR9xxQvfQYFFRN5BExs0oP9V+YRqsfWUnvF6QTGC5inBoGUeqRpwU5kmVqlKcJYXH9csBs2Y=
xPlz3FGS+dHpj/kmbzN4BM8tO9p/ZxqxfWUnvF6QTGC5inBoGUiqRpwU5kmVqlKcJYXH9csBs2Y=
MN+W8GQPeBTgYRr1iObjh13jcnW2nLIAYTuzwLZYWkX3yh/lqIxGoEIwK4XvWEknptCRnGp59cPou3ckmVS3Dz/kO+syuRlSqWqS31Nae2MgQ1YJYLMJ
lfNIoN5gCmrZ4GuilqhqVhXJBl8x/qAyYtaosoSpXJ3E192oBjQqc6Sm/byfYPEf/UuSjmzMQ7Cb/ld7egD9NJ75gWsE6yv8TTSD9wOUFwNt/s36xdpuZyf6rzt8k3phVLM9
Rj30k/9wJJ2dUrmdIzAgjQZ2+bTCDeZnylrBQ6F08e5dH7ioj6A0uat/dsPpmMek6TPhnCXXLFtHbXcSDGPNquXf/juINX6zFw==
US++Tvkqncv4pAjHNUY3sUWjbugJJCmupW9QyJewPLmjb24jgWi/ZLHjSTydZ6bZzx2PcuQzFerd79YbkCV2sx8=
G3EYW2iYB36luPCCnYXNEksqOG8fOyt5XP/aqk8CFuHwv+dUJqaLNxw7Ktm0qgNowLyVNUw44sWZmHkD7ybSLhxyzXwo4qUJSUR7Uk7zOXQibnFTf18Xb7ME
LRvDYzB5TnNFnHaGqP68I038c3WzyKgdYHOp6qtFWUjl0AikroFC5hN8OYLkDRkjptCRnGp59cPou3ckmVS3Dz/kO+s4uBlRqWqS31Nae2MgQ1YJYLMJ
Nofy4H5xMUShVTXtKvDmvN74GVYd/zLsVMAeYOjMaYPPhpcYZUNt96b/moAPUyOj3mhv7bDKoG6gCQViHUfk3la/2WZFYdfQ1iQsnOEu4CTxXe/a59DWZV3e8qA9YZd5Y1WzOg==
xuiegrFLGSNL/bCFg0z1KAsBZ8FwqiDO4OkFAt3nZD4Wn9lGBYFXcBZELHyhjmBEMXDu+iewVsUdPvLA/cEXmSN1sxo=
8waYjdFUBOrN8xcof/ksZkspOG8fOyt5XP/aqk8CFuHwv+dUJqaLNxw7Ktm0qgNowLyVNUw44sWZmHkD7ybSLhxyzXwo4qUJSkR6Uk7zOXQibnFTf18Xb7ME
QlN1NzqydhIHjpmDWudayzA1M1AI6d+nN3Qk0I2QMioMfZJ90XM0REjU3M/1QAlZ/LR6SRkU4Y9fSkqCfN4VEJgu/UeJCCKefp/hWEJCaT9PUw9jswg=
L8MCLsvzrBwqDFDwPZc/9t74GVYd/zLsVMAeYOjMaYPPhZcYZUNt96b/moAPUyOj3mhv7bDKoG6gCQViHUfk3la/2WZFYdfQ1iQsnOEu4CTxUuja5tDWZV3e8qA9YZd5Y1WzOg==
PNwPdDmNngmxs2cypgmASwsHZ8FwqiDO4OkFAt3nZD4Wn9lGBYFXcBZELHyhjmBEMXXo+iGwVsUdPvLA/cEXmSN1sxo=
vO93w1uZLBRSzedw2M3vPQsBZ8FwqiDO4OkFAt3nZD4Wn9lGBYFXcBZELHyhjmBEMXbo+iGwVsUdPvLA/cEXmSN1sxo=
FltJxfyCVYyDFrJfiomdeksoOG8fOyt5XP/aqk8CFuHwv+dUJqaLNxw7Ktm0qgNowLyVNUw44sWZmHkD7ybSLhxyzXwo4qUJSER9Uk7zOXQibnFTf18Xb7ME
WZse1y/EbWq56Vv4bTNZzDA0M1AI6d+nN3Qk0I2QMioMfZJ90XM0REjU3M/1QAlZ/LR6SRkU4Y9fSkqCfN4VEJgu/UGPCCWefp/hWEJCaT9PUw9jswg=
E7G/NTPuNVVi4xv/B+Ixvt74GVYd/zLsVMAeYOjMaYPPhJcYZUNt96b/moAPUyOj3mhv7bDKoG6gCQViHUfk3la/2WZFYdfQ1iQsnOEu4CTxV+7a4dDWZV3e8qA9YZd5Y1WzOg==
/4SVbYnjvyMfLsiMJBU+aQsBZ8FwqiDO4OkFAt3nZD4Wn9lGBYFXcBZELHyhjmBEMXzu+iGwVsUdPvLA/cEXmSN1sxo=
MhaB5ODEVc2l9PDVB38nDEMjOG8fOyt5XP/aqk8CFuHwv+dUJqaLNxw7Ktm0qgNowLyVNUw44sWZmHkD7ybSLhxyzXwo4qUJSkR8Uk7zOXQibnFTf18Xb7ME
/pZEfLEmBIZhy7YZKo1hIskWgGdFji9c6OEZSCKJ8tvLTkEVE4ynmNpwxKGo8gF0O4buHXMHRPjDSKA5Pxe6E5WA88Q9i71sqX/dGHOCeyLQGxkKkUdCa0QdarMD
lL1/icKA2qPKT9qmrknIlWWAr6mnr4xmMYKPZtkiBzXGCUhXWSeAqbrgwFJJVQjvVuAfPzximdRTViZdOzes2Lt4WDlHJ0Iz/bA7BHXbVcwx70qf6xLjwnhL0crZN2qLfG1Sszs=
qiondoiT3F88Aaa1l+1GhgsBZ8FwqiDO4OkFAt3nZD4Wn9lGBYFXcBZELHyhjmBEMXbu+iCwVsUdPvLA/cEXmSN1sxo=
Pg32Ql/pk186qVA6D+uWxr+a60Ko02Ztupy+GHULR+iquGYtIxpr3WTMClj2YP8tk/jVTxIgBQTm+XlbfMvDzAX0S6drNI+T+ntVbV06xjdvOmdLVHNCEWyzBQ==
2n8XhjJYGEy//JnoCx1Ek7/WiGtb2b/+WEYd4qaEdOc+G3HRUJrgvgB5hZK9FyQONo/ZViWxF4B21KzsQf6gdBFk6uoDgJa1/a5yUJ0xV6kDZbMK
Ue3sSXldZ1K2bqliv52R/Dk+M1AI6d+nN3Qk0I2QMioMfZJ90XM0REjU3M/1QAlZ/LR6SRkU4Y9fSkqCfN4VEJgu/UaKCCeefp/hWEJCaT9PUw9jswg=
YRpAA2JrJ7yNcjx5U+d9Ht74GVYd/zLsVMAeYOjMaYPGjpcYZUNt96b/moAPUyOj3mhv7bDKoG6gCQViHUfk3la/2WZFYdfQ1iQsnOEu4CTxV+na49DWZV3e8qA9YZd5Y1WzOg==
Rdec74YeNiH2jVygbekIkQsBZ8FwqiDO4OkFAt3nZD4Wn9lGBYFXcBZELHyhjmBEMXDo+iOwVsUdPvLA/cEXmSN1sxo=
2Yx0l2qBUmx5d0yOCqkdBFzjcnW2nLIAYTuzwLZYWkX3yh/lqIxGoEIwK4XvWEknptCRnGp59cPou3ckmVS3Dz/kO+syuhlUqWqS31Nae2MgQ1YJYLMJ
83WxDbQJkK/ffQWPLmEcJAZ2+bTCDeZnylrBQ6F08e5dH7ioj6A0uat/dsPpmMek6TPhnCXXKllHaHcSDGPNquXf/juINX6zFw==
fnLRT1AoxGL5RWX0TI9TYkWjbugJJCmupW9QyJewPLmjb24jgWi/ZLHjSTydZ67YzxiPcuQzFerd79YbkCV2sx8=
x9bSyGcPutUjMHyiiaBpCnXD/eBgeP3BXAwqoRn8sTf/0rrqvPYlCPjWrekPoPbmnofRcAKqGafv698Ls2A=
mU1fmHDmn9iGrDh3SRvDj5i2KR8wmZ32LQQE06vkeWulyEkhKkGnWus2msatCDsI/VmkejwHknOtUKuExTvljAEPW5/7MJOCiOuhSkmXOkusDWKzCw==
s3zgkKIwOUSFI5COlbj42EwYgnoBxzPzzZDKhKX7RQyhT3GYG39zAmirgUppV5rLzM0Cs2s=
CsYRhp/Yr+Bl2iiXxqgjI1mWwnxnkYtO5+uaNfX4twjmPewEUfaAPMEJb4LdyLa97UYyuA259+HTDbNi
L0c5ZGIBqe0V/0jtn6giAwH7NuNIa3bo72tQyJewPLmjb28jgWi+ZLHjSTydZ67fzxePcuQzFerd79YbkCV2sx8=
hjiEFu2UdSHvVPxfBHHR9M1G6wucBqo9s/RoO5qAXfT++WErpWtLPGw0Y7djFLdDgf7tM6VazicH+s/73BOaIXSzHQ==
6YyihqYvjVo+CZyIy913ORdotMJ1X6q9VMx6eCYgL40DeGXv4mA15Pb5aTtNC7NstHTbBzv037MIf2WCDfoWV/+6F6vkM7IxfLMV
GSn9tGThbJ5yXtzKCU8nYryrto6NCeepie1zQ+IDSwQXkOHJ8G8tf2609qiczGnOm0PcMxiWnvDGrkEdLBAS/ZmgiSqPDgJ3XKodFIgKFXPPvMA67htpLOK2IXufd2dXszw=
oHQPouYGWvK7XaX+LgQuiTwC+B9D2bebqLKX9ELGtrRlU/SinhtZyp0U58y+4cwQWfqwGPk1rzZ0ZCY5ddrS7MX1B4UrcbMW
mVhpxL8KlcASUgGz7CVXdq6N61W3y2dj/M7hSmkCRMiqsGNhMB95nGfKDx70bKtg076fSxIgBQTm+XlbfcvDzAT0S6drNI+T+n9VYl06xjdvOmdLVHNCEWyzBQ==
O00uu4YkUV+hGN79pAMa2wH7NuNIa3bo72tQyJewPLmjb28jgWi+ZLHjSTydZ67ezxaPcuQzFerd79YbkCV2sx8=
NHzml7OY4/ggL4B/cr8RXDyYk78yRu31gh01GkjJjuJghGZucInxJArPgIhn0Cy5s48f49HIDuQhg7l8TUee3r/237JUk4VqLY8GW6AFZrMP
ZE/ky9yAvukf6DLHCW+opA/vs2DeaoIXgiu7PGz1qSk85FpZGQTB3p866jP8LnWgWH4dW44YSE4+LwEowvLJzw+DL3OzGA==
iRU0x/L112sxmeKp7JWRU3QDx74eXBNcz4XyTa4Biim3IlzPjc9EFgaX2U4VqHdYRo1stPEmwOyh9W5yvBj2bU32sgit6TexM32zEg==
6W/ZDV5oNLqIPgWu7tYBdA/us2DeaoIXgiu7PGz1qSk85FpZGQTB3p866jP8LnWgWH4dW44YSE4+LwEowvLJzw+DL3OzGA==
REr1Xx3b/EcKm5AjB2Vr2BDt1EJmSMaZ8WFFDto+G7+Ss7Izki+zKEwh4e1sQPLNmZBpes/+oufcOn2kSFo1j87M4Oquq4m8YiaBC1+nB2ezDA==
I46Be6PUfoWhyNck8HK1Cgfls2DeaoIXgiu7PGz1qSk85FpZGQTB3p866jP8LnWgWH4dW44YSE4+LwEowvLJzw+DL3OzGA==
yKbeHKb/WZCG+0p0sTaUd3wbj7du32snEitCWzKH49AMGTGFjGjC1ZmIWVIvlnLfnMItDOgyxRdOVJACDgNZxKIe0eM/jzd/sxQ=
sYgJwzjkV0Quh52L/d7cUAbks2DeaoIXgiu7PGz1qSk85FpZGQTB3p866jP8LnWgWH4dW44YSE4+LwEowvLJzw+DL3OzGA==
8uOpqgfz55kGW89FFcf9OANc/qxcLm/Zvugj41LvCu/i8wt0rL1ZcRzcSlEZDNHmv2IaezxmxXg4ho3TDpDYNt53seCCOrkXL7s/e7MQ
Np+gtJKAlooWUjiqQ5LsmkwqNnMQOjoiCfDO70IRPfTr/eNQLqfZNws0JYvy9wNgjOmRNUw44sWZmHkC7ybSLxxyzXwo4qUHTkRwUk7zOXQibnFTf18Xb7ME
0Y4TW2BKyidL5X3MqThAjDOrhhevqGwcNoHnyz1rIzH+24py4SpDLKD/uYNQRQVuzf/oaF/AJLm7nyeDOfhWJJnTUdzVtxZeN0ZHUvzDfSp1fy57WBVuswc=
xqDf3upqGM/mCpo/Nc4leSZnywPLuM61/PzcdEc0n4yViFkjee3OCLzQvBWFNgfRy/7WQG1/BOYmh9leNVg36KYd7CSRlgCcgeVuYpxoNt0tZjKYTVl3QRNtswI=
KYY8IiBTQJB8uWXRutICqnspio17xw9lEH5lKVzyzrpFQh4S2N/cgmv7CrYct+GY72u3SCYSOaHcrGpBGRzxln+yesu8FmWoeLZtww6AuAYeJxEQAopZR29LH2uzAA==
0Y4TW2BKyidL5X3MqThAjDOrhhevqGwcNoHnyz1rIzH+24py4SpDLKD/uYNQRQVuzf/oaF/AJLm7nyeDOfhWJJnTUdzVtxZeN0ZHUvzDfSp1fy57WBVuswc=
48ngnar+YncVm5MTRadrISZkywPLuM61/PzcdEc0n4yViFkjee3OCLzQvBWFNgfRy/7WQG1/BOYmh9leNVg36KYd7CSRlgCcgeVuYpxoNt0tZjKYTVl3QRNtswI=
uJj3vaCg0igHWMDqkiMa+5xRyT4E1iBUsadoHDGI94mFREsAFJK3n8R4h+zkt0UzPJ2hDmkHRPjDSKA5Pxe7E5WA8sQ9i71sqX/SHnOOeyLQGxkKkUdCa0QdarMD
0Y4TW2BKyidL5X3MqThAjDOrhhevqGwcNoHnyz1rIzH+24py4SpDLKD/uYNQRQVuzf/oaF/AJLm7nyeDOfhWJJnTUdzVtxZeN0ZHUvzDfSp1fy57WBVuswc=
nzghXETKCZWmMklRsr1qWiZlywPLuM61/PzcdEc0n4yViFkjee3OCLzQvBWFNgfRy/7WQG1/BOYmh9leNVg36KYd7CSRlgCcgeVuYpxoNt0tZjKYTVl3QRNtswI=
yAUMZ624MbwvO3jhlZqbH2vRwqxBDPfgiBozD2CAy6wojyEjOJW9LhXPgIhn0Cy5s48f49HIDuQhg7l8TUee3r/237JUk4VqLY8GW6AFZrMP
vLwUITd2sBN81NTqJk0KRlL3zUVzDsa5tngWH90WS7KcprVkwib+YEY+4e1sQPLNmZBpes/+oufcOn2kSFo1j87M4Oquq4m8YiaBC1+nB2ezDA==
X0L7vfqFhtAnctoXpFQ3YS9vywPLuM616vnQY0U7n5OJkls/Ou3VEL+Y/EiJJhqQmvrWQG1/BOYmh9leNVg36KYd7CSRlgCcgeVuYpxoNt0tZjKYTVl3QRNtswI=
dlElaa2YIuJzpEhi3SUYZp5P2HQEzC9R8OxoSHnW952FRE8PE5Lyjslwwb2opkw0fcylDmkHRPjDSKA5Pxe7E5WA8sQ9i71sqX/fG3OHeiLQGxkKkUdCa0QdarMD
FpAHuFFVxwJ9EjcZaGXyrA0KP8gmqX7H4fhQUtnnZD4Wn9lGBYBXcBZFLHyhjmBEMXXo+iWxVsUdPvLA/cEXmSN1sxo=
2u+BhTii5PDuUvyPQOAGlc0oP9V+YRqsfWQnvF6RTGC5inBoGUepRpoR5kuVqlKcJYXH9csBs2Y=
0IqZGjKW6KTGe7w8FlxC5M8tO9p/ZxqxfWQnvF6RTGC5inBoGUipRpoR5kuVqlKcJYXH9csBs2Y=
ceezushYBvnzzwrUGqGQXVzjcnW2nLIAYTuzwLZYWkX3yh/lqIxGoEIwK4XvWEknptCRnGp59cPpu3ckmFS3Dz/kO+s2uhlbrGqQ31Nae2MgQ1YJYLMJ
6tvYJj09hED3xEnAhh6bBOaStg8KN8uYgn4x3Mihy33hTJfnm5YTEAt+55vKQC0U7vlxS1Urm5z8tBNX01RnI3f53RPwmryHt3pfmwxTqgFksw0=
0nG665Ol6gXSln2EQGEuJy5uywPLuM616vnQY0U7n5OJkls/Ou3VEL+Y/EiJJhqQmvrWQG1/BOYmh9leNVg36KYd7CSRlgCcge9uYp1tNt8tZjKYTVl3QRNtswI=
tItngPo4PK1w5EdCUiZpxEWjbugJJCmupW9QyJewPLmjb28jgWi+ZLHjSTydZ6DZzx+JcuYzFerd79YbkCV2sx8=
pvo3nRqB1u54D6njNTP+7EgBPoMbGJGXLjDpTEJ53ZMR2/+UwJTPHzfE45vROrHh94qYz2saoxOo4+7ZCLNh
udkqcqFOltW9tS7uRg+onDkLg6p982snHCtKCXTa49hAH3XCkmHEydqDWVIvlnLfnMItDOgyxR1JVJsEDgFZxKIe0eM/jzd/sxQ=
7h3CB3ZW2sTV70Nt1Zj3+N+k2YqDtF2XwUta+rJ51MHai0lKD65Cl1yK3XQIqlWXztwLnG75KQzi1uHbH5cnd7Mc
BwgvenW2TWSbZYrvRbm5CFmWwnxnkYtO5+uaNfX4twjmPewEUfaAPMEJaoLRzra/7UYyuA259+HTDbNi
UrDY7wNdjycpssPxMIQx/9zAEFM1+W4oTiTfoy2x1z0BXFkDpB14wpdYS6BxdxYcEkoXP7LI0qGrz5ia3Amu7ABM1KhNSRloPwtgCAcQzLnTz/9jsYju5EHDWfwtB3Dfn7t5MvbTpWoNz6bbAEVGsy8=
qC+PdLxH0hM1hJceG7O0BkAm+8hgRrTuEYwyezMrOpFHPi/r4mA15Pb5aTtNC7NstHTbBzv037MLfmWPC/oUV/+6F6vkM7IxfLMV
DnBoMEM8+COOIXyzCNF8cEZCnlVyZJ8WFabNIFTWR11nPzrvPAorUUkI9zY+yOag0DaGRj7gt0ZxTM7ggZqV8tzLocb0wu6C97AElEoD4cFHMbhBehhIW2UwKYICbhVFbJJzRICUD593xCMbnzlxa7eKWE8rGmOT6OMuWUizIQ==
B0ZPItbVtKRM0N5WwYKY/DT2+FW7pmre2fVRTaACL1wk9Ctny7Qv0x54daM7uqT3TzqHC7Tz4tEMs2U=
HphUvSVBVVPWn14pfqPRX4YgOMJxdxrhIlhu8h+NTGC5inBoGUOoRpUS5kuVqlKcJYXH9csBs2Y=
9mAMrYja3+Nmlu+r4LCZCNG70I+EsA6KxURPr7Y22NeMyQs5SvgaglyK3XQIqlWVyNwBnG75KQzi1uHbH5cnd7Mc
jt2fLYpcUaThEhs01VNpgF1CnlVyZJ8WFabNIFTWR11nPzrvPAorUUkI9zY+yOag0DaGRj7gt0ZxTM7ggZqV8tzLocb0wu6ChLAElEoD4cFHMctBehhIW2UwKYICbhVFbJJzRICUD593xCMbnDtxareKWE8rGmOT6OMuWUizIQ==
b0cw6pSLpZYYH5W7GdanEDT2+FW7pmre2fVRTaACL1wk9Ctny7Qv0xh7daI7uqT3TzqHC7Tz4tEMs2U=
T4qlnWFEFJYGhSYvkh1iXYYgOMJxdxrhIlhu8h+NTGC5inBoGUWrRpQS5kuVqlKcJYXH9csBs2Y=
/ly/GrV/0jS/OFEJmlCiE9G70I+EsA6KxURPr7Y22NeMyQs5SvgaglyK3XQIqlWTy9wAnG75KQzi1uHbH5cnd7Mc
kDBJNc4gj4XJk+d2wHx/GlQKcIDdzP7DZ/tOeRuek0N2EMF8ennlozn7J8QI1Advz6QLC0i7KXpfKiB/I9rrw/ADhilwsxk=
xWubRi/SAOAvbMSoJ9Ub0XXD/eBgeP3BXAwqoRn8sTb/0rrrvPYlCPjWreoKoPjgnoXRcAKqGafv698Ls2A=
48Twa/R3XufYm5bZxeDBGGEbLKNa/6Eu3+qKo3y+1XAYTj1jiihoeP59obhCYimfz/PPA7No
AAVv2fWyPe5BSi8sl5Eb1M0oP9V+YRqsfWQnvF6RTGC5inBoGUKqRpQS5kuVqlKcJYXH9csBs2Y=
WB3W+/DpqRlM+y/qdQBokJi2KR8wmZ32LQQE06vkeWulyEkhKkGnWus2msatCDsI/VmkejwHk3OtUKqExTvljAEPW5r7PpWCiuuhSkmXOkusDWKzCw==
GvBDnyedZq4giynjab0FMKT3A+O4gA76jV9GA1k4dyR5k7Fcdfc6WVeGIdJeg10qlT+O+/jVDrNn
wdhmKHmNaIgIUrXtzDbQ7pi2KR8wmZ32LQQE06vkeWulyEkhKkGnWus2msatCDsI/VmkejwHknOtUKuExTvljAEPWpn7PpWCiuuhSkmXOkusDWKzCw==
SlXm4IBF0DtL2snhB6WVTl1CnlVyZJ8WFabNIFTWR11nPzrvPAorUUkI9zY+yOag0DaGRj7gt0ZxTM7ggZqV8tzLocb0wu6ChLAElEoD4cFHMctBehhIW2UwKYICbhVFbJJzRICUD593xCMbnDlxarGKWU8rEmKT6OMuWUOzJg==
Ya3M/eXmV1wusUwh/ACUMzT2+FW7pmre2fVRTaACL1wk9Ctny7Qv0xV5daI9uqX3TzKGC7Tz4tEHs2I=
a5SwUECMJxXzJsGEcO7/5oYgOMJxdxrhIlhu8h+NTGC5inBoGUipRpQU5kqVqlqdJYXH9csKs2E=
t2IMl0VpV/F6wxs1rXdDAdG70I+EsA6KxURPr7Y22NeMyQs5SvgaglyK3XQIqlWeydwAmm74KQzq1+HbH5cnfLMb
uNTbLNdLtDfVgcK0oE1xcVqx+kifPJNZyHKlMnTwpCs591BZNwyE/dZyuDP8LnWgWH4dVogYSE4+LAEoyvPJzw+DL3izHw==
FGgEJcnsf3+2XBl0VIsJyeVEncJnCC4ZnXRscmgIYoc5dBDxtScWYyATJy41JinP9bH30ZblbFn/GcOKqZswfOomW8ji6qm1kHJaNgJiGJhxuF1ErSvtrFlfzhhjbktig/uJguDnsqsUfVGzNA==
gqIfGlT1E0pO/u5mQa2Lf+VEncJnCC9CyG57eXIZT4cPYT+ztSsPCm9CCxAFJinP9bD30ZblbFn/GcOKqYEzW619Q7/j6qm1kHJaNgJiGJhxuF1ErSvtrFlfzhhjbktig/uJguDnsqsUfVGzNA==
Dw8YXBqf6dlt/s8RrHODTeVEncJnCC4ZnXRscmgIYoc5dBDxtScWYyBzWBYSJneU5fW9j5Dlal/fBd6tvJU7Wq1+Q7/j6qm1kHJaNgJiGJhxuF1ErSvtrFlfzhhjbktig/uJguDnsqsUfVGzNA==
KpFGqR3sPj0/x/HrYt+QJbLacwjs7Xsbih2IHfPTKxazVjURC+6A07g+CxFITs772hOhi9cSceNSg1MdMfDk1LGHgHMWaVTNVM7yDPxOtUDY3t03iPgI7r5MQcjK0wlvj2NvWLM/
Gi2gzSBXbw1unXwJ+Hp+Dl9Cv01iAHiF0ia31j4ss6NK3yNSugj3/cB+PG5qha//16L00U1MICU6rTcjS4fGTibT4tXxuZSMkX+QexZhRDV0loJEPIYFGLhmTb8IcJhWXpTxgIob+bevG39Qszc=
aj+yeDrP4ERKJRzKtOA4yuLzo8be2KvXTirJhc3cz0Xz0gJ/a2MRgs+O6gcrcV8ZaKfd3tS7gsdbhetlYuBOiV4DAQvA8sm1XL3WIwB7vGxecmzUMcZATGHZaFJ8uHaOjZa66e2JtxFzVrM1
GpCFAJCuKVGEhqfRNYifynWAsKSysZR8NMTEPZ51T3CtRQMYKDafyK2+lAEKRB/lQORXOxA2yZxzH3drGDrx1bhiUjYKcjB4qeglBHXbVcwx70aY6x7jwntL0cLYN2qLfG1Zszw=
XpJR1OA0fO0/4MGLzWiOKrLacwjs7XpewEOOHfXVCwq0cgdCWOvwwoRqRF1ZUYrq0Q+2hssjQORApDUMQ/Pk1LGHgHMWaVTNVM7yDPxOtUDY3t03iPgI7r5MQcjK0wlvj2NvWLM/
tYNyd8uCajqb8zDF2E+KZFqx+kifPJNZyHKlMnTwpCs591BZNwyE/dZyuDP8LnWgWH4dVYgYSE4+LAEoyvPJzw+DL3izHw==
Y92lv4JQFTz6xxutHZCEbrLacwjs7XpewEOOHfXVCwq0cgdCWOvwwoRqRF1ZUYrq0Q+2hssjQORApDUMQ/Pk1LGHgHMWaVTNVM7yDPxOtUDY3t01iPgI7r5MQcjK0wlvj2NvWLM/
rjkmBxyj2Ut0u4r13mMWGbLacwjs7Xsbih2IHfPTKxazVjURC+6A07g+CxFITs772hOhi9cSceNSg1MdMfDk1LGHgHMWaVTNVM7yDPxOtUDY3t01iPgI7r5MQcjK0wlvj2NvWLM/
1N0FCVP+XJ4oFv3rZgXbauVEncJnCC9CyG57eXIZT4cPYT+ztSsPCm9CCxAFJinP9bD30ZblbFn/GcOKqYEzW619Q7/j6qm1kHJaNgJiGJhxuF1ErSvtrFlfzBhjbktig/uJguDnsqsUfVGzNA==
7W0uUpevD7GYg+12U039Q19Cv01iAHiF0ia31j4ss6NK3yNSugj3/cB+PG5qha//16L00U1MICU6rTcjS4fGTibT4tXxuZSMkX+QexZhRDV0loJEPIYFGLhmTb0IcJhWXpTxgIob+bevG39Qszc=
QG/Xc52l7gkU9tYB3ifWAeLzo8be2KvXTirJhc3cz0Xz0gJ/a2MRgs+O6gcrcV8ZaKfd3tS7gsdbhetlYuBOiV4DAQvA8sm1XL3WIwB7vGxecmzUMcZATGHbaFJ8uHaOjZa66e2JtxFzVrM1
EAn9ULE/rAQO25t8E4TimHWAsKSysZR8NMTEPZ51T3CtRQMYKDafyK2+lAEKRB/lQORXOxA2yZxzH3drGDrx1bhiUjYKcjB4qeglBHXbVcwx70SY6x7jwntL0cLYN2qLfG1Zszw=
UE4ktII9ZibL98pFb9hZX+VEncJnCC4ZnXRscmgIYoc5dBDxtScWYyBzWBYSJneU5fW9j5Dlal/fBd6tvJU7Wq1+Q7/j6qm1kHJaNgJiGJhxuF1ErSvtrFlfzBhjbktig/uJguDnsqsUfVGzNA==
9BK8PEnD6+AE36YI1fTfQ+VEncJnCC4ZnXRscmgIYoc5dBDxtScWYyATJy41JinP9bH30ZblbFn/GcOKqZswfOomW8ji6qm1kHJaNgJiGJhxuF1ErSvtrFlfzBhjbktig/uJguDnsqsUfVGzNA==
tYNyd8uCajqb8zDF2E+KZFqx+kifPJNZyHKlMnTwpCs591BZNwyE/dZyuDP8LnWgWH4dVYgYSE4+LAEoyvPJzw+DL3izHw==
s5QGmPHagWETdrcJBZRQGbLacwjs7XpewEOOHfXVCwq0cgdCWOvwwoRqRF1ZUYrq0Q+2hssjQORApDUMQ/Pk1LGHgHMWaVTNVM7yDPxOtUDY3t06iPgI7r5MQcjK0wlvj2NvWLM/
0upPUdGjY6mIkr+7plPVj3WAsKSysZR8NMTEPZ51T3CtRQMYKDafyK2+lAEKRB/lQORXOxA2yZxzH3drGDrx1bhiUjYKcjB4qeglBHXbVcwx70uY6x7jwntL0cLYN2qLfG1Zszw=
cEU092AZZORPgojCp9uOaeLzo8be2KvXTirJhc3cz0Xz0gJ/a2MRgs+O6gcrcV8ZaKfd3tS7gsdbhetlYuBOiV4DAQvA8sm1XL3WIwB7vGxecmzUMcZATGHUaFJ8uHaOjZa66e2JtxFzVrM1
1L3fiY6mnv/vVkRBm3aXZrLacwjs7Xsbih2IHfPTKxazVjURC+6A07g+CxFITs772hOhi9cSceNSg1MdMfDk1LGHgHMWaVTNVM7yDPxOtUDY3t06iPgI7r5MQcjK0wlvj2NvWLM/
H+9e7enCsKyNrA+MaitJIl9Cv01iAHiF0ia31j4ss6NK3yNSugj3/cB+PG5qha//16L00U1MICU6rTcjS4fGTibT4tXxuZSMkX+QexZhRDV0loJEPIYFGLhmTbIIcJhWXpTxgIob+bevG39Qszc=
YxvC+B6zKUxdwr3hZ48djOVEncJnCC9CyG57eXIZT4cPYT+ztSsPCm9CCxAFJinP9bD30ZblbFn/GcOKqYEzW619Q7/j6qm1kHJaNgJiGJhxuF1ErSvtrFlfwxhjbktig/uJguDnsqsUfVGzNA==
IwFBX4OMscFVBK+tkG0PBuVEncJnCC4ZnXRscmgIYoc5dBDxtScWYyBzWBYSJneU5fW9j5Dlal/fBd6tvJU7Wq1+Q7/j6qm1kHJaNgJiGJhxuF1ErSvtrFlfwxhjbktig/uJguDnsqsUfVGzNA==
yqkZn39yVpnkfZJCgxnU6OVEncJnCC4ZnXRscmgIYoc5dBDxtScWYyATJy41JinP9bH30ZblbFn/GcOKqZswfOomW8ji6qm1kHJaNgJiGJhxuF1ErSvtrFlfwxhjbktig/uJguDnsqsUfVGzNA==
W+4UmHdA4hkICsWYu1IWcFqx+kifPJNZyHKlMnTwpCs591BZNwyE/dZyuDP8LnWgWH4dWogYSE4+LAEoyvPJzw+DL3izHw==
nfdI0IARUe8F6PE/moOATVqx+kifPJNZyHKlMnTwpCs591BZNwyE/dZyuDP8LnWgWH4dW4gYSE4+LAEoyvPJzw+DL3izHw==
dNNHQdsOeTLBqWGQGmYHwdwQhTciQTjkAUMZ/O2Ht9/fNr8yN1PlYkxPZtvAxQ2zaA==
6MZ2Z6+9Z2ctBrVc0zw6HTT2+FW7pmre2fVRTaACL1wk9Ctny7Qv0x1/daI9uqX3TzKGC7Tz4tEHs2I=
/NR62lg1wfbdgMtAlozw5oYgOMJxdxrhIlhu8h+NTGC5inBoGUCvRpQU5kqVqlqdJYXH9csKs2E=
6UpyI46fRhTFogkiIx2WIHM1mRjFp93noeDaZE02kZyGhEg/f/eJC6qevwaHPwDAybzEWmB9AfUsh/dWcHt+oPQd7CSRlgCcge5vYpxoNt4tZjqZTVl3QRNmswU=
HD0EOZ3mLleDRdhWYifuMQNa5PIeq3ADdE8tZlrmybgZBhoS2M3LiTHhBvgfpOOR6Hq1CjQINKPZv2BBNxS0tTb6KMu8FmWoeLZtyQ+AuAYeJBEQCotZR29LH2CzBw==
yt00ciWRJ0wLjyKwmzBH4Sppy9cvmVEZQ08tZlrmybgZBhoS2M3LiTHhBvgfpOOR6Hq1CjQINKPZv2BBNxS0tTb6KMu8FmWoeLZtzg+AuAYeJBEQCotZR29LH2CzBw==
lpLDbfgqpmW+91ZGbjLjUBd+YCxRRiViWuLBrAkSMvb4qeNdYbXOPF9gK8W4rh1ulOycN0kr6MW3kDwhpm6ALxxyzXwo4qUKT0RwUk7wOXQqb3FTf18XZLMD
wapXLfdgx3IWGhM0CeOegvaEJ1eNrSoBhh6IHc/VDwesVF1eWt65kPkuSkoYFZvhkQm2gJ9cU/lIkmVSdNDki7mXkHk3LESdVtL4E/xOtUDY3t02j/gI7r5MQcjK0wlvj2NvWLM/
m66hfqUdR4gt/3l2ZMpPzTfV4vL36NM2V8nVOpp5U2epHx8aHX/Ntemwg0BOVRSlRuRRb28l1JRFTytcOzqu3ahyWBdPYmB6teI6BHXbVcwx70ef6x7jwntL0cLYN2qLfG1Zszw=
zEeMHsolFP1jPWy30xM9apAnVndW43+fYmhmUrrMWyCS/R/6k3pFUlrSoZzJwlJmeDlDDaFF7kxfkAu1+H69/hR8fGcJGwj1t6DcEeY+YL+c4m2saJKF+k80UKKOoJnkqv8Rg79vd1SzMw==
BwrnBkGnIx8ffFEF0KKbhe3Gqw31jDM+uon+BXMQWs7wtWUvJQdpky/bDlCkP+wtk6yVAxsnDAn68zVKXpu4hRL0S6drNI+T+39VYl06xTdvMmZLVHNCEWezAg==
